8 Hilbert basis elements
8 extreme rays
8 support hyperplanes

embedding dimension = 4
rank = 4 (maximal)
external index = 1

size of partial triangulation   = 0
resulting sum of |det|s = 0

No implicit grading found

rank of class group = 4
class group is free

***********************************************************************

8 Hilbert basis elements:
 0 0 0 1
 0 0 1 1
 0 1 0 1
 0 1 1 1
 1 0 1 1
 1 1 0 2
 1 1 1 1
 2 1 1 2

8 extreme rays:
 0 0 0 1
 0 0 1 1
 0 1 0 1
 0 1 1 1
 1 0 1 1
 1 1 0 2
 1 1 1 1
 2 1 1 2

8 support hyperplanes:
 -1 -1  1 1
 -1  0  0 1
 -1  1  1 0
  0 -1  0 1
  0  0 -1 1
  0  0  1 0
  0  1  0 0
  1  0  0 0

