249 Hilbert basis elements
225 extreme rays
40 support hyperplanes

embedding dimension = 9
rank = 9 (maximal)
external index = 1

size of partial triangulation   = 296
resulting sum of |det|s = 549

No implicit grading found

rank of class group = 31
class group is free

***********************************************************************

249 Hilbert basis elements:
 0 0 0 0 0 0 0 0 1
 0 0 0 0 0 0 0 1 1
 0 0 0 0 0 0 1 0 1
 0 0 0 0 0 0 1 1 1
 0 0 0 0 0 1 0 0 1
 0 0 0 0 0 1 0 1 1
 0 0 0 0 0 1 1 1 1
 0 0 0 0 1 0 0 0 1
 0 0 0 0 1 0 0 1 1
 0 0 0 0 1 0 1 0 1
 0 0 0 0 1 0 1 1 1
 0 0 0 0 1 1 0 1 1
 0 0 0 0 1 1 1 1 1
 0 0 0 1 0 0 0 0 1
 0 0 0 1 0 0 0 1 1
 0 0 0 1 0 0 1 0 1
 0 0 0 1 0 0 1 1 1
 0 0 0 1 0 1 0 1 1
 0 0 0 1 0 1 1 1 1
 0 0 0 1 1 0 0 1 1
 0 0 0 1 1 0 1 1 1
 0 0 0 1 1 1 1 0 2
 0 0 0 1 1 1 1 1 1
 0 0 0 2 0 1 1 0 2
 0 0 0 2 0 2 1 1 2
 0 0 1 0 0 0 1 0 1
 0 0 1 0 0 0 1 1 1
 0 0 1 0 0 1 0 0 1
 0 0 1 0 0 1 0 1 1
 0 0 1 0 0 1 1 1 1
 0 0 1 0 1 0 0 0 2
 0 0 1 0 1 0 0 1 1
 0 0 1 0 1 0 1 0 1
 0 0 1 0 1 0 1 1 1
 0 0 1 0 1 1 0 1 1
 0 0 1 0 1 1 1 1 1
 0 0 1 1 0 0 0 1 1
 0 0 1 1 0 0 1 1 1
 0 0 1 1 0 1 0 1 1
 0 0 1 1 0 1 1 1 1
 0 0 1 1 1 0 1 1 1
 0 0 1 1 1 1 1 0 2
 0 0 1 1 1 1 1 1 1
 0 0 1 2 0 2 1 1 2
 0 0 2 0 1 0 1 0 2
 0 1 0 0 1 0 0 1 1
 0 1 0 0 1 0 1 0 1
 0 1 0 0 1 0 1 1 1
 0 1 0 0 1 1 0 0 2
 0 1 0 0 1 1 0 1 1
 0 1 0 0 1 1 1 1 1
 0 1 0 1 0 0 1 0 1
 0 1 0 1 0 0 1 1 1
 0 1 0 1 0 1 0 0 2
 0 1 0 1 0 1 0 1 1
 0 1 0 1 0 1 1 1 1
 0 1 0 1 1 0 1 1 1
 0 1 0 1 1 1 1 0 2
 0 1 0 1 1 1 1 1 1
 0 1 0 2 0 1 1 0 2
 0 1 0 2 0 2 1 1 2
 0 1 0 2 1 0 0 2 2
 0 1 1 0 0 1 1 0 2
 0 1 1 0 0 1 1 1 1
 0 1 1 0 0 2 0 0 2
 0 1 1 0 0 2 0 1 2
 0 1 1 0 0 2 0 2 2
 0 1 1 0 1 0 1 0 2
 0 1 1 0 1 0 1 1 1
 0 1 1 0 1 1 0 0 2
 0 1 1 0 1 1 0 1 1
 0 1 1 0 1 1 1 1 1
 0 1 1 1 0 0 1 1 1
 0 1 1 1 0 1 0 1 2
 0 1 1 1 0 1 0 2 2
 0 1 1 1 0 1 1 1 1
 0 1 1 1 1 0 0 1 3
 0 1 1 1 1 1 1 0 2
 0 1 1 1 1 1 1 1 1
 0 1 1 2 0 2 1 1 2
 0 1 1 2 1 1 0 2 2
 0 1 2 1 0 2 0 2 2
 0 1 2 1 1 1 1 0 3
 0 1 2 1 1 1 1 1 2
 0 1 3 1 1 1 1 1 3
 0 2 0 0 2 1 0 1 2
 0 2 0 1 1 1 0 1 2
 0 2 0 1 1 1 1 0 2
 0 2 0 1 1 2 1 1 2
 0 2 0 1 2 1 0 2 2
 0 2 0 1 2 1 1 1 2
 0 2 0 2 0 2 1 0 3
 0 2 0 2 0 2 1 1 2
 0 2 0 2 1 0 1 2 2
 0 2 0 2 1 1 0 2 2
 0 2 0 2 1 1 1 1 2
 0 2 0 2 2 1 1 2 2
 0 2 1 0 1 1 1 0 3
 0 2 1 0 1 1 1 1 2
 0 2 1 0 1 2 0 0 3
 0 2 1 0 1 2 0 1 2
 0 2 1 0 1 2 0 2 2
 0 2 1 0 1 2 1 1 2
 0 2 1 1 0 1 1 1 2
 0 2 1 1 0 1 1 2 2
 0 2 1 1 0 2 0 1 3
 0 2 1 1 0 2 0 2 2
 0 2 1 1 0 2 1 1 2
 0 2 1 1 1 0 1 1 3
 0 2 1 1 1 1 0 1 3
 0 2 1 1 1 1 0 2 2
 0 2 1 1 1 2 1 1 2
 0 2 1 2 1 1 1 2 2
 0 2 2 1 0 2 1 2 2
 0 3 0 3 1 2 2 1 3
 0 3 1 0 2 1 1 1 3
 0 3 1 0 2 2 0 1 3
 0 3 1 1 1 1 1 1 3
 0 3 1 1 1 2 0 1 4
 0 3 1 1 1 2 0 2 3
 0 3 1 1 1 3 1 1 3
 0 3 2 1 0 3 1 2 3
 0 4 1 1 2 2 0 2 4
 1 0 1 0 1 0 1 0 1
 1 0 1 0 1 0 1 1 1
 1 0 1 0 1 1 0 1 1
 1 0 1 0 1 1 1 1 1
 1 0 1 1 0 1 0 1 1
 1 0 1 1 0 1 1 0 2
 1 0 1 1 0 1 1 1 1
 1 0 1 1 1 0 1 1 1
 1 0 1 1 1 1 1 0 2
 1 0 1 1 1 1 1 1 1
 1 0 1 2 0 2 1 0 3
 1 0 1 2 0 2 1 1 2
 1 1 0 1 1 0 1 1 1
 1 1 0 1 1 0 2 0 2
 1 1 0 1 1 1 0 1 2
 1 1 0 1 1 1 0 2 2
 1 1 0 1 1 1 1 0 2
 1 1 0 1 1 1 1 1 1
 1 1 0 1 1 2 0 2 2
 1 1 0 1 2 1 0 2 2
 1 1 0 2 0 1 1 0 2
 1 1 0 2 0 1 1 1 2
 1 1 0 2 0 1 1 2 2
 1 1 0 2 0 1 2 1 2
 1 1 0 2 0 1 2 2 2
 1 1 0 2 0 2 0 1 3
 1 1 0 2 0 2 0 2 2
 1 1 0 2 0 2 1 1 2
 1 1 0 2 0 2 1 2 2
 1 1 0 2 0 2 2 2 2
 1 1 0 2 1 1 0 2 2
 1 1 1 0 1 1 1 0 2
 1 1 1 0 1 1 1 1 1
 1 1 1 0 1 2 0 1 2
 1 1 1 0 1 2 0 2 2
 1 1 1 0 2 1 0 1 2
 1 1 1 1 0 1 1 1 1
 1 1 1 1 0 1 2 0 3
 1 1 1 1 0 2 0 1 2
 1 1 1 1 0 2 0 2 2
 1 1 1 1 0 2 1 0 3
 1 1 1 1 1 0 1 1 2
 1 1 1 1 1 0 1 2 2
 1 1 1 1 1 1 0 1 2
 1 1 1 1 1 1 1 0 2
 1 1 1 1 1 1 1 1 1
 1 1 1 1 2 1 0 2 2
 1 1 1 2 0 2 1 1 2
 1 1 1 2 1 1 0 2 2
 1 1 2 1 1 1 1 1 2
 1 2 0 1 2 1 0 2 2
 1 2 0 1 2 1 1 1 2
 1 2 0 2 1 1 1 1 2
 1 2 0 2 2 1 1 2 2
 1 2 0 3 2 1 0 3 3
 1 2 1 0 2 1 1 1 2
 1 2 1 0 2 2 0 1 3
 1 2 1 0 2 2 0 2 2
 1 2 1 1 1 1 1 1 2
 1 2 1 1 1 2 0 1 3
 1 2 1 1 1 2 0 2 2
 1 2 1 1 1 2 1 0 3
 1 2 1 1 1 2 1 1 2
 1 2 1 2 0 3 1 1 3
 1 2 1 2 1 1 1 2 2
 1 3 0 3 1 2 2 1 3
 1 3 1 0 3 2 0 2 3
 1 3 1 1 2 2 0 2 3
 1 3 1 1 2 2 1 1 3
 1 3 1 2 2 2 0 3 3
 2 0 2 1 1 2 1 1 2
 2 0 2 2 0 3 1 1 3
 2 1 1 1 1 1 1 1 2
 2 1 1 1 1 1 1 2 2
 2 1 1 1 1 1 2 0 3
 2 1 1 1 1 1 2 1 2
 2 1 1 1 1 1 2 2 2
 2 1 1 1 1 2 0 2 2
 2 1 1 1 1 2 1 1 2
 2 1 1 1 1 2 1 2 2
 2 1 1 1 1 2 2 2 2
 2 1 1 1 2 1 1 1 2
 2 1 1 2 0 2 1 1 2
 2 1 1 2 0 2 1 2 2
 2 1 1 2 0 2 2 0 4
 2 1 1 2 0 2 2 2 2
 2 1 1 2 0 3 0 2 3
 2 1 1 2 0 3 0 3 3
 2 1 1 2 1 1 2 1 2
 2 1 1 2 2 1 1 2 2
 2 1 2 1 2 0 2 2 2
 2 1 2 1 2 1 1 2 2
 2 2 0 2 2 1 1 2 2
 2 2 0 2 2 2 0 3 3
 2 2 0 3 1 1 3 1 3
 2 2 0 3 1 2 1 2 3
 2 2 1 1 2 1 1 2 2
 2 2 1 1 2 2 0 2 3
 2 2 1 1 2 2 1 1 3
 2 2 1 1 2 2 1 2 2
 2 2 1 2 1 2 1 1 3
 2 2 1 2 1 2 1 2 2
 2 2 2 1 2 1 2 2 2
 2 2 2 1 3 2 0 3 3
 2 2 2 2 2 0 2 3 3
 2 2 2 2 2 2 0 3 3
 2 2 3 2 2 2 1 3 3
 2 3 1 1 3 2 0 3 3
 2 3 1 1 3 2 1 2 3
 2 3 1 2 2 2 1 2 3
 2 3 1 3 1 3 2 2 3
 2 3 1 3 2 2 1 3 3
 2 3 2 2 2 2 1 3 3
 2 3 3 2 2 2 2 3 3
 2 4 2 2 3 3 0 4 4
 3 1 2 2 2 2 2 1 3
 3 1 2 3 2 2 2 2 3
 3 2 1 2 2 2 1 2 3
 3 2 1 3 1 2 3 2 3
 3 2 1 3 1 3 1 3 3
 3 2 1 3 2 2 2 2 3
 3 2 2 2 2 1 2 3 3
 3 2 2 2 3 2 1 3 3
 3 3 1 2 3 2 1 3 3
 3 4 2 3 3 3 1 4 4
 4 2 2 4 2 3 3 2 4

225 extreme rays:
 0 0 0 0 0 0 0 0 1
 0 0 0 0 0 0 0 1 1
 0 0 0 0 0 0 1 0 1
 0 0 0 0 0 0 1 1 1
 0 0 0 0 0 1 0 0 1
 0 0 0 0 0 1 0 1 1
 0 0 0 0 0 1 1 1 1
 0 0 0 0 1 0 0 0 1
 0 0 0 0 1 0 0 1 1
 0 0 0 0 1 0 1 0 1
 0 0 0 0 1 0 1 1 1
 0 0 0 0 1 1 0 1 1
 0 0 0 0 1 1 1 1 1
 0 0 0 1 0 0 0 0 1
 0 0 0 1 0 0 0 1 1
 0 0 0 1 0 0 1 0 1
 0 0 0 1 0 0 1 1 1
 0 0 0 1 0 1 0 1 1
 0 0 0 1 0 1 1 1 1
 0 0 0 1 1 0 0 1 1
 0 0 0 1 1 0 1 1 1
 0 0 0 1 1 1 1 0 2
 0 0 0 1 1 1 1 1 1
 0 0 0 2 0 1 1 0 2
 0 0 0 2 0 2 1 1 2
 0 0 1 0 0 0 1 0 1
 0 0 1 0 0 0 1 1 1
 0 0 1 0 0 1 0 0 1
 0 0 1 0 0 1 0 1 1
 0 0 1 0 0 1 1 1 1
 0 0 1 0 1 0 0 0 2
 0 0 1 0 1 0 0 1 1
 0 0 1 0 1 0 1 0 1
 0 0 1 0 1 0 1 1 1
 0 0 1 0 1 1 0 1 1
 0 0 1 0 1 1 1 1 1
 0 0 1 1 0 0 0 1 1
 0 0 1 1 0 0 1 1 1
 0 0 1 1 0 1 0 1 1
 0 0 1 1 0 1 1 1 1
 0 0 1 1 1 0 1 1 1
 0 0 1 1 1 1 1 0 2
 0 0 1 1 1 1 1 1 1
 0 0 1 2 0 2 1 1 2
 0 0 2 0 1 0 1 0 2
 0 1 0 0 1 0 0 1 1
 0 1 0 0 1 0 1 0 1
 0 1 0 0 1 0 1 1 1
 0 1 0 0 1 1 0 0 2
 0 1 0 0 1 1 0 1 1
 0 1 0 0 1 1 1 1 1
 0 1 0 1 0 0 1 0 1
 0 1 0 1 0 0 1 1 1
 0 1 0 1 0 1 0 0 2
 0 1 0 1 0 1 0 1 1
 0 1 0 1 0 1 1 1 1
 0 1 0 1 1 0 1 1 1
 0 1 0 1 1 1 1 1 1
 0 1 0 2 0 1 1 0 2
 0 1 0 2 1 0 0 2 2
 0 1 1 0 0 1 1 0 2
 0 1 1 0 0 1 1 1 1
 0 1 1 0 0 2 0 0 2
 0 1 1 0 0 2 0 2 2
 0 1 1 0 1 0 1 0 2
 0 1 1 0 1 0 1 1 1
 0 1 1 0 1 1 0 0 2
 0 1 1 0 1 1 0 1 1
 0 1 1 0 1 1 1 1 1
 0 1 1 1 0 0 1 1 1
 0 1 1 1 0 1 1 1 1
 0 1 1 1 1 0 0 1 3
 0 1 1 1 1 1 1 0 2
 0 1 1 1 1 1 1 1 1
 0 1 1 2 0 2 1 1 2
 0 1 1 2 1 1 0 2 2
 0 1 2 1 0 2 0 2 2
 0 1 2 1 1 1 1 0 3
 0 1 3 1 1 1 1 1 3
 0 2 0 0 2 1 0 1 2
 0 2 0 1 1 1 0 1 2
 0 2 0 1 1 1 1 0 2
 0 2 0 1 1 2 1 1 2
 0 2 0 1 2 1 0 2 2
 0 2 0 1 2 1 1 1 2
 0 2 0 2 0 2 1 0 3
 0 2 0 2 0 2 1 1 2
 0 2 0 2 1 0 1 2 2
 0 2 0 2 1 1 0 2 2
 0 2 0 2 1 1 1 1 2
 0 2 0 2 2 1 1 2 2
 0 2 1 0 1 1 1 0 3
 0 2 1 0 1 2 0 0 3
 0 2 1 0 1 2 0 1 2
 0 2 1 0 1 2 0 2 2
 0 2 1 0 1 2 1 1 2
 0 2 1 1 0 1 1 1 2
 0 2 1 1 0 1 1 2 2
 0 2 1 1 0 2 0 1 3
 0 2 1 1 0 2 0 2 2
 0 2 1 1 0 2 1 1 2
 0 2 1 1 1 0 1 1 3
 0 2 1 1 1 1 0 1 3
 0 2 1 1 1 1 0 2 2
 0 2 2 1 0 2 1 2 2
 0 3 0 3 1 2 2 1 3
 0 3 1 0 2 1 1 1 3
 0 3 1 0 2 2 0 1 3
 0 3 1 1 1 1 1 1 3
 0 3 1 1 1 2 0 1 4
 0 3 1 1 1 3 1 1 3
 0 3 2 1 0 3 1 2 3
 0 4 1 1 2 2 0 2 4
 1 0 1 0 1 0 1 0 1
 1 0 1 0 1 0 1 1 1
 1 0 1 0 1 1 0 1 1
 1 0 1 0 1 1 1 1 1
 1 0 1 1 0 1 0 1 1
 1 0 1 1 0 1 1 0 2
 1 0 1 1 0 1 1 1 1
 1 0 1 1 1 0 1 1 1
 1 0 1 1 1 1 1 0 2
 1 0 1 1 1 1 1 1 1
 1 0 1 2 0 2 1 0 3
 1 0 1 2 0 2 1 1 2
 1 1 0 1 1 0 1 1 1
 1 1 0 1 1 0 2 0 2
 1 1 0 1 1 1 0 1 2
 1 1 0 1 1 1 1 0 2
 1 1 0 1 1 1 1 1 1
 1 1 0 1 1 2 0 2 2
 1 1 0 1 2 1 0 2 2
 1 1 0 2 0 1 1 0 2
 1 1 0 2 0 1 1 2 2
 1 1 0 2 0 1 2 1 2
 1 1 0 2 0 1 2 2 2
 1 1 0 2 0 2 0 1 3
 1 1 0 2 0 2 0 2 2
 1 1 0 2 0 2 1 1 2
 1 1 0 2 0 2 2 2 2
 1 1 0 2 1 1 0 2 2
 1 1 1 0 1 1 1 0 2
 1 1 1 0 1 1 1 1 1
 1 1 1 0 1 2 0 1 2
 1 1 1 0 1 2 0 2 2
 1 1 1 0 2 1 0 1 2
 1 1 1 1 0 1 1 1 1
 1 1 1 1 0 1 2 0 3
 1 1 1 1 0 2 0 1 2
 1 1 1 1 0 2 0 2 2
 1 1 1 1 1 0 1 1 2
 1 1 1 1 1 1 0 1 2
 1 1 1 1 1 1 1 0 2
 1 1 1 1 1 1 1 1 1
 1 1 1 2 1 1 0 2 2
 1 1 2 1 1 1 1 1 2
 1 2 0 1 2 1 0 2 2
 1 2 0 1 2 1 1 1 2
 1 2 0 2 1 1 1 1 2
 1 2 0 3 2 1 0 3 3
 1 2 1 0 2 1 1 1 2
 1 2 1 0 2 2 0 1 3
 1 2 1 0 2 2 0 2 2
 1 2 1 1 1 1 1 1 2
 1 2 1 1 1 2 0 1 3
 1 2 1 1 1 2 0 2 2
 1 2 1 1 1 2 1 0 3
 1 2 1 1 1 2 1 1 2
 1 3 0 3 1 2 2 1 3
 1 3 1 0 3 2 0 2 3
 1 3 1 1 2 2 0 2 3
 1 3 1 1 2 2 1 1 3
 2 0 2 1 1 2 1 1 2
 2 0 2 2 0 3 1 1 3
 2 1 1 1 1 1 1 1 2
 2 1 1 1 1 1 1 2 2
 2 1 1 1 1 1 2 0 3
 2 1 1 1 1 1 2 1 2
 2 1 1 1 1 1 2 2 2
 2 1 1 1 1 2 0 2 2
 2 1 1 1 1 2 1 1 2
 2 1 1 1 1 2 2 2 2
 2 1 1 1 2 1 1 1 2
 2 1 1 2 0 2 1 1 2
 2 1 1 2 0 2 1 2 2
 2 1 1 2 0 2 2 0 4
 2 1 1 2 0 2 2 2 2
 2 1 1 2 0 3 0 2 3
 2 1 1 2 0 3 0 3 3
 2 1 1 2 1 1 2 1 2
 2 1 1 2 2 1 1 2 2
 2 1 2 1 2 0 2 2 2
 2 1 2 1 2 1 1 2 2
 2 2 0 2 2 1 1 2 2
 2 2 0 2 2 2 0 3 3
 2 2 0 3 1 1 3 1 3
 2 2 1 1 2 1 1 2 2
 2 2 1 1 2 2 0 2 3
 2 2 1 1 2 2 1 1 3
 2 2 1 1 2 2 1 2 2
 2 2 1 2 1 2 1 1 3
 2 2 1 2 1 2 1 2 2
 2 2 2 1 2 1 2 2 2
 2 2 2 1 3 2 0 3 3
 2 2 2 2 2 0 2 3 3
 2 2 2 2 2 2 0 3 3
 2 2 3 2 2 2 1 3 3
 2 3 1 1 3 2 0 3 3
 2 3 1 1 3 2 1 2 3
 2 3 1 2 2 2 1 2 3
 2 3 1 3 1 3 2 2 3
 2 3 1 3 2 2 1 3 3
 2 3 2 2 2 2 1 3 3
 2 3 3 2 2 2 2 3 3
 2 4 2 2 3 3 0 4 4
 3 1 2 2 2 2 2 1 3
 3 1 2 3 2 2 2 2 3
 3 2 1 2 2 2 1 2 3
 3 2 1 3 1 2 3 2 3
 3 2 1 3 1 3 1 3 3
 3 2 2 2 2 1 2 3 3
 3 2 2 2 3 2 1 3 3
 3 3 1 2 3 2 1 3 3
 3 4 2 3 3 3 1 4 4
 4 2 2 4 2 3 3 2 4

40 support hyperplanes:
 -1 -1 -1 -1  0  1  1  1 1
 -1 -1 -1  0  0  0  1  1 1
 -1 -1 -1  0  1  1  1  1 0
 -1 -1 -1  1  1  1  1  0 0
 -1 -1  0  0  0  0  0  1 1
 -1 -1  0  0  0  1  1  1 0
 -1 -1  0  0  1  1  1  0 0
 -1 -1  0  1  1  1  0  0 0
 -1 -1  1  1  1  0  0  0 0
 -1  0  0  0  0  0  0  0 1
 -1  0  0  0  0  0  1  1 0
 -1  0  0  0  0  1  1  0 0
 -1  0  0  0  1  1  0  0 0
 -1  0  0  1  1  0  0  0 0
 -1  0  1  1  0  0  0  0 0
 -1  1  1  0  0  0  0  0 0
  0 -1 -1 -1 -1  1  1  1 1
  0 -1 -1 -1  0  0  1  1 1
  0 -1 -1  0  0  0  0  1 1
  0 -1  0  0  0  0  0  0 1
  0  0 -1 -1 -1  0  1  1 1
  0  0 -1 -1  0  0  0  1 1
  0  0 -1  0  0  0  0  0 1
  0  0  0 -1 -1 -1  1  1 1
  0  0  0 -1 -1  0  0  1 1
  0  0  0 -1  0  0  0  0 1
  0  0  0  0 -1 -1  0  1 1
  0  0  0  0 -1  0  0  0 1
  0  0  0  0  0 -1 -1  1 1
  0  0  0  0  0 -1  0  0 1
  0  0  0  0  0  0 -1  0 1
  0  0  0  0  0  0  0 -1 1
  0  0  0  0  0  0  0  1 0
  0  0  0  0  0  0  1  0 0
  0  0  0  0  0  1  0  0 0
  0  0  0  0  1  0  0  0 0
  0  0  0  1  0  0  0  0 0
  0  0  1  0  0  0  0  0 0
  0  1  0  0  0  0  0  0 0
  1  0  0  0  0  0  0  0 0

