11 Hilbert basis elements
11 lattice points in polytope (Hilbert basis elements of degree 1)
11 extreme rays
12 support hyperplanes

embedding dimension = 5
rank = 5 (maximal)
external index = 1

size of triangulation   = 14
resulting sum of |det|s = 14

grading:
0 0 0 0 1 

degrees of extreme rays:
1:11  

Hilbert basis elements are of degree 1

multiplicity = 14

Hilbert series:
1 6 6 1 
denominator with 5 factors:
1:5  

degree of Hilbert Series as rational function = -2

The numerator of the Hilbert series is symmetric.

Hilbert polynomial:
12 38 47 28 7 
with common denominator = 12

rank of class group = 7
class group is free

***********************************************************************

11 lattice points in polytope (Hilbert basis elements of degree 1):
 0 0 0 0 1
 0 0 0 1 1
 0 0 1 0 1
 0 0 1 1 1
 0 1 0 0 1
 0 1 0 1 1
 0 1 1 1 1
 1 0 1 0 1
 1 0 1 1 1
 1 1 0 1 1
 1 1 1 1 1

0 further Hilbert basis elements of higher degree:

11 extreme rays:
 0 0 0 0 1
 0 0 0 1 1
 0 0 1 0 1
 0 0 1 1 1
 0 1 0 0 1
 0 1 0 1 1
 0 1 1 1 1
 1 0 1 0 1
 1 0 1 1 1
 1 1 0 1 1
 1 1 1 1 1

12 support hyperplanes:
 -1 -1  0  1 1
 -1  0  0  0 1
 -1  0  1  1 0
 -1  1  1  0 0
  0 -1 -1  1 1
  0 -1  0  0 1
  0  0 -1  0 1
  0  0  0 -1 1
  0  0  0  1 0
  0  0  1  0 0
  0  1  0  0 0
  1  0  0  0 0

