6 lattice points in polytope (module generators)
0 Hilbert basis elements of recession monoid
7 vertices of polyhedron
0 extreme rays of recession cone
7 support hyperplanes of polyhedron (homogenized)

embedding dimension = 5
affine dimension of the polyhedron = 2
rank of recession monoid = 0 (polyhedron is polytope)

dehomogenization:
0 0 0 0 1 


module rank = 6

***********************************************************************

6 lattice points in polytope (module generators):
 1 3 3 4 1
 1 4 1 5 1
 2 1 4 4 1
 2 2 2 5 1
 2 3 0 6 1
 3 0 3 5 1

0 Hilbert basis elements of recession monoid:

7 vertices of polyhedron:
  1  8  5  8 2
  1  9  3  9 2
  2  1  4  4 1
  2  3  0  6 1
  3  0  3  5 1
 12 12  0 31 5
 13  0 21 21 5

0 extreme rays of recession cone:

7 support hyperplanes of polyhedron (homogenized):
 -1  1   1 0 0
  0  0   1 0 0
  0  1   0 0 0
  3 -2   5 0 0
  9  2  -5 0 0
 21 -2  -1 0 0
 21 10 -13 0 0

2 equations:
 1 0 -1 -2  10
 0 1  2  3 -21

3 basis elements of generated  lattice:
 1 0 -3  2 0
 0 1 -2  1 0
 0 0 12 -1 1

