47 lattice points in polytope (module generators)
0 Hilbert basis elements of recession monoid
88 vertices of polyhedron
0 extreme rays of recession cone
30 support hyperplanes of polyhedron (homogenized)

embedding dimension = 12
affine dimension of the polyhedron = 9
rank of recession monoid = 0 (polyhedron is polytope)

dehomogenization:
0 0 0 0 0 0 0 0 0 0 0 1 


module rank = 47

***********************************************************************

47 lattice points in polytope (module generators):
 1 4 2 2 2 2 2 2 2 2 4 1
 2 2 3 2 2 2 2 2 2 2 4 1
 2 3 1 3 2 2 2 2 2 2 4 1
 2 3 2 1 3 2 2 2 2 2 4 1
 2 3 2 2 1 3 2 2 2 2 4 1
 2 3 2 2 2 1 3 2 2 2 4 1
 2 3 2 2 2 2 1 3 2 2 4 1
 2 3 2 2 2 2 2 1 3 2 4 1
 2 3 2 2 2 2 2 2 1 3 4 1
 2 3 2 2 2 2 2 2 2 1 5 1
 3 0 4 2 2 2 2 2 2 2 4 1
 3 1 2 3 2 2 2 2 2 2 4 1
 3 1 3 1 3 2 2 2 2 2 4 1
 3 1 3 2 1 3 2 2 2 2 4 1
 3 1 3 2 2 1 3 2 2 2 4 1
 3 1 3 2 2 2 1 3 2 2 4 1
 3 1 3 2 2 2 2 1 3 2 4 1
 3 1 3 2 2 2 2 2 1 3 4 1
 3 1 3 2 2 2 2 2 2 1 5 1
 3 2 1 2 3 2 2 2 2 2 4 1
 3 2 1 3 1 3 2 2 2 2 4 1
 3 2 1 3 2 1 3 2 2 2 4 1
 3 2 1 3 2 2 1 3 2 2 4 1
 3 2 1 3 2 2 2 1 3 2 4 1
 3 2 1 3 2 2 2 2 1 3 4 1
 3 2 1 3 2 2 2 2 2 1 5 1
 3 2 2 1 2 3 2 2 2 2 4 1
 3 2 2 1 3 1 3 2 2 2 4 1
 3 2 2 1 3 2 1 3 2 2 4 1
 3 2 2 1 3 2 2 1 3 2 4 1
 3 2 2 1 3 2 2 2 1 3 4 1
 3 2 2 1 3 2 2 2 2 1 5 1
 3 2 2 2 1 2 3 2 2 2 4 1
 3 2 2 2 1 3 1 3 2 2 4 1
 3 2 2 2 1 3 2 1 3 2 4 1
 3 2 2 2 1 3 2 2 1 3 4 1
 3 2 2 2 1 3 2 2 2 1 5 1
 3 2 2 2 2 1 2 3 2 2 4 1
 3 2 2 2 2 1 3 1 3 2 4 1
 3 2 2 2 2 1 3 2 1 3 4 1
 3 2 2 2 2 1 3 2 2 1 5 1
 3 2 2 2 2 2 1 2 3 2 4 1
 3 2 2 2 2 2 1 3 1 3 4 1
 3 2 2 2 2 2 1 3 2 1 5 1
 3 2 2 2 2 2 2 1 2 3 4 1
 3 2 2 2 2 2 2 1 3 1 5 1
 3 2 2 2 2 2 2 2 1 2 5 1

0 Hilbert basis elements of recession monoid:

88 vertices of polyhedron:
  1  4  2  2  2  2  2  2  2  2  4 1
  2  3  2  2  1  3  2  2  2  2  4 1
  2  3  2  2  2  1  3  2  2  2  4 1
  2  3  2  2  2  2  1  3  2  2  4 1
  2  3  2  2  2  2  2  1  3  2  4 1
  2  3  2  2  2  2  2  2  1  3  4 1
  2  3  2  2  2  2  2  2  2  1  5 1
  3  0  4  2  2  2  2  2  2  2  4 1
  3  1  2  3  2  2  2  2  2  2  4 1
  3  1  3  2  1  3  2  2  2  2  4 1
  3  1  3  2  2  1  3  2  2  2  4 1
  3  1  3  2  2  2  1  3  2  2  4 1
  3  1  3  2  2  2  2  1  3  2  4 1
  3  1  3  2  2  2  2  2  1  3  4 1
  3  1  3  2  2  2  2  2  2  1  5 1
  3  2  1  2  3  2  2  2  2  2  4 1
  3  2  1  3  1  3  2  2  2  2  4 1
  3  2  1  3  2  1  3  2  2  2  4 1
  3  2  1  3  2  2  1  3  2  2  4 1
  3  2  1  3  2  2  2  1  3  2  4 1
  3  2  1  3  2  2  2  2  1  3  4 1
  3  2  1  3  2  2  2  2  2  1  5 1
  3  2  2  1  2  3  2  2  2  2  4 1
  3  2  2  1  3  1  3  2  2  2  4 1
  3  2  2  1  3  2  1  3  2  2  4 1
  3  2  2  1  3  2  2  1  3  2  4 1
  3  2  2  1  3  2  2  2  1  3  4 1
  3  2  2  1  3  2  2  2  2  1  5 1
  3  2  2  2  1  2  3  2  2  2  4 1
  3  2  2  2  1  3  1  3  2  2  4 1
  3  2  2  2  1  3  2  1  3  2  4 1
  3  2  2  2  1  3  2  2  1  3  4 1
  3  2  2  2  1  3  2  2  2  1  5 1
  3  2  2  2  2  1  2  3  2  2  4 1
  3  2  2  2  2  1  3  1  3  2  4 1
  3  2  2  2  2  1  3  2  1  3  4 1
  3  2  2  2  2  1  3  2  2  1  5 1
  3  2  2  2  2  2  1  2  3  2  4 1
  3  2  2  2  2  2  1  3  1  3  4 1
  3  2  2  2  2  2  1  3  2  1  5 1
  3  2  2  2  2  2  2  1  2  3  4 1
  3  2  2  2  2  2  2  1  3  1  5 1
  3  2  2  2  2  2  2  2  1  2  5 1
  5  5  4  1  7  4  4  4  4  4  8 2
  6  3  5  1  7  4  4  4  4  4  8 2
  8  6  7  6  6  2 10  6  6  6 12 3
  8  7  1 11  6  6  6  6  6  6 12 3
  8  7  5  7  6  2 10  6  6  6 12 3
  9  5  7  5  7  2 10  6  6  6 12 3
  9  6  5  6  7  2 10  6  6  6 12 3
 11  8  8  9  8  8  8  3 13  8 16 4
 11  8  9  7  9  8  8  3 13  8 16 4
 11  9  7  9  7  9  8  3 13  8 16 4
 11  9  8  7  8  9  8  3 13  8 16 4
 12  7  8  9  8  7  9  3 13  8 16 4
 12  7  9  7  9  7  9  3 13  8 16 4
 12  8  7  9  7  8  9  3 13  8 16 4
 12  8  8  7  8  8  9  3 13  8 16 4
 13 11 11 10  3 17 10 10 10 10 20 5
 14 10 10 10 11 10 10 10 10  4 26 5
 14 10 10 11  9 11 10 10 10  4 26 5
 14 10 11  9 11  9 11 10 10  4 26 5
 14 10 11 10  9 10 11 10 10  4 26 5
 14 11  9 10 11 10  9 11 10  4 26 5
 14 11  9 11  9 11  9 11 10  4 26 5
 14 11 10  9 11  9 10 11 10  4 26 5
 14 11 10 10  9 10 10 11 10  4 26 5
 15  9  9 12  3 17 10 10 10 10 20 5
 15  9 10 10 11 10 10  9 11  4 26 5
 15  9 10 11  9 11 10  9 11  4 26 5
 15  9 11  9 11  9 11  9 11  4 26 5
 15  9 11 10  9 10 11  9 11  4 26 5
 15 10  9 10 11 10  9 10 11  4 26 5
 15 10  9 11  9 11  9 10 11  4 26 5
 15 10 10  9 11  9 10 10 11  4 26 5
 15 10 10 10  9 10 10 10 11  4 26 5
 19 14 15 15 14 14  5 23 14 14 28 7
 19 16 13 13 16 14  5 23 14 14 28 7
 21 12 15 15 12 16  5 23 14 14 28 7
 21 14 13 13 14 16  5 23 14 14 28 7
 25 18 18 19 19 18 18 18  7 29 36 9
 25 18 20 17 17 20 18 18  7 29 36 9
 25 20 16 19 19 16 20 18  7 29 36 9
 25 20 18 17 17 18 20 18  7 29 36 9
 27 16 18 19 19 18 16 20  7 29 36 9
 27 16 20 17 17 20 16 20  7 29 36 9
 27 18 16 19 19 16 18 20  7 29 36 9
 27 18 18 17 17 18 18 20  7 29 36 9

0 extreme rays of recession cone:

30 support hyperplanes of polyhedron (homogenized):
 -88  27  24  21  18  15  12   9   6   3 0 0
 -68 -73  40  35  30  25  20  15  10   5 0 0
 -48 -55 -62  49  42  35  28  21  14   7 0 0
 -28 -37 -46 -55  54  45  36  27  18   9 0 0
  -8 -19 -30 -41 -52  55  44  33  22  11 0 0
  -1  -1  -1  -1   0   1   1   1   1   1 0 0
  -1  -1  -1  -1   1   1   1   1   1   0 0 0
  -1  -1  -1   0   0   0   1   1   1   1 0 0
  -1  -1  -1   0   0   1   1   1   1   0 0 0
  -1  -1  -1   0   1   1   1   1   0   0 0 0
  -1  -1  -1   1   1   1   1   0   0   0 0 0
  -1  -1   0   0   0   0   0   1   1   1 0 0
  -1  -1   0   0   0   0   1   1   1   0 0 0
  -1  -1   0   0   0   1   1   1   0   0 0 0
  -1  -1   0   0   1   1   1   0   0   0 0 0
  -1  -1   0   1   1   1   0   0   0   0 0 0
  -1  -1   1   1   1   0   0   0   0   0 0 0
  -1   0   0   0   0   0   0   0   1   1 0 0
  -1   0   0   0   0   0   0   1   1   0 0 0
  -1   0   0   0   0   0   1   1   0   0 0 0
  -1   0   0   0   0   1   1   0   0   0 0 0
  -1   0   0   0   1   1   0   0   0   0 0 0
  -1   0   0   1   1   0   0   0   0   0 0 0
  -1   0   1   1   0   0   0   0   0   0 0 0
  -1   1   1   0   0   0   0   0   0   0 0 0
  12  -1 -14 -27 -40 -53  52  39  26  13 0 0
  32  17   2 -13 -28 -43 -58  45  30  15 0 0
  52  35  18   1 -16 -33 -50 -67  34  17 0 0
  72  53  34  15  -4 -23 -42 -61 -80  19 0 0
  92  71  50  29   8 -13 -34 -55 -76 -97 0 0

2 equations:
 1 0 -1 -2 -3 -4 -5 -6 -7 -8 -9  107
 0 1  2  3  4  5  6  7  8  9 10 -132

10 basis elements of generated  lattice:
 1 0 0 0 0 0 0 0 0 -10   9 0
 0 1 0 0 0 0 0 0 0  -9   8 0
 0 0 1 0 0 0 0 0 0  -8   7 0
 0 0 0 1 0 0 0 0 0  -7   6 0
 0 0 0 0 1 0 0 0 0  -6   5 0
 0 0 0 0 0 1 0 0 0  -5   4 0
 0 0 0 0 0 0 1 0 0  -4   3 0
 0 0 0 0 0 0 0 1 0  -3   2 0
 0 0 0 0 0 0 0 0 1  -2   1 0
 0 0 0 0 0 0 0 0 0 118 -93 1

