2 lattice points in polytope (module generators)
0 Hilbert basis elements of recession monoid
2 vertices of polyhedron
0 extreme rays of recession cone
2 support hyperplanes of polyhedron (homogenized)

embedding dimension = 4
affine dimension of the polyhedron = 1
rank of recession monoid = 0 (polyhedron is polytope)

dehomogenization:
0 0 0 1 


module rank = 2

***********************************************************************

2 lattice points in polytope (module generators):
 1 3 5 1
 2 1 6 1

0 Hilbert basis elements of recession monoid:

2 vertices of polyhedron:
 1 13 13 3
 5  0 13 2

0 extreme rays of recession cone:

2 support hyperplanes of polyhedron (homogenized):
  0  1 0 0
 13 -1 0 0

2 equations:
 1 0 -1   4
 0 1  2 -13

2 basis elements of generated  lattice:
 1 -2 1 0
 0  5 4 1

