4 lattice points in polytope (module generators)
0 Hilbert basis elements of recession monoid
6 vertices of polyhedron
0 extreme rays of recession cone
4 support hyperplanes of polyhedron (homogenized)

embedding dimension = 6
affine dimension of the polyhedron = 2
rank of recession monoid = 0 (polyhedron is polytope)

dehomogenization:
0 0 0 0 0 1 


module rank = 4

***********************************************************************

4 lattice points in polytope (module generators):
 6 4 5 4 6 1
 6 5 3 5 6 1
 7 3 5 3 7 1
 7 4 3 4 7 1

0 Hilbert basis elements of recession monoid:

6 vertices of polyhedron:
  6  4  5  4  6 1
  6  5  3  5  6 1
  7  3  5  3  7 1
  7  4  3  4  7 1
 12  9  8  9 12 2
 24 17 18 17 24 4

0 extreme rays of recession cone:

4 support hyperplanes of polyhedron (homogenized):
 -22 21 14  7 0 0
  -3  4 11 -7 0 0
   2 -1 -4  3 0 0
  13 -9 -6 -3 0 0

3 equations:
 1 0 0  0 -1   0
 0 1 0 -1  0   0
 0 0 1  2  2 -25

3 basis elements of generated  lattice:
 1 0 -2 0 1 0
 0 1 -2 1 0 0
 0 0 25 0 0 1

