337 lattice points in polytope (module generators)
0 Hilbert basis elements of recession monoid
6 vertices of polyhedron
0 extreme rays of recession cone
6 support hyperplanes of polyhedron (homogenized)

embedding dimension = 5
affine dimension of the polyhedron = 2
rank of recession monoid = 0 (polyhedron is polytope)

dehomogenization:
0 0 0 0 1 


module rank = 337

***********************************************************************

337 lattice points in polytope (module generators):
 11  0 11 38 1
 11  0 12 37 1
 11  0 13 36 1
 11  0 14 35 1
 11  0 15 34 1
 11  0 16 33 1
 11  0 17 32 1
 11  0 18 31 1
 11  0 19 30 1
 11  0 20 29 1
 11  0 21 28 1
 11  0 22 27 1
 11  0 23 26 1
 11  0 24 25 1
 11  1 10 38 1
 11  1 11 37 1
 11  1 12 36 1
 11  1 13 35 1
 11  1 14 34 1
 11  1 15 33 1
 11  1 16 32 1
 11  1 17 31 1
 11  1 18 30 1
 11  1 19 29 1
 11  1 20 28 1
 11  1 21 27 1
 11  1 22 26 1
 11  1 23 25 1
 11  1 24 24 1
 11  2  9 38 1
 11  2 10 37 1
 11  2 11 36 1
 11  2 12 35 1
 11  2 13 34 1
 11  2 14 33 1
 11  2 15 32 1
 11  2 16 31 1
 11  2 17 30 1
 11  2 18 29 1
 11  2 19 28 1
 11  2 20 27 1
 11  2 21 26 1
 11  2 22 25 1
 11  2 23 24 1
 11  3  8 38 1
 11  3  9 37 1
 11  3 10 36 1
 11  3 11 35 1
 11  3 12 34 1
 11  3 13 33 1
 11  3 14 32 1
 11  3 15 31 1
 11  3 16 30 1
 11  3 17 29 1
 11  3 18 28 1
 11  3 19 27 1
 11  3 20 26 1
 11  3 21 25 1
 11  3 22 24 1
 11  3 23 23 1
 11  4  7 38 1
 11  4  8 37 1
 11  4  9 36 1
 11  4 10 35 1
 11  4 11 34 1
 11  4 12 33 1
 11  4 13 32 1
 11  4 14 31 1
 11  4 15 30 1
 11  4 16 29 1
 11  4 17 28 1
 11  4 18 27 1
 11  4 19 26 1
 11  4 20 25 1
 11  4 21 24 1
 11  4 22 23 1
 11  5  6 38 1
 11  5  7 37 1
 11  5  8 36 1
 11  5  9 35 1
 11  5 10 34 1
 11  5 11 33 1
 11  5 12 32 1
 11  5 13 31 1
 11  5 14 30 1
 11  5 15 29 1
 11  5 16 28 1
 11  5 17 27 1
 11  5 18 26 1
 11  5 19 25 1
 11  5 20 24 1
 11  5 21 23 1
 11  5 22 22 1
 11  6  5 38 1
 11  6  6 37 1
 11  6  7 36 1
 11  6  8 35 1
 11  6  9 34 1
 11  6 10 33 1
 11  6 11 32 1
 11  6 12 31 1
 11  6 13 30 1
 11  6 14 29 1
 11  6 15 28 1
 11  6 16 27 1
 11  6 17 26 1
 11  6 18 25 1
 11  6 19 24 1
 11  6 20 23 1
 11  6 21 22 1
 11  7  4 38 1
 11  7  5 37 1
 11  7  6 36 1
 11  7  7 35 1
 11  7  8 34 1
 11  7  9 33 1
 11  7 10 32 1
 11  7 11 31 1
 11  7 12 30 1
 11  7 13 29 1
 11  7 14 28 1
 11  7 15 27 1
 11  7 16 26 1
 11  7 17 25 1
 11  7 18 24 1
 11  7 19 23 1
 11  7 20 22 1
 11  7 21 21 1
 11  8  3 38 1
 11  8  4 37 1
 11  8  5 36 1
 11  8  6 35 1
 11  8  7 34 1
 11  8  8 33 1
 11  8  9 32 1
 11  8 10 31 1
 11  8 11 30 1
 11  8 12 29 1
 11  8 13 28 1
 11  8 14 27 1
 11  8 15 26 1
 11  8 16 25 1
 11  8 17 24 1
 11  8 18 23 1
 11  8 19 22 1
 11  8 20 21 1
 11  9  2 38 1
 11  9  3 37 1
 11  9  4 36 1
 11  9  5 35 1
 11  9  6 34 1
 11  9  7 33 1
 11  9  8 32 1
 11  9  9 31 1
 11  9 10 30 1
 11  9 11 29 1
 11  9 12 28 1
 11  9 13 27 1
 11  9 14 26 1
 11  9 15 25 1
 11  9 16 24 1
 11  9 17 23 1
 11  9 18 22 1
 11  9 19 21 1
 11  9 20 20 1
 11 10  1 38 1
 11 10  2 37 1
 11 10  3 36 1
 11 10  4 35 1
 11 10  5 34 1
 11 10  6 33 1
 11 10  7 32 1
 11 10  8 31 1
 11 10  9 30 1
 11 10 10 29 1
 11 10 11 28 1
 11 10 12 27 1
 11 10 13 26 1
 11 10 14 25 1
 11 10 15 24 1
 11 10 16 23 1
 11 10 17 22 1
 11 10 18 21 1
 11 10 19 20 1
 11 11  0 38 1
 11 11  1 37 1
 11 11  2 36 1
 11 11  3 35 1
 11 11  4 34 1
 11 11  5 33 1
 11 11  6 32 1
 11 11  7 31 1
 11 11  8 30 1
 11 11  9 29 1
 11 11 10 28 1
 11 11 11 27 1
 11 11 12 26 1
 11 11 13 25 1
 11 11 14 24 1
 11 11 15 23 1
 11 11 16 22 1
 11 11 17 21 1
 11 11 18 20 1
 11 11 19 19 1
 11 12  0 37 1
 11 12  1 36 1
 11 12  2 35 1
 11 12  3 34 1
 11 12  4 33 1
 11 12  5 32 1
 11 12  6 31 1
 11 12  7 30 1
 11 12  8 29 1
 11 12  9 28 1
 11 12 10 27 1
 11 12 11 26 1
 11 12 12 25 1
 11 12 13 24 1
 11 12 14 23 1
 11 12 15 22 1
 11 12 16 21 1
 11 12 17 20 1
 11 12 18 19 1
 11 13  0 36 1
 11 13  1 35 1
 11 13  2 34 1
 11 13  3 33 1
 11 13  4 32 1
 11 13  5 31 1
 11 13  6 30 1
 11 13  7 29 1
 11 13  8 28 1
 11 13  9 27 1
 11 13 10 26 1
 11 13 11 25 1
 11 13 12 24 1
 11 13 13 23 1
 11 13 14 22 1
 11 13 15 21 1
 11 13 16 20 1
 11 13 17 19 1
 11 13 18 18 1
 11 14  0 35 1
 11 14  1 34 1
 11 14  2 33 1
 11 14  3 32 1
 11 14  4 31 1
 11 14  5 30 1
 11 14  6 29 1
 11 14  7 28 1
 11 14  8 27 1
 11 14  9 26 1
 11 14 10 25 1
 11 14 11 24 1
 11 14 12 23 1
 11 14 13 22 1
 11 14 14 21 1
 11 14 15 20 1
 11 14 16 19 1
 11 14 17 18 1
 11 15  0 34 1
 11 15  1 33 1
 11 15  2 32 1
 11 15  3 31 1
 11 15  4 30 1
 11 15  5 29 1
 11 15  6 28 1
 11 15  7 27 1
 11 15  8 26 1
 11 15  9 25 1
 11 15 10 24 1
 11 15 11 23 1
 11 15 12 22 1
 11 15 13 21 1
 11 15 14 20 1
 11 15 15 19 1
 11 15 16 18 1
 11 15 17 17 1
 11 16  0 33 1
 11 16  1 32 1
 11 16  2 31 1
 11 16  3 30 1
 11 16  4 29 1
 11 16  5 28 1
 11 16  6 27 1
 11 16  7 26 1
 11 16  8 25 1
 11 16  9 24 1
 11 16 10 23 1
 11 16 11 22 1
 11 16 12 21 1
 11 16 13 20 1
 11 16 14 19 1
 11 16 15 18 1
 11 16 16 17 1
 11 17  0 32 1
 11 17  1 31 1
 11 17  2 30 1
 11 17  3 29 1
 11 17  4 28 1
 11 17  5 27 1
 11 17  6 26 1
 11 17  7 25 1
 11 17  8 24 1
 11 17  9 23 1
 11 17 10 22 1
 11 17 11 21 1
 11 17 12 20 1
 11 17 13 19 1
 11 17 14 18 1
 11 17 15 17 1
 11 18  0 31 1
 11 18  1 30 1
 11 18  2 29 1
 11 18  3 28 1
 11 18  4 27 1
 11 18  5 26 1
 11 18  6 25 1
 11 18  7 24 1
 11 18  8 23 1
 11 18  9 22 1
 11 18 10 21 1
 11 18 11 20 1
 11 18 12 19 1
 11 18 13 18 1
 11 19  0 30 1
 11 19  1 29 1
 11 19  2 28 1
 11 19  3 27 1
 11 19  4 26 1
 11 19  5 25 1
 11 19  6 24 1
 11 19  7 23 1
 11 19  8 22 1
 11 19  9 21 1
 11 19 10 20 1
 11 19 11 19 1

0 Hilbert basis elements of recession monoid:

6 vertices of polyhedron:
 11  0 11 38 1
 11 11  0 38 1
 11 19  0 30 1
 11 19 11 19 1
 22  0 49 49 2
 33 49 49 49 3

0 extreme rays of recession cone:

6 support hyperplanes of polyhedron (homogenized):
 -1   1   1 0 0
  0   0   1 0 0
  0   1   0 0 0
 19 -11   0 0 0
 49 -22 -11 0 0
 49 -11 -22 0 0

2 equations:
 1 0 0 0 -11
 0 1 1 1 -49

3 basis elements of generated  lattice:
 11 0 0 49 1
  0 1 0 -1 0
  0 0 1 -1 0

