10 lattice points in polytope (module generators)
0 Hilbert basis elements of recession monoid
10 vertices of polyhedron
0 extreme rays of recession cone
10 support hyperplanes of polyhedron (homogenized)

embedding dimension = 12
affine dimension of the polyhedron = 9
rank of recession monoid = 0 (polyhedron is polytope)

dehomogenization:
0 0 0 0 0 0 0 0 0 0 0 1 


module rank = 10

***********************************************************************

10 lattice points in polytope (module generators):
 2 3 2 2 2 2 2 2 2 2 4 1
 3 1 3 2 2 2 2 2 2 2 4 1
 3 2 1 3 2 2 2 2 2 2 4 1
 3 2 2 1 3 2 2 2 2 2 4 1
 3 2 2 2 1 3 2 2 2 2 4 1
 3 2 2 2 2 1 3 2 2 2 4 1
 3 2 2 2 2 2 1 3 2 2 4 1
 3 2 2 2 2 2 2 1 3 2 4 1
 3 2 2 2 2 2 2 2 1 3 4 1
 3 2 2 2 2 2 2 2 2 1 5 1

0 Hilbert basis elements of recession monoid:

10 vertices of polyhedron:
 2 3 2 2 2 2 2 2 2 2 4 1
 3 1 3 2 2 2 2 2 2 2 4 1
 3 2 1 3 2 2 2 2 2 2 4 1
 3 2 2 1 3 2 2 2 2 2 4 1
 3 2 2 2 1 3 2 2 2 2 4 1
 3 2 2 2 2 1 3 2 2 2 4 1
 3 2 2 2 2 2 1 3 2 2 4 1
 3 2 2 2 2 2 2 1 3 2 4 1
 3 2 2 2 2 2 2 2 1 3 4 1
 3 2 2 2 2 2 2 2 2 1 5 1

0 extreme rays of recession cone:

10 support hyperplanes of polyhedron (homogenized):
 -89  27  24  21  18  15  12   9   6   3 0 0
 -69 -74  40  35  30  25  20  15  10   5 0 0
 -29 -38 -47 -56  54  45  36  27  18   9 0 0
  -9 -20 -31 -42 -53  55  44  33  22  11 0 0
  -7  -8  -9   7   6   5   4   3   2   1 0 0
   3   2   1   0  -1  -2  -3  -4   2   1 0 0
  11  -2 -15 -28 -41 -54  52  39  26  13 0 0
  13  10   7   4   1  -2  -5  -8 -11 -14 0 0
  31  16   1 -14 -29 -44 -59  45  30  15 0 0
  71  52  33  14  -5 -24 -43 -62 -81  19 0 0

2 equations:
 1 0 -1 -2 -3 -4 -5 -6 -7 -8 -9  106
 0 1  2  3  4  5  6  7  8  9 10 -131

10 basis elements of generated  lattice:
 1 0 0 0 0 0 0 0 0 -10   9 0
 0 1 0 0 0 0 0 0 0  -9   8 0
 0 0 1 0 0 0 0 0 0  -8   7 0
 0 0 0 1 0 0 0 0 0  -7   6 0
 0 0 0 0 1 0 0 0 0  -6   5 0
 0 0 0 0 0 1 0 0 0  -5   4 0
 0 0 0 0 0 0 1 0 0  -4   3 0
 0 0 0 0 0 0 0 1 0  -3   2 0
 0 0 0 0 0 0 0 0 1  -2   1 0
 0 0 0 0 0 0 0 0 0 119 -94 1

