25 lattice points in polytope (module generators)
0 Hilbert basis elements of recession monoid
101 vertices of polyhedron
0 extreme rays of recession cone
21 support hyperplanes of polyhedron (homogenized)

embedding dimension = 8
affine dimension of the polyhedron = 5
rank of recession monoid = 0 (polyhedron is polytope)

dehomogenization:
0 0 0 0 0 0 0 1 


module rank = 25

***********************************************************************

25 lattice points in polytope (module generators):
 0 0 1 1 3 1 3 1
 0 0 1 2 1 2 3 1
 0 0 1 2 2 0 4 1
 0 0 1 3 0 1 4 1
 0 0 2 0 2 2 3 1
 0 0 2 0 3 0 4 1
 0 0 2 1 0 3 3 1
 0 0 2 1 1 1 4 1
 0 0 2 2 0 0 5 1
 0 0 3 0 0 2 4 1
 0 0 3 0 1 0 5 1
 0 1 0 1 2 2 3 1
 0 1 0 1 3 0 4 1
 0 1 0 2 0 3 3 1
 0 1 0 2 1 1 4 1
 0 1 0 3 0 0 5 1
 0 1 1 0 1 3 3 1
 0 1 1 0 2 1 4 1
 0 1 1 1 0 2 4 1
 0 1 1 1 1 0 5 1
 0 1 2 0 0 1 5 1
 0 2 0 0 2 0 5 1
 1 0 1 0 1 2 4 1
 1 0 1 0 2 0 5 1
 1 0 1 1 0 1 5 1

0 Hilbert basis elements of recession monoid:

101 vertices of polyhedron:
  0  0  1  1  3   1   3  1
  0  0  1  2  2   0   4  1
  0  0  1  7  0   3   7  2
  0  0  1 15  7   7  15  5
  0  0  1 19  3   3  19  5
  0  0  2  0  3   0   4  1
  0  0  2  1  0   3   3  1
  0  0  2  2  0   0   5  1
  0  0  2  9  0   7   9  3
  0  0  2 14  3   0  17  4
  0  0  3  0  0   2   4  1
  0  0  3  0  1   0   5  1
  0  0  5  0  1   6   6  2
  0  0  5  0  9   4   9  3
  0  0  5  0 10   2  10  3
  0  0  9  2  0   0  16  3
  0  0 19  0  0  22  22  7
  0  1  0  1  3   0   4  1
  0  1  0  2  0   3   3  1
  0  1  0  3  0   0   5  1
  0  1  0  6  0   5   6  2
  0  1  0 11  0   4  11  3
  0  1  0 11  2   0  13  3
  0  1  0 21 10  10  21  7
  0  1  0 27  4   4  27  7
  0  1  2  0  0   1   5  1
  0  1  5  1  0   0  11  2
  0  2  0  0  2   0   5  1
  0  2  0  1  7   1   7  2
  0  2  7  0  2   0  16  3
  0  3  0  1  2   6   6  2
  0  4  0  0 11   0  12  3
  0  4  0  7 18   7  18  6
  0  5  0  0 12   7  12  4
  0  5  0  0 15   1  15  4
  0  6  1  0  5  12  12  4
  0  7  0  7  0   0  22  4
  0  7  7  0  0   7  24  5
  0  8  0  0  8  14  15  5
  0 19  0 19  0  44  44 14
  0 19 19  0  0  53  53 16
  1  0  1  0  1   2   4  1
  1  0  1  0  2   0   5  1
  1  0  1  1  0   1   5  1
  1  0  1  1  7   1   7  2
  1  0  1  2  6   0   8  2
  1  0  1  4  0   6   6  2
  1  0  1 10  1   0  14  3
  1  0  1 12  0  10  12  4
  1  0  1 22  0   8  22  6
  1  0  1 22  4   0  26  6
  1  0  1 42 20  20  42 14
  1  0  1 54  8   8  54 14
  1  0  5  0  1   0  11  2
  1  0  8  1  0   1  16  3
  1  1  0  1  7   0   8  2
  1  1  0 10  0   1  14  3
  1  1  0 26  0   9  26  7
  1  1  0 48 23  23  48 16
  1  1  0 62  9   9  62 16
  1  2  0  1 11   1  11  3
  1  5  0  1  5  12  12  4
  1  8  1  0  8  18  18  6
  2  0  2  0 11   0  12  3
  2  0  2  7 18   7  18  6
  2  0  2 16  0   2  23  5
  2  0  3  0  2   0  11  2
  2  1  1  1  1   2  10  2
  2  1  1  1  2   0  11  2
  2  2  0 11  0  15  15  5
  2  2  0 24  2   0  33  7
  2  2  0 27  0  23  27  9
  2  2  0 52  9   0  61 14
  2  2 17  2  0   2  38  7
  3  0  3  2  3   0  16  3
  3  1  3  0  3   1  16  3
  3  2  1  2 22   2  22  6
  4  2  2  3  1   3  21  4
  4  4  0 17 42  17  42 14
  5  0  5  0  8  18  18  6
  5  0  5  0 24  14  24  8
  5  0  5  0 30   2  30  8
  5  3  2  3  3   2  27  5
  5  5  0  5  9  24  24  8
  5  5  0  5 33  18  33 11
  7  2  7  0  9   0  38  7
  7  7  0  7  7   0  44  8
  7  7  0 14  0   7  46  9
  7  7  7  0  7   7  46  9
  9  5  5  4  5   5  48  9
 10 10  0 10 79  10  79 22
 11  6  6  6  5   6  59 11
 14 14 14 14  0  14 101 19
 19  0 19  0 19  66  66 21
 19  0 19 19  0  75  75 23
 19 19  0 19 19  88  88 28
 19 19  0 38  0  97  97 30
 19 19 19  0 19  97  97 30
 28 14 14 28  0  28 149 29
 38 19 19 19 19 150 150 46
 38 19 19 38  0 159 159 48

0 extreme rays of recession cone:

21 support hyperplanes of polyhedron (homogenized):
 -8  5  4  3   2   1 0 0
 -1 -1  0  1   1   1 0 0
 -1 -1  1  1   1   0 0 0
 -1  0  0  0   1   1 0 0
 -1  0  0  1   1   0 0 0
 -1  0  1  1   0   0 0 0
 -1  1  1  0   0   0 0 0
  0  0  0  0   0   1 0 0
  0  0  0  0   1   0 0 0
  0  0  0  1   0   0 0 0
  0  0  1  0   0   0 0 0
  0  1  0  0   0   0 0 0
  1  0  0  0   0   0 0 0
  4  1 -2  9   6   3 0 0
  5  3  1 -1   4   2 0 0
 11  8  5  2  -1  -4 0 0
 16 11  6  1  -4   5 0 0
 40 31 22 -1 -10   9 0 0
 40 31 22 -1   4  -5 0 0
 40 31 22 13 -10  -5 0 0
 40 31 22 13   4 -19 0 0

2 equations:
 1 0 -1 -2 -3 -4 -5  31
 0 1  2  3  4  5  6 -40

6 basis elements of generated  lattice:
 1 0 0 0 0 -6  5 0
 0 1 0 0 0 -5  4 0
 0 0 1 0 0 -4  3 0
 0 0 0 1 0 -3  2 0
 0 0 0 0 1 -2  1 0
 0 0 0 0 0 14 -5 1

