139 lattice points in polytope (module generators)
0 Hilbert basis elements of recession monoid
457 vertices of polyhedron
0 extreme rays of recession cone
38 support hyperplanes of polyhedron (homogenized)

embedding dimension = 10
affine dimension of the polyhedron = 7
rank of recession monoid = 0 (polyhedron is polytope)

dehomogenization:
0 0 0 0 0 0 0 0 0 1 


module rank = 139

***********************************************************************

139 lattice points in polytope (module generators):
 1 2 4 2 2 2 2 2 4 1
 1 3 2 3 2 2 2 2 4 1
 1 3 3 1 3 2 2 2 4 1
 1 3 3 2 1 3 2 2 4 1
 1 3 3 2 2 1 3 2 4 1
 1 3 3 2 2 2 1 3 4 1
 1 3 3 2 2 2 2 1 5 1
 1 4 0 4 2 2 2 2 4 1
 1 4 1 2 3 2 2 2 4 1
 1 4 1 3 1 3 2 2 4 1
 1 4 1 3 2 1 3 2 4 1
 1 4 1 3 2 2 1 3 4 1
 1 4 1 3 2 2 2 1 5 1
 1 4 2 0 4 2 2 2 4 1
 1 4 2 1 2 3 2 2 4 1
 1 4 2 1 3 1 3 2 4 1
 1 4 2 1 3 2 1 3 4 1
 1 4 2 1 3 2 2 1 5 1
 1 4 2 2 1 2 3 2 4 1
 1 4 2 2 1 3 1 3 4 1
 1 4 2 2 1 3 2 1 5 1
 1 4 2 2 2 1 2 3 4 1
 1 4 2 2 2 1 3 1 5 1
 1 4 2 2 2 2 1 2 5 1
 2 1 3 3 2 2 2 2 4 1
 2 1 4 1 3 2 2 2 4 1
 2 1 4 2 1 3 2 2 4 1
 2 1 4 2 2 1 3 2 4 1
 2 1 4 2 2 2 1 3 4 1
 2 1 4 2 2 2 2 1 5 1
 2 2 1 4 2 2 2 2 4 1
 2 2 2 2 3 2 2 2 4 1
 2 2 2 3 1 3 2 2 4 1
 2 2 2 3 2 1 3 2 4 1
 2 2 2 3 2 2 1 3 4 1
 2 2 2 3 2 2 2 1 5 1
 2 2 3 0 4 2 2 2 4 1
 2 2 3 1 2 3 2 2 4 1
 2 2 3 1 3 1 3 2 4 1
 2 2 3 1 3 2 1 3 4 1
 2 2 3 1 3 2 2 1 5 1
 2 2 3 2 0 4 2 2 4 1
 2 2 3 2 1 2 3 2 4 1
 2 2 3 2 1 3 1 3 4 1
 2 2 3 2 1 3 2 1 5 1
 2 2 3 2 2 0 4 2 4 1
 2 2 3 2 2 1 2 3 4 1
 2 2 3 2 2 1 3 1 5 1
 2 2 3 2 2 2 1 2 5 1
 2 3 0 3 3 2 2 2 4 1
 2 3 0 4 1 3 2 2 4 1
 2 3 0 4 2 1 3 2 4 1
 2 3 0 4 2 2 1 3 4 1
 2 3 0 4 2 2 2 1 5 1
 2 3 1 1 4 2 2 2 4 1
 2 3 1 2 2 3 2 2 4 1
 2 3 1 2 3 1 3 2 4 1
 2 3 1 2 3 2 1 3 4 1
 2 3 1 2 3 2 2 1 5 1
 2 3 1 3 1 2 3 2 4 1
 2 3 1 3 1 3 1 3 4 1
 2 3 1 3 1 3 2 1 5 1
 2 3 1 3 2 0 4 2 4 1
 2 3 1 3 2 1 2 3 4 1
 2 3 1 3 2 1 3 1 5 1
 2 3 1 3 2 2 1 2 5 1
 2 3 2 0 3 3 2 2 4 1
 2 3 2 0 4 1 3 2 4 1
 2 3 2 0 4 2 1 3 4 1
 2 3 2 0 4 2 2 1 5 1
 2 3 2 1 2 2 3 2 4 1
 2 3 2 1 2 3 1 3 4 1
 2 3 2 1 2 3 2 1 5 1
 2 3 2 1 3 1 2 3 4 1
 2 3 2 1 3 1 3 1 5 1
 2 3 2 1 3 2 1 2 5 1
 2 3 2 2 1 2 2 3 4 1
 2 3 2 2 1 2 3 1 5 1
 2 3 2 2 1 3 1 2 5 1
 2 3 2 2 2 1 2 2 5 1
 3 0 3 2 3 2 2 2 4 1
 3 0 3 3 1 3 2 2 4 1
 3 0 3 3 2 1 3 2 4 1
 3 0 3 3 2 2 1 3 4 1
 3 0 3 3 2 2 2 1 5 1
 3 0 4 0 4 2 2 2 4 1
 3 0 4 1 2 3 2 2 4 1
 3 0 4 1 3 1 3 2 4 1
 3 0 4 1 3 2 1 3 4 1
 3 0 4 1 3 2 2 1 5 1
 3 0 4 2 1 2 3 2 4 1
 3 0 4 2 1 3 1 3 4 1
 3 0 4 2 1 3 2 1 5 1
 3 0 4 2 2 1 2 3 4 1
 3 0 4 2 2 1 3 1 5 1
 3 0 4 2 2 2 1 2 5 1
 3 1 2 1 4 2 2 2 4 1
 3 1 2 2 2 3 2 2 4 1
 3 1 2 2 3 1 3 2 4 1
 3 1 2 2 3 2 1 3 4 1
 3 1 2 2 3 2 2 1 5 1
 3 1 2 3 0 4 2 2 4 1
 3 1 2 3 1 2 3 2 4 1
 3 1 2 3 1 3 1 3 4 1
 3 1 2 3 1 3 2 1 5 1
 3 1 2 3 2 1 2 3 4 1
 3 1 2 3 2 1 3 1 5 1
 3 1 2 3 2 2 1 2 5 1
 3 1 3 0 3 3 2 2 4 1
 3 1 3 0 4 1 3 2 4 1
 3 1 3 0 4 2 1 3 4 1
 3 1 3 0 4 2 2 1 5 1
 3 1 3 1 2 2 3 2 4 1
 3 1 3 1 2 3 1 3 4 1
 3 1 3 1 2 3 2 1 5 1
 3 1 3 1 3 0 4 2 4 1
 3 1 3 1 3 1 2 3 4 1
 3 1 3 1 3 1 3 1 5 1
 3 1 3 1 3 2 1 2 5 1
 3 1 3 2 1 2 2 3 4 1
 3 1 3 2 1 2 3 1 5 1
 3 1 3 2 1 3 1 2 5 1
 3 1 3 2 2 1 2 2 5 1
 3 2 1 2 2 2 3 2 4 1
 3 2 1 2 2 3 1 3 4 1
 3 2 1 2 2 3 2 1 5 1
 3 2 1 2 3 0 4 2 4 1
 3 2 1 2 3 1 2 3 4 1
 3 2 1 2 3 1 3 1 5 1
 3 2 1 2 3 2 1 2 5 1
 3 2 1 3 1 2 2 3 4 1
 3 2 1 3 1 2 3 1 5 1
 3 2 1 3 1 3 1 2 5 1
 3 2 1 3 2 1 2 2 5 1
 3 2 2 1 2 2 2 3 4 1
 3 2 2 1 2 2 3 1 5 1
 3 2 2 1 2 3 1 2 5 1
 3 2 2 1 3 1 2 2 5 1
 3 2 2 2 1 2 2 2 5 1

0 Hilbert basis elements of recession monoid:

457 vertices of polyhedron:
   1  2  4   2  2   2   2   2   4  1
   1  3  3   2  2   2   1   3   4  1
   1  3  3   2  2   2   2   1   5  1
   1  4  0   4  2   2   2   2   4  1
   1  4  1   3  1   3   2   2   4  1
   1  4  1   3  2   2   1   3   4  1
   1  4  1   3  2   2   2   1   5  1
   1  4  2   0  4   2   2   2   4  1
   1  4  2   1  2   3   2   2   4  1
   1  4  2   1  3   1   3   2   4  1
   1  4  2   1  3   2   1   3   4  1
   1  4  2   1  3   2   2   1   5  1
   1  4  2   2  1   2   3   2   4  1
   1  4  2   2  1   3   1   3   4  1
   1  4  2   2  1   3   2   1   5  1
   1  4  2   2  2   1   2   3   4  1
   1  4  2   2  2   1   3   1   5  1
   1  4  2   2  2   2   1   2   5  1
   2  1  4   2  2   2   1   3   4  1
   2  1  4   2  2   2   2   1   5  1
   2  2  3   2  0   4   2   2   4  1
   2  2  3   2  2   0   4   2   4  1
   2  3  0   4  1   3   2   2   4  1
   2  3  0   4  2   2   1   3   4  1
   2  3  0   4  2   2   2   1   5  1
   2  3  1   1  4   2   2   2   4  1
   2  3  1   3  2   0   4   2   4  1
   2  3  2   0  3   3   2   2   4  1
   2  3  2   0  4   1   3   2   4  1
   2  3  2   0  4   2   1   3   4  1
   2  3  2   0  4   2   2   1   5  1
   2  3  2   2  1   2   2   3   4  1
   2  3  2   2  1   2   3   1   5  1
   2  3  2   2  1   3   1   2   5  1
   2  3  2   2  2   1   2   2   5  1
   2  7  5   4  4   1   7   4   8  2
   2  8  3   5  4   1   7   4   8  2
   3  0  3   2  3   2   2   2   4  1
   3  0  3   3  1   3   2   2   4  1
   3  0  3   3  2   1   3   2   4  1
   3  0  3   3  2   2   1   3   4  1
   3  0  3   3  2   2   2   1   5  1
   3  0  4   0  4   2   2   2   4  1
   3  0  4   1  2   3   2   2   4  1
   3  0  4   1  3   2   1   3   4  1
   3  0  4   1  3   2   2   1   5  1
   3  0  4   2  1   2   3   2   4  1
   3  0  4   2  1   3   1   3   4  1
   3  0  4   2  1   3   2   1   5  1
   3  0  4   2  2   1   2   3   4  1
   3  0  4   2  2   1   3   1   5  1
   3  0  4   2  2   2   1   2   5  1
   3  1  2   1  4   2   2   2   4  1
   3  1  2   3  0   4   2   2   4  1
   3  1  2   3  2   1   2   3   4  1
   3  1  2   3  2   2   1   2   5  1
   3  1  3   0  3   3   2   2   4  1
   3  1  3   0  4   1   3   2   4  1
   3  1  3   0  4   2   1   3   4  1
   3  1  3   0  4   2   2   1   5  1
   3  1  3   1  3   0   4   2   4  1
   3  1  3   2  1   2   2   3   4  1
   3  1  3   2  1   2   3   1   5  1
   3  1  3   2  1   3   1   2   5  1
   3  1  3   2  2   1   2   2   5  1
   3  2  1   2  2   2   3   2   4  1
   3  2  1   2  2   3   1   3   4  1
   3  2  1   2  2   3   2   1   5  1
   3  2  1   2  3   0   4   2   4  1
   3  2  1   2  3   1   2   3   4  1
   3  2  1   2  3   1   3   1   5  1
   3  2  1   2  3   2   1   2   5  1
   3  2  1   3  1   2   2   3   4  1
   3  2  1   3  1   2   3   1   5  1
   3  2  1   3  1   3   1   2   5  1
   3  2  1   3  2   1   2   2   5  1
   3  2  2   1  2   2   2   3   4  1
   3  2  2   1  2   2   3   1   5  1
   3  2  2   1  2   3   1   2   5  1
   3  2  2   1  3   1   2   2   5  1
   3  2  2   2  1   2   2   2   5  1
   3  6  5   4  0   8   4   4   8  2
   3 11  6   7  6   6   6   2  16  3
   3 11  7   5  7   6   6   2  16  3
   3 11  7   6  1  11   6   6  12  3
   3 12  5   7  5   7   6   2  16  3
   3 12  6   5  6   7   6   2  16  3
   3 17  7   8  5  12   8   7  17  4
   3 17  7   9  4  11   9   7  17  4
   3 17  8   7  5  12   7   8  17  4
   3 17  8   8  4  11   8   8  17  4
   4  5  5   3  1   8   4   4   8  2
   4  5  5   4  0   7   5   4   8  2
   4  5  5   4  0   8   3   5   8  2
   4  5  5   4  0   8   4   3   9  2
   4 21  9  11  9  10  11   4  26  5
   4 21 10   9 10  11   9   5  26  5
   5  1  8   4  1   7   4   4   8  2
   5  1  8   4  4   1   7   4   8  2
   5  2  3   8  4   4   4   4   8  2
   5  4  5   3  5   4   2   3  11  2
   5  4  5   4  1   4   7   4   8  2
   5  5  0   5  7   4   4   4   8  2
   5  5  0   7  3   6   4   4   8  2
   5  5  0   7  5   4   4   2  10  2
   5  5  0   8  2   5   5   4   8  2
   5  5  0   8  2   6   3   5   8  2
   5  5  0   8  2   6   4   3   9  2
   5  5  0   8  3   5   2   6   8  2
   5  5  0   8  4   1   7   4   8  2
   5  5  0   8  4   3   3   6   8  2
   5  5  0   8  4   3   5   2  10  2
   5  5  0   8  4   4   2   5   9  2
   5  5  0   8  4   4   3   3  10  2
   5  5  3   5  3   5   2   3  11  2
   5  5  4   1  5   4   6   4   8  2
   5  5  4   1  5   6   2   6   8  2
   5  5  4   1  6   5   4   1  11  2
   5  5  4   1  7   2   4   6   8  2
   5  5  4   1  7   2   6   2  10  2
   5  5  4   1  7   4   2   4  10  2
   5  5  4   3  4   5   2   3  11  2
   5 18 11  11 10  10   3  17  20  5
   5 20  9   9 12  10   3  17  20  5
   5 24 12  12  5  20  12  12  24  6
   5 24 12  13  4  19  13  12  24  6
   5 24 13  11  5  20  11  13  24  6
   5 24 13  12  4  19  12  13  24  6
   5 28 16  12 15  15   7  21  28  7
   5 28 16  14 13  13   9  21  28  7
   5 30 14  12 15  15   7  19  30  7
   5 30 14  14 13   8  19  14  30  7
   5 30 14  14 13  13   9  19  30  7
   5 30 14  14 13  13  14   9  35  7
   5 36 18  18 20  20  18  18  36  9
   5 36 18  22 16  16  22  18  36  9
   5 36 22  14 20  20  14  22  36  9
   5 36 22  18 16  16  18  22  36  9
   5 40 14  18 20  20  18  14  40  9
   5 40 14  22 16  16  22  14  40  9
   5 40 18  14 20  20  14  18  40  9
   5 40 18  18 16  16  18  18  40  9
   6  0  7   5  1   7   4   4   8  2
   6  0  8   3  5   1   7   4   8  2
   6  3  3   3  7   4   2   6   8  2
   6  3  3   3  7   4   4   2  10  2
   6  3  3   5  1   8   4   4   8  2
   6  3  3   6  0   7   5   4   8  2
   6  3  3   6  0   8   3   5   8  2
   6  3  3   6  0   8   4   3   9  2
   6  3  3   6  4   2   6   1  11  2
   6  3  4   5  4   3   3   3  11  2
   6  3  5   1  5   6   2   6   8  2
   6  3  5   1  5   6   4   2  10  2
   6  3  5   1  7   3   5   1  11  2
   6  3  5   1  7   4   2   4  10  2
   6  3  5   3  5   1   7   1  11  2
   6  3  5   3  5   3   3   3  11  2
   6  4  2   4  5   5   1   7   8  2
   6  4  2   5  3   3   7   4   8  2
   6  4  2   5  3   6   1   7   8  2
   6  4  2   5  5   1   5   6   8  2
   6  4  2   5  5   1   7   2  10  2
   6  4  2   6  2   5   5   1  11  2
   6  4  2   6  3   3   6   1  11  2
   6  4  3   3  4   3   7   4   8  2
   6  4  3   3  6   1   5   6   8  2
   6  4  3   3  6   1   7   2  10  2
   6  4  3   5  2   4   6   1  11  2
   6  4  3   5  3   4   3   3  11  2
   6  4  4   2  4   5   5   1  11  2
   6  4  4   2  5   3   6   1  11  2
   6  4  4   3  3   4   6   1  11  2
   6  4  4   3  4   4   3   3  11  2
   6 29 13  14 13  16  14   5  37  7
   6 34 14  16 17  17  16   7  41  8
   6 34 14  18 15  15  18   7  41  8
   6 34 15  17 15  15  17   8  41  8
   6 34 16  14 17  17  14   9  41  8
   6 34 16  15 16  16  15   9  41  8
   7  6  8   6  6   1   8   9  12  3
   7  6  8   6  6   1  11   3  15  3
   7  7  7   6  1   7  10   6  12  3
   7  8  4   8  3   4  11   6  12  3
   7  8  4   8  3   9   6   1  17  3
   7  8  4   8  6   1   8   9  12  3
   7  8  4   8  6   1  11   3  15  3
   7  8  6   4  5   9   6   1  17  3
   7 36 20  18 17   8  27  20  36  9
   7 38 16  20 17   8  29  16  38  9
   8  1  7  11  6   6   6   6  12  3
   8  1 11   7  6   6   6   2  16  3
   8  1 12   5  7   6   6   2  16  3
   8  6  6   7  1  11   6   2  16  3
   8  6  7   6  6   2   7   6  15  3
   8  7  1  11  3   9   3   9  12  3
   8  7  1  11  6   6   3   6  15  3
   8  7  5   7  3   5   7   9  12  3
   8  7  5   7  3   9   3   5  16  3
   8  7  5   7  6   2   7   6  15  3
   8  7  6   2  7   9   6   2  16  3
   8  7  6   5  4   9   3   5  16  3
   8 40 21  21 19  19  10  32  40 10
   8 41 19  22 19  19  22   8  52 10
   8 41 21  18 21  21  18  10  52 10
   8 42 19  19 21  21   8  30  42 10
   9  0 11   7  6   5   7   2  16  3
   9  0 12   5  7   5   7   2  16  3
   9  4  5   9  4   8   1  11  12  3
   9  4  5   9  6   4   8   1  17  3
   9  4  6   8  6   3   9   1  17  3
   9  4  7   7  2  10   1  11  12  3
   9  4  8   1 11   1  11   6  12  3
   9  4  8   4  5   4  11   6  12  3
   9  4  8   4  8   1   8   9  12  3
   9  5  4   9  1   8   9   6  12  3
   9  5  4   9  1  11   6   3  15  3
   9  5  4   9  5   4   5  10  12  3
   9  5  4   9  5   7   2   7  15  3
   9  5  4   9  6   5   4   5  16  3
   9  5  5   4  5  11   6   6  12  3
   9  5  5   8  1  11   2  10  12  3
   9  5  6   7  6   3   6   5  16  3
   9  5  7   2  7   5  10   6  12  3
   9  5  7   2 10   2   7   9  12  3
   9  5  7   5  4   5   7   9  12  3
   9  6  3   6  8   6   7   2  16  3
   9  6  3   7  6   8   1  11  12  3
   9  6  3   8  6   7   2   7  15  3
   9  6  3   9  4   6   8   1  17  3
   9  6  3   9  5   6   4   5  16  3
   9  6  4   6  5   4  11   6  12  3
   9  6  4   6  8   1   8   9  12  3
   9  6  4   6  8   1  11   3  15  3
   9  6  4   8  3   7   8   1  17  3
   9  6  4   8  4   5   9   1  17  3
   9  6  5   4  6   9   1  11  12  3
   9  6  5   6  7   2   7   6  15  3
   9  6  5   7  3   8   4   5  16  3
   9  6  5   7  5   4   6   5  16  3
   9  6  6   3  7   6   8   1  17  3
   9  6  6   3  8   6   4   5  16  3
   9  6  6   4  5   7   8   1  17  3
   9  6  6   4  6   5   9   1  17  3
   9  6  6   5  4   8   4   5  16  3
   9  6  6   5  6   4   6   5  16  3
   9  8  8  11  8   8   8   1  23  4
   9  8 11   5 11   8   8   1  23  4
   9 11  5  11  5  11   8   1  23  4
   9 11  8   5  8  11   8   1  23  4
   9 16  9   0 20  10  11  10  20  5
   9 16  9   0 20  11   9  11  20  5
   9 16  9   0 21   9  11   9  21  5
   9 16  9   0 21  10   9  10  21  5
   9 44 22  24 21   8  37  22  44 11
  10  8  9   9  8   8   2   9  21  4
  10  9  1  16  8   8   3  13  16  4
  10  9  1  16  8   8   8   3  21  4
  10  9  9   1  9  14   8   8  16  4
  10 10  0  15  9   8   3  13  16  4
  10 10  0  16  7   9   8   3  21  4
  10 10  7   7 10   3   7  14  16  4
  11  0 17   8  7   9   4  11  17  4
  11  0 17   8  7   9   7   5  20  4
  11  0 17   8  8   7   5  11  17  4
  11  0 17   8  8   7   8   5  20  4
  11  7  9   9  7   9   2   9  21  4
  11  8  9   8  3   8   9  12  16  4
  11  8  9   8  3   8  13   4  20  4
  11  9  2   9  9  12   8   8  16  4
  11  9  2   9 13   8   8   4  20  4
  11  9  2  14  4   7  13   8  16  4
  11  9  2  14  4  12   8   3  21  4
  11  9  2  14  8   3   9  12  16  4
  11  9  2  14  8   3  13   4  20  4
  11  9  7   7  9   9   2   9  21  4
  11  9  7   9  4   7  13   3  21  4
  11  9  8   3 12   9   4   7  21  4
  11 12 12  10  1  19   5  15  20  5
  11 12 12  10  1  19  10   5  25  5
  11 52 26  26 27  27   9  43  52 13
  12  5  8  11  8   5  11   1  23  4
  12  5 11   5 11   5  11   1  23  4
  12  7  5   7  7  14   8   8  16  4
  12  7  5   7 13   7   9   3  21  4
  12  7  5  12  2  14   3  13  16  4
  12  7  9   3 13   3  13   3  21  4
  12  7  9   3 13   7   5   7  21  4
  12  7  9   7  5   7  13   3  21  4
  12  7  9   7  9   3   9   7  21  4
  12  8  4  11  8   4   8  13  16  4
  12  8  5  11  5   8  11   1  23  4
  12  8  7   7  8   5   7  14  16  4
  12  8  7   8  5   7   8  13  16  4
  12  8  8   5  8   8  11   1  23  4
  12 55 29  28 29  29  28  10  74 14
  13  0 20  10 10  12  10  10  20  5
  13  0 20  10 12   8  12  10  20  5
  13  0 20  12  8  12   8  12  20  5
  13  0 20  12 10   8  10  12  20  5
  13  0 22   8 10  12  10   8  22  5
  13  0 22   8 12   8  12   8  22  5
  13  0 22  10  8  12   8  10  22  5
  13  0 22  10 10   8  10  10  22  5
  13  2 19  11 10  10   3  17  20  5
  13 10  3  19 10  10   3  17  20  5
  13 10  3  19 10  10  10   3  27  5
  13 10 10  12 10  10   3  10  27  5
  13 10 11  10 11  10   3  10  27  5
  13 10 12   1 19  10  10   3  27  5
  13 11 11  10  3  17   5  10  25  5
  13 12  1  17 12  10   3  17  20  5
  13 12  1  19  8  12  10   3  27  5
  13 12  8  12  8   5  17   3  27  5
  14  0 20  11 10   4  15  11  20  5
  14  0 20  11 10   9   5  16  20  5
  14  0 21   9  5  16  10   9  21  5
  14  0 21   9 10  11  10   4  26  5
  14  0 21   9 11   9  11   4  26  5
  14  0 21  10  4  16   9  10  21  5
  14  0 21  10 10   4  15  10  21  5
  14 10 11   3 17  10   5   9  26  5
  14 11  3  11 16  10   4  16  20  5
  14 11  3  16 11  10   4  11  25  5
  14 11  3  17  9  11   5   9  26  5
  14 11  9  11  9   5  11   9  26  5
  15  0 19  11  8  12   3  17  20  5
  15  4 15   0 20  10  11  10  20  5
  15  4 15   0 20  11   9  11  20  5
  15  4 15   0 21   9  11   9  21  5
  15  4 15   0 21  10   9  10  21  5
  15  8  8  14  1  14  15  10  20  5
  15  8  8  14  1  19  10   5  25  5
  15 10  5  14 10  10   5  10  26  5
  15 10  8   7 11  14   1  19  20  5
  15 10  8   8  9  15   1  19  20  5
  15 10  8  10 10   5  10  17  20  5
  15 10  9   6 13  12   3  12  25  5
  15 10  9   9  7  15   3  12  25  5
  15 10  9  10  6   9  16   3  27  5
  15 13 13  13  2  22   4  20  24  6
  15 14  1  24  4  20  12  12  24  6
  15 14 17  17 14  14   1  27  28  7
  15 20 11  11 20  14   1  27  28  7
  16 13 13  12  4  13  13  18  24  6
  16 13 13  12  4  13  19   6  30  6
  17  0 17  19 12  13  12  12  24  6
  17  0 17  19 13  11  13  12  24  6
  17  0 17  20 11  13  11  13  24  6
  17  0 17  20 12  11  12  13  24  6
  17  0 24  12  5  20  12  12  24  6
  17  0 24  12 13   4  20  12  24  6
  17  0 24  13  4  20  11  13  24  6
  17  0 24  13 11  13   4  20  24  6
  17  0 24  13 11  13  11   6  31  6
  17  0 25  11 13   4  20  11  25  6
  17 10  7  20  0  24  12  12  24  6
  17 12  5  20 12   5  12  19  24  6
  17 12  5  20 12  12   5  12  31  6
  17 12 12  13 12   5  12  12  31  6
  17 13  4  13 18  13  12   5  31  6
  17 16 14  16 14   3  25   5  37  7
  17 18 12   5 25  14   3  25  28  7
  17 18 12  12 18  14   3  18  35  7
  18 10 13  13  5  13  10  20  24  6
  18 10 13  13  5  19   4  14  30  6
  18 11 11   7 11  20  12   6  30  6
  18 11 11  11  7  20   2  22  24  6
  18 11 11  14  4  14  11  19  24  6
  18 11 11  14  4  20   5  13  30  6
  18 12 11   7 16   7  11  20  24  6
  18 12 11  11  8  11  11  20  24  6
  18 12 11  12 12   6  12  12  31  6
  18 17 13  13 13  17   5  13  38  7
  19  1 28  15 14  13   6  23  28  7
  19 16 10  16 16   3  16  23  28  7
  19 16 13   6 23  14   5  16  35  7
  20  0 28  14 15  13  15   5  37  7
  20  0 29  12 16  13  15   5  37  7
  20 14  6  14 23  14  14   6  36  7
  20 14 14  15  5  23   6  14  36  7
  20 15  5  22 15   5  15  22  28  7
  20 15 12  15 15   5  15  15  35  7
  20 15 13   7 21  15   5  15  36  7
  21  8 17  17  8  20   1  27  28  7
  21 10 16  16 10  11  10  25  28  7
  21 10 16  16 10  18   3  18  35  7
  21 13  8  21 13  13   8  13  37  7
  21 13 13  16  5  16  21   5  37  7
  21 13 13  16 13   8  13  13  37  7
  21 14 11  11 14  20   1  27  28  7
  21 14 12  12 14  18   3  18  35  7
  21 14 12  14 12   9  23   3  39  7
  21 14 13  13 13  14   8  13  38  7
  22 17 16  17 16   6  17  16  41  8
  22 17 17   5 17  26   8  24  32  8
  22 18 15   7 26   7  15  26  32  8
  22 18 15  15 18   7  15  18  40  8
  23  0 31  18 16  15  16   7  42  8
  23 18 20  20 18   5  18  31  36  9
  23 20 20  14  9  31  18   5  49  9
  24 14 17  17  7  24   7  17  41  8
  24 14 17  17 14  10  14  17  41  8
  24 16 15  16 15   9  16  15  42  8
  25 19 19   6 19  19  28  18  36  9
  25 19 19  16  9  29   9  16  47  9
  26 17 19  19  7  29   7  19  46  9
  26 19  7  27 19  19   7  19  46  9
  27 14 20  20 14  20   7  20  47  9
  27 16 16  22  5  27  22   5  49  9
  27 16 16  22 16  16  11  16  49  9
  27 17 17  10 17  17  30  18  36  9
  27 18 17  10 25  18   9  18  47  9
  27 24 24  24 22   5  24  37  44 11
  28  0 41  21 20  18  10  31  41 10
  28 20 21  21 20   8  20  21  51 10
  28 21 21   7 21  32  20   8  52 10
  30 19 19  11 19  32   6  34  40 10
  30 19 19  22  8  30  11  19  52 10
  30 20 19  19 20  11  19  20  52 10
  30 25 21  21 13  33   9  21  58 11
  33 20 20  20 13  20  39  22  44 11
  33 22 20  20 22  22  11  22  59 11
  33 22 21  21 13  30  12  21  58 11
  33 25 25  25 24   9  25  25  61 12
  33 28 28  28  5  28  45  26  52 13
  34 27 27  27 27  27   7  27  70 13
  36 23 23  23 13  38   8  28  60 12
  36 23 23  23 23  23  13  23  65 12
  36 24 23  23 23  14  23  23  63 12
  36 27 27  27  9  43  11  27  66 13
  37 26 27  10 43  26  11  26  67 13
  38 51 51  38  0  80  41  41  80 20
  38 51 51  38  0  82  39  39  82 20
  39 29 29  29 10  29  45  13  71 14
  42 31 31  31 11  31  31  47  60 15
  43 36 36  36 36  34   9  36  91 17
  45 29 29  29 16  29  29  49  60 15
  47 47  0  80 40  43  43  40  80 20
  47 47  0  80 46  37  37  46  80 20
  47 47  0  86 34  43  43  34  86 20
  47 47  0  86 40  37  37  40  86 20
  48 31 31  31 17  31  51  11  85 16
  49 40 40  40 40   9  40  65  76 19
  49 49  0  82 40  39  19  60  82 20
  49 49  0  82 40  39  39  20 102 20
  51 32 32  32 32  19  32  59  68 17
  59 59  0  96 22  75  49  48  96 24
  59 59  0  96 50  47  21  76  96 24
  59 59  0  98 20  75  49  46  98 24
  59 59  0  98 46  49  49  20 124 24
  62 45 45  45 45  17  45  45 113 22
  66 43 43  43 23  63  23  43 115 22
  66 43 43  43 43  23  43  43 115 22
  94 67 67  67 27 107  27  67 170 33
 178 89 89 178  0 240 123 123 240 60
 178 89 89 178  0 246 117 117 246 60

0 extreme rays of recession cone:

38 support hyperplanes of polyhedron (homogenized):
 -52  21  18  15  12   9    6   3 0 0
 -36 -41  30  25  20  15   10   5 0 0
 -20 -27 -34  35  28  21   14   7 0 0
  -4 -13 -22 -31  36  27   18   9 0 0
  -1  -1  -1   0   1   1    1   1 0 0
  -1  -1  -1   1   1   1    1   0 0 0
  -1  -1   0   0   0   1    1   1 0 0
  -1  -1   0   0   1   1    1   0 0 0
  -1  -1   0   1   1   1    0   0 0 0
  -1  -1   1   1   1   0    0   0 0 0
  -1   0   0   0   0   0    1   1 0 0
  -1   0   0   0   0   1    1   0 0 0
  -1   0   0   0   1   1    0   0 0 0
  -1   0   0   1   1   0    0   0 0 0
  -1   0   1   1   0   0    0   0 0 0
  -1   1   1   0   0   0    0   0 0 0
   0   0   0   0   1   0    0   0 0 0
   0   0   0   1   0   0    0   0 0 0
   0   0   1   0   0   0    0   0 0 0
   0   1   0   0   0   0    0   0 0 0
  12   1 -10 -21 -32  33   22  11 0 0
  28  15   2 -11 -24 -37   26  13 0 0
  44  29  14  -1 -16 -31  -46  15 0 0
  60  43  26   9  -8 -25  -42 -59 0 0
  92  -5 -26 -47 -68  63   42  21 0 0
  92  -5 -26 -47   8 -13   42  21 0 0
  92  -5 -26  29   8 -13  -34  21 0 0
  92  -5  50  29   8 -13  -34 -55 0 0
  92  71 -26 -47 -68 -13   42  21 0 0
  92  71 -26 -47   8 -13  -34  21 0 0
  92  71 -26  29   8 -13  -34 -55 0 0
  92  71  50 -47 -68 -89   42  21 0 0
  92  71  50 -47 -68 -13  -34  21 0 0
  92  71  50 -47   8 -13  -34 -55 0 0
  92  71  50  29 -68 -89  -34  21 0 0
  92  71  50  29 -68 -13  -34 -55 0 0
  92  71  50  29   8 -89 -110  21 0 0
  92  71  50  29   8 -89  -34 -55 0 0

2 equations:
 1 0 -1 -2 -3 -4 -5 -6 -7  71
 0 1  2  3  4  5  6  7  8 -92

8 basis elements of generated  lattice:
 1 0 0 0 0 0 0 -8   7 0
 0 1 0 0 0 0 0 -7   6 0
 0 0 1 0 0 0 0 -6   5 0
 0 0 0 1 0 0 0 -5   4 0
 0 0 0 0 1 0 0 -4   3 0
 0 0 0 0 0 1 0 -3   2 0
 0 0 0 0 0 0 1 -2   1 0
 0 0 0 0 0 0 0 76 -55 1

