55 lattice points in polytope (module generators)
0 Hilbert basis elements of recession monoid
117 vertices of polyhedron
0 extreme rays of recession cone
47 support hyperplanes of polyhedron (homogenized)

embedding dimension = 13
affine dimension of the polyhedron = 10
rank of recession monoid = 0 (polyhedron is polytope)

dehomogenization:
0 0 0 0 0 0 0 0 0 0 0 0 1 


module rank = 55

***********************************************************************

55 lattice points in polytope (module generators):
 0 1 2 1 1 1 1 1 1 1 1 3 1
 0 2 0 2 1 1 1 1 1 1 1 3 1
 0 2 1 0 2 1 1 1 1 1 1 3 1
 0 2 1 1 0 2 1 1 1 1 1 3 1
 0 2 1 1 1 0 2 1 1 1 1 3 1
 0 2 1 1 1 1 0 2 1 1 1 3 1
 0 2 1 1 1 1 1 0 2 1 1 3 1
 0 2 1 1 1 1 1 1 0 2 1 3 1
 0 2 1 1 1 1 1 1 1 0 2 3 1
 0 2 1 1 1 1 1 1 1 1 0 4 1
 1 0 1 2 1 1 1 1 1 1 1 3 1
 1 0 2 0 2 1 1 1 1 1 1 3 1
 1 0 2 1 0 2 1 1 1 1 1 3 1
 1 0 2 1 1 0 2 1 1 1 1 3 1
 1 0 2 1 1 1 0 2 1 1 1 3 1
 1 0 2 1 1 1 1 0 2 1 1 3 1
 1 0 2 1 1 1 1 1 0 2 1 3 1
 1 0 2 1 1 1 1 1 1 0 2 3 1
 1 0 2 1 1 1 1 1 1 1 0 4 1
 1 1 0 1 2 1 1 1 1 1 1 3 1
 1 1 0 2 0 2 1 1 1 1 1 3 1
 1 1 0 2 1 0 2 1 1 1 1 3 1
 1 1 0 2 1 1 0 2 1 1 1 3 1
 1 1 0 2 1 1 1 0 2 1 1 3 1
 1 1 0 2 1 1 1 1 0 2 1 3 1
 1 1 0 2 1 1 1 1 1 0 2 3 1
 1 1 0 2 1 1 1 1 1 1 0 4 1
 1 1 1 0 1 2 1 1 1 1 1 3 1
 1 1 1 0 2 0 2 1 1 1 1 3 1
 1 1 1 0 2 1 0 2 1 1 1 3 1
 1 1 1 0 2 1 1 0 2 1 1 3 1
 1 1 1 0 2 1 1 1 0 2 1 3 1
 1 1 1 0 2 1 1 1 1 0 2 3 1
 1 1 1 0 2 1 1 1 1 1 0 4 1
 1 1 1 1 0 1 2 1 1 1 1 3 1
 1 1 1 1 0 2 0 2 1 1 1 3 1
 1 1 1 1 0 2 1 0 2 1 1 3 1
 1 1 1 1 0 2 1 1 0 2 1 3 1
 1 1 1 1 0 2 1 1 1 0 2 3 1
 1 1 1 1 0 2 1 1 1 1 0 4 1
 1 1 1 1 1 0 1 2 1 1 1 3 1
 1 1 1 1 1 0 2 0 2 1 1 3 1
 1 1 1 1 1 0 2 1 0 2 1 3 1
 1 1 1 1 1 0 2 1 1 0 2 3 1
 1 1 1 1 1 0 2 1 1 1 0 4 1
 1 1 1 1 1 1 0 1 2 1 1 3 1
 1 1 1 1 1 1 0 2 0 2 1 3 1
 1 1 1 1 1 1 0 2 1 0 2 3 1
 1 1 1 1 1 1 0 2 1 1 0 4 1
 1 1 1 1 1 1 1 0 1 2 1 3 1
 1 1 1 1 1 1 1 0 2 0 2 3 1
 1 1 1 1 1 1 1 0 2 1 0 4 1
 1 1 1 1 1 1 1 1 0 1 2 3 1
 1 1 1 1 1 1 1 1 0 2 0 4 1
 1 1 1 1 1 1 1 1 1 0 1 4 1

0 Hilbert basis elements of recession monoid:

117 vertices of polyhedron:
  0  1  2  1  1  1  1  1  1  1  1  3  1
  0  2  0  2  1  1  1  1  1  1  1  3  1
  0  2  1  0  2  1  1  1  1  1  1  3  1
  0  2  1  1  0  2  1  1  1  1  1  3  1
  0  2  1  1  1  0  2  1  1  1  1  3  1
  0  2  1  1  1  1  0  2  1  1  1  3  1
  0  2  1  1  1  1  1  0  2  1  1  3  1
  0  2  1  1  1  1  1  1  0  2  1  3  1
  0  2  1  1  1  1  1  1  1  0  2  3  1
  0  2  1  1  1  1  1  1  1  1  0  4  1
  1  0  1  2  1  1  1  1  1  1  1  3  1
  1  0  2  0  2  1  1  1  1  1  1  3  1
  1  0  2  1  0  2  1  1  1  1  1  3  1
  1  0  2  1  1  0  2  1  1  1  1  3  1
  1  0  2  1  1  1  0  2  1  1  1  3  1
  1  0  2  1  1  1  1  0  2  1  1  3  1
  1  0  2  1  1  1  1  1  0  2  1  3  1
  1  0  2  1  1  1  1  1  1  0  2  3  1
  1  0  2  1  1  1  1  1  1  1  0  4  1
  1  0  5  2  2  2  2  2  2  2  2  6  2
  1  1  0  1  2  1  1  1  1  1  1  3  1
  1  1  0  2  0  2  1  1  1  1  1  3  1
  1  1  0  2  1  0  2  1  1  1  1  3  1
  1  1  0  2  1  1  0  2  1  1  1  3  1
  1  1  0  2  1  1  1  0  2  1  1  3  1
  1  1  0  2  1  1  1  1  0  2  1  3  1
  1  1  0  2  1  1  1  1  1  0  2  3  1
  1  1  0  2  1  1  1  1  1  1  0  4  1
  1  1  1  0  1  2  1  1  1  1  1  3  1
  1  1  1  0  2  0  2  1  1  1  1  3  1
  1  1  1  0  2  1  0  2  1  1  1  3  1
  1  1  1  0  2  1  1  0  2  1  1  3  1
  1  1  1  0  2  1  1  1  0  2  1  3  1
  1  1  1  0  2  1  1  1  1  0  2  3  1
  1  1  1  0  2  1  1  1  1  1  0  4  1
  1  1  1  1  0  1  2  1  1  1  1  3  1
  1  1  1  1  0  2  0  2  1  1  1  3  1
  1  1  1  1  0  2  1  0  2  1  1  3  1
  1  1  1  1  0  2  1  1  0  2  1  3  1
  1  1  1  1  0  2  1  1  1  0  2  3  1
  1  1  1  1  0  2  1  1  1  1  0  4  1
  1  1  1  1  1  0  1  2  1  1  1  3  1
  1  1  1  1  1  0  2  0  2  1  1  3  1
  1  1  1  1  1  0  2  1  0  2  1  3  1
  1  1  1  1  1  0  2  1  1  0  2  3  1
  1  1  1  1  1  0  2  1  1  1  0  4  1
  1  1  1  1  1  1  0  1  2  1  1  3  1
  1  1  1  1  1  1  0  2  0  2  1  3  1
  1  1  1  1  1  1  0  2  1  0  2  3  1
  1  1  1  1  1  1  0  2  1  1  0  4  1
  1  1  1  1  1  1  1  0  1  2  1  3  1
  1  1  1  1  1  1  1  0  2  0  2  3  1
  1  1  1  1  1  1  1  0  2  1  0  4  1
  1  1  1  1  1  1  1  1  0  1  2  3  1
  1  1  1  1  1  1  1  1  0  2  0  4  1
  1  1  1  1  1  1  1  1  1  0  1  4  1
  2  4  2  0  7  3  3  3  3  3  3  9  3
  3  2  3  0  7  3  3  3  3  3  3  9  3
  3  4  5  4  3  0  9  4  4  4  4 12  4
  3  5  3  5  3  0  9  4  4  4  4 12  4
  4  3  5  3  4  0  9  4  4  4  4 12  4
  4  4  0 12  5  5  5  5  5  5  5 15  5
  4  4  3  4  4  0  9  4  4  4  4 12  4
  4  5  5  6  5  5  4  0 11  5  5 15  5
  4  5  6  4  6  5  4  0 11  5  5 15  5
  4  6  4  6  4  6  4  0 11  5  5 15  5
  4  6  5  4  5  6  4  0 11  5  5 15  5
  5  4  5  6  5  4  5  0 11  5  5 15  5
  5  4  6  4  6  4  5  0 11  5  5 15  5
  5  5  4  6  4  5  5  0 11  5  5 15  5
  5  5  5  4  5  5  5  0 11  5  5 15  5
  5  6  6  6  7  6  6  6  5  0 13 18  6
  5  6  6  7  5  7  6  6  5  0 13 18  6
  5  6  7  5  7  5  7  6  5  0 13 18  6
  5  6  7  6  5  6  7  6  5  0 13 18  6
  5  7  5  6  7  6  5  7  5  0 13 18  6
  5  7  5  7  5  7  5  7  5  0 13 18  6
  5  7  6  5  7  5  6  7  5  0 13 18  6
  5  7  6  6  5  6  6  7  5  0 13 18  6
  5  8  8  5  0 16  7  7  7  7  7 21  7
  6  5  6  6  7  6  6  5  6  0 13 18  6
  6  5  6  7  5  7  6  5  6  0 13 18  6
  6  5  7  5  7  5  7  5  6  0 13 18  6
  6  5  7  6  5  6  7  5  6  0 13 18  6
  6  6  5  6  7  6  5  6  6  0 13 18  6
  6  6  5  7  5  7  5  6  6  0 13 18  6
  6  6  6  5  7  5  6  6  6  0 13 18  6
  6  6  6  6  5  6  6  6  6  0 13 18  6
  7  6  6  7  0 16  7  7  7  7  7 21  7
  7  9 10 10  9  7  0 20  9  9  9 27  9
  7 11  8  8 11  7  0 20  9  9  9 27  9
  9  7 10 10  7  9  0 20  9  9  9 27  9
  9  9  8  8  9  9  0 20  9  9  9 27  9
  9 11 11 12 12 11 11  9  0 24 11 33 11
  9 11 13 10 10 13 11  9  0 24 11 33 11
  9 13  9 12 12  9 13  9  0 24 11 33 11
  9 13 11 10 10 11 13  9  0 24 11 33 11
 11  9 11 12 12 11  9 11  0 24 11 33 11
 11  9 13 10 10 13  9 11  0 24 11 33 11
 11 11  9 12 12  9 11 11  0 24 11 33 11
 11 11 11 10 10 11 11 11  0 24 11 33 11
 11 13 13 13 14 14 13 13 13 11  0 54 13
 11 13 13 15 12 12 15 13 13 11  0 54 13
 11 13 15 11 14 14 11 15 13 11  0 54 13
 11 13 15 13 12 12 13 15 13 11  0 54 13
 11 15 11 13 14 14 13 11 15 11  0 54 13
 11 15 11 15 12 12 15 11 15 11  0 54 13
 11 15 13 11 14 14 11 13 15 11  0 54 13
 11 15 13 13 12 12 13 13 15 11  0 54 13
 13 11 13 13 14 14 13 13 11 13  0 54 13
 13 11 13 15 12 12 15 13 11 13  0 54 13
 13 11 15 11 14 14 11 15 11 13  0 54 13
 13 11 15 13 12 12 13 15 11 13  0 54 13
 13 13 11 13 14 14 13 11 13 13  0 54 13
 13 13 11 15 12 12 15 11 13 13  0 54 13
 13 13 13 11 14 14 11 13 13 13  0 54 13
 13 13 13 13 12 12 13 13 13 13  0 54 13

0 extreme rays of recession cone:

47 support hyperplanes of polyhedron (homogenized):
 -53  10   9   8   7   6   5   4   3   2   1 0 0
 -31 -34 -37  24  21  18  15  12   9   6   3 0 0
 -21 -22   9   8   7   6   5   4   3   2   1 0 0
  -9 -14 -19 -24 -29  30  25  20  15  10   5 0 0
  -5  -6  -7  -8   7   6   5   4   3   2   1 0 0
  -1  -1  -1  -1  -1   1   1   1   1   1   1 0 0
  -1  -1  -1  -1   0   0   1   1   1   1   1 0 0
  -1  -1  -1  -1   0   1   1   1   1   1   0 0 0
  -1  -1  -1  -1   1   1   1   1   1   0   0 0 0
  -1  -1  -1   0   0   0   0   1   1   1   1 0 0
  -1  -1  -1   0   0   0   1   1   1   1   0 0 0
  -1  -1  -1   0   0   1   1   1   1   0   0 0 0
  -1  -1  -1   0   1   1   1   1   0   0   0 0 0
  -1  -1  -1   1   1   1   1   0   0   0   0 0 0
  -1  -1   0   0   0   0   0   0   1   1   1 0 0
  -1  -1   0   0   0   0   0   1   1   1   0 0 0
  -1  -1   0   0   0   0   1   1   1   0   0 0 0
  -1  -1   0   0   0   1   1   1   0   0   0 0 0
  -1  -1   0   0   1   1   1   0   0   0   0 0 0
  -1  -1   0   1   1   1   0   0   0   0   0 0 0
  -1  -1   1   1   1   0   0   0   0   0   0 0 0
  -1   0   0   0   0   0   0   0   0   1   1 0 0
  -1   0   0   0   0   0   0   0   1   1   0 0 0
  -1   0   0   0   0   0   0   1   1   0   0 0 0
  -1   0   0   0   0   0   1   1   0   0   0 0 0
  -1   0   0   0   0   1   1   0   0   0   0 0 0
  -1   0   0   0   1   1   0   0   0   0   0 0 0
  -1   0   0   1   1   0   0   0   0   0   0 0 0
  -1   0   1   1   0   0   0   0   0   0   0 0 0
  -1   1   1   0   0   0   0   0   0   0   0 0 0
   0   0   0   0   0   0   0   0   0   0   1 0 0
   0   0   0   0   0   0   0   0   0   1   0 0 0
   0   0   0   0   0   0   0   0   1   0   0 0 0
   0   0   0   0   0   0   0   1   0   0   0 0 0
   0   0   0   0   0   0   1   0   0   0   0 0 0
   0   0   0   0   0   1   0   0   0   0   0 0 0
   0   0   0   0   1   0   0   0   0   0   0 0 0
   0   0   0   1   0   0   0   0   0   0   0 0 0
   0   0   1   0   0   0   0   0   0   0   0 0 0
   0   1   0   0   0   0   0   0   0   0   0 0 0
   1  -2  -5  -8 -11 -14  15  12   9   6   3 0 0
   1   0   0   0   0   0   0   0   0   0   0 0 0
   3   2   1   0  -1  -2  -3  -4   3   2   1 0 0
  13   6  -1  -8 -15 -22 -29  28  21  14   7 0 0
  23  18  13   8   3  -2  -7 -12 -17 -22   5 0 0
  35  26  17   8  -1 -10 -19 -28 -37  18   9 0 0
  57  46  35  24  13   2  -9 -20 -31 -42 -53 0 0

2 equations:
 1 0 -1 -2 -3 -4 -5 -6 -7 -8 -9 -10  76
 0 1  2  3  4  5  6  7  8  9 10  11 -90

11 basis elements of generated  lattice:
 1 0 0 0 0 0 0 0 0 0 -11  10 0
 0 1 0 0 0 0 0 0 0 0 -10   9 0
 0 0 1 0 0 0 0 0 0 0  -9   8 0
 0 0 0 1 0 0 0 0 0 0  -8   7 0
 0 0 0 0 1 0 0 0 0 0  -7   6 0
 0 0 0 0 0 1 0 0 0 0  -6   5 0
 0 0 0 0 0 0 1 0 0 0  -5   4 0
 0 0 0 0 0 0 0 1 0 0  -4   3 0
 0 0 0 0 0 0 0 0 1 0  -3   2 0
 0 0 0 0 0 0 0 0 0 1  -2   1 0
 0 0 0 0 0 0 0 0 0 0  64 -50 1

