7 lattice points in polytope (module generators)
0 Hilbert basis elements of recession monoid
5 vertices of polyhedron
0 extreme rays of recession cone
5 support hyperplanes of polyhedron (homogenized)

embedding dimension = 5
affine dimension of the polyhedron = 2
rank of recession monoid = 0 (polyhedron is polytope)

dehomogenization:
0 0 0 0 1 


module rank = 7

***********************************************************************

7 lattice points in polytope (module generators):
 0 2 4 5 1
 0 3 2 6 1
 0 4 0 7 1
 1 0 5 5 1
 1 1 3 6 1
 1 2 1 7 1
 2 0 2 7 1

0 Hilbert basis elements of recession monoid:

5 vertices of polyhedron:
 0 4  0  7 1
 0 5 14 14 3
 1 0  5  5 1
 2 0  2  7 1
 8 8  0 39 5

0 extreme rays of recession cone:

5 support hyperplanes of polyhedron (homogenized):
 -1  1  1 0 0
  0  0  1 0 0
  0  1  0 0 0
  1  0  0 0 0
 25 14 -5 0 0

2 equations:
 1 0 -1 -2  14
 0 1  2  3 -25

3 basis elements of generated  lattice:
 1 0 -3 2 0
 0 1 -2 1 0
 0 0  8 3 1

