186 lattice points in polytope (module generators)
0 Hilbert basis elements of recession monoid
6 vertices of polyhedron
0 extreme rays of recession cone
6 support hyperplanes of polyhedron (homogenized)

embedding dimension = 5
affine dimension of the polyhedron = 2
rank of recession monoid = 0 (polyhedron is polytope)

dehomogenization:
0 0 0 0 1 


module rank = 186

***********************************************************************

186 lattice points in polytope (module generators):
 6  0  6 28 1
 6  0  7 27 1
 6  0  8 26 1
 6  0  9 25 1
 6  0 10 24 1
 6  0 11 23 1
 6  0 12 22 1
 6  0 13 21 1
 6  0 14 20 1
 6  0 15 19 1
 6  0 16 18 1
 6  0 17 17 1
 6  1  5 28 1
 6  1  6 27 1
 6  1  7 26 1
 6  1  8 25 1
 6  1  9 24 1
 6  1 10 23 1
 6  1 11 22 1
 6  1 12 21 1
 6  1 13 20 1
 6  1 14 19 1
 6  1 15 18 1
 6  1 16 17 1
 6  2  4 28 1
 6  2  5 27 1
 6  2  6 26 1
 6  2  7 25 1
 6  2  8 24 1
 6  2  9 23 1
 6  2 10 22 1
 6  2 11 21 1
 6  2 12 20 1
 6  2 13 19 1
 6  2 14 18 1
 6  2 15 17 1
 6  2 16 16 1
 6  3  3 28 1
 6  3  4 27 1
 6  3  5 26 1
 6  3  6 25 1
 6  3  7 24 1
 6  3  8 23 1
 6  3  9 22 1
 6  3 10 21 1
 6  3 11 20 1
 6  3 12 19 1
 6  3 13 18 1
 6  3 14 17 1
 6  3 15 16 1
 6  4  2 28 1
 6  4  3 27 1
 6  4  4 26 1
 6  4  5 25 1
 6  4  6 24 1
 6  4  7 23 1
 6  4  8 22 1
 6  4  9 21 1
 6  4 10 20 1
 6  4 11 19 1
 6  4 12 18 1
 6  4 13 17 1
 6  4 14 16 1
 6  4 15 15 1
 6  5  1 28 1
 6  5  2 27 1
 6  5  3 26 1
 6  5  4 25 1
 6  5  5 24 1
 6  5  6 23 1
 6  5  7 22 1
 6  5  8 21 1
 6  5  9 20 1
 6  5 10 19 1
 6  5 11 18 1
 6  5 12 17 1
 6  5 13 16 1
 6  5 14 15 1
 6  6  0 28 1
 6  6  1 27 1
 6  6  2 26 1
 6  6  3 25 1
 6  6  4 24 1
 6  6  5 23 1
 6  6  6 22 1
 6  6  7 21 1
 6  6  8 20 1
 6  6  9 19 1
 6  6 10 18 1
 6  6 11 17 1
 6  6 12 16 1
 6  6 13 15 1
 6  6 14 14 1
 6  7  0 27 1
 6  7  1 26 1
 6  7  2 25 1
 6  7  3 24 1
 6  7  4 23 1
 6  7  5 22 1
 6  7  6 21 1
 6  7  7 20 1
 6  7  8 19 1
 6  7  9 18 1
 6  7 10 17 1
 6  7 11 16 1
 6  7 12 15 1
 6  7 13 14 1
 6  8  0 26 1
 6  8  1 25 1
 6  8  2 24 1
 6  8  3 23 1
 6  8  4 22 1
 6  8  5 21 1
 6  8  6 20 1
 6  8  7 19 1
 6  8  8 18 1
 6  8  9 17 1
 6  8 10 16 1
 6  8 11 15 1
 6  8 12 14 1
 6  8 13 13 1
 6  9  0 25 1
 6  9  1 24 1
 6  9  2 23 1
 6  9  3 22 1
 6  9  4 21 1
 6  9  5 20 1
 6  9  6 19 1
 6  9  7 18 1
 6  9  8 17 1
 6  9  9 16 1
 6  9 10 15 1
 6  9 11 14 1
 6  9 12 13 1
 6 10  0 24 1
 6 10  1 23 1
 6 10  2 22 1
 6 10  3 21 1
 6 10  4 20 1
 6 10  5 19 1
 6 10  6 18 1
 6 10  7 17 1
 6 10  8 16 1
 6 10  9 15 1
 6 10 10 14 1
 6 10 11 13 1
 6 10 12 12 1
 6 11  0 23 1
 6 11  1 22 1
 6 11  2 21 1
 6 11  3 20 1
 6 11  4 19 1
 6 11  5 18 1
 6 11  6 17 1
 6 11  7 16 1
 6 11  8 15 1
 6 11  9 14 1
 6 11 10 13 1
 6 11 11 12 1
 6 12  0 22 1
 6 12  1 21 1
 6 12  2 20 1
 6 12  3 19 1
 6 12  4 18 1
 6 12  5 17 1
 6 12  6 16 1
 6 12  7 15 1
 6 12  8 14 1
 6 12  9 13 1
 6 12 10 12 1
 6 13  0 21 1
 6 13  1 20 1
 6 13  2 19 1
 6 13  3 18 1
 6 13  4 17 1
 6 13  5 16 1
 6 13  6 15 1
 6 13  7 14 1
 6 13  8 13 1
 6 14  0 20 1
 6 14  1 19 1
 6 14  2 18 1
 6 14  3 17 1
 6 14  4 16 1
 6 14  5 15 1
 6 14  6 14 1

0 Hilbert basis elements of recession monoid:

6 vertices of polyhedron:
  6  0  6 28 1
  6  0 17 17 1
  6  6  0 28 1
  6 14  0 20 1
  6 14  6 14 1
 18 34 34 34 3

0 extreme rays of recession cone:

6 support hyperplanes of polyhedron (homogenized):
 -1  1  1 0 0
  0  0  1 0 0
  0  1  0 0 0
  7 -3  0 0 0
 17 -6 -3 0 0
 17 -3 -6 0 0

2 equations:
 1 0 0 0  -6
 0 1 1 1 -34

3 basis elements of generated  lattice:
 6 0 0 34 1
 0 1 0 -1 0
 0 0 1 -1 0

