5 lattice points in polytope (module generators)
0 Hilbert basis elements of recession monoid
2 vertices of polyhedron
0 extreme rays of recession cone
2 support hyperplanes of polyhedron (homogenized)

embedding dimension = 4
affine dimension of the polyhedron = 1
rank of recession monoid = 0 (polyhedron is polytope)

dehomogenization:
0 0 0 1 


module rank = 5

***********************************************************************

5 lattice points in polytope (module generators):
  6 9 10 1
  7 7 11 1
  8 5 12 1
  9 3 13 1
 10 1 14 1

0 Hilbert basis elements of recession monoid:

2 vertices of polyhedron:
 17 29 29 3
 21  0 29 2

0 extreme rays of recession cone:

2 support hyperplanes of polyhedron (homogenized):
 0 -1 1 0
 0  1 0 0

2 equations:
 1 0 -1   4
 0 1  2 -29

2 basis elements of generated  lattice:
 1 -2 1 0
 0 21 4 1

