73 lattice points in polytope (module generators)
0 Hilbert basis elements of recession monoid
198 vertices of polyhedron
0 extreme rays of recession cone
32 support hyperplanes of polyhedron (homogenized)

embedding dimension = 10
affine dimension of the polyhedron = 7
rank of recession monoid = 0 (polyhedron is polytope)

dehomogenization:
0 0 0 0 0 0 0 0 0 1 


module rank = 73

***********************************************************************

73 lattice points in polytope (module generators):
 1 3 3 2 2 2 2 2 4 1
 1 4 1 3 2 2 2 2 4 1
 1 4 2 1 3 2 2 2 4 1
 1 4 2 2 1 3 2 2 4 1
 1 4 2 2 2 1 3 2 4 1
 1 4 2 2 2 2 1 3 4 1
 1 4 2 2 2 2 2 1 5 1
 2 1 4 2 2 2 2 2 4 1
 2 2 2 3 2 2 2 2 4 1
 2 2 3 1 3 2 2 2 4 1
 2 2 3 2 1 3 2 2 4 1
 2 2 3 2 2 1 3 2 4 1
 2 2 3 2 2 2 1 3 4 1
 2 2 3 2 2 2 2 1 5 1
 2 3 0 4 2 2 2 2 4 1
 2 3 1 2 3 2 2 2 4 1
 2 3 1 3 1 3 2 2 4 1
 2 3 1 3 2 1 3 2 4 1
 2 3 1 3 2 2 1 3 4 1
 2 3 1 3 2 2 2 1 5 1
 2 3 2 0 4 2 2 2 4 1
 2 3 2 1 2 3 2 2 4 1
 2 3 2 1 3 1 3 2 4 1
 2 3 2 1 3 2 1 3 4 1
 2 3 2 1 3 2 2 1 5 1
 2 3 2 2 1 2 3 2 4 1
 2 3 2 2 1 3 1 3 4 1
 2 3 2 2 1 3 2 1 5 1
 2 3 2 2 2 1 2 3 4 1
 2 3 2 2 2 1 3 1 5 1
 2 3 2 2 2 2 1 2 5 1
 3 0 3 3 2 2 2 2 4 1
 3 0 4 1 3 2 2 2 4 1
 3 0 4 2 1 3 2 2 4 1
 3 0 4 2 2 1 3 2 4 1
 3 0 4 2 2 2 1 3 4 1
 3 0 4 2 2 2 2 1 5 1
 3 1 2 2 3 2 2 2 4 1
 3 1 2 3 1 3 2 2 4 1
 3 1 2 3 2 1 3 2 4 1
 3 1 2 3 2 2 1 3 4 1
 3 1 2 3 2 2 2 1 5 1
 3 1 3 0 4 2 2 2 4 1
 3 1 3 1 2 3 2 2 4 1
 3 1 3 1 3 1 3 2 4 1
 3 1 3 1 3 2 1 3 4 1
 3 1 3 1 3 2 2 1 5 1
 3 1 3 2 1 2 3 2 4 1
 3 1 3 2 1 3 1 3 4 1
 3 1 3 2 1 3 2 1 5 1
 3 1 3 2 2 1 2 3 4 1
 3 1 3 2 2 1 3 1 5 1
 3 1 3 2 2 2 1 2 5 1
 3 2 1 2 2 3 2 2 4 1
 3 2 1 2 3 1 3 2 4 1
 3 2 1 2 3 2 1 3 4 1
 3 2 1 2 3 2 2 1 5 1
 3 2 1 3 1 2 3 2 4 1
 3 2 1 3 1 3 1 3 4 1
 3 2 1 3 1 3 2 1 5 1
 3 2 1 3 2 1 2 3 4 1
 3 2 1 3 2 1 3 1 5 1
 3 2 1 3 2 2 1 2 5 1
 3 2 2 1 2 2 3 2 4 1
 3 2 2 1 2 3 1 3 4 1
 3 2 2 1 2 3 2 1 5 1
 3 2 2 1 3 1 2 3 4 1
 3 2 2 1 3 1 3 1 5 1
 3 2 2 1 3 2 1 2 5 1
 3 2 2 2 1 2 2 3 4 1
 3 2 2 2 1 2 3 1 5 1
 3 2 2 2 1 3 1 2 5 1
 3 2 2 2 2 1 2 2 5 1

0 Hilbert basis elements of recession monoid:

198 vertices of polyhedron:
  1  3  3  2  2  2  2  2   4  1
  1  4  1  3  2  2  2  2   4  1
  1  4  2  1  3  2  2  2   4  1
  1  4  2  2  1  3  2  2   4  1
  1  4  2  2  2  1  3  2   4  1
  1  4  2  2  2  2  1  3   4  1
  1  4  2  2  2  2  2  1   5  1
  2  1  4  2  2  2  2  2   4  1
  2  3  0  4  2  2  2  2   4  1
  2  3  2  0  4  2  2  2   4  1
  2  3  2  2  1  2  3  2   4  1
  2  3  2  2  1  3  1  3   4  1
  2  3  2  2  1  3  2  1   5  1
  2  3  2  2  2  1  2  3   4  1
  2  3  2  2  2  1  3  1   5  1
  2  3  2  2  2  2  1  2   5  1
  3  0  3  3  2  2  2  2   4  1
  3  0  4  1  3  2  2  2   4  1
  3  0  4  2  1  3  2  2   4  1
  3  0  4  2  2  1  3  2   4  1
  3  0  4  2  2  2  1  3   4  1
  3  0  4  2  2  2  2  1   5  1
  3  1  2  3  2  1  3  2   4  1
  3  1  2  3  2  2  1  3   4  1
  3  1  2  3  2  2  2  1   5  1
  3  1  3  0  4  2  2  2   4  1
  3  1  3  2  1  2  3  2   4  1
  3  1  3  2  1  3  1  3   4  1
  3  1  3  2  1  3  2  1   5  1
  3  1  3  2  2  1  2  3   4  1
  3  1  3  2  2  1  3  1   5  1
  3  1  3  2  2  2  1  2   5  1
  3  2  1  2  2  3  2  2   4  1
  3  2  1  2  3  1  3  2   4  1
  3  2  1  2  3  2  1  3   4  1
  3  2  1  2  3  2  2  1   5  1
  3  2  1  3  1  2  3  2   4  1
  3  2  1  3  1  3  1  3   4  1
  3  2  1  3  1  3  2  1   5  1
  3  2  1  3  2  1  2  3   4  1
  3  2  1  3  2  1  3  1   5  1
  3  2  1  3  2  2  1  2   5  1
  3  2  2  1  2  2  3  2   4  1
  3  2  2  1  2  3  1  3   4  1
  3  2  2  1  2  3  2  1   5  1
  3  2  2  1  3  1  2  3   4  1
  3  2  2  1  3  1  3  1   5  1
  3  2  2  1  3  2  1  2   5  1
  3  2  2  2  1  2  2  3   4  1
  3  2  2  2  1  2  3  1   5  1
  3  2  2  2  1  3  1  2   5  1
  3  2  2  2  2  1  2  2   5  1
  5  4  1  8  4  4  4  4   8  2
  5  4  4  5  4  4  4  1  11  2
  5  4  5  3  5  4  4  1  11  2
  5  5  0  7  5  4  4  4   8  2
  5  5  0  8  3  5  4  4   8  2
  5  5  0  8  4  3  5  4   8  2
  5  5  0  8  4  4  3  5   8  2
  5  5  0  8  4  4  4  3   9  2
  5  5  3  5  3  5  4  1  11  2
  5  5  4  1  5  6  4  4   8  2
  5  5  4  1  7  2  6  4   8  2
  5  5  4  1  7  4  2  6   8  2
  5  5  4  1  7  4  4  2  10  2
  5  5  4  3  4  5  4  1  11  2
  6  3  3  3  7  4  4  4   8  2
  6  3  4  5  4  3  5  1  11  2
  6  3  5  1  5  6  4  4   8  2
  6  3  5  1  7  4  2  6   8  2
  6  3  5  1  7  4  4  2  10  2
  6  3  5  3  5  3  5  1  11  2
  6  4  2  5  5  1  7  4   8  2
  6  4  3  3  6  1  7  4   8  2
  6  4  3  5  3  4  5  1  11  2
  6  4  4  3  4  4  5  1  11  2
  7  6  8  6  6  1 11  6  12  3
  7  8  4  8  6  1 11  6  12  3
  7 36 18 18 19 19 18 18  36  9
  7 36 18 20 17 17 20 18  36  9
  7 36 20 16 19 19 16 20  36  9
  7 36 20 18 17 17 18 20  36  9
  7 38 16 18 19 19 18 16  38  9
  7 38 16 20 17 17 20 16  38  9
  7 38 18 16 19 19 16 18  38  9
  7 38 18 18 17 17 18 18  38  9
  8  6  7  6  6  2  7  9  12  3
  8  6  7  6  6  2 10  3  15  3
  8  7  1 11  3  9  6  6  12  3
  8  7  1 11  6  6  3  9  12  3
  8  7  1 11  6  6  6  3  15  3
  8  7  5  7  3  5 10  6  12  3
  8  7  5  7  3  9  6  2  16  3
  8  7  5  7  6  2  7  9  12  3
  8  7  5  7  6  2 10  3  15  3
  8  7  6  5  4  9  6  2  16  3
  9  4  8  4  8  1 11  6  12  3
  9  5  4  9  1 11  6  6  12  3
  9  5  4  9  5  7  2 10  12  3
  9  5  4  9  6  5  7  2  16  3
  9  5  6  7  6  3  9  2  16  3
  9  5  7  2 10  2 10  6  12  3
  9  5  7  5  4  5 10  6  12  3
  9  5  7  5  7  2  7  9  12  3
  9  6  3  8  6  7  2 10  12  3
  9  6  3  9  5  6  7  2  16  3
  9  6  4  6  8  1 11  6  12  3
  9  6  5  6  4  5 10  6  12  3
  9  6  5  6  7  2  7  9  12  3
  9  6  5  6  7  2 10  3  15  3
  9  6  5  7  3  8  7  2  16  3
  9  6  5  7  5  4  9  2  16  3
  9  6  6  3  8  6  7  2  16  3
  9  6  6  5  4  8  7  2  16  3
  9  6  6  5  6  4  9  2  16  3
 11  8  9  7  9  8  4  7  21  4
 11  8  9  8  3  8 13  8  16  4
 11  9  2  9 13  8  8  8  16  4
 11  9  2 14  8  3 13  8  16  4
 11  9  7  9  7  9  4  7  21  4
 11  9  8  3 12  9  8  3  21  4
 11  9  8  7  8  9  4  7  21  4
 11 12 12 10  1 19 10 10  20  5
 12  7  8  9  8  7  5  7  21  4
 12  7  9  3 13  7  9  3  21  4
 12  7  9  7  9  3 13  3  21  4
 12  7  9  7  9  7  5  7  21  4
 12  8  7  9  7  8  5  7  21  4
 12  8  8  7  8  8  5  7  21  4
 13 11 11 10  3 17  5 15  20  5
 13 11 11 10  3 17 10  5  25  5
 14  0 20 10 10 11 10 10  20  5
 14  0 20 10 11  9 11 10  20  5
 14  0 20 11  9 11  9 11  20  5
 14  0 20 11 10  9 10 11  20  5
 14  0 21  9 10 11 10  9  21  5
 14  0 21  9 11  9 11  9  21  5
 14  0 21 10  9 11  9 10  21  5
 14  0 21 10 10  9 10 10  21  5
 14 10  4 17 10 10  4 16  20  5
 14 10  4 17 10 10 10  4  26  5
 14 10 10 11 10 10  4 10  26  5
 14 10 11  3 17 10 10  4  26  5
 14 11  3 16 11 10  4 16  20  5
 14 11  3 17  9 11 10  4  26  5
 14 11  9 11  9  5 16  4  26  5
 15  8  8 14  1 19 10 10  20  5
 15  9  9 12  3 12 15 10  20  5
 15  9  9 12  3 17 10  5  25  5
 15 10  9  6 13 12  3 17  20  5
 15 10  9  9  7 15  3 17  20  5
 15 10  9 10 10  5 10 16  20  5
 16 13 13 12  4 13 19 12  24  6
 17 12 12 13  4 20 12  5  31  6
 17 14 16 16 14 14  3 25  28  7
 17 18 12 12 18 14  3 25  28  7
 18 10 13 13  5 19  4 20  24  6
 18 11 11  7 11 20 12 12  24  6
 18 11 11 14  4 20  5 19  24  6
 19 15 14 15 14  5 23  6  36  7
 19 16 13  6 23 14  5 23  28  7
 19 16 13 13 16 14  5 16  35  7
 20 15 12 15 15  5 15 22  28  7
 21 10 16 16 10 18  3 25  28  7
 21 12 15 15 12  9 12 23  28  7
 21 12 15 15 12 16  5 16  35  7
 21 14 12 12 14 18  3 25  28  7
 21 14 13 13 14 16  5 16  35  7
 21 14 13 14 13  8 22  5  37  7
 22 16 17 17 16 16  6 17  41  8
 22 17 17  5 17 26 16 16  32  8
 22 18 15 15 18  7 15 26  32  8
 23 15 17 17 15 17  6 17  41  8
 23 17 15 15 17 17  6 17  41  8
 24 16 15 15 16  9 15 26  32  8
 25 18 19 19 18  7 18 29  36  9
 25 19 19 16  9 29 18  7  47  9
 27 16 19 19 16 19  8 19  46  9
 27 17 17 20  7 27 20  7  47  9
 27 17 17 20 17 17 10 17  47  9
 28 20 21 20 21 20  8 20  52 10
 30 23 23 23 22  8 23 35  44 11
 33 21 21 21 12 21 36 22  44 11
 33 22 21 21 22 22 11 22  57 11
 33 25 25 25  8 40 10 38  48 12
 36 23 23 23 13 38  8 40  48 12
 36 27 27 27  9 27 42 26  52 13
 39 31 27 27 27 31 12 27  73 14
 42 28 27 27 27 28 15 27  73 14
 47 35 35 35 35 34 13 35  88 17
 49 49  0 80 40 41 41 40  80 20
 49 49  0 80 42 39 39 42  80 20
 49 49  0 82 38 41 41 38  82 20
 49 49  0 82 40 39 39 40  82 20
 51 33 33 33 33 18 33 55  68 17
 53 39 39 39 39 14 39 61  76 19
 72 47 47 47 47 47 25 47 125 24
 73 53 53 53 53 53 20 53 135 26

0 extreme rays of recession cone:

32 support hyperplanes of polyhedron (homogenized):
 -53  21  18  15  12   9   6   3 0 0
 -37 -42  30  25  20  15  10   5 0 0
  -5 -14 -23 -32  36  27  18   9 0 0
  -3  -4  -5   5   4   3   2   1 0 0
  -1  -1  -1   0   1   1   1   1 0 0
  -1  -1  -1   1   1   1   1   0 0 0
  -1  -1   0   0   0   1   1   1 0 0
  -1  -1   0   0   1   1   1   0 0 0
  -1  -1   0   1   1   1   0   0 0 0
  -1  -1   1   1   1   0   0   0 0 0
  -1   0   0   0   0   0   1   1 0 0
  -1   0   0   0   0   1   1   0 0 0
  -1   0   0   0   1   1   0   0 0 0
  -1   0   0   1   1   0   0   0 0 0
  -1   0   1   1   0   0   0   0 0 0
  -1   1   1   0   0   0   0   0 0 0
   0   0   1   0   0   0   0   0 0 0
   0   1   0   0   0   0   0   0 0 0
   1   0  -1  -2  -3   3   2   1 0 0
  13  -1  -4  -7 -10   9   6   3 0 0
  13  -1  -4  -7   1  -2   6   3 0 0
  13  -1  -4   4   1  -2  -5   3 0 0
  13  -1   7   4   1  -2  -5  -8 0 0
  13  10  -4  -7 -10  -2   6   3 0 0
  13  10  -4  -7   1  -2  -5   3 0 0
  13  10  -4   4   1  -2  -5  -8 0 0
  13  10   7  -7 -10 -13   6   3 0 0
  13  10   7  -7 -10  -2  -5   3 0 0
  13  10   7  -7   1  -2  -5  -8 0 0
  27  14   1 -12 -25 -38  26  13 0 0
  43  28  13  -2 -17 -32 -47  15 0 0
  59  42  25   8  -9 -26 -43 -60 0 0

2 equations:
 1 0 -1 -2 -3 -4 -5 -6 -7  70
 0 1  2  3  4  5  6  7  8 -91

8 basis elements of generated  lattice:
 1 0 0 0 0 0 0 -8   7 0
 0 1 0 0 0 0 0 -7   6 0
 0 0 1 0 0 0 0 -6   5 0
 0 0 0 1 0 0 0 -5   4 0
 0 0 0 0 1 0 0 -4   3 0
 0 0 0 0 0 1 0 -3   2 0
 0 0 0 0 0 0 1 -2   1 0
 0 0 0 0 0 0 0 77 -56 1

