14 lattice points in polytope (module generators)
0 Hilbert basis elements of recession monoid
5 vertices of polyhedron
0 extreme rays of recession cone
5 support hyperplanes of polyhedron (homogenized)

embedding dimension = 5
affine dimension of the polyhedron = 2
rank of recession monoid = 0 (polyhedron is polytope)

dehomogenization:
0 0 0 0 1 


module rank = 14

***********************************************************************

14 lattice points in polytope (module generators):
 0 6 4 6 1
 0 7 2 7 1
 0 8 0 8 1
 1 4 5 6 1
 1 5 3 7 1
 1 6 1 8 1
 2 2 6 6 1
 2 3 4 7 1
 2 4 2 8 1
 2 5 0 9 1
 3 1 5 7 1
 3 2 3 8 1
 3 3 1 9 1
 4 0 4 8 1

0 Hilbert basis elements of recession monoid:

5 vertices of polyhedron:
  0  8  0  8 1
  0 16 16 16 3
  4  0  4  8 1
 16  0 32 32 5
 16 16  0 48 5

0 extreme rays of recession cone:

5 support hyperplanes of polyhedron (homogenized):
 -1 1  1 0 0
  0 0  1 0 0
  0 1  0 0 0
  1 0  0 0 0
  2 1 -1 0 0

2 equations:
 1 0 -1 -2  16
 0 1  2  3 -32

3 basis elements of generated  lattice:
 1 0 -3 2 0
 0 1 -2 1 0
 0 0 16 0 1

