34 lattice points in polytope (module generators)
0 Hilbert basis elements of recession monoid
21 vertices of polyhedron
0 extreme rays of recession cone
13 support hyperplanes of polyhedron (homogenized)

embedding dimension = 6
affine dimension of the polyhedron = 3
rank of recession monoid = 0 (polyhedron is polytope)

dehomogenization:
0 0 0 0 0 1 


module rank = 34

***********************************************************************

34 lattice points in polytope (module generators):
 1 5 4 4 5 1
 1 6 3 3 6 1
 1 7 2 2 7 1
 2 3 5 4 5 1
 2 4 3 5 5 1
 2 4 4 3 6 1
 2 5 2 4 6 1
 2 5 3 2 7 1
 2 6 0 5 6 1
 2 6 1 3 7 1
 2 6 2 1 8 1
 3 2 4 5 5 1
 3 2 5 3 6 1
 3 2 6 1 7 1
 3 3 3 4 6 1
 3 3 4 2 7 1
 3 3 5 0 8 1
 3 4 1 5 6 1
 3 4 2 3 7 1
 3 4 3 1 8 1
 3 5 0 4 7 1
 3 5 1 2 8 1
 4 0 5 5 5 1
 4 0 6 3 6 1
 4 0 7 1 7 1
 4 1 4 4 6 1
 4 1 5 2 7 1
 4 1 6 0 8 1
 4 2 2 5 6 1
 4 2 3 3 7 1
 4 2 4 1 8 1
 4 3 1 4 7 1
 4 3 2 2 8 1
 5 0 5 1 8 1

0 Hilbert basis elements of recession monoid:

21 vertices of polyhedron:
  1  5  4  4  5  1
  1  7  2  2  7  1
  2  6  0  5  6  1
  3  3  5  0  8  1
  3 10  5 10 10  2
  4  0  5  5  5  1
  4  0  7  1  7  1
  4 12  5  0 17  2
  5  0  5  1  8  1
  6  3 13  3 13  2
  6 15 20 15 20  4
  7  9  0  7 15  2
  7 17  7  0 26  3
  9  0 13  0 16  2
 10  0 11  0 17  2
 10  1  9  1 17  2
 15  1 15  0 26  3
 17 45  0 45 45  8
 31 31  0 31 59  8
 43  0 43 52 52 10
 43 43  0 71 71 12

0 extreme rays of recession cone:

13 support hyperplanes of polyhedron (homogenized):
 -11 15  10   5 0 0
  -1  0   1   1 0 0
  -1  1   1   0 0 0
   0  0   0   1 0 0
   0  0   1   0 0 0
   0  1   0   0 0 0
   1 -7  16   8 0 0
  13  2  -9  11 0 0
  25 11  -3 -17 0 0
  45 -5 -24  19 0 0
  45 -5   7 -12 0 0
  45 26 -24 -12 0 0
  45 26   7 -43 0 0

2 equations:
 1 0 -1 -2 -3  26
 0 1  2  3  4 -45

4 basis elements of generated  lattice:
 1 0 0 -4   3 0
 0 1 0 -3   2 0
 0 0 1 -2   1 0
 0 0 0 31 -12 1

