5 lattice points in polytope (module generators)
0 Hilbert basis elements of recession monoid
5 vertices of polyhedron
0 extreme rays of recession cone
5 support hyperplanes of polyhedron (homogenized)

embedding dimension = 7
affine dimension of the polyhedron = 4
rank of recession monoid = 0 (polyhedron is polytope)

dehomogenization:
0 0 0 0 0 0 1 


module rank = 5

***********************************************************************

5 lattice points in polytope (module generators):
 2 3 2 2 2 4 1
 3 1 3 2 2 4 1
 3 2 1 3 2 4 1
 3 2 2 1 3 4 1
 3 2 2 2 1 5 1

0 Hilbert basis elements of recession monoid:

5 vertices of polyhedron:
 2 3 2 2 2 4 1
 3 1 3 2 2 4 1
 3 2 1 3 2 4 1
 3 2 2 1 3 4 1
 3 2 2 2 1 5 1

0 extreme rays of recession cone:

5 support hyperplanes of polyhedron (homogenized):
 -19  12   9   6   3 0 0
  -9 -14  15  10   5 0 0
   1  -6 -13  14   7 0 0
  11   2  -7 -16   9 0 0
  21  10  -1 -12 -23 0 0

2 equations:
 1 0 -1 -2 -3 -4  26
 0 1  2  3  4  5 -41

5 basis elements of generated  lattice:
 1 0 0 0 -5   4 0
 0 1 0 0 -4   3 0
 0 0 1 0 -3   2 0
 0 0 0 1 -2   1 0
 0 0 0 0 34 -19 1

