33 lattice points in polytope (module generators)
0 Hilbert basis elements of recession monoid
61 vertices of polyhedron
0 extreme rays of recession cone
21 support hyperplanes of polyhedron (homogenized)

embedding dimension = 8
affine dimension of the polyhedron = 5
rank of recession monoid = 0 (polyhedron is polytope)

dehomogenization:
0 0 0 0 0 0 0 1 


module rank = 33

***********************************************************************

33 lattice points in polytope (module generators):
 1 3 3 2 2 2 4 1
 1 4 1 3 2 2 4 1
 1 4 2 1 3 2 4 1
 1 4 2 2 1 3 4 1
 1 4 2 2 2 1 5 1
 2 1 4 2 2 2 4 1
 2 2 2 3 2 2 4 1
 2 2 3 1 3 2 4 1
 2 2 3 2 1 3 4 1
 2 2 3 2 2 1 5 1
 2 3 0 4 2 2 4 1
 2 3 1 2 3 2 4 1
 2 3 1 3 1 3 4 1
 2 3 1 3 2 1 5 1
 2 3 2 0 4 2 4 1
 2 3 2 1 2 3 4 1
 2 3 2 1 3 1 5 1
 2 3 2 2 1 2 5 1
 3 0 3 3 2 2 4 1
 3 0 4 1 3 2 4 1
 3 0 4 2 1 3 4 1
 3 0 4 2 2 1 5 1
 3 1 2 2 3 2 4 1
 3 1 2 3 1 3 4 1
 3 1 2 3 2 1 5 1
 3 1 3 0 4 2 4 1
 3 1 3 1 2 3 4 1
 3 1 3 1 3 1 5 1
 3 1 3 2 1 2 5 1
 3 2 1 2 2 3 4 1
 3 2 1 2 3 1 5 1
 3 2 1 3 1 2 5 1
 3 2 2 1 2 2 5 1

0 Hilbert basis elements of recession monoid:

61 vertices of polyhedron:
  1  3  3  2  2  2  4  1
  1  4  1  3  2  2  4  1
  1  4  2  1  3  2  4  1
  1  4  2  2  1  3  4  1
  1  4  2  2  2  1  5  1
  2  1  4  2  2  2  4  1
  2  3  0  4  2  2  4  1
  2  3  2  0  4  2  4  1
  2  3  2  2  1  2  5  1
  3  0  3  3  2  2  4  1
  3  0  4  1  3  2  4  1
  3  0  4  2  1  3  4  1
  3  0  4  2  2  1  5  1
  3  1  2  3  2  1  5  1
  3  1  3  0  4  2  4  1
  3  1  3  2  1  2  5  1
  3  2  1  2  2  3  4  1
  3  2  1  2  3  1  5  1
  3  2  1  3  1  2  5  1
  3  2  2  1  2  2  5  1
  5  4  1  8  4  4  8  2
  5  5  0  7  5  4  8  2
  5  5  0  8  3  5  8  2
  5  5  0  8  4  3  9  2
  5  5  4  1  5  6  8  2
  5  5  4  1  7  2 10  2
  5 28 14 15 15 14 28  7
  5 28 16 13 13 16 28  7
  5 30 12 15 15 12 30  7
  5 30 14 13 13 14 30  7
  6  3  3  3  7  4  8  2
  6  3  5  1  5  6  8  2
  6  4  2  5  5  1 11  2
  6  4  3  3  6  1 11  2
  7  6  8  6  6  1 17  3
  7  8  4  8  6  1 17  3
  8  7  1 11  3  9 12  3
  8  7  5  7  3  5 16  3
  9  4  8  4  8  1 17  3
  9  5  4  9  1 11 12  3
  9  5  7  2 10  2 16  3
  9  5  7  5  4  5 16  3
  9  6  4  6  8  1 17  3
  9  6  5  6  4  5 16  3
 11  0 16  8  9  8 16  4
 11  0 16  9  7  9 16  4
 11  0 17  7  9  7 17  4
 11  0 17  8  7  8 17  4
 11  8  9  8  3  8 21  4
 11  9  2  9 13  8 16  4
 11  9  2 14  8  3 21  4
 11 12 12 10  1 19 20  5
 15  8  8 14  1 19 20  5
 15  9  9 12  3 12 25  5
 16 13 13 12  4 13 31  6
 18 11 11  7 11 20 24  6
 22 17 17  5 17 26 32  8
 33 21 21 21 12 21 58 11
 36 27 27 27  9 27 68 13
 39 39  0 64 33 33 64 16
 39 39  0 66 31 31 66 16

0 extreme rays of recession cone:

21 support hyperplanes of polyhedron (homogenized):
 -9   5   4   3   2   1 0 0
 -3 -10 -17  21  14   7 0 0
 -3  -4   4   3   2   1 0 0
 -1  -1   0   1   1   1 0 0
 -1  -1   1   1   1   0 0 0
 -1   0   0   0   1   1 0 0
 -1   0   0   1   1   0 0 0
 -1   0   1   1   0   0 0 0
 -1   1   1   0   0   0 0 0
  0   0   1   0   0   0 0 0
  0   1   0   0   0   0 0 0
  1   0  -1  -2   2   1 0 0
 21  10  -1 -12 -23  11 0 0
 33  20   7  -6 -19 -32 0 0
 57  -5 -22 -39  34  17 0 0
 57  -5 -22   6 -11  17 0 0
 57  -5  23   6 -11 -28 0 0
 57  40 -22 -39 -11  17 0 0
 57  40 -22   6 -11 -28 0 0
 57  40  23 -39 -56  17 0 0
 57  40  23 -39 -11 -28 0 0

2 equations:
 1 0 -1 -2 -3 -4 -5  40
 0 1  2  3  4  5  6 -57

6 basis elements of generated  lattice:
 1 0 0 0 0 -6   5 0
 0 1 0 0 0 -5   4 0
 0 0 1 0 0 -4   3 0
 0 0 0 1 0 -3   2 0
 0 0 0 0 1 -2   1 0
 0 0 0 0 0 45 -28 1

