9 lattice points in polytope (module generators)
0 Hilbert basis elements of recession monoid
21 vertices of polyhedron
0 extreme rays of recession cone
11 support hyperplanes of polyhedron (homogenized)

embedding dimension = 7
affine dimension of the polyhedron = 4
rank of recession monoid = 0 (polyhedron is polytope)

dehomogenization:
0 0 0 0 0 0 1 


module rank = 9

***********************************************************************

9 lattice points in polytope (module generators):
 0 0 0 3 2 3 1
 0 0 0 4 0 4 1
 0 0 1 1 3 3 1
 0 0 1 2 1 4 1
 0 0 2 0 2 4 1
 0 0 2 1 0 5 1
 0 1 0 1 2 4 1
 0 1 0 2 0 5 1
 0 1 1 0 1 5 1

0 Hilbert basis elements of recession monoid:

21 vertices of polyhedron:
  0 0 0  3  2   3  1
  0 0 0  4  0   4  1
  0 0 1  1  3   3  1
  0 0 8  0  0  16  3
  0 0 8  0 16  16  5
  0 1 0  3  6   6  2
  0 4 0  4  0  16  3
  0 8 0  0  8  24  5
  0 8 0  0 24  24  7
  0 8 8  0  0  40  7
  1 0 1  6 12  12  4
  1 1 0  8 15  15  5
  2 2 0  2  2  16  3
  4 0 4  0 24  24  7
  4 0 4  4  0  28  5
  4 2 2  2  2  28  5
  8 0 8  0  8  48  9
  8 8 0  8 64  64 19
  8 8 0 16  0  72 13
  8 8 8  0  8  72 13
 16 8 8 16  0 120 21

0 extreme rays of recession cone:

11 support hyperplanes of polyhedron (homogenized):
 -1 -1 1 1  1 0 0
 -1  0 0 1  1 0 0
 -1  0 1 1  0 0 0
 -1  1 1 0  0 0 0
  0  0 0 0  1 0 0
  0  0 0 1  0 0 0
  0  0 1 0  0 0 0
  0  1 0 0  0 0 0
  1  0 0 0  0 0 0
  4  3 2 1 -1 0 0
 17 12 7 2 -3 0 0

2 equations:
 1 0 -1 -2 -3 -4  24
 0 1  2  3  4  5 -32

5 basis elements of generated  lattice:
 1 0 0 0  3 4 1
 0 1 0 0  4 3 1
 0 0 1 0 -3 2 0
 0 0 0 1 -2 1 0
 0 0 0 0  8 0 1

