30 lattice points in polytope (module generators)
0 Hilbert basis elements of recession monoid
47 vertices of polyhedron
0 extreme rays of recession cone
20 support hyperplanes of polyhedron (homogenized)

embedding dimension = 10
affine dimension of the polyhedron = 7
rank of recession monoid = 0 (polyhedron is polytope)

dehomogenization:
0 0 0 0 0 0 0 0 0 1 


module rank = 30

***********************************************************************

30 lattice points in polytope (module generators):
 1 4 2 2 2 2 2 2 4 1
 2 2 3 2 2 2 2 2 4 1
 2 3 1 3 2 2 2 2 4 1
 2 3 2 1 3 2 2 2 4 1
 2 3 2 2 1 3 2 2 4 1
 2 3 2 2 2 1 3 2 4 1
 2 3 2 2 2 2 1 3 4 1
 2 3 2 2 2 2 2 1 5 1
 3 0 4 2 2 2 2 2 4 1
 3 1 2 3 2 2 2 2 4 1
 3 1 3 1 3 2 2 2 4 1
 3 1 3 2 1 3 2 2 4 1
 3 1 3 2 2 1 3 2 4 1
 3 1 3 2 2 2 1 3 4 1
 3 1 3 2 2 2 2 1 5 1
 3 2 1 2 3 2 2 2 4 1
 3 2 1 3 1 3 2 2 4 1
 3 2 1 3 2 1 3 2 4 1
 3 2 1 3 2 2 1 3 4 1
 3 2 1 3 2 2 2 1 5 1
 3 2 2 1 2 3 2 2 4 1
 3 2 2 1 3 1 3 2 4 1
 3 2 2 1 3 2 1 3 4 1
 3 2 2 1 3 2 2 1 5 1
 3 2 2 2 1 2 3 2 4 1
 3 2 2 2 1 3 1 3 4 1
 3 2 2 2 1 3 2 1 5 1
 3 2 2 2 2 1 2 3 4 1
 3 2 2 2 2 1 3 1 5 1
 3 2 2 2 2 2 1 2 5 1

0 Hilbert basis elements of recession monoid:

47 vertices of polyhedron:
  1  4  2  2  2  2  2  2  4 1
  2  3  2  2  1  3  2  2  4 1
  2  3  2  2  2  1  3  2  4 1
  2  3  2  2  2  2  1  3  4 1
  2  3  2  2  2  2  2  1  5 1
  3  0  4  2  2  2  2  2  4 1
  3  1  2  3  2  2  2  2  4 1
  3  1  3  2  1  3  2  2  4 1
  3  1  3  2  2  1  3  2  4 1
  3  1  3  2  2  2  1  3  4 1
  3  1  3  2  2  2  2  1  5 1
  3  2  1  2  3  2  2  2  4 1
  3  2  1  3  1  3  2  2  4 1
  3  2  1  3  2  1  3  2  4 1
  3  2  1  3  2  2  1  3  4 1
  3  2  1  3  2  2  2  1  5 1
  3  2  2  1  2  3  2  2  4 1
  3  2  2  1  3  1  3  2  4 1
  3  2  2  1  3  2  1  3  4 1
  3  2  2  1  3  2  2  1  5 1
  3  2  2  2  1  2  3  2  4 1
  3  2  2  2  1  3  1  3  4 1
  3  2  2  2  1  3  2  1  5 1
  3  2  2  2  2  1  2  3  4 1
  3  2  2  2  2  1  3  1  5 1
  3  2  2  2  2  2  1  2  5 1
  5  5  4  1  7  4  4  4  8 2
  6  3  5  1  7  4  4  4  8 2
  8  6  7  6  6  2 10  6 12 3
  8  7  1 11  6  6  6  6 12 3
  8  7  5  7  6  2 10  6 12 3
  9  5  7  5  7  2 10  6 12 3
  9  6  5  6  7  2 10  6 12 3
 11  8  8  9  8  8  8  3 21 4
 11  8  9  7  9  8  8  3 21 4
 11  9  7  9  7  9  8  3 21 4
 11  9  8  7  8  9  8  3 21 4
 12  7  8  9  8  7  9  3 21 4
 12  7  9  7  9  7  9  3 21 4
 12  8  7  9  7  8  9  3 21 4
 12  8  8  7  8  8  9  3 21 4
 13 11 11 10  3 17 10 10 20 5
 15  9  9 12  3 17 10 10 20 5
 19 14 15 15 14 14  5 23 28 7
 19 16 13 13 16 14  5 23 28 7
 21 12 15 15 12 16  5 23 28 7
 21 14 13 13 14 16  5 23 28 7

0 extreme rays of recession cone:

20 support hyperplanes of polyhedron (homogenized):
 -38 -43  30  25  20  15  10   5 0 0
 -22 -29 -36  35  28  21  14   7 0 0
 -18   7   6   5   4   3   2   1 0 0
  -2  -5  -8 -11  12   9   6   3 0 0
  -1  -1  -1   0   1   1   1   1 0 0
  -1  -1  -1   1   1   1   1   0 0 0
  -1  -1   0   0   0   1   1   1 0 0
  -1  -1   0   0   1   1   1   0 0 0
  -1  -1   0   1   1   1   0   0 0 0
  -1  -1   1   1   1   0   0   0 0 0
  -1   0   0   0   0   0   1   1 0 0
  -1   0   0   0   0   1   1   0 0 0
  -1   0   0   0   1   1   0   0 0 0
  -1   0   0   1   1   0   0   0 0 0
  -1   0   1   1   0   0   0   0 0 0
  -1   1   1   0   0   0   0   0 0 0
   2   1   0  -1  -2  -3   2   1 0 0
  10  -1 -12 -23 -34  33  22  11 0 0
  14   9   4  -1  -6 -11 -16   5 0 0
  58  41  24   7 -10 -27 -44 -61 0 0

2 equations:
 1 0 -1 -2 -3 -4 -5 -6 -7  69
 0 1  2  3  4  5  6  7  8 -90

8 basis elements of generated  lattice:
 1 0 0 0 0 0 0 -8   7 0
 0 1 0 0 0 0 0 -7   6 0
 0 0 1 0 0 0 0 -6   5 0
 0 0 0 1 0 0 0 -5   4 0
 0 0 0 0 1 0 0 -4   3 0
 0 0 0 0 0 1 0 -3   2 0
 0 0 0 0 0 0 1 -2   1 0
 0 0 0 0 0 0 0 78 -57 1

