4 lattice points in polytope (module generators)
0 Hilbert basis elements of recession monoid
2 vertices of polyhedron
0 extreme rays of recession cone
2 support hyperplanes of polyhedron (homogenized)

embedding dimension = 4
affine dimension of the polyhedron = 1
rank of recession monoid = 0 (polyhedron is polytope)

dehomogenization:
0 0 0 1 


module rank = 4

***********************************************************************

4 lattice points in polytope (module generators):
 5 7  9 1
 6 5 10 1
 7 3 11 1
 8 1 12 1

0 Hilbert basis elements of recession monoid:

2 vertices of polyhedron:
 13 25 25 3
 17  0 25 2

0 extreme rays of recession cone:

2 support hyperplanes of polyhedron (homogenized):
  0   1 0 0
 25 -13 0 0

2 equations:
 1 0 -1   4
 0 1  2 -25

2 basis elements of generated  lattice:
 1 -2 1 0
 0 17 4 1

