13 lattice points in polytope (module generators)
0 Hilbert basis elements of recession monoid
18 vertices of polyhedron
0 extreme rays of recession cone
12 support hyperplanes of polyhedron (homogenized)

embedding dimension = 6
affine dimension of the polyhedron = 3
rank of recession monoid = 0 (polyhedron is polytope)

dehomogenization:
0 0 0 0 0 1 


module rank = 13

***********************************************************************

13 lattice points in polytope (module generators):
 1 3 3 2 4 1
 1 4 1 3 4 1
 1 4 2 1 5 1
 2 1 4 2 4 1
 2 2 2 3 4 1
 2 2 3 1 5 1
 2 3 0 4 4 1
 2 3 1 2 5 1
 2 3 2 0 6 1
 3 0 3 3 4 1
 3 0 4 1 5 1
 3 1 2 2 5 1
 3 1 3 0 6 1

0 Hilbert basis elements of recession monoid:

18 vertices of polyhedron:
  1  3  3  2  4  1
  1  4  1  3  4  1
  1  4  2  1  5  1
  2  1  4  2  4  1
  2  3  0  4  4  1
  2  3  2  0  6  1
  3  0  3  3  4  1
  3  0  4  1  5  1
  3  1  3  0  6  1
  3 20 11 11 20  5
  3 22  9  9 22  5
  5  4  1  8  8  2
  5  5  0  7  9  2
  6  3  3  3 11  2
  8  0 12  7 12  3
  8  0 13  5 13  3
 11  9  2  9 21  4
 29 29  0 49 49 12

0 extreme rays of recession cone:

12 support hyperplanes of polyhedron (homogenized):
 -3  3   2   1 0 0
 -1 -6  10   5 0 0
 -1  0   1   1 0 0
 -1  1   1   0 0 0
  0  0   1   0 0 0
  0  1   0   0 0 0
  1  0  -1   1 0 0
  5  2  -1  -4 0 0
 31 -3 -16  13 0 0
 31 -3   5  -8 0 0
 31 18 -16  -8 0 0
 31 18   5 -29 0 0

2 equations:
 1 0 -1 -2 -3  18
 0 1  2  3  4 -31

4 basis elements of generated  lattice:
 1 0 0 -4  3 0
 0 1 0 -3  2 0
 0 0 1 -2  1 0
 0 0 0 21 -8 1

