55 lattice points in polytope (module generators)
0 Hilbert basis elements of recession monoid
105 vertices of polyhedron
0 extreme rays of recession cone
23 support hyperplanes of polyhedron (homogenized)

embedding dimension = 8
affine dimension of the polyhedron = 5
rank of recession monoid = 0 (polyhedron is polytope)

dehomogenization:
0 0 0 0 0 0 0 1 


module rank = 55

***********************************************************************

55 lattice points in polytope (module generators):
 5 4 5 5 4 4 6 1
 5 4 6 3 5 4 6 1
 5 5 3 6 4 4 6 1
 5 5 4 4 5 4 6 1
 5 5 4 5 3 5 6 1
 5 5 4 5 4 3 7 1
 5 5 5 2 6 4 6 1
 5 5 5 3 4 5 6 1
 5 5 5 3 5 3 7 1
 5 6 2 6 3 5 6 1
 5 6 3 4 4 5 6 1
 5 6 3 5 3 4 7 1
 5 6 4 2 5 5 6 1
 5 6 4 3 4 4 7 1
 6 3 4 6 4 4 6 1
 6 3 5 4 5 4 6 1
 6 3 5 5 3 5 6 1
 6 3 5 5 4 3 7 1
 6 3 6 2 6 4 6 1
 6 3 6 3 4 5 6 1
 6 3 6 3 5 3 7 1
 6 4 3 5 5 4 6 1
 6 4 3 6 3 5 6 1
 6 4 3 6 4 3 7 1
 6 4 4 3 6 4 6 1
 6 4 4 4 4 5 6 1
 6 4 4 4 5 3 7 1
 6 4 4 5 2 6 6 1
 6 4 4 5 3 4 7 1
 6 4 4 5 4 2 8 1
 6 4 5 2 5 5 6 1
 6 4 5 2 6 3 7 1
 6 4 5 3 3 6 6 1
 6 4 5 3 4 4 7 1
 6 4 5 3 5 2 8 1
 6 5 2 5 4 5 6 1
 6 5 2 6 3 4 7 1
 6 5 3 3 5 5 6 1
 6 5 3 4 4 4 7 1
 6 5 3 5 3 3 8 1
 6 5 4 2 5 4 7 1
 7 1 7 3 5 3 7 1
 7 2 5 4 5 3 7 1
 7 2 5 5 3 4 7 1
 7 2 6 2 6 3 7 1
 7 2 6 3 4 4 7 1
 7 2 6 3 5 2 8 1
 7 3 4 3 6 3 7 1
 7 3 4 4 4 4 7 1
 7 3 4 4 5 2 8 1
 7 3 4 5 2 5 7 1
 7 3 5 2 5 4 7 1
 7 3 5 2 6 2 8 1
 7 3 5 3 4 3 8 1
 7 4 3 4 4 3 8 1

0 Hilbert basis elements of recession monoid:

105 vertices of polyhedron:
   5  4  5  5  4  4   6  1
   5  4  6  3  5  4   6  1
   5  5  3  6  4  4   6  1
   5  5  4  5  4  3   7  1
   5  5  5  2  6  4   6  1
   5  5  5  3  5  3   7  1
   5  6  2  6  3  5   6  1
   5  6  3  5  3  4   7  1
   5  6  4  2  5  5   6  1
   5  6  4  3  4  4   7  1
   6  3  4  6  4  4   6  1
   6  3  6  2  6  4   6  1
   6  3  6  3  4  5   6  1
   6  4  3  5  5  4   6  1
   6  4  4  3  6  4   6  1
   6  4  4  5  2  6   6  1
   6  4  4  5  4  2   8  1
   6  4  5  3  3  6   6  1
   6  4  5  3  5  2   8  1
   6  5  3  3  5  5   6  1
   6  5  3  5  3  3   8  1
   6  5  4  2  5  4   7  1
   7  1  7  3  5  3   7  1
   7  2  6  3  4  4   7  1
   7  2  6  3  5  2   8  1
   7  3  4  3  6  3   7  1
   7  3  4  4  5  2   8  1
   7  3  4  5  2  5   7  1
   7  3  5  2  5  4   7  1
   7  3  5  2  6  2   8  1
   7  3  5  3  4  3   8  1
   7  4  3  4  4  3   8  1
   9 12  9  5 10  9  12  2
   9 13  8  6  8  9  13  2
  11  6 12  8  9  8  12  2
  11 10  7 10  4 12  12  2
  11 10  9  6  6 12  12  2
  11 11  8  3 11 10  12  2
  12  5 11 10  7  9  12  2
  12  9  6 11  4 12  12  2
  12  9  8  4 12  9  12  2
  12  9  9  5  7 12  12  2
  12 10  3 12  7 10  12  2
  13  5  8 12  8  7  13  2
  13  5 10 10  8  5  15  2
  13  7  6 10 10  7  13  2
  13  7  6 12  8  5  15  2
  13  7  9  4 13  7  13  2
  13  9  4 12  6  7  15  2
  13 16 14 13 13 12  18  3
  13 17 13 13 13 11  19  3
  13 18 14  9 13 14  18  3
  13 19 13  9 13 13  19  3
  14  3 11  9  9  6  14  2
  14  3 11 10  7  7  14  2
  14  3 12  8  9  5  15  2
  14  5 11  3 13  6  14  2
  14  7  7  9  5 10  14  2
  15 17 10 15  7 17  18  3
  17 15 13  4 18 14  18  3
  18  7 18 12 14 12  18  3
  18  7 18 13 12 13  18  3
  18 13 14  4 18 14  18  3
  18 14  7 18  7 17  18  3
  18 26 13 18 13 18  26  4
  19 11 14 11 14  5  25  3
  19 11 15  4 20 10  20  3
  19 13 13  6 13 16  19  3
  19 13 13  9 10 13  22  3
  19 24 17 12 14 22  24  4
  20  9 16  4 20 10  20  3
  20  9 16  9 15  5  25  3
  20 11 11 15  5 17  20  3
  20 13  7 13 13 13  20  3
  21  5 16 14 13  8  22  3
  21  8 16  8 16  5  25  3
  21  9 14  9 16  5  25  3
  21 10 14  7 14 10  23  3
  21 11 11 10 11 14  21  3
  21 29 21 22 22 20  30  5
  24 17  9 24 17 17  24  4
  24 19 17  7 19 22  24  4
  27  9 18 22 16 11  29  4
  28 14 14 19  9 19  29  4
  28 15 13 15 15 18  28  4
  29 42 29 30 30 29  42  7
  29 42 30 29 29 30  42  7
  29 43 29 29 29 29  43  7
  31 24  7 31 17 24  31  5
  31 24  7 33 15 22  33  5
  37 25 22 30 10 37  37  6
  37 25 25 24 13 37  37  6
  38 19 19 38 23 23  38  6
  38 48 27 38 21 44  48  8
  48 25 25 35 13 35  50  7
  57 40 17 57 23 46  57  9
  59 38 38 21 38 38  65  9
  61 35 35 35 26 35  70  9
  62 41 21 62 41 41  62 10
  62 41 21 66 37 37  66 10
  63 34 34 29 34 34  69  9
  70 55 55 36 34 73  73 12
  77 41 41 41 36 41  86 11
  90 45 45 67 23 69  90 13
 118 59 59 87 31 87 120 17

0 extreme rays of recession cone:

23 support hyperplanes of polyhedron (homogenized):
 -3 -3 -3 -3  5  5 5 -13
 -3  1  1  1  1  1 1  -5
 -1 -1 -1 -1 -1 -1 7 -15
 -1 -1 -1 -1 -1  3 3  -7
 -1 -1 -1  0  1  1 1   0
 -1 -1 -1  1  1  1 1  -3
 -1 -1  0  0  0  1 1   0
 -1 -1  0  1  1  1 0   0
 -1 -1  1  1  1  0 0   0
 -1  0  0  0  0  0 1   0
 -1  0  0  0  1  1 0   0
 -1  0  0  1  1  0 0   0
 -1  0  1  1  0  0 0   0
 -1  1  1  0  0  0 0   0
  0 -1 -1 -1  1  1 1   0
  0 -1 -1  0  0  1 1   0
  0 -1  0  0  0  0 1   0
  0  0 -1 -1  0  1 1   0
  0  0 -1  0  0  0 1   0
  0  0  0 -1 -1  1 1   0
  0  0  0 -1  0  0 1   0
  0  0  0  0 -1  0 1   0
  0  0  0  0  0 -1 1   0

2 equations:
 1 0 -1 -2 -3 -4 -5   68
 0 1  2  3  4  5  6 -101

6 basis elements of generated  lattice:
 1 0 0 0 0 -6   5 0
 0 1 0 0 0 -5   4 0
 0 0 1 0 0 -4   3 0
 0 0 0 1 0 -3   2 0
 0 0 0 0 1 -2   1 0
 0 0 0 0 0 97 -64 1

