85 lattice points in polytope (module generators)
0 Hilbert basis elements of recession monoid
384 vertices of polyhedron
0 extreme rays of recession cone
34 support hyperplanes of polyhedron (homogenized)

embedding dimension = 11
affine dimension of the polyhedron = 8
rank of recession monoid = 0 (polyhedron is polytope)

dehomogenization:
0 0 0 0 0 0 0 0 0 0 1 


module rank = 85

***********************************************************************

85 lattice points in polytope (module generators):
 0 0 3 1 1 1 1 1 1 3 1
 0 1 1 2 1 1 1 1 1 3 1
 0 1 2 0 2 1 1 1 1 3 1
 0 1 2 1 0 2 1 1 1 3 1
 0 1 2 1 1 0 2 1 1 3 1
 0 1 2 1 1 1 0 2 1 3 1
 0 1 2 1 1 1 1 0 2 3 1
 0 1 2 1 1 1 1 1 0 4 1
 0 2 0 1 2 1 1 1 1 3 1
 0 2 0 2 0 2 1 1 1 3 1
 0 2 0 2 1 0 2 1 1 3 1
 0 2 0 2 1 1 0 2 1 3 1
 0 2 0 2 1 1 1 0 2 3 1
 0 2 0 2 1 1 1 1 0 4 1
 0 2 1 0 1 2 1 1 1 3 1
 0 2 1 0 2 0 2 1 1 3 1
 0 2 1 0 2 1 0 2 1 3 1
 0 2 1 0 2 1 1 0 2 3 1
 0 2 1 0 2 1 1 1 0 4 1
 0 2 1 1 0 1 2 1 1 3 1
 0 2 1 1 0 2 0 2 1 3 1
 0 2 1 1 0 2 1 0 2 3 1
 0 2 1 1 0 2 1 1 0 4 1
 0 2 1 1 1 0 1 2 1 3 1
 0 2 1 1 1 0 2 0 2 3 1
 0 2 1 1 1 0 2 1 0 4 1
 0 2 1 1 1 1 0 1 2 3 1
 0 2 1 1 1 1 0 2 0 4 1
 0 2 1 1 1 1 1 0 1 4 1
 1 0 1 1 2 1 1 1 1 3 1
 1 0 1 2 0 2 1 1 1 3 1
 1 0 1 2 1 0 2 1 1 3 1
 1 0 1 2 1 1 0 2 1 3 1
 1 0 1 2 1 1 1 0 2 3 1
 1 0 1 2 1 1 1 1 0 4 1
 1 0 2 0 1 2 1 1 1 3 1
 1 0 2 0 2 0 2 1 1 3 1
 1 0 2 0 2 1 0 2 1 3 1
 1 0 2 0 2 1 1 0 2 3 1
 1 0 2 0 2 1 1 1 0 4 1
 1 0 2 1 0 1 2 1 1 3 1
 1 0 2 1 0 2 0 2 1 3 1
 1 0 2 1 0 2 1 0 2 3 1
 1 0 2 1 0 2 1 1 0 4 1
 1 0 2 1 1 0 1 2 1 3 1
 1 0 2 1 1 0 2 0 2 3 1
 1 0 2 1 1 0 2 1 0 4 1
 1 0 2 1 1 1 0 1 2 3 1
 1 0 2 1 1 1 0 2 0 4 1
 1 0 2 1 1 1 1 0 1 4 1
 1 1 0 1 1 2 1 1 1 3 1
 1 1 0 1 2 0 2 1 1 3 1
 1 1 0 1 2 1 0 2 1 3 1
 1 1 0 1 2 1 1 0 2 3 1
 1 1 0 1 2 1 1 1 0 4 1
 1 1 0 2 0 1 2 1 1 3 1
 1 1 0 2 0 2 0 2 1 3 1
 1 1 0 2 0 2 1 0 2 3 1
 1 1 0 2 0 2 1 1 0 4 1
 1 1 0 2 1 0 1 2 1 3 1
 1 1 0 2 1 0 2 0 2 3 1
 1 1 0 2 1 0 2 1 0 4 1
 1 1 0 2 1 1 0 1 2 3 1
 1 1 0 2 1 1 0 2 0 4 1
 1 1 0 2 1 1 1 0 1 4 1
 1 1 1 0 1 1 2 1 1 3 1
 1 1 1 0 1 2 0 2 1 3 1
 1 1 1 0 1 2 1 0 2 3 1
 1 1 1 0 1 2 1 1 0 4 1
 1 1 1 0 2 0 1 2 1 3 1
 1 1 1 0 2 0 2 0 2 3 1
 1 1 1 0 2 0 2 1 0 4 1
 1 1 1 0 2 1 0 1 2 3 1
 1 1 1 0 2 1 0 2 0 4 1
 1 1 1 0 2 1 1 0 1 4 1
 1 1 1 1 0 1 1 2 1 3 1
 1 1 1 1 0 1 2 0 2 3 1
 1 1 1 1 0 1 2 1 0 4 1
 1 1 1 1 0 2 0 1 2 3 1
 1 1 1 1 0 2 0 2 0 4 1
 1 1 1 1 0 2 1 0 1 4 1
 1 1 1 1 1 0 1 1 2 3 1
 1 1 1 1 1 0 1 2 0 4 1
 1 1 1 1 1 0 2 0 1 4 1
 1 1 1 1 1 1 0 1 1 4 1

0 Hilbert basis elements of recession monoid:

384 vertices of polyhedron:
  0  0  3  1  1  1  1  1  1   3  1
  0  1  2  0  2  1  1  1  1   3  1
  0  1  2  1  0  2  1  1  1   3  1
  0  1  2  1  1  0  2  1  1   3  1
  0  1  2  1  1  1  0  2  1   3  1
  0  1  2  1  1  1  1  0  2   3  1
  0  1  2  1  1  1  1  1  0   4  1
  0  2  0  1  2  1  1  1  1   3  1
  0  2  0  2  0  2  1  1  1   3  1
  0  2  0  2  1  0  2  1  1   3  1
  0  2  0  2  1  1  0  2  1   3  1
  0  2  0  2  1  1  1  0  2   3  1
  0  2  0  2  1  1  1  1  0   4  1
  0  2  1  0  1  2  1  1  1   3  1
  0  2  1  0  2  0  2  1  1   3  1
  0  2  1  0  2  1  0  2  1   3  1
  0  2  1  0  2  1  1  0  2   3  1
  0  2  1  0  2  1  1  1  0   4  1
  0  2  1  1  0  1  2  1  1   3  1
  0  2  1  1  0  2  0  2  1   3  1
  0  2  1  1  0  2  1  0  2   3  1
  0  2  1  1  0  2  1  1  0   4  1
  0  2  1  1  1  0  1  2  1   3  1
  0  2  1  1  1  0  2  0  2   3  1
  0  2  1  1  1  0  2  1  0   4  1
  0  2  1  1  1  1  0  1  2   3  1
  0  2  1  1  1  1  0  2  0   4  1
  0  2  1  1  1  1  1  0  1   4  1
  0  3  0  5  2  2  2  2  2   6  2
  0  4  1  0  5  2  2  2  2   6  2
  0  5  4  3  2  0  7  3  3   9  3
  0  6  2  4  2  0  7  3  3   9  3
  0  7  4  5  4  4  3  0  9  12  4
  0  7  5  3  5  4  3  0  9  12  4
  0  8  3  5  3  5  3  0  9  12  4
  0  8  4  3  4  5  3  0  9  12  4
  0  9  6  3  0 12  5  5  5  15  5
  0 12  8  8  7  5  0 16  7  21  7
  0 14  6  6  9  5  0 16  7  21  7
  0 16  9 10 10  9  9  7  0  38  9
  0 16 11  8  8 11  9  7  0  38  9
  0 18  7 10 10  7 11  7  0  38  9
  0 18  9  8  8  9 11  7  0  38  9
  1  0  1  1  2  1  1  1  1   3  1
  1  0  1  2  0  2  1  1  1   3  1
  1  0  1  2  1  0  2  1  1   3  1
  1  0  1  2  1  1  0  2  1   3  1
  1  0  1  2  1  1  1  0  2   3  1
  1  0  1  2  1  1  1  1  0   4  1
  1  0  2  0  1  2  1  1  1   3  1
  1  0  2  0  2  0  2  1  1   3  1
  1  0  2  0  2  1  0  2  1   3  1
  1  0  2  0  2  1  1  0  2   3  1
  1  0  2  0  2  1  1  1  0   4  1
  1  0  2  1  0  1  2  1  1   3  1
  1  0  2  1  0  2  0  2  1   3  1
  1  0  2  1  0  2  1  0  2   3  1
  1  0  2  1  0  2  1  1  0   4  1
  1  0  2  1  1  0  1  2  1   3  1
  1  0  2  1  1  0  2  0  2   3  1
  1  0  2  1  1  0  2  1  0   4  1
  1  0  2  1  1  1  0  1  2   3  1
  1  0  2  1  1  1  0  2  0   4  1
  1  0  2  1  1  1  1  0  1   4  1
  1  0  5  0  4  2  2  2  2   6  2
  1  0  5  2  0  4  2  2  2   6  2
  1  0  5  2  2  0  4  2  2   6  2
  1  0  5  2  2  2  0  4  2   6  2
  1  0  5  2  2  2  2  0  4   6  2
  1  0  5  2  2  2  2  2  0   8  2
  1  1  0  1  1  2  1  1  1   3  1
  1  1  0  1  2  0  2  1  1   3  1
  1  1  0  1  2  1  0  2  1   3  1
  1  1  0  1  2  1  1  0  2   3  1
  1  1  0  1  2  1  1  1  0   4  1
  1  1  0  2  0  1  2  1  1   3  1
  1  1  0  2  0  2  0  2  1   3  1
  1  1  0  2  0  2  1  0  2   3  1
  1  1  0  2  0  2  1  1  0   4  1
  1  1  0  2  1  0  1  2  1   3  1
  1  1  0  2  1  0  2  0  2   3  1
  1  1  0  2  1  0  2  1  0   4  1
  1  1  0  2  1  1  0  1  2   3  1
  1  1  0  2  1  1  0  2  0   4  1
  1  1  0  2  1  1  1  0  1   4  1
  1  1  1  0  1  1  2  1  1   3  1
  1  1  1  0  1  2  0  2  1   3  1
  1  1  1  0  1  2  1  0  2   3  1
  1  1  1  0  1  2  1  1  0   4  1
  1  1  1  0  2  0  1  2  1   3  1
  1  1  1  0  2  0  2  0  2   3  1
  1  1  1  0  2  0  2  1  0   4  1
  1  1  1  0  2  1  0  1  2   3  1
  1  1  1  0  2  1  0  2  0   4  1
  1  1  1  0  2  1  1  0  1   4  1
  1  1  1  1  0  1  1  2  1   3  1
  1  1  1  1  0  1  2  0  2   3  1
  1  1  1  1  0  1  2  1  0   4  1
  1  1  1  1  0  2  0  1  2   3  1
  1  1  1  1  0  2  0  2  0   4  1
  1  1  1  1  0  2  1  0  1   4  1
  1  1  1  1  1  0  1  1  2   3  1
  1  1  1  1  1  0  1  2  0   4  1
  1  1  1  1  1  0  2  0  1   4  1
  1  1  1  1  1  1  0  1  1   4  1
  1  2  3  2  1  0  5  2  2   6  2
  1  3  0  1  5  2  2  2  2   6  2
  1  3  1  3  1  0  5  2  2   6  2
  1  5  1  0  8  3  3  3  3   9  3
  2  0  3  0  5  2  2  2  2   6  2
  2  1  1  1  5  2  2  2  2   6  2
  2  1  3  1  2  0  5  2  2   6  2
  2  2  1  2  2  0  5  2  2   6  2
  2  3  4  3  0  2  7  3  3   9  3
  2  4  0  6  2  0  7  3  3   9  3
  2  4  2  0  4  6  3  3  3   9  3
  2  4  2  0  7  0  6  3  3   9  3
  2  4  2  0  7  3  0  6  3   9  3
  2  4  2  0  7  3  3  0  6   9  3
  2  4  2  0  7  3  3  3  0  12  3
  2  4  2  4  0  2  7  3  3   9  3
  3  0  3 10  4  4  4  4  4  12  4
  3  0  5  3  0  7  3  3  3   9  3
  3  0  6  2  3  0  7  3  3   9  3
  3  0  9  3  0  9  4  4  4  12  4
  3  0  9  4  3  0  9  4  4  12  4
  3  1  3  0  8  3  3  3  3   9  3
  3  2  3  0  7  0  6  3  3   9  3
  3  2  3  0  7  3  0  6  3   9  3
  3  2  3  0  7  3  3  0  6   9  3
  3  2  3  0  7  3  3  3  0  12  3
  3  2  4  0  5  0  7  3  3   9  3
  3  2  4  2  1  2  7  3  3   9  3
  3  3  0  5  3  0  7  3  3   9  3
  3  3  0 14  5  5  5  5  5  15  5
  3  3  2  1  5  0  7  3  3   9  3
  3  3  2  3  1  2  7  3  3   9  3
  3  4  4  5  4  4  0  3  9  12  4
  3  4  5  0  8  4  3  0  9  12  4
  3  4  5  3  5  4  0  3  9  12  4
  3  4  5  4  3  0  5  8  4  12  4
  3  4  5  4  3  0  9  0  8  12  4
  3  4  5  4  3  0  9  4  0  16  4
  3  5  0  7  5  3  0  9  4  12  4
  3  5  0  8  3  5  3  0  9  12  4
  3  5  3  5  0  8  3  0  9  12  4
  3  5  3  5  3  0  5  8  4  12  4
  3  5  3  5  3  0  9  0  8  12  4
  3  5  3  5  3  0  9  4  0  16  4
  3  5  3  5  3  5  0  3  9  12  4
  3  5  4  0  7  5  3  0  9  12  4
  3  5  4  3  1  8  3  0  9  12  4
  3  5  4  3  4  5  0  3  9  12  4
  3  5  5  7  5  5  3  0 12  15  5
  3  5  7  3  7  5  3  0 12  15  5
  3  6  6  0  3 12  5  5  5  15  5
  3  7  3  7  3  7  3  0 12  15  5
  3  7  5  3  5  7  3  0 12  15  5
  3  9  9  3  0 18  7  7  7  21  7
  4  0  7  5  4  3  4  0  9  12  4
  4  0  8  3  5  3  4  0  9  12  4
  4  0 10  6  5  5  4  0 11  15  5
  4  0 11  4  6  5  4  0 11  15  5
  4  3  1  8  3  4  0  9  4  12  4
  4  3  1  8  4  3  4  0  9  12  4
  4  3  4  0  4  9  4  4  4  12  4
  4  3  4  5  4  0  7  0  9  12  4
  4  3  4  5  4  3  1  3  9  12  4
  4  3  5  0  8  3  4  0  9  12  4
  4  3  5  3  4  0  5  8  4  12  4
  4  3  5  3  4  0  9  0  8  12  4
  4  3  5  3  4  0  9  4  0  16  4
  4  3  5  3  5  0  7  0  9  12  4
  4  3  5  3  5  3  1  3  9  12  4
  4  4  0  7  4  4  0  9  4  12  4
  4  4  0  8  3  4  4  0  9  12  4
  4  4  0 12  0 10  5  5  5  15  5
  4  4  0 12  5  0 10  5  5  15  5
  4  4  0 12  5  5  0 10  5  15  5
  4  4  0 12  5  5  5  0 10  15  5
  4  4  0 12  5  5  5  5  0  20  5
  4  4  3  4  4  0  9  0  8  12  4
  4  4  3  4  4  0  9  4  0  16  4
  4  4  3  5  0  7  4  0  9  12  4
  4  4  3  5  3  1  7  0  9  12  4
  4  4  3  5  3  4  1  3  9  12  4
  4  4  4  0  7  4  4  0  9  12  4
  4  4  4  3  1  7  4  0  9  12  4
  4  4  4  3  4  1  7  0  9  12  4
  4  4  4  3  4  4  1  3  9  12  4
  4  5  0 11  5  4  0 11  5  15  5
  4  5  0 11  5  5  4  0 11  15  5
  4  5  5  6  5  5  4  0  6  20  5
  4  5  6  0  9  6  5  4  0  21  5
  4  5  6  4  6  5  4  0  6  20  5
  4  6  4  0 10  0 11  5  5  15  5
  4  6  4  0 11  4  0 11  5  15  5
  4  6  4  6  4  6  4  0  6  20  5
  4  6  5  0  9  5  6  4  0  21  5
  4  6  5  4  5  6  4  0  6  20  5
  5  3  5  7  5  3  5  0 12  15  5
  5  3  7  3  7  3  5  0 12  15  5
  5  4  1  8  0 12  5  5  5  15  5
  5  4  5  6  5  4  5  0  6  20  5
  5  4  6  0  9  6  4  5  0  21  5
  5  4  6  4  6  4  5  0  6  20  5
  5  5  3  7  3  5  5  0 12  15  5
  5  5  4  1 10  4  5  5  0  21  5
  5  5  4  5  5  0  5 11  5  15  5
  5  5  4  6  4  5  5  0  6  20  5
  5  5  5  0  9  5  5  5  0  21  5
  5  5  5  3  5  5  5  0 12  15  5
  5  6  6  0 13  6  6  5  0  25  6
  5  6  6  7  6  5  0  6 13  18  6
  5  6  7  5  0 13  6  5  0  25  6
  5  7  5  0 12  7  5  0 13  18  6
  5  7  5  0 13  5  7  5  0  25  6
  5  7  5  7  5  0 12  0 13  18  6
  5  7  8  8  7  0  5 16  7  21  7
  5  8  8  5  0 16  0 14  7  21  7
  5  8  8  5  0 16  7  0 14  21  7
  5  8  8  5  0 16  7  7  0  28  7
  5  9  6  6  9  0  5 16  7  21  7
  5  9 11 11  9  5  0 22  9  27  9
  5 13  7  7 13  5  0 22  9  27  9
  6  5  5  1  5 14  6  6  6  18  6
  6  5  6  0 13  5  6  0 13  18  6
  6  5  6  0 13  6  5  6  0  25  6
  6  5  6  7  5  6  0  6 13  18  6
  6  5  7  5  6  0 12  0 13  18  6
  6  6  0 16  6  0 15  7  7  21  7
  6  6  0 16  7  6  0 15  7  21  7
  6  6  0 16  7  7  6  0 15  21  7
  6  6  5  6  6  0 12  0 13  18  6
  6  6  6  5  6  6  6  0  6  25  6
  6  6  9  6  0  6 16  7  7  21  7
  6  8  6  7  8  6  0 14  0  29  7
  6  9  9  6  0  9 17  8  8  24  8
  6 10  7  0 17  6  0 18  8  24  8
  7  0 13  8  5  7  0 16  7  21  7
  7  0 19 10  9  7  0 20  9  27  9
  7  5  5  7  0 18  7  7  7  21  7
  7  5  8  8  0 12  0 16  7  21  7
  7  5  8  8  5  2  5 16  7  21  7
  7  6  6  7  0 16  0 14  7  21  7
  7  6  6  7  0 16  7  0 14  21  7
  7  6  6  7  0 16  7  7  0  28  7
  7  6  7  0 13  0 16  7  7  21  7
  7  6  8  6  7  0 14  7  0  29  7
  7  7  0  7 19  8  8  8  8  24  8
  7  7  6  1 12  7  0 16  7  21  7
  7  7  6  6  2 12  0 16  7  21  7
  7  7  9  9  7  0  7 18  8  24  8
  7  8  7  0 18  8  7  0 17  24  8
  7  8  7  0 18  8  8  7  0  33  8
  7  9  7  0 16  7  0 18  8  24  8
  7  9  7  7  9  0  7 18  8  24  8
  7  9  9 10 10  9  9  0  7  38  9
  7  9 10 10  9  7  0 20  0  36  9
  7  9 11  8  8 11  9  0  7  38  9
  7 10 10  7  0 20  9  8  0  37  9
  7 11  0 17 10  7 11  7  0  38  9
  7 11  7 10 10  0 18  7  0  38  9
  7 11  7 10 10  7 11  0  7  38  9
  7 11  8  8 11  7  0 11 18  27  9
  7 11  8  8 11  7  0 20  0  36  9
  7 11  9  8  1 16 11  7  0  38  9
  7 11  9  8  8  2 18  7  0  38  9
  7 11  9  8  8  9 11  0  7  38  9
  7 11 11 13 13 11 11  7  0  48 11
  7 11 15  9  9 15 11  7  0  48 11
  7 15  7 13 13  7 15  7  0  48 11
  7 15 11  9  9 11 15  7  0  48 11
  8  7  8  8  0 15  0 18  8  24  8
  8  8  7  7  8  1  7 18  8  24  8
  8  8  9 11  9  8  0  8 20  27  9
  8  9  9  8  0 20  9  8  0  37  9
  8 10 11 11 10  8  0 11 21  30 10
  8 10 12  9  0 21 10  8  0  42 10
  8 12  9 10 10  0 21  8  0  42 10
  9  0 16 10 10  9  7  9  0  38  9
  9  0 18  8  8 11  7  9  0  38  9
  9  0 22 12 12 11 11  9  0  46 11
  9  0 24 10 10 13 11  9  0  46 11
  9  5 11 11  5  9  0 22  9  27  9
  9  7  2 17 10  9  7  9  0  38  9
  9  7  9 10 10  9  0 16  0  38  9
  9  7  9 10 10  9  7  2  7  38  9
  9  7 10 10  7  9  0 20  0  36  9
  9  7 11  8  1 18  7  9  0  38  9
  9  7 11  8  8 11  0 16  0  38  9
  9  7 11  8  8 11  7  2  7  38  9
  9  8  8  9  0  9 20  9  9  27  9
  9  8  8 11  8  8  1  8 20  27  9
  9  8  9  0 17  9  0 20  9  27  9
  9  8 10  7 10  0 17  0 20  27  9
  9  9  0 17 10  7  9  9  0  38  9
  9  9  0 22  9  9  0 22 10  30 10
  9  9  0 22 10  9  9  0 22  30 10
  9  9  7  7  9  9  0 22  9  27  9
  9  9  7 10 10  0 16  9  0  38  9
  9  9  7 10 10  7  2 16  0  38  9
  9  9  7 10 10  7  9  2  7  38  9
  9  9  8  8  9  9  0 20  0  36  9
  9  9  8  9  8  1 17  0 20  27  9
  9  9  9  8  1 16  9  9  0  38  9
  9  9  9  8  8  2 16  9  0  38  9
  9  9  9  8  8  9  2 16  0  38  9
  9  9 10 11 11 10  9  0  9  42 10
  9  9 12  9  0 21  9  9  0  42 10
  9  9 12  9  9 12  9  0  9  42 10
  9 11  0 23 12 11 11  9  0  46 11
  9 11 10  9  9 10 11  0  9  42 10
  9 12 12  9  0 24  9  0 24  33 11
  9 12 12  9 12 12  9  0 12  45 11
  9 13 10 10 13  9  0 23  0  45 11
 10  8 11 11  8 10  0 11 21  30 10
 10  9  9 10  0 22  9 10  0  41 10
 10  9  9 11 11  9  9  1  9  42 10
 10  9 10  9 10  0 10 22 10  30 10
 10  9 11  9  9 11  9  1  9  42 10
 10 10  0 23 12 11 10 10  0  46 11
 10 10  9 10 10  0 19 10  0  42 10
 10 10  9 10 10  9  1 19  0  42 10
 10 10 10  9  9 10 10  1  9  42 10
 10 12  9 12 12  9  1 21  0  46 11
 10 13 13 10  0 25 13 10  0  50 12
 11  7 11 13 13 11  7 11  0  48 11
 11  7 15  9  9 15  7 11  0  48 11
 11  9 12 11  0 23  9 11  0  46 11
 11 10 10 10  1 10 25 11 11  33 11
 11 10 11 11 10 11  0 11 24  33 11
 11 10 12 10 10  1 21 11  0  46 11
 11 11  7 13 13  7 11 11  0  48 11
 11 11 10 10 11 11  0 11 24  33 11
 11 11 11  9  9 11 11 11  0  48 11
 11 13 13 14 14 13 11  0 13  54 13
 11 13 15 12 12  0 28 11  0  54 13
 11 15 15 15 11  0 15 30 14  42 14
 12 11 12 12 12 11 12  0 12  50 12
 12 12  0 24  0 30 13 13 13  39 13
 12 12 11 12 11 12 12  0 12  50 12
 12 12 12  0 12 30 13 13 13  39 13
 12 12 15 12 12  0 27 12  0  54 13
 12 14 12 12 14 12  0 26  0  54 13
 13 11 13 14 14 11 13  0 13  54 13
 13 12 12 13  0 25  0 29 13  39 13
 13 13  0 33 16 15 15 13  0  62 15
 13 13 12 12 13 13  0 26  0  54 13
 13 13 13 17 13 13  0 13 31  42 14
 13 15 13 13 13 15  0 13 31  42 14
 14 13 14 13 14  0 27  0 31  42 14
 14 14 13 13 13 14  1 13 31  42 14
 14 15 19 15 14  0 35 14  0  66 16
 14 17 18 18 18 17 14  0 18  70 17
 14 18 13 18 14  0 35 14  0  66 16
 16 15 15 15  1 30  0 36 16  48 16
 16 16 15 15 16 15  1 31  0  67 16
 16 16 21 16 21 16  0 16 40  54 18
 16 23 21 18  0 39 23 16  0  84 20
 17 14 18 18 18 14 17  0 18  70 17
 17 16 16 16 16  1 16 38 17  51 17
 17 22 22 22 22 17  0 22 45  63 21
 18 18 18 18  0 18 43 19 19  57 19
 18 21 21 18  0 39 21 18  0  84 20
 18 23 23 23 23 18  0 46  0  90 22
 19 18 18 19  0 36 19  0 42  57 19
 20 20 19 19 19 19  2 38  0  84 20
 20 22 20 20 20 20 22  0 20  88 21
 21 21 20 20 20 20 21  1 20  88 21
 21 26 21 26 26 21  0 47  0 100 24
 22 21 21 22  0 43 21 22  0  92 22
 24 23 23 23 23 23  1 23 53  72 24
 24 30 30 30 30 30 24  0 30 120 29
 25 25 25 25  0 50  0 58 26  78 26
 25 25 25 25 25  0 25 58 26  78 26
 29 29 29 34 34 29 29  0 29 130 31
 31 29 31 30 30 31  0 60  0 130 31
 31 30 30 30 30 30  1 60  0 130 31
 32 31 31 31 31 31 31  1 31 134 32
 33 33 33 33 33 33  0 33 75 102 34
 42 42 42 42 42 42  0 84  0 180 43
 42 42 42 42 42 42 42  0 42 180 43
 43 41 42 42 41 43  0 84  0 180 43

0 extreme rays of recession cone:

34 support hyperplanes of polyhedron (homogenized):
 -33   8  7   6   5  4  3   2   1 0 0
 -12 -13  7   6   5  4  3   2   1 0 0
  -5  -6 -7   6   5  4  3   2   1 0 0
  -3  -5 -7  -9  10  8  6   4   2 0 0
  -1  -1 -1  -1   1  1  1   1   1 0 0
  -1  -1 -1   0   0  1  1   1   1 0 0
  -1  -1 -1   0   1  1  1   1   0 0 0
  -1  -1 -1   1   1  1  1   0   0 0 0
  -1  -1  0   0   0  0  1   1   1 0 0
  -1  -1  0   0   0  1  1   1   0 0 0
  -1  -1  0   0   1  1  1   0   0 0 0
  -1  -1  0   1   1  1  0   0   0 0 0
  -1  -1  1   1   1  0  0   0   0 0 0
  -1   0  0   0   0  0  0   1   1 0 0
  -1   0  0   0   0  0  1   1   0 0 0
  -1   0  0   0   0  1  1   0   0 0 0
  -1   0  0   0   1  1  0   0   0 0 0
  -1   0  0   1   1  0  0   0   0 0 0
  -1   0  1   1   0  0  0   0   0 0 0
  -1   1  1   0   0  0  0   0   0 0 0
   0   0  0   0   0  0  0   0   1 0 0
   0   0  0   0   0  0  0   1   0 0 0
   0   0  0   0   0  0  1   0   0 0 0
   0   0  0   0   0  1  0   0   0 0 0
   0   0  0   0   1  0  0   0   0 0 0
   0   0  0   1   0  0  0   0   0 0 0
   0   0  1   0   0  0  0   0   0 0 0
   0   1  0   0   0  0  0   0   0 0 0
   1   0  0   0   0  0  0   0   0 0 0
   2   1  0  -1  -2 -3  3   2   1 0 0
   3  -2 -7 -12 -17 20 15  10   5 0 0
   3   2  1   0  -1 -2 -3   2   1 0 0
  13  10  7   4   1 -2 -5  -8 -11 0 0
  15  11  7   3  -1 -5 -9 -13   4 0 0

2 equations:
 1 0 -1 -2 -3 -4 -5 -6 -7 -8  54
 0 1  2  3  4  5  6  7  8  9 -66

9 basis elements of generated  lattice:
 1 0 0 0 0 0 0 0 -9   8 0
 0 1 0 0 0 0 0 0 -8   7 0
 0 0 1 0 0 0 0 0 -7   6 0
 0 0 0 1 0 0 0 0 -6   5 0
 0 0 0 0 1 0 0 0 -5   4 0
 0 0 0 0 0 1 0 0 -4   3 0
 0 0 0 0 0 0 1 0 -3   2 0
 0 0 0 0 0 0 0 1 -2   1 0
 0 0 0 0 0 0 0 0 42 -30 1

