56 lattice points in polytope (module generators)
0 Hilbert basis elements of recession monoid
96 vertices of polyhedron
0 extreme rays of recession cone
25 support hyperplanes of polyhedron (homogenized)

embedding dimension = 8
affine dimension of the polyhedron = 5
rank of recession monoid = 0 (polyhedron is polytope)

dehomogenization:
0 0 0 0 0 0 0 1 


module rank = 56

***********************************************************************

56 lattice points in polytope (module generators):
 1 2 4 2 2 2 4 1
 1 3 2 3 2 2 4 1
 1 3 3 1 3 2 4 1
 1 3 3 2 1 3 4 1
 1 3 3 2 2 1 5 1
 1 4 0 4 2 2 4 1
 1 4 1 2 3 2 4 1
 1 4 1 3 1 3 4 1
 1 4 1 3 2 1 5 1
 1 4 2 0 4 2 4 1
 1 4 2 1 2 3 4 1
 1 4 2 1 3 1 5 1
 1 4 2 2 1 2 5 1
 2 1 3 3 2 2 4 1
 2 1 4 1 3 2 4 1
 2 1 4 2 1 3 4 1
 2 1 4 2 2 1 5 1
 2 2 1 4 2 2 4 1
 2 2 2 2 3 2 4 1
 2 2 2 3 1 3 4 1
 2 2 2 3 2 1 5 1
 2 2 3 0 4 2 4 1
 2 2 3 1 2 3 4 1
 2 2 3 1 3 1 5 1
 2 2 3 2 0 4 4 1
 2 2 3 2 1 2 5 1
 2 2 3 2 2 0 6 1
 2 3 0 3 3 2 4 1
 2 3 0 4 1 3 4 1
 2 3 0 4 2 1 5 1
 2 3 1 1 4 2 4 1
 2 3 1 2 2 3 4 1
 2 3 1 2 3 1 5 1
 2 3 1 3 1 2 5 1
 2 3 1 3 2 0 6 1
 2 3 2 0 3 3 4 1
 2 3 2 0 4 1 5 1
 2 3 2 1 2 2 5 1
 3 0 3 2 3 2 4 1
 3 0 3 3 1 3 4 1
 3 0 3 3 2 1 5 1
 3 0 4 0 4 2 4 1
 3 0 4 1 2 3 4 1
 3 0 4 1 3 1 5 1
 3 0 4 2 1 2 5 1
 3 1 2 1 4 2 4 1
 3 1 2 2 2 3 4 1
 3 1 2 2 3 1 5 1
 3 1 2 3 0 4 4 1
 3 1 2 3 1 2 5 1
 3 1 3 0 3 3 4 1
 3 1 3 0 4 1 5 1
 3 1 3 1 2 2 5 1
 3 1 3 1 3 0 6 1
 3 2 1 2 2 2 5 1
 3 2 1 2 3 0 6 1

0 Hilbert basis elements of recession monoid:

96 vertices of polyhedron:
   1  2  4   2  2   2   4  1
   1  4  0   4  2   2   4  1
   1  4  1   3  1   3   4  1
   1  4  2   0  4   2   4  1
   1  4  2   1  2   3   4  1
   1  4  2   1  3   1   5  1
   1  4  2   2  1   2   5  1
   2  2  3   2  0   4   4  1
   2  2  3   2  2   0   6  1
   2  3  0   4  1   3   4  1
   2  3  1   1  4   2   4  1
   2  3  1   3  2   0   6  1
   2  3  2   0  3   3   4  1
   2  3  2   0  4   1   5  1
   2  7  5   4  4   1  11  2
   2  8  3   5  4   1  11  2
   3  0  3   2  3   2   4  1
   3  0  3   3  1   3   4  1
   3  0  3   3  2   1   5  1
   3  0  4   0  4   2   4  1
   3  0  4   1  2   3   4  1
   3  0  4   2  1   2   5  1
   3  1  2   1  4   2   4  1
   3  1  2   3  0   4   4  1
   3  1  3   0  3   3   4  1
   3  1  3   0  4   1   5  1
   3  1  3   1  3   0   6  1
   3  2  1   2  2   2   5  1
   3  2  1   2  3   0   6  1
   3  6  5   4  0   8   8  2
   3 11  7   6  1  11  12  3
   3 22 10   9  6  13  22  5
   3 22 10   9  9   7  25  5
   3 28 14  16 16  14  28  7
   3 28 18  12 12  18  28  7
   3 32 10  16 16  10  32  7
   3 32 14  12 12  14  32  7
   4  5  5   3  1   8   8  2
   4  5  5   4  0   7   9  2
   5  0  8   4  5   4   8  2
   5  0  8   5  3   5   8  2
   5  0  9   3  5   3   9  2
   5  0  9   4  3   4   9  2
   5  1  8   4  1   7   8  2
   5  1  8   4  4   1  11  2
   5  2  3   8  4   4   8  2
   5  4  5   4  1   4  11  2
   5  5  0   5  7   4   8  2
   5  5  0   7  3   6   8  2
   5  5  0   8  2   5   9  2
   5  5  0   8  4   1  11  2
   5  5  4   1  5   4  10  2
   5 30 12  15 15   5  37  7
   6  0  7   5  1   7   8  2
   6  0  8   3  5   1  11  2
   6  3  3   5  1   8   8  2
   6  3  3   6  0   7   9  2
   6  4  2   5  3   3  11  2
   6  4  3   3  4   3  11  2
   7  7  7   6  1   7  16  3
   7  8  4   8  3   4  17  3
   7 13  7   0 16   9  16  4
   7 13  7   0 17   7  17  4
   7 36 20  17  6  31  36  9
   8  1  7  11  6   6  12  3
   9  4  8   1 11   1  17  3
   9  4  8   4  5   4  17  3
   9  5  4   9  1   8  15  3
   9  5  5   4  5  11  12  3
   9  5  7   2  7   5  16  3
   9  6  4   6  5   4  17  3
  10  9  9   1  9  14  16  4
  11  0 17   8  3  12  17  4
  11  0 17   8  7   4  21  4
  11  9  2   9  9  12  16  4
  11  9  2  14  4   7  21  4
  12  3 12   0 16   9  16  4
  12  3 12   0 17   7  17  4
  12  7  5   7  7  14  16  4
  14  0 14  16 11  10  20  5
  14  0 14  17  9  11  20  5
  14  0 20  11  3  17  20  5
  14  0 21   9 11   3  27  5
  15  8  8  14  1  14  25  5
  15 14  1  24  4  20  24  6
  17 10  7  20  0  24  24  6
  25 19 19   6 19  19  46  9
  27 17 17  10 17  17  48  9
  27 27  0  44 10  35  44 11
  27 27  0  45  9  34  45 11
  30 41 41  30  0  65  65 16
  33 20 20  20 13  20  61 11
  33 28 28  28  5  28  71 13
  37 37  0  64 35  35  64 16
  37 37  0  70 29  29  70 16
 142 71 71 142  0 195 195 48

0 extreme rays of recession cone:

25 support hyperplanes of polyhedron (homogenized):
 -26  15  12   9   6   3 0 0
 -14 -19  20  15  10   5 0 0
  -2  -9 -16  21  14   7 0 0
  -1  -1   0   1   1   1 0 0
  -1  -1   1   1   1   0 0 0
  -1   0   0   0   1   1 0 0
  -1   0   0   1   1   0 0 0
  -1   0   1   1   0   0 0 0
  -1   1   1   0   0   0 0 0
   0   0   0   0   1   0 0 0
   0   0   0   1   0   0 0 0
   0   0   1   0   0   0 0 0
   0   1   0   0   0   0 0 0
   2   1   0  -1  -2   1 0 0
  10   1  -8 -17  18   9 0 0
  34  21   8  -5 -18 -31 0 0
  58  -3 -20 -37  34  17 0 0
  58  -3 -20   7 -10  17 0 0
  58  -3  24   7 -10 -27 0 0
  58  41 -20 -37 -10  17 0 0
  58  41 -20   7 -10 -27 0 0
  58  41  24 -37 -54  17 0 0
  58  41  24 -37 -10 -27 0 0
  58  41  24   7 -54 -27 0 0
  58  41  24   7 -10 -71 0 0

2 equations:
 1 0 -1 -2 -3 -4 -5  41
 0 1  2  3  4  5  6 -58

6 basis elements of generated  lattice:
 1 0 0 0 0 -6   5 0
 0 1 0 0 0 -5   4 0
 0 0 1 0 0 -4   3 0
 0 0 0 1 0 -3   2 0
 0 0 0 0 1 -2   1 0
 0 0 0 0 0 44 -27 1

