103 lattice points in polytope (module generators)
0 Hilbert basis elements of recession monoid
341 vertices of polyhedron
0 extreme rays of recession cone
36 support hyperplanes of polyhedron (homogenized)

embedding dimension = 11
affine dimension of the polyhedron = 8
rank of recession monoid = 0 (polyhedron is polytope)

dehomogenization:
0 0 0 0 0 0 0 0 0 0 1 


module rank = 103

***********************************************************************

103 lattice points in polytope (module generators):
 3 4 4 3 3 3 3 3 3 5 1
 3 5 2 4 3 3 3 3 3 5 1
 3 5 3 2 4 3 3 3 3 5 1
 3 5 3 3 2 4 3 3 3 5 1
 3 5 3 3 3 2 4 3 3 5 1
 3 5 3 3 3 3 2 4 3 5 1
 3 5 3 3 3 3 3 2 4 5 1
 3 5 3 3 3 3 3 3 2 6 1
 4 2 5 3 3 3 3 3 3 5 1
 4 3 3 4 3 3 3 3 3 5 1
 4 3 4 2 4 3 3 3 3 5 1
 4 3 4 3 2 4 3 3 3 5 1
 4 3 4 3 3 2 4 3 3 5 1
 4 3 4 3 3 3 2 4 3 5 1
 4 3 4 3 3 3 3 2 4 5 1
 4 3 4 3 3 3 3 3 2 6 1
 4 4 1 5 3 3 3 3 3 5 1
 4 4 2 3 4 3 3 3 3 5 1
 4 4 2 4 2 4 3 3 3 5 1
 4 4 2 4 3 2 4 3 3 5 1
 4 4 2 4 3 3 2 4 3 5 1
 4 4 2 4 3 3 3 2 4 5 1
 4 4 2 4 3 3 3 3 2 6 1
 4 4 3 1 5 3 3 3 3 5 1
 4 4 3 2 3 4 3 3 3 5 1
 4 4 3 2 4 2 4 3 3 5 1
 4 4 3 2 4 3 2 4 3 5 1
 4 4 3 2 4 3 3 2 4 5 1
 4 4 3 2 4 3 3 3 2 6 1
 4 4 3 3 2 3 4 3 3 5 1
 4 4 3 3 2 4 2 4 3 5 1
 4 4 3 3 2 4 3 2 4 5 1
 4 4 3 3 2 4 3 3 2 6 1
 4 4 3 3 3 2 3 4 3 5 1
 4 4 3 3 3 2 4 2 4 5 1
 4 4 3 3 3 2 4 3 2 6 1
 4 4 3 3 3 3 2 3 4 5 1
 4 4 3 3 3 3 2 4 2 6 1
 4 4 3 3 3 3 3 2 3 6 1
 5 1 4 4 3 3 3 3 3 5 1
 5 1 5 2 4 3 3 3 3 5 1
 5 1 5 3 2 4 3 3 3 5 1
 5 1 5 3 3 2 4 3 3 5 1
 5 1 5 3 3 3 2 4 3 5 1
 5 1 5 3 3 3 3 2 4 5 1
 5 1 5 3 3 3 3 3 2 6 1
 5 2 3 3 4 3 3 3 3 5 1
 5 2 3 4 2 4 3 3 3 5 1
 5 2 3 4 3 2 4 3 3 5 1
 5 2 3 4 3 3 2 4 3 5 1
 5 2 3 4 3 3 3 2 4 5 1
 5 2 3 4 3 3 3 3 2 6 1
 5 2 4 1 5 3 3 3 3 5 1
 5 2 4 2 3 4 3 3 3 5 1
 5 2 4 2 4 2 4 3 3 5 1
 5 2 4 2 4 3 2 4 3 5 1
 5 2 4 2 4 3 3 2 4 5 1
 5 2 4 2 4 3 3 3 2 6 1
 5 2 4 3 2 3 4 3 3 5 1
 5 2 4 3 2 4 2 4 3 5 1
 5 2 4 3 2 4 3 2 4 5 1
 5 2 4 3 2 4 3 3 2 6 1
 5 2 4 3 3 2 3 4 3 5 1
 5 2 4 3 3 2 4 2 4 5 1
 5 2 4 3 3 2 4 3 2 6 1
 5 2 4 3 3 3 2 3 4 5 1
 5 2 4 3 3 3 2 4 2 6 1
 5 2 4 3 3 3 3 2 3 6 1
 5 3 2 3 3 4 3 3 3 5 1
 5 3 2 3 4 2 4 3 3 5 1
 5 3 2 3 4 3 2 4 3 5 1
 5 3 2 3 4 3 3 2 4 5 1
 5 3 2 3 4 3 3 3 2 6 1
 5 3 2 4 2 3 4 3 3 5 1
 5 3 2 4 2 4 2 4 3 5 1
 5 3 2 4 2 4 3 2 4 5 1
 5 3 2 4 2 4 3 3 2 6 1
 5 3 2 4 3 2 3 4 3 5 1
 5 3 2 4 3 2 4 2 4 5 1
 5 3 2 4 3 2 4 3 2 6 1
 5 3 2 4 3 3 2 3 4 5 1
 5 3 2 4 3 3 2 4 2 6 1
 5 3 2 4 3 3 3 2 3 6 1
 5 3 3 2 3 3 4 3 3 5 1
 5 3 3 2 3 4 2 4 3 5 1
 5 3 3 2 3 4 3 2 4 5 1
 5 3 3 2 3 4 3 3 2 6 1
 5 3 3 2 4 2 3 4 3 5 1
 5 3 3 2 4 2 4 2 4 5 1
 5 3 3 2 4 2 4 3 2 6 1
 5 3 3 2 4 3 2 3 4 5 1
 5 3 3 2 4 3 2 4 2 6 1
 5 3 3 2 4 3 3 2 3 6 1
 5 3 3 3 2 3 3 4 3 5 1
 5 3 3 3 2 3 4 2 4 5 1
 5 3 3 3 2 3 4 3 2 6 1
 5 3 3 3 2 4 2 3 4 5 1
 5 3 3 3 2 4 2 4 2 6 1
 5 3 3 3 2 4 3 2 3 6 1
 5 3 3 3 3 2 3 3 4 5 1
 5 3 3 3 3 2 3 4 2 6 1
 5 3 3 3 3 2 4 2 3 6 1
 5 3 3 3 3 3 2 3 3 6 1

0 Hilbert basis elements of recession monoid:

341 vertices of polyhedron:
   3   4   4   3   3   3   3   3   3   5  1
   3   5   2   4   3   3   3   3   3   5  1
   3   5   3   2   4   3   3   3   3   5  1
   3   5   3   3   2   4   3   3   3   5  1
   3   5   3   3   3   2   4   3   3   5  1
   3   5   3   3   3   3   2   4   3   5  1
   3   5   3   3   3   3   3   2   4   5  1
   3   5   3   3   3   3   3   3   2   6  1
   4   2   5   3   3   3   3   3   3   5  1
   4   4   1   5   3   3   3   3   3   5  1
   4   4   3   1   5   3   3   3   3   5  1
   4   4   3   3   2   3   4   3   3   5  1
   4   4   3   3   2   4   2   4   3   5  1
   4   4   3   3   2   4   3   2   4   5  1
   4   4   3   3   2   4   3   3   2   6  1
   4   4   3   3   3   2   3   4   3   5  1
   4   4   3   3   3   2   4   2   4   5  1
   4   4   3   3   3   2   4   3   2   6  1
   4   4   3   3   3   3   2   3   4   5  1
   4   4   3   3   3   3   2   4   2   6  1
   4   4   3   3   3   3   3   2   3   6  1
   5   1   4   4   3   3   3   3   3   5  1
   5   1   5   2   4   3   3   3   3   5  1
   5   1   5   3   2   4   3   3   3   5  1
   5   1   5   3   3   2   4   3   3   5  1
   5   1   5   3   3   3   2   4   3   5  1
   5   1   5   3   3   3   3   2   4   5  1
   5   1   5   3   3   3   3   3   2   6  1
   5   2   3   4   3   2   4   3   3   5  1
   5   2   3   4   3   3   2   4   3   5  1
   5   2   3   4   3   3   3   2   4   5  1
   5   2   3   4   3   3   3   3   2   6  1
   5   2   4   1   5   3   3   3   3   5  1
   5   2   4   3   2   3   4   3   3   5  1
   5   2   4   3   2   4   2   4   3   5  1
   5   2   4   3   2   4   3   2   4   5  1
   5   2   4   3   2   4   3   3   2   6  1
   5   2   4   3   3   2   3   4   3   5  1
   5   2   4   3   3   2   4   2   4   5  1
   5   2   4   3   3   2   4   3   2   6  1
   5   2   4   3   3   3   2   3   4   5  1
   5   2   4   3   3   3   2   4   2   6  1
   5   2   4   3   3   3   3   2   3   6  1
   5   3   2   3   3   4   3   3   3   5  1
   5   3   2   3   4   2   4   3   3   5  1
   5   3   2   3   4   3   2   4   3   5  1
   5   3   2   3   4   3   3   2   4   5  1
   5   3   2   3   4   3   3   3   2   6  1
   5   3   2   4   2   3   4   3   3   5  1
   5   3   2   4   2   4   2   4   3   5  1
   5   3   2   4   2   4   3   2   4   5  1
   5   3   2   4   2   4   3   3   2   6  1
   5   3   2   4   3   2   3   4   3   5  1
   5   3   2   4   3   2   4   2   4   5  1
   5   3   2   4   3   2   4   3   2   6  1
   5   3   2   4   3   3   2   3   4   5  1
   5   3   2   4   3   3   2   4   2   6  1
   5   3   2   4   3   3   3   2   3   6  1
   5   3   3   2   3   3   4   3   3   5  1
   5   3   3   2   3   4   2   4   3   5  1
   5   3   3   2   3   4   3   2   4   5  1
   5   3   3   2   3   4   3   3   2   6  1
   5   3   3   2   4   2   3   4   3   5  1
   5   3   3   2   4   2   4   2   4   5  1
   5   3   3   2   4   2   4   3   2   6  1
   5   3   3   2   4   3   2   3   4   5  1
   5   3   3   2   4   3   2   4   2   6  1
   5   3   3   2   4   3   3   2   3   6  1
   5   3   3   3   2   3   3   4   3   5  1
   5   3   3   3   2   3   4   2   4   5  1
   5   3   3   3   2   3   4   3   2   6  1
   5   3   3   3   2   4   2   3   4   5  1
   5   3   3   3   2   4   2   4   2   6  1
   5   3   3   3   2   4   3   2   3   6  1
   5   3   3   3   3   2   3   3   4   5  1
   5   3   3   3   3   2   3   4   2   6  1
   5   3   3   3   3   2   4   2   3   6  1
   5   3   3   3   3   3   2   3   3   6  1
   9   6   3  10   6   6   6   6   6  10  2
   9   6   6   7   6   6   6   3   9  10  2
   9   6   7   5   7   6   6   3   9  10  2
   9   7   2   9   7   6   6   6   6  10  2
   9   7   2  10   5   7   6   6   6  10  2
   9   7   2  10   6   5   7   6   6  10  2
   9   7   2  10   6   6   5   7   6  10  2
   9   7   2  10   6   6   6   5   7  10  2
   9   7   2  10   6   6   6   6   5  11  2
   9   7   5   7   5   7   6   3   9  10  2
   9   7   6   3   7   8   6   6   6  10  2
   9   7   6   3   9   4   8   6   6  10  2
   9   7   6   3   9   6   4   8   6  10  2
   9   7   6   3   9   6   6   4   8  10  2
   9   7   6   3   9   6   6   6   4  12  2
   9   7   6   5   6   7   6   3   9  10  2
  10   5   5   5   9   6   6   6   6  10  2
  10   5   6   7   6   5   7   3   9  10  2
  10   5   7   3   7   8   6   6   6  10  2
  10   5   7   3   9   6   4   8   6  10  2
  10   5   7   3   9   6   6   4   8  10  2
  10   5   7   3   9   6   6   6   4  12  2
  10   5   7   5   7   5   7   3   9  10  2
  10   6   4   7   7   3   9   6   6  10  2
  10   6   5   5   8   3   9   6   6  10  2
  10   6   5   7   5   6   7   3   9  10  2
  10   6   6   5   6   6   7   3   9  10  2
  13   9  11   9   9   4  14   9   9  15  3
  13  11   7  11   9   4  14   9   9  15  3
  14   9  10   9   9   5  10  12   9  15  3
  14   9  10   9   9   5  13   6  12  15  3
  14   9  10   9   9   5  13   9   6  18  3
  14  10   4  14   6  12   9   9   9  15  3
  14  10   4  14   9   9   6  12   9  15  3
  14  10   4  14   9   9   9   6  12  15  3
  14  10   4  14   9   9   9   9   6  18  3
  14  10   8  10   6   8  13   9   9  15  3
  14  10   8  10   6  12   9   5  13  15  3
  14  10   8  10   9   5  10  12   9  15  3
  14  10   8  10   9   5  13   6  12  15  3
  14  10   8  10   9   5  13   9   6  18  3
  14  10   9   8   7  12   9   5  13  15  3
  14  25  15  15  15  16  15  15  15  25  5
  14  25  15  15  16  14  16  15  15  25  5
  14  25  15  16  14  16  14  16  15  25  5
  14  25  15  16  15  14  15  16  15  25  5
  14  25  16  14  15  16  15  14  16  25  5
  14  25  16  14  16  14  16  14  16  25  5
  14  25  16  15  14  16  14  15  16  25  5
  14  25  16  15  15  14  15  15  16  25  5
  14  26  14  15  15  16  15  15  14  26  5
  14  26  14  15  16  14  16  15  14  26  5
  14  26  14  16  14  16  14  16  14  26  5
  14  26  14  16  15  14  15  16  14  26  5
  14  26  15  14  15  16  15  14  15  26  5
  14  26  15  14  16  14  16  14  15  26  5
  14  26  15  15  14  16  14  15  15  26  5
  14  26  15  15  15  14  15  15  15  26  5
  15   7  11   7  11   4  14   9   9  15  3
  15   8   7  12   4  14   9   9   9  15  3
  15   8   7  12   8  10   5  13   9  15  3
  15   8   7  12   9   8  10   5  13  15  3
  15   8   9  10   9   6  12   5  13  15  3
  15   8  10   5  13   5  13   9   9  15  3
  15   8  10   8   7   8  13   9   9  15  3
  15   8  10   8  10   5  10  12   9  15  3
  15   8  10   8  10   5  13   9   6  18  3
  15   9   6  11   9  10   5  13   9  15  3
  15   9   6  12   8   9  10   5  13  15  3
  15   9   7   9  11   4  14   9   9  15  3
  15   9   8   9   7   8  13   9   9  15  3
  15   9   8   9  10   5  10  12   9  15  3
  15   9   8   9  10   5  13   6  12  15  3
  15   9   8   9  10   5  13   9   6  18  3
  15   9   8  10   6  11  10   5  13  15  3
  15   9   8  10   8   7  12   5  13  15  3
  15   9   9   6  11   9  10   5  13  15  3
  15   9   9   8   7  11  10   5  13  15  3
  15   9   9   8   9   7  12   5  13  15  3
  19  12  12  13  12  12  12   7  13  24  4
  19  12  13  11  13  12   8  11  17  20  4
  19  12  13  11  13  12  12   7  13  24  4
  19  12  13  12   7  12  17  12  12  20  4
  19  13   6  13  17  12  12  12  12  20  4
  19  13   6  18  12   7  17  12  12  20  4
  19  13  11  13  11  13   8  11  17  20  4
  19  13  11  13  11  13  12   7  13  24  4
  19  13  12   7  16  13  12   7  17  20  4
  19  13  12  11  12  13   8  11  17  20  4
  19  13  12  11  12  13  12   7  13  24  4
  20  11  12  13  12  11   9  11  17  20  4
  20  11  12  13  12  11  13   7  13  24  4
  20  11  13   7  17  11  13   7  17  20  4
  20  11  13  11  13   7  17   7  17  20  4
  20  11  13  11  13  11   9  11  17  20  4
  20  11  13  11  13  11  13   7  13  24  4
  20  12  11   9  16  11  12  13   7  25  4
  20  12  11  13  11  12   9  11  17  20  4
  20  12  11  13  11  12  13   7  13  24  4
  20  12  12   8  15  12  12  13   7  25  4
  20  12  12  11  12  12   9  11  17  20  4
  20  12  12  11  12  12  13   7  13  24  4
  21  17  17  15   6  24  15  15  15  25  5
  23  16  16  15   8  22  10  20  15  25  5
  23  16  16  15   8  22  15  10  20  25  5
  23  16  16  15   8  22  15  15  10  30  5
  24  15   9  22  15  15   9  21  15  25  5
  24  15   9  22  15  15  15   9  21  25  5
  24  15  15  16  15  15   9  15  21  25  5
  24  15  16   8  22  15  15   9  21  25  5
  24  16   8  21  16  15   9  21  15  25  5
  24  16   8  22  14  16  15   9  21  25  5
  24  16  14  10  21  14  16  15   9  31  5
  24  16  14  16  14  10  21   9  21  25  5
  24  16  15   9  20  15  16  15   9  31  5
  25  13  13  19   6  24  15  15  15  25  5
  25  14  14  17   8  17  20  15  15  25  5
  25  14  14  17   8  22  15  10  20  25  5
  25  14  14  17   8  22  15  15  10  30  5
  25  14  15  10  21  15  14  16   9  31  5
  25  14  16   9  20  16  14  16   9  31  5
  25  15  14  11  18  17   8  22  15  25  5
  25  15  14  14  12  20   8  22  15  25  5
  25  15  14  15  15  10  15  21  15  25  5
  25  15  14  15  16   9  20  16   9  31  5
  28  19  19  18  10  19  25  18  18  30  6
  29  18  18  11  26  18  18  18  11  37  6
  29  18  18  19  10  26  18  11  25  30  6
  29  18  19  10  25  19  18  18  11  37  6
  29  18  19  17  18  19  18  11  18  37  6
  29  19  18  17  18  18  19  11  18  37  6
  30  16  19  19  11  25  10  26  18  30  6
  30  17  17  13  17  26  18  18  18  30  6
  30  17  17  20  10  26  11  25  18  30  6
  30  18  18  17  18  18  18  12  18  37  6
  31  21  23  23  21  21  10  32  21  35  7
  31  25  19  19  25  21  10  32  21  35  7
  33  21  22  22  21  21  12  30  14  42  7
  33  22  21  22  21  12  30  13  29  35  7
  33  23  20  13  30  21  12  30  21  35  7
  33  23  20  20  23  21  12  23  28  35  7
  33  23  20  20  23  21  12  30  14  42  7
  33  23  21  20  15  26  23  21  12  44  7
  33  23  21  20  20  16  28  21  12  44  7
  34  22  19  22  22  12  22  29  21  35  7
  35  17  23  23  17  25  10  32  21  35  7
  35  19  16  27  22  21  19  23  12  44  7
  35  19  21  22  22  21  14  28  12  44  7
  35  19  22  22  19  16  19  30  21  35  7
  35  19  22  22  19  23  12  23  28  35  7
  35  19  22  22  19  23  12  30  14  42  7
  35  19  23  20  15  28  19  23  12  44  7
  35  19  23  20  20  23  14  28  12  44  7
  35  21  14  27  22  19  21  23  12  44  7
  35  21  19  19  21  25  10  32  21  35  7
  35  21  19  22  22  19  16  28  12  44  7
  35  21  20  20  21  23  12  23  28  35  7
  35  21  20  20  21  23  12  30  14  42  7
  35  21  20  21  20  15  29  12  30  35  7
  35  21  21  20  15  26  21  23  12  44  7
  35  21  21  20  20  16  26  23  12  44  7
  35  21  21  20  20  21  16  28  12  44  7
  38  24  25  25  24  24  14  25  33  40  8
  38  25  24  24  25  24  14  34  15  49  8
  38  25  25  13  25  34  24  24  24  40  8
  38  26  23  23  26  15  23  34  24  40  8
  39  23  25  25  23  25  14  25  33  40  8
  39  25  23  23  25  25  14  25  33  40  8
  40  24  22  25  25  15  31  26  14  50  8
  40  24  23  23  24  17  23  34  24  40  8
  40  24  23  24  24  16  31  26  14  50  8
  40  24  23  24  24  23  17  33  14  50  8
  40  32   8  45  27  27  28  27  27  45  9
  40  32   8  45  27  28  26  28  27  45  9
  40  32   8  45  28  26  28  26  28  45  9
  40  32   8  45  28  27  26  27  28  45  9
  40  32   8  46  26  27  28  27  26  46  9
  40  32   8  46  26  28  26  28  26  46  9
  40  32   8  46  27  26  28  26  27  46  9
  40  32   8  46  27  27  26  27  27  46  9
  41  27  27  29  29  27  27  27  14  58  9
  41  27  31  25  25  31  27  27  14  58  9
  41  31  23  29  29  23  31  27  14  58  9
  41  31  27  25  25  27  31  27  14  58  9
  43  27  28  28  27  16  27  38  27  45  9
  43  27  29  26  17  38  27  27  16  56  9
  43  28  28  25  18  38  27  16  38  45  9
  43  28  28  25  28  28  27  16  28  55  9
  43  28  28  26  17  37  28  27  16  56  9
  43  29  25  28  28  16  38  27  16  56  9
  43  29  25  28  28  25  29  18  25  56  9
  43  29  26  26  29  26  17  38  17  55  9
  44  28  25  28  28  16  37  28  16  56  9
  44  28  25  28  28  25  19  37  16  56  9
  44  28  27  25  27  28  28  16  28  55  9
  45   7  45  27  27  28  28  27  27  45  9
  45   7  45  27  29  26  26  29  27  45  9
  45   7  45  29  25  28  28  25  29  45  9
  45   7  45  29  27  26  26  27  29  45  9
  45   7  47  25  27  28  28  27  25  47  9
  45   7  47  25  29  26  26  29  25  47  9
  45   7  47  27  25  28  28  25  27  47  9
  45   7  47  27  27  26  26  27  27  47  9
  45  23  27  29  29  27  23  31  14  58  9
  45  23  31  25  25  31  23  31  14  58  9
  45  25  27  28  28  27  25  20  25  56  9
  45  25  28  28  25  28  17  28  37  45  9
  45  25  29  26  26  29  25  20  25  56  9
  45  26  26  29  16  36  29  16  38  45  9
  45  26  26  29  26  26  19  26  38  45  9
  45  26  28  26  26  19  35  29  16  56  9
  45  27  23  29  29  23  27  31  14  58  9
  45  27  25  28  28  25  27  20  25  56  9
  45  27  27  25  25  27  27  31  14  58  9
  48  30  31  30  31  30  18  30  42  50 10
  48  30  32  29  29  32  30  19  29  62 10
  48  32  30  29  29  30  32  19  29  62 10
  49  29  32  29  29  32  29  20  29  62 10
  50  29  29  31  31  29  29  21  29  62 10
  50  29  31  29  29  31  29  21  29  62 10
  50  30  30  29  29  30  30  21  29  62 10
  52  34  34  34  33  19  34  46  33  55 11
  53  33  20  47  34  33  33  33  20  68 11
  53  33  33  34  34  33  33  20  33  68 11
  53  33  34  33  33  34  33  20  33  68 11
  53  34  32  34  34  19  47  33  20  68 11
  53  35  18  47  34  31  35  33  20  68 11
  53  35  30  35  34  19  47  33  20  68 11
  55  32  32  32  23  32  47  33  33  55 11
  55  33  32  32  33  33  22  33  46  55 11
  57  37  37  37  20  52  22  50  36  60 12
  60  35  35  35  25  50  20  52  36  60 12
  60  36  35  36  35  36  36  24  36  74 12
  61  41  41  38  23  56  39  39  24  80 13
  62  40  39  40  40  39  23  55  24  80 13
  62  40  40  40  22  40  55  39  39  65 13
  63  38  42  38  38  25  55  39  24  80 13
  63  39  39  40  23  56  39  39  24  80 13
  65  39  38  38  39  38  27  54  23  81 13
  67  42  43  43  43  42  42  25  43  86 14
  67  45  41  41  41  45  26  41  59  70 14
  68  41  43  43  43  41  43  25  43  86 14
  68  43  43  39  43  43  43  25  43  86 14
  70  42  41  41  41  42  29  41  59  70 14
  75  43  43  48  27  64  43  47  28  92 15
  76  49  49  49  49  48  28  68  30  98 16
  80  45  49  49  49  45  49  31  49  98 16
  80  48  47  47  47  47  34  66  28 100 16
  81  52  52  52  52  51  30  52  71  85 17
  85  50  50  50  50  35  50  72  51  85 17
  88  56  51  56  51  56  56  32  56 110 18
  91  58  58  58  58  33  58  80  57  95 19
 101  67  62  62  62  62  67  39  62 130 21
 105  63  62  62  62  62  63  43  62 130 21
 115  73  73  73  73  73  72  43  73 148 24
 120  71  71  71  71  71  49  71 101 120 24
 120  76  76  76  76  76  44 106  46 154 25
 125  69  79  74  74  79  46 104  44 156 25
 125  71  76  76  71  81  44 106  46 154 25
 125  74  74  74  74  74  51 104  44 156 25
 125  79  79  79  79  79  46  79 109 130 26
 160  95  95  95  95  95  95  65  95 198 32
 164 103 103 103 103 103 103  61 103 210 34

0 extreme rays of recession cone:

36 support hyperplanes of polyhedron (homogenized):
 -9  2  2  2  2  2  2  2  2  2 -13
 -8 -8  3  3  3  3  3  3  3  3 -14
 -7 -7 -7  4  4  4  4  4  4  4 -15
 -6 -6 -6 -6  5  5  5  5  5  5 -16
 -5 -5 -5 -5 -5  6  6  6  6  6 -17
 -4 -4 -4 -4 -4 -4  7  7  7  7 -18
 -3 -3 -3 -3 -3 -3 -3  8  8  8 -19
 -2 -2 -2 -2 -2 -2 -2 -2  9  9 -20
 -1 -1 -1 -1 -1 -1 -1 -1 -1 10 -21
 -1 -1 -1 -1  1  1  1  1  1  0   0
 -1 -1 -1  0  0  1  1  1  1  0   0
 -1 -1 -1  0  1  1  1  1  0  0   0
 -1 -1 -1  1  1  1  1  0  0  0   0
 -1 -1  0  0  0  0  1  1  1  0   0
 -1 -1  0  0  0  1  1  1  0  0   0
 -1 -1  0  0  1  1  1  0  0  0   0
 -1 -1  0  1  1  1  0  0  0  0   0
 -1 -1  1  1  1  0  0  0  0  0   0
 -1  0  0  0  0  0  0  1  1  0   0
 -1  0  0  0  0  0  1  1  0  0   0
 -1  0  0  0  0  1  1  0  0  0   0
 -1  0  0  0  1  1  0  0  0  0   0
 -1  0  0  1  1  0  0  0  0  0   0
 -1  0  1  1  0  0  0  0  0  0   0
 -1  1  1  0  0  0  0  0  0  0   0
  0 -1 -1 -1 -1  0  1  1  1  1   0
  0 -1 -1 -1  0  0  0  1  1  1   0
  0 -1 -1  0  0  0  0  0  1  1   0
  0 -1  0  0  0  0  0  0  0  1   0
  0  0 -1 -1 -1 -1  1  1  1  1   0
  0  0 -1 -1 -1  0  0  1  1  1   0
  0  0 -1 -1  0  0  0  0  1  1   0
  0  0 -1  0  0  0  0  0  0  1   0
  0  0  0 -1 -1 -1  0  1  1  1   0
  0  0  0 -1 -1  0  0  0  1  1   0
  0  0  0 -1  0  0  0  0  0  1   0

2 equations:
 1 0 -1 -2 -3 -4 -5 -6 -7 -8  122
 0 1  2  3  4  5  6  7  8  9 -156

9 basis elements of generated  lattice:
 1 0 0 0 0 0 0 0  -9    8 0
 0 1 0 0 0 0 0 0  -8    7 0
 0 0 1 0 0 0 0 0  -7    6 0
 0 0 0 1 0 0 0 0  -6    5 0
 0 0 0 0 1 0 0 0  -5    4 0
 0 0 0 0 0 1 0 0  -4    3 0
 0 0 0 0 0 0 1 0  -3    2 0
 0 0 0 0 0 0 0 1  -2    1 0
 0 0 0 0 0 0 0 0 150 -116 1

