7 lattice points in polytope (module generators)
0 Hilbert basis elements of recession monoid
6 vertices of polyhedron
0 extreme rays of recession cone
6 support hyperplanes of polyhedron (homogenized)

embedding dimension = 5
affine dimension of the polyhedron = 2
rank of recession monoid = 0 (polyhedron is polytope)

dehomogenization:
0 0 0 0 1 


module rank = 7

***********************************************************************

7 lattice points in polytope (module generators):
 6 6 7  7 1
 6 7 5  8 1
 7 5 6  8 1
 7 6 4  9 1
 8 3 7  8 1
 8 4 5  9 1
 8 5 3 10 1

0 Hilbert basis elements of recession monoid:

6 vertices of polyhedron:
  6  6  7  7 1
  8  5  3 10 1
 11 14 13 14 2
 11 15 11 15 2
 15  7 15 15 2
 26  7 19 26 3

0 extreme rays of recession cone:

6 support hyperplanes of polyhedron (homogenized):
 -1   1   1 0 0
  2 -11  13 0 0
  4  15 -11 0 0
 20   1 -18 0 0
 41 -22 -11 0 0
 41  15 -48 0 0

2 equations:
 1 0 -1 -2  15
 0 1  2  3 -41

3 basis elements of generated  lattice:
 1 0 -3   2 0
 0 1 -2   1 0
 0 0 37 -11 1

