11 lattice points in polytope (module generators)
0 Hilbert basis elements of recession monoid
11 vertices of polyhedron
0 extreme rays of recession cone
11 support hyperplanes of polyhedron (homogenized)

embedding dimension = 13
affine dimension of the polyhedron = 10
rank of recession monoid = 0 (polyhedron is polytope)

dehomogenization:
0 0 0 0 0 0 0 0 0 0 0 0 1 


module rank = 11

***********************************************************************

11 lattice points in polytope (module generators):
 0 2 1 1 1 1 1 1 1 1 1 3 1
 1 0 2 1 1 1 1 1 1 1 1 3 1
 1 1 0 2 1 1 1 1 1 1 1 3 1
 1 1 1 0 2 1 1 1 1 1 1 3 1
 1 1 1 1 0 2 1 1 1 1 1 3 1
 1 1 1 1 1 0 2 1 1 1 1 3 1
 1 1 1 1 1 1 0 2 1 1 1 3 1
 1 1 1 1 1 1 1 0 2 1 1 3 1
 1 1 1 1 1 1 1 1 0 2 1 3 1
 1 1 1 1 1 1 1 1 1 0 2 3 1
 1 1 1 1 1 1 1 1 1 1 0 4 1

0 Hilbert basis elements of recession monoid:

11 vertices of polyhedron:
 0 2 1 1 1 1 1 1 1 1 1 3 1
 1 0 2 1 1 1 1 1 1 1 1 3 1
 1 1 0 2 1 1 1 1 1 1 1 3 1
 1 1 1 0 2 1 1 1 1 1 1 3 1
 1 1 1 1 0 2 1 1 1 1 1 3 1
 1 1 1 1 1 0 2 1 1 1 1 3 1
 1 1 1 1 1 1 0 2 1 1 1 3 1
 1 1 1 1 1 1 1 0 2 1 1 3 1
 1 1 1 1 1 1 1 1 0 2 1 3 1
 1 1 1 1 1 1 1 1 1 0 2 3 1
 1 1 1 1 1 1 1 1 1 1 0 4 1

0 extreme rays of recession cone:

11 support hyperplanes of polyhedron (homogenized):
 -54  10   9   8   7   6   5   4   3   2   1 0 0
 -43 -45  18  16  14  12  10   8   6   4   2 0 0
 -32 -35 -38  24  21  18  15  12   9   6   3 0 0
 -21 -25 -29 -33  28  24  20  16  12   8   4 0 0
  -2  -3  -4  -5  -6   6   5   4   3   2   1 0 0
   1  -5 -11 -17 -23 -29  30  24  18  12   6 0 0
   9   7   5   3   1  -1  -3  -5  -7  -9   2 0 0
  12   5  -2  -9 -16 -23 -30  28  21  14   7 0 0
  23  15   7  -1  -9 -17 -25 -33  24  16   8 0 0
  34  25  16   7  -2 -11 -20 -29 -38  18   9 0 0
  56  45  34  23  12   1 -10 -21 -32 -43 -54 0 0

2 equations:
 1 0 -1 -2 -3 -4 -5 -6 -7 -8 -9 -10  75
 0 1  2  3  4  5  6  7  8  9 10  11 -89

11 basis elements of generated  lattice:
 1 0 0 0 0 0 0 0 0 0 -11  10 0
 0 1 0 0 0 0 0 0 0 0 -10   9 0
 0 0 1 0 0 0 0 0 0 0  -9   8 0
 0 0 0 1 0 0 0 0 0 0  -8   7 0
 0 0 0 0 1 0 0 0 0 0  -7   6 0
 0 0 0 0 0 1 0 0 0 0  -6   5 0
 0 0 0 0 0 0 1 0 0 0  -5   4 0
 0 0 0 0 0 0 0 1 0 0  -4   3 0
 0 0 0 0 0 0 0 0 1 0  -3   2 0
 0 0 0 0 0 0 0 0 0 1  -2   1 0
 0 0 0 0 0 0 0 0 0 0  65 -51 1

