14 lattice points in polytope (module generators)
0 Hilbert basis elements of recession monoid
5 vertices of polyhedron
0 extreme rays of recession cone
5 support hyperplanes of polyhedron (homogenized)

embedding dimension = 5
affine dimension of the polyhedron = 2
rank of recession monoid = 0 (polyhedron is polytope)

dehomogenization:
0 0 0 0 1 


module rank = 14

***********************************************************************

14 lattice points in polytope (module generators):
 0 5 5  6 1
 0 6 3  7 1
 0 7 1  8 1
 1 3 6  6 1
 1 4 4  7 1
 1 5 2  8 1
 1 6 0  9 1
 2 2 5  7 1
 2 3 3  8 1
 2 4 1  9 1
 3 0 6  7 1
 3 1 4  8 1
 3 2 2  9 1
 3 3 0 10 1

0 Hilbert basis elements of recession monoid:

5 vertices of polyhedron:
  0 14 17 17 3
  0 15  0 17 2
  3  3  0 10 1
 14  0 33 33 5
 15  0 15 34 4

0 extreme rays of recession cone:

5 support hyperplanes of polyhedron (homogenized):
 -1 1  1 0 0
  0 0 -1 1 0
  0 0  1 0 0
  0 1  0 0 0
  1 0  0 0 0

2 equations:
 1 0 -1 -2  17
 0 1  2  3 -33

3 basis elements of generated  lattice:
 1 0 -3 2 0
 0 1 -2 1 0
 0 0 15 1 1

