103 lattice points in polytope (module generators)
0 Hilbert basis elements of recession monoid
205 vertices of polyhedron
0 extreme rays of recession cone
27 support hyperplanes of polyhedron (homogenized)

embedding dimension = 8
affine dimension of the polyhedron = 5
rank of recession monoid = 0 (polyhedron is polytope)

dehomogenization:
0 0 0 0 0 0 0 1 


module rank = 103

***********************************************************************

103 lattice points in polytope (module generators):
 0 4 2 2 3 2 4 1
 0 4 3 1 2 3 4 1
 0 5 1 2 3 1 5 1
 0 5 2 1 2 2 5 1
 1 2 2 4 2 2 4 1
 1 2 3 2 3 2 4 1
 1 2 3 3 1 3 4 1
 1 2 3 3 2 1 5 1
 1 2 4 0 4 2 4 1
 1 2 4 1 2 3 4 1
 1 2 4 1 3 1 5 1
 1 2 4 2 0 4 4 1
 1 2 4 2 1 2 5 1
 1 2 4 2 2 0 6 1
 1 3 1 3 3 2 4 1
 1 3 1 4 1 3 4 1
 1 3 1 4 2 1 5 1
 1 3 2 1 4 2 4 1
 1 3 2 2 2 3 4 1
 1 3 2 2 3 1 5 1
 1 3 2 3 0 4 4 1
 1 3 2 3 1 2 5 1
 1 3 2 3 2 0 6 1
 1 3 3 0 3 3 4 1
 1 3 3 0 4 1 5 1
 1 3 3 1 1 4 4 1
 1 3 3 1 2 2 5 1
 1 3 3 1 3 0 6 1
 1 3 3 2 0 3 5 1
 1 3 3 2 1 1 6 1
 1 4 0 2 4 2 4 1
 1 4 0 3 2 3 4 1
 1 4 0 3 3 1 5 1
 1 4 0 4 1 2 5 1
 1 4 0 4 2 0 6 1
 1 4 1 1 3 3 4 1
 1 4 1 1 4 1 5 1
 1 4 1 2 2 2 5 1
 1 4 1 2 3 0 6 1
 1 4 1 3 1 1 6 1
 1 4 2 0 3 2 5 1
 2 0 4 2 3 2 4 1
 2 0 4 3 1 3 4 1
 2 0 5 1 3 1 5 1
 2 0 5 2 1 2 5 1
 2 1 2 3 3 2 4 1
 2 1 2 4 1 3 4 1
 2 1 2 4 2 1 5 1
 2 1 3 1 4 2 4 1
 2 1 3 2 2 3 4 1
 2 1 3 2 3 1 5 1
 2 1 3 3 0 4 4 1
 2 1 3 3 1 2 5 1
 2 1 3 3 2 0 6 1
 2 1 4 0 3 3 4 1
 2 1 4 0 4 1 5 1
 2 1 4 1 1 4 4 1
 2 1 4 1 2 2 5 1
 2 1 4 1 3 0 6 1
 2 1 4 2 0 3 5 1
 2 1 4 2 1 1 6 1
 2 2 1 2 4 2 4 1
 2 2 1 3 2 3 4 1
 2 2 1 3 3 1 5 1
 2 2 1 4 0 4 4 1
 2 2 1 4 1 2 5 1
 2 2 1 4 2 0 6 1
 2 2 2 1 3 3 4 1
 2 2 2 1 4 1 5 1
 2 2 2 2 1 4 4 1
 2 2 2 2 2 2 5 1
 2 2 2 2 3 0 6 1
 2 2 2 3 0 3 5 1
 2 2 2 3 1 1 6 1
 2 2 3 0 2 4 4 1
 2 2 3 0 3 2 5 1
 2 2 3 0 4 0 6 1
 2 2 3 1 1 3 5 1
 2 2 3 1 2 1 6 1
 2 2 3 2 0 2 6 1
 2 3 0 2 3 3 4 1
 2 3 0 2 4 1 5 1
 2 3 0 3 2 2 5 1
 2 3 0 3 3 0 6 1
 2 3 0 4 1 1 6 1
 2 3 1 1 3 2 5 1
 2 3 1 1 4 0 6 1
 2 3 1 2 2 1 6 1
 3 0 3 1 3 3 4 1
 3 0 3 1 4 1 5 1
 3 0 3 2 1 4 4 1
 3 0 3 2 2 2 5 1
 3 0 3 2 3 0 6 1
 3 0 3 3 0 3 5 1
 3 0 4 0 3 2 5 1
 3 0 4 0 4 0 6 1
 3 0 4 1 2 1 6 1
 3 1 2 1 2 4 4 1
 3 1 2 1 3 2 5 1
 3 1 2 1 4 0 6 1
 3 1 2 2 1 3 5 1
 3 1 2 2 2 1 6 1
 3 1 3 0 3 1 6 1

0 Hilbert basis elements of recession monoid:

205 vertices of polyhedron:
   0   4  2   2  3   2   4  1
   0   4  3   1  2   3   4  1
   0   5  1   2  3   1   5  1
   0   5  2   1  2   2   5  1
   0   7  5   5  5   4   8  2
   0   7  7   3  3   6   8  2
   0   8  3   6  5   4   8  2
   0   8  6   3  2   7   8  2
   0  10  1   6  5   2  10  2
   0  10  2   5  5   1  11  2
   0  10  3   4  3   4  10  2
   0  10  3   4  4   2  11  2
   0  19  9   6  4  11  19  4
   0  19  9   6  6   7  21  4
   0  20  7   7  6   7  21  4
   0  39 17  12 10  17  41  8
   1   2  2   4  2   2   4  1
   1   2  4   0  4   2   4  1
   1   2  4   2  0   4   4  1
   1   2  4   2  2   0   6  1
   1   3  3   1  3   0   6  1
   1   4  0   2  4   2   4  1
   1   4  0   3  2   3   4  1
   1   4  0   4  1   2   5  1
   1   4  0   4  2   0   6  1
   1   4  1   3  1   1   6  1
   1   4  2   0  3   2   5  1
   1   4  8   4  5   4   8  2
   1   7 11   7  7   6  12  3
   1   8  5   2  2   8   8  2
   1   9  3   0  9   3   9  2
   1   9  4   0  6   5   9  2
   1   9  4   0  7   3  10  2
   1  12  6   2 12   6  12  3
   1  12  8   0 10   8  12  3
   1  13  5   7  7   0  18  3
   1  14  3   8  7   0  18  3
   1  14  6   0 10   6  14  3
   1  14 20   8  8  14  20  5
   1  20  4  18 12  10  20  5
   1  20 14   8  2  20  20  5
   1  24  0  18 12   6  24  5
   1  34  8  17 17   1  41  7
   2   0  4   2  3   2   4  1
   2   0  4   3  1   3   4  1
   2   0  5   1  3   1   5  1
   2   0  5   2  1   2   5  1
   2   1  3   3  2   0   6  1
   2   1  4   1  1   4   4  1
   2   2  1   4  2   0   6  1
   2   2  3   0  2   4   4  1
   2   2  3   0  4   0   6  1
   2   2  3   2  0   2   6  1
   2   3  0   2  3   3   4  1
   2   3  0   4  1   1   6  1
   2   3  1   1  4   0   6  1
   2   7  2   7  0   8   8  2
   2   7  5   0  8   1  11  2
   2   7  5   4  0   5  11  2
   2   8  3   0  7   6   8  2
   2  16  7  10  1  16  16  4
   3   0  3   2  1   4   4  1
   3   0  3   2  3   0   6  1
   3   0  3   3  0   3   5  1
   3   0  4   0  3   2   5  1
   3   0  4   0  4   0   6  1
   3   0  4   1  2   1   6  1
   3   1  2   1  2   4   4  1
   3   1  2   1  4   0   6  1
   3   1  3   0  3   1   6  1
   3   4  7   4  3   0  13  2
   3   4 12   8  4   8  12  3
   3   4 14   4  8   4  14  3
   3   4 14   6  4   6  14  3
   3   6  1   8  0   8   8  2
   3   6  5   0  4   8   8  2
   3   7  1   7  3   0  13  2
   3   7  3   0  9   1  11  2
   3   8 10   6  5   0  19  3
   3  11  1  12  1  11  12  3
   3  12  2  10  5   0  19  3
   3  12  4   0 12   8  12  3
   3  16  9   0 10  14  16  4
   3  17  7   0 17   3  21  4
   3  22  0  19  6  13  22  5
   3  28 16   0 28  16  28  7
   4   1  9   4  0   7   9  2
   4   5  4   5  0   4  12  2
   4  11  4   0 11   9  12  3
   5   0  5   6  6   4   8  2
   5   0  5   7  5   3   9  2
   5   0  5   8  2   6   8  2
   5   0  8   4  1   8   8  2
   5   0  8   4  5   0  12  2
   5   0  9   4  1   4  11  2
   5   1  4   8  4   1  11  2
   5   1  8   0  5   7   8  2
   5   2  3   4  8   4   8  2
   5   2  3   8  0   8   8  2
   5   3  2   7  5   0  12  2
   5   5  0   5  5   4  10  2
   5   5  0   5  7   0  12  2
   5   5  0   7  3   2  12  2
   5  10  0   5 12   7  12  3
   5  10  0   5 13   5  13  3
   5  10  0  12  5   0  19  3
   5  10  2  10  3   2  19  3
   5  15  5   0 16  11  16  4
   5  15  5   0 19   5  19  4
   5  19  0  21  3  16  21  5
   5  24  0  24  5  20  24  6
   5  28 52  28 28  28  52 13
   5  36  0  36 20  20  36  9
   5  52  4  52 28  28  52 13
   6   0  6   1  8   5   8  2
   6   0  6   1  9   3   9  2
   6   1  6   0  6   7   8  2
   6   1  7   1  6   0  13  2
   6   3  3   3  3   6  10  2
   6   3  3   3  6   0  13  2
   7   0  8  10  8   6  12  3
   7   0  8  12  4   8  12  3
   7   0 12   2 12   6  12  3
   7   0 12   8  0  12  12  3
   7   0 13   7  0  11  13  3
   7   0 14   0 12   4  14  3
   7   0 14   4  8   0  18  3
   7   4 17   8  7   0  25  4
   7   6  7   0  7  12  12  3
   7   6  7   0 13   0  18  3
   7   7  7   0  7   7  16  3
   7  13  7   0 13   7  21  4
   7  20 50  20 20  20  50 11
   7  24  0  32 12  12  32  7
   7  27 29  17 17   0  56  9
   8   0  8  11  5   3  16  3
   8  40  1  40  7  34  40 10
   8  79 53  34  0  83  83 20
   8 115 73  46  4 115 115 28
   9   0 10   0 12   8  12  3
   9   0 10   0 14   4  14  3
   9   0 11   0  9  10  12  3
   9   0 12   2  9   0  19  3
   9   0 19   8  1  12  19  4
   9   0 19   8  5   4  23  4
   9   1  8   1 12   8  12  3
   9   1  8   1 14   4  14  3
   9   2  9   0 13   0  18  3
   9   2 10   0 11   0  19  3
   9   2 10   2  7   2  19  3
   9   5  5   4  5   5  18  3
  11   0 11   6 16   8  16  4
  11   0 11  14  0  16  16  4
  11   0 17   0 11  12  17  4
  11   7  4   7  7  16  16  4
  11   9  2   9 11   0  26  4
  11  12  0  11 20  11  20  5
  12   0 12  20  9  12  20  5
  12   1 12   0 16  11  16  4
  12   1 12   0 19   5  19  4
  12   6  6   9  3   9  23  4
  12  12  0  21  3   9  28  5
  13   0 20   0 20  12  20  5
  13  14 13   0 14  24  24  6
  13  20  0  30 13   0  43  7
  13 120  0 120 60  60 120 29
  14   1 13  24 13  13  24  6
  14   9 33  14  0  33  33  8
  14  21 21  14  0  21  45  8
  15   9  6   9  9   6  31  5
  15  10  5  10 26  10  26  6
  15  15  0  19 15   0  38  6
  15  77  0  77 15  62  77 19
  17   0 17  29 10  17  29  7
  17   0 24   0 17  20  24  6
  17   0 30   0 30  12  30  7
  17  13  4  13 13   4  38  6
  19   0 19  23 16   3  39  7
  19   0 37  12 19   0  49  8
  21   6 21   0 27   0  44  7
  21  15  6  30  0  21  43  8
  22  31 31   0 22  49  49 12
  22  45 45  22  0  69  69 16
  23  22  1  22 40  22  40 10
  23  22  1  40  4  40  40 10
  23  22  1  44  0  36  44 10
  24   0 24  37 24  21  40 10
  25  25  0  44  6  43  44 11
  25  25  0  49  1  38  49 11
  29  29  0  29 29  40  48 12
  31  31  0  64 24   7  81 14
  32   7 25  62 25  25  62 14
  33  18 18  18 15  18  67 11
  33  33  0  53 33   0  86 14
  33  33  0  64 39  39  64 16
  33  33  0  78 25  25  78 16
  41   0 69  41  0  69  69 17
  41  41  0  41 71  40  72 18
  42  42 42  42  0  42 113 19
  67   0 67  67  0  95  95 23
  67  67 67   0 67 121 121 30
  84  42 42  84  0  84 157 29
  99  86 13 172  0 172 172 42
 134  67 67  67 67 190 190 46
 134  67 67 134  0 207 207 48

0 extreme rays of recession cone:

27 support hyperplanes of polyhedron (homogenized):
 -12 -17  20  15  10   5 0 0
  -8   5   4   3   2   1 0 0
  -1  -1   0   1   1   1 0 0
  -1  -1   1   1   1   0 0 0
  -1   0   0   0   1   1 0 0
  -1   0   0   1   1   0 0 0
  -1   0   1   1   0   0 0 0
  -1   1   1   0   0   0 0 0
   0  -1  -2   3   2   1 0 0
   0   0   0   0   0   1 0 0
   0   0   0   0   1   0 0 0
   0   0   0   1   0   0 0 0
   0   0   1   0   0   0 0 0
   0   1   0   0   0   0 0 0
   1   0   0   0   0   0 0 0
   4   1  -2  -5   6   3 0 0
  24  13   2  -9 -20  11 0 0
  36  23  10  -3 -16 -29 0 0
  60   1 -16 -33  34  17 0 0
  60   1 -16   9  -8  17 0 0
  60   1  26   9  -8 -25 0 0
  60  43 -16 -33  -8  17 0 0
  60  43 -16   9  -8 -25 0 0
  60  43  26 -33 -50  17 0 0
  60  43  26 -33  -8 -25 0 0
  60  43  26   9 -50 -25 0 0
  60  43  26   9  -8 -67 0 0

2 equations:
 1 0 -1 -2 -3 -4 -5  43
 0 1  2  3  4  5  6 -60

6 basis elements of generated  lattice:
 1 0 0 0 0 -6   5 0
 0 1 0 0 0 -5   4 0
 0 0 1 0 0 -4   3 0
 0 0 0 1 0 -3   2 0
 0 0 0 0 1 -2   1 0
 0 0 0 0 0 42 -25 1

