1 lattice points in polytope (module generators)
0 Hilbert basis elements of recession monoid
1 vertices of polyhedron
0 extreme rays of recession cone
1 support hyperplanes of polyhedron (homogenized)

embedding dimension = 3
affine dimension of the polyhedron = 0
rank of recession monoid = 0 (polyhedron is polytope)

dehomogenization:
0 0 1 


module rank = 1

***********************************************************************

1 lattice points in polytope (module generators):
 2 11 1

0 Hilbert basis elements of recession monoid:

1 vertices of polyhedron:
 2 11 1

0 extreme rays of recession cone:

1 support hyperplanes of polyhedron (homogenized):
 0 0 1

2 equations:
 1 0  -2
 0 1 -11

1 basis elements of generated  lattice:
 2 11 1

