9 lattice points in polytope (module generators)
0 Hilbert basis elements of recession monoid
9 vertices of polyhedron
0 extreme rays of recession cone
9 support hyperplanes of polyhedron (homogenized)

embedding dimension = 11
affine dimension of the polyhedron = 8
rank of recession monoid = 0 (polyhedron is polytope)

dehomogenization:
0 0 0 0 0 0 0 0 0 0 1 


module rank = 9

***********************************************************************

9 lattice points in polytope (module generators):
 0 2 1 1 1 1 1 1 1 3 1
 1 0 2 1 1 1 1 1 1 3 1
 1 1 0 2 1 1 1 1 1 3 1
 1 1 1 0 2 1 1 1 1 3 1
 1 1 1 1 0 2 1 1 1 3 1
 1 1 1 1 1 0 2 1 1 3 1
 1 1 1 1 1 1 0 2 1 3 1
 1 1 1 1 1 1 1 0 2 3 1
 1 1 1 1 1 1 1 1 0 4 1

0 Hilbert basis elements of recession monoid:

9 vertices of polyhedron:
 0 2 1 1 1 1 1 1 1 3 1
 1 0 2 1 1 1 1 1 1 3 1
 1 1 0 2 1 1 1 1 1 3 1
 1 1 1 0 2 1 1 1 1 3 1
 1 1 1 1 0 2 1 1 1 3 1
 1 1 1 1 1 0 2 1 1 3 1
 1 1 1 1 1 1 0 2 1 3 1
 1 1 1 1 1 1 1 0 2 3 1
 1 1 1 1 1 1 1 1 0 4 1

0 extreme rays of recession cone:

9 support hyperplanes of polyhedron (homogenized):
 -35   8   7   6   5   4   3   2   1 0 0
 -17 -20 -23  18  15  12   9   6   3 0 0
 -13 -14   7   6   5   4   3   2   1 0 0
  -2  -3  -4  -5   5   4   3   2   1 0 0
   1  -4  -9 -14 -19  20  15  10   5 0 0
   5   2  -1  -4  -7 -10   9   6   3 0 0
   7   5   3   1  -1  -3  -5  -7   2 0 0
  19  12   5  -2  -9 -16 -23  14   7 0 0
  37  28  19  10   1  -8 -17 -26 -35 0 0

2 equations:
 1 0 -1 -2 -3 -4 -5 -6 -7 -8  52
 0 1  2  3  4  5  6  7  8  9 -64

9 basis elements of generated  lattice:
 1 0 0 0 0 0 0 0 -9   8 0
 0 1 0 0 0 0 0 0 -8   7 0
 0 0 1 0 0 0 0 0 -7   6 0
 0 0 0 1 0 0 0 0 -6   5 0
 0 0 0 0 1 0 0 0 -5   4 0
 0 0 0 0 0 1 0 0 -4   3 0
 0 0 0 0 0 0 1 0 -3   2 0
 0 0 0 0 0 0 0 1 -2   1 0
 0 0 0 0 0 0 0 0 44 -32 1

