8 lattice points in polytope (module generators)
0 Hilbert basis elements of recession monoid
17 vertices of polyhedron
0 extreme rays of recession cone
10 support hyperplanes of polyhedron (homogenized)

embedding dimension = 7
affine dimension of the polyhedron = 4
rank of recession monoid = 0 (polyhedron is polytope)

dehomogenization:
0 0 0 0 0 0 1 


module rank = 8

***********************************************************************

8 lattice points in polytope (module generators):
 0 0 0 2 3 3 1
 0 0 0 3 1 4 1
 0 0 1 1 2 4 1
 0 0 1 2 0 5 1
 0 0 2 0 1 5 1
 0 1 0 0 3 4 1
 0 1 0 1 1 5 1
 0 1 1 0 0 6 1

0 Hilbert basis elements of recession monoid:

17 vertices of polyhedron:
  0 0 0  2  3   3  1
  0 0 0  7  0   9  2
  0 0 6  0 17  17  5
  0 0 7  0  0  17  3
  0 1 1  0  0   6  1
  0 6 0  0 25  25  7
  0 7 0  0  7  26  5
  0 7 0  7  0  34  6
  2 1 1  2  0  18  3
  3 0 3  0 25  25  7
  6 6 0  6 67  67 19
  7 0 7  0  7  51  9
  7 0 7  7  0  59 10
  7 7 0  7  7  68 12
  7 7 0 14  0  76 13
  7 7 7  0  7  76 13
 14 7 7  7  7 118 20

0 extreme rays of recession cone:

10 support hyperplanes of polyhedron (homogenized):
 -1 -1  1 1  1 0 0
 -1  0  0 1  1 0 0
 -1  0  1 1  0 0 0
 -1  1  1 0  0 0 0
  0  0  0 0  1 0 0
  0  0  0 1  0 0 0
  0  0  1 0  0 0 0
  0  1  0 0  0 0 0
  1  0  0 0  0 0 0
 33 25 17 9 -6 0 0

2 equations:
 1 0 -1 -2 -3 -4  25
 0 1  2  3  4  5 -33

5 basis elements of generated  lattice:
 1 0 0 0  2 5 1
 0 1 0 0  3 4 1
 0 0 1 0 -3 2 0
 0 0 0 1 -2 1 0
 0 0 0 0  7 1 1

