7 lattice points in polytope (module generators)
0 Hilbert basis elements of recession monoid
7 vertices of polyhedron
0 extreme rays of recession cone
7 support hyperplanes of polyhedron (homogenized)

embedding dimension = 9
affine dimension of the polyhedron = 6
rank of recession monoid = 0 (polyhedron is polytope)

dehomogenization:
0 0 0 0 0 0 0 0 1 


module rank = 7

***********************************************************************

7 lattice points in polytope (module generators):
 0 2 1 1 1 1 1 3 1
 1 0 2 1 1 1 1 3 1
 1 1 0 2 1 1 1 3 1
 1 1 1 0 2 1 1 3 1
 1 1 1 1 0 2 1 3 1
 1 1 1 1 1 0 2 3 1
 1 1 1 1 1 1 0 4 1

0 Hilbert basis elements of recession monoid:

7 vertices of polyhedron:
 0 2 1 1 1 1 1 3 1
 1 0 2 1 1 1 1 3 1
 1 1 0 2 1 1 1 3 1
 1 1 1 0 2 1 1 3 1
 1 1 1 1 0 2 1 3 1
 1 1 1 1 1 0 2 3 1
 1 1 1 1 1 1 0 4 1

0 extreme rays of recession cone:

7 support hyperplanes of polyhedron (homogenized):
 -20   6  5   4   3   2   1 0 0
 -13 -15 10   8   6   4   2 0 0
  -2  -3 -4   4   3   2   1 0 0
   1  -3 -7 -11  12   8   4 0 0
   5   3  1  -1  -3  -5   2 0 0
   8   3 -2  -7 -12  10   5 0 0
  22  15  8   1  -6 -13 -20 0 0

2 equations:
 1 0 -1 -2 -3 -4 -5 -6  33
 0 1  2  3  4  5  6  7 -43

7 basis elements of generated  lattice:
 1 0 0 0 0 0 -7   6 0
 0 1 0 0 0 0 -6   5 0
 0 0 1 0 0 0 -5   4 0
 0 0 0 1 0 0 -4   3 0
 0 0 0 0 1 0 -3   2 0
 0 0 0 0 0 1 -2   1 0
 0 0 0 0 0 0 27 -17 1

