4 lattice points in polytope (module generators)
0 Hilbert basis elements of recession monoid
2 vertices of polyhedron
0 extreme rays of recession cone
2 support hyperplanes of polyhedron (homogenized)

embedding dimension = 4
affine dimension of the polyhedron = 1
rank of recession monoid = 0 (polyhedron is polytope)

dehomogenization:
0 0 0 1 


module rank = 4

***********************************************************************

4 lattice points in polytope (module generators):
 3 6  8 1
 4 4  9 1
 5 2 10 1
 6 0 11 1

0 Hilbert basis elements of recession monoid:

2 vertices of polyhedron:
 6  0 11 1
 7 22 22 3

0 extreme rays of recession cone:

2 support hyperplanes of polyhedron (homogenized):
  0  1 0 0
 22 -7 0 0

2 equations:
 1 0 -1   5
 0 1  2 -22

2 basis elements of generated  lattice:
 1 -2 1 0
 0 12 5 1

