11 lattice points in polytope (module generators)
0 Hilbert basis elements of recession monoid
6 vertices of polyhedron
0 extreme rays of recession cone
6 support hyperplanes of polyhedron (homogenized)

embedding dimension = 5
affine dimension of the polyhedron = 2
rank of recession monoid = 0 (polyhedron is polytope)

dehomogenization:
0 0 0 0 1 


module rank = 11

***********************************************************************

11 lattice points in polytope (module generators):
 3 6 5  7 1
 3 7 3  8 1
 4 4 6  7 1
 4 5 4  8 1
 4 6 2  9 1
 5 2 7  7 1
 5 3 5  8 1
 5 4 3  9 1
 5 5 1 10 1
 6 1 6  8 1
 6 2 4  9 1

0 Hilbert basis elements of recession monoid:

6 vertices of polyhedron:
  5 16  5 16 2
 10 11  0 21 2
 13  0 13 16 2
 15 37 37 37 6
 26 26  0 53 5
 31  0 37 37 5

0 extreme rays of recession cone:

6 support hyperplanes of polyhedron (homogenized):
 -1   1   1 0 0
  0   0   1 0 0
  0   1   0 0 0
 11 -10  21 0 0
 37 -10  -5 0 0
 37  16 -31 0 0

2 equations:
 1 0 -1 -2  16
 0 1  2  3 -37

3 basis elements of generated  lattice:
 1 0 -3  2 0
 0 1 -2  1 0
 0 0 26 -5 1

