38 lattice points in polytope (module generators)
0 Hilbert basis elements of recession monoid
63 vertices of polyhedron
0 extreme rays of recession cone
25 support hyperplanes of polyhedron (homogenized)

embedding dimension = 11
affine dimension of the polyhedron = 8
rank of recession monoid = 0 (polyhedron is polytope)

dehomogenization:
0 0 0 0 0 0 0 0 0 0 1 


module rank = 38

***********************************************************************

38 lattice points in polytope (module generators):
 3 5 3 3 3 3 3 3 3 5 1
 4 3 4 3 3 3 3 3 3 5 1
 4 4 2 4 3 3 3 3 3 5 1
 4 4 3 2 4 3 3 3 3 5 1
 4 4 3 3 2 4 3 3 3 5 1
 4 4 3 3 3 2 4 3 3 5 1
 4 4 3 3 3 3 2 4 3 5 1
 4 4 3 3 3 3 3 2 4 5 1
 4 4 3 3 3 3 3 3 2 6 1
 5 1 5 3 3 3 3 3 3 5 1
 5 2 3 4 3 3 3 3 3 5 1
 5 2 4 2 4 3 3 3 3 5 1
 5 2 4 3 2 4 3 3 3 5 1
 5 2 4 3 3 2 4 3 3 5 1
 5 2 4 3 3 3 2 4 3 5 1
 5 2 4 3 3 3 3 2 4 5 1
 5 2 4 3 3 3 3 3 2 6 1
 5 3 2 3 4 3 3 3 3 5 1
 5 3 2 4 2 4 3 3 3 5 1
 5 3 2 4 3 2 4 3 3 5 1
 5 3 2 4 3 3 2 4 3 5 1
 5 3 2 4 3 3 3 2 4 5 1
 5 3 2 4 3 3 3 3 2 6 1
 5 3 3 2 3 4 3 3 3 5 1
 5 3 3 2 4 2 4 3 3 5 1
 5 3 3 2 4 3 2 4 3 5 1
 5 3 3 2 4 3 3 2 4 5 1
 5 3 3 2 4 3 3 3 2 6 1
 5 3 3 3 2 3 4 3 3 5 1
 5 3 3 3 2 4 2 4 3 5 1
 5 3 3 3 2 4 3 2 4 5 1
 5 3 3 3 2 4 3 3 2 6 1
 5 3 3 3 3 2 3 4 3 5 1
 5 3 3 3 3 2 4 2 4 5 1
 5 3 3 3 3 2 4 3 2 6 1
 5 3 3 3 3 3 2 3 4 5 1
 5 3 3 3 3 3 2 4 2 6 1
 5 3 3 3 3 3 3 2 3 6 1

0 Hilbert basis elements of recession monoid:

63 vertices of polyhedron:
  3  5  3  3  3  3  3  3  3  5 1
  4  4  3  3  2  4  3  3  3  5 1
  4  4  3  3  3  2  4  3  3  5 1
  4  4  3  3  3  3  2  4  3  5 1
  4  4  3  3  3  3  3  2  4  5 1
  4  4  3  3  3  3  3  3  2  6 1
  5  1  5  3  3  3  3  3  3  5 1
  5  2  3  4  3  3  3  3  3  5 1
  5  2  4  3  2  4  3  3  3  5 1
  5  2  4  3  3  2  4  3  3  5 1
  5  2  4  3  3  3  2  4  3  5 1
  5  2  4  3  3  3  3  2  4  5 1
  5  2  4  3  3  3  3  3  2  6 1
  5  3  2  3  4  3  3  3  3  5 1
  5  3  2  4  2  4  3  3  3  5 1
  5  3  2  4  3  2  4  3  3  5 1
  5  3  2  4  3  3  2  4  3  5 1
  5  3  2  4  3  3  3  2  4  5 1
  5  3  2  4  3  3  3  3  2  6 1
  5  3  3  2  3  4  3  3  3  5 1
  5  3  3  2  4  2  4  3  3  5 1
  5  3  3  2  4  3  2  4  3  5 1
  5  3  3  2  4  3  3  2  4  5 1
  5  3  3  2  4  3  3  3  2  6 1
  5  3  3  3  2  3  4  3  3  5 1
  5  3  3  3  2  4  2  4  3  5 1
  5  3  3  3  2  4  3  2  4  5 1
  5  3  3  3  2  4  3  3  2  6 1
  5  3  3  3  3  2  3  4  3  5 1
  5  3  3  3  3  2  4  2  4  5 1
  5  3  3  3  3  2  4  3  2  6 1
  5  3  3  3  3  3  2  3  4  5 1
  5  3  3  3  3  3  2  4  2  6 1
  5  3  3  3  3  3  3  2  3  6 1
  9  7  6  3  9  6  6  6  6 10 2
 10  5  7  3  9  6  6  6  6 10 2
 14  9 10  9  9  5 13  9  9 15 3
 14 10  4 14  9  9  9  9  9 15 3
 14 10  8 10  9  5 13  9  9 15 3
 15  8 10  8 10  5 13  9  9 15 3
 15  9  8  9 10  5 13  9  9 15 3
 19 12 12 13 12 12 12  7 17 20 4
 19 12 13 11 13 12 12  7 17 20 4
 19 13 11 13 11 13 12  7 17 20 4
 19 13 12 11 12 13 12  7 17 20 4
 20 11 12 13 12 11 13  7 17 20 4
 20 11 13 11 13 11 13  7 17 20 4
 20 12 11 13 11 12 13  7 17 20 4
 20 12 12 11 12 12 13  7 17 20 4
 23 16 16 15  8 22 15 15 15 25 5
 25 14 14 17  8 22 15 15 15 25 5
 33 21 22 22 21 21 12 30 21 35 7
 33 23 20 20 23 21 12 30 21 35 7
 35 19 22 22 19 23 12 30 21 35 7
 35 21 20 20 21 23 12 30 21 35 7
 43 27 27 28 28 27 27 27 16 56 9
 43 27 29 26 26 29 27 27 16 56 9
 43 29 25 28 28 25 29 27 16 56 9
 43 29 27 26 26 27 29 27 16 56 9
 45 25 27 28 28 27 25 29 16 56 9
 45 25 29 26 26 29 25 29 16 56 9
 45 27 25 28 28 25 27 29 16 56 9
 45 27 27 26 26 27 27 29 16 56 9

0 extreme rays of recession cone:

25 support hyperplanes of polyhedron (homogenized):
 -106  40  35  30  25  20  15  10    5 0 0
  -79 -87  56  48  40  32  24  16    8 0 0
  -52 -63 -74  66  55  44  33  22   11 0 0
  -25 -39 -53 -67  70  56  42  28   14 0 0
   -1  -1  -1  -1   1   1   1   1    1 0 0
   -1  -1  -1   0   0   1   1   1    1 0 0
   -1  -1  -1   0   1   1   1   1    0 0 0
   -1  -1  -1   1   1   1   1   0    0 0 0
   -1  -1   0   0   0   0   1   1    1 0 0
   -1  -1   0   0   0   1   1   1    0 0 0
   -1  -1   0   0   1   1   1   0    0 0 0
   -1  -1   0   1   1   1   0   0    0 0 0
   -1  -1   1   1   1   0   0   0    0 0 0
   -1   0   0   0   0   0   0   1    1 0 0
   -1   0   0   0   0   0   1   1    0 0 0
   -1   0   0   0   0   1   1   0    0 0 0
   -1   0   0   0   1   1   0   0    0 0 0
   -1   0   0   1   1   0   0   0    0 0 0
   -1   0   1   1   0   0   0   0    0 0 0
   -1   1   1   0   0   0   0   0    0 0 0
    2 -15 -32 -49 -66  68  51  34   17 0 0
   29   9 -11 -31 -51 -71  60  40   20 0 0
   56  33  10 -13 -36 -59 -82  46   23 0 0
   83  57  31   5 -21 -47 -73 -99   26 0 0
  110  81  52  23  -6 -35 -64 -93 -122 0 0

2 equations:
 1 0 -1 -2 -3 -4 -5 -6 -7 -8  121
 0 1  2  3  4  5  6  7  8  9 -155

9 basis elements of generated  lattice:
 1 0 0 0 0 0 0 0  -9    8 0
 0 1 0 0 0 0 0 0  -8    7 0
 0 0 1 0 0 0 0 0  -7    6 0
 0 0 0 1 0 0 0 0  -6    5 0
 0 0 0 0 1 0 0 0  -5    4 0
 0 0 0 0 0 1 0 0  -4    3 0
 0 0 0 0 0 0 1 0  -3    2 0
 0 0 0 0 0 0 0 1  -2    1 0
 0 0 0 0 0 0 0 0 151 -117 1

