11 lattice points in polytope (module generators)
0 Hilbert basis elements of recession monoid
5 vertices of polyhedron
0 extreme rays of recession cone
5 support hyperplanes of polyhedron (homogenized)

embedding dimension = 5
affine dimension of the polyhedron = 2
rank of recession monoid = 0 (polyhedron is polytope)

dehomogenization:
0 0 0 0 1 


module rank = 11

***********************************************************************

11 lattice points in polytope (module generators):
 5 7 6  8 1
 5 8 4  9 1
 6 5 7  8 1
 6 6 5  9 1
 6 7 3 10 1
 7 3 8  8 1
 7 4 6  9 1
 7 5 4 10 1
 7 6 2 11 1
 8 2 7  9 1
 8 3 5 10 1

0 Hilbert basis elements of recession monoid:

5 vertices of polyhedron:
  9 17  9 17 2
 17  1 17 17 2
 22 17  5 34 3
 26  1 25 26 3
 27 43 43 43 6

0 extreme rays of recession cone:

5 support hyperplanes of polyhedron (homogenized):
 -1 -1  1 1 0
 -1  0  0 1 0
 -1  1  1 0 0
  0 -1  0 1 0
  0  0 -1 1 0

2 equations:
 1 0 -1 -2  17
 0 1  2  3 -43

3 basis elements of generated  lattice:
 1 0 -3  2 0
 0 1 -2  1 0
 0 0 35 -9 1

