12 lattice points in polytope (module generators)
0 Hilbert basis elements of recession monoid
12 vertices of polyhedron
0 extreme rays of recession cone
12 support hyperplanes of polyhedron (homogenized)

embedding dimension = 14
affine dimension of the polyhedron = 11
rank of recession monoid = 0 (polyhedron is polytope)

dehomogenization:
0 0 0 0 0 0 0 0 0 0 0 0 0 1 


module rank = 12

***********************************************************************

12 lattice points in polytope (module generators):
 0 2 1 1 1 1 1 1 1 1 1 1 3 1
 1 0 2 1 1 1 1 1 1 1 1 1 3 1
 1 1 0 2 1 1 1 1 1 1 1 1 3 1
 1 1 1 0 2 1 1 1 1 1 1 1 3 1
 1 1 1 1 0 2 1 1 1 1 1 1 3 1
 1 1 1 1 1 0 2 1 1 1 1 1 3 1
 1 1 1 1 1 1 0 2 1 1 1 1 3 1
 1 1 1 1 1 1 1 0 2 1 1 1 3 1
 1 1 1 1 1 1 1 1 0 2 1 1 3 1
 1 1 1 1 1 1 1 1 1 0 2 1 3 1
 1 1 1 1 1 1 1 1 1 1 0 2 3 1
 1 1 1 1 1 1 1 1 1 1 1 0 4 1

0 Hilbert basis elements of recession monoid:

12 vertices of polyhedron:
 0 2 1 1 1 1 1 1 1 1 1 1 3 1
 1 0 2 1 1 1 1 1 1 1 1 1 3 1
 1 1 0 2 1 1 1 1 1 1 1 1 3 1
 1 1 1 0 2 1 1 1 1 1 1 1 3 1
 1 1 1 1 0 2 1 1 1 1 1 1 3 1
 1 1 1 1 1 0 2 1 1 1 1 1 3 1
 1 1 1 1 1 1 0 2 1 1 1 1 3 1
 1 1 1 1 1 1 1 0 2 1 1 1 3 1
 1 1 1 1 1 1 1 1 0 2 1 1 3 1
 1 1 1 1 1 1 1 1 1 0 2 1 3 1
 1 1 1 1 1 1 1 1 1 1 0 2 3 1
 1 1 1 1 1 1 1 1 1 1 1 0 4 1

0 extreme rays of recession cone:

12 support hyperplanes of polyhedron (homogenized):
 -65  11  10   9   8   7   6   5   4   3   2   1 0 0
 -53 -55  20  18  16  14  12  10   8   6   4   2 0 0
 -41 -44 -47  27  24  21  18  15  12   9   6   3 0 0
 -29 -33 -37 -41  32  28  24  20  16  12   8   4 0 0
 -17 -22 -27 -32 -37  35  30  25  20  15  10   5 0 0
  -5 -11 -17 -23 -29 -35  36  30  24  18  12   6 0 0
   1   0  -1  -2  -3  -4  -5   5   4   3   2   1 0 0
   5   4   3   2   1   0  -1  -2  -3  -4  -5   1 0 0
  19  11   3  -5 -13 -21 -29 -37  32  24  16   8 0 0
  31  22  13   4  -5 -14 -23 -32 -41  27  18   9 0 0
  43  33  23  13   3  -7 -17 -27 -37 -47  20  10 0 0
  67  55  43  31  19   7  -5 -17 -29 -41 -53 -65 0 0

2 equations:
 1 0 -1 -2 -3 -4 -5 -6 -7 -8 -9 -10 -11   88
 0 1  2  3  4  5  6  7  8  9 10  11  12 -103

12 basis elements of generated  lattice:
 1 0 0 0 0 0 0 0 0 0 0 -12  11 0
 0 1 0 0 0 0 0 0 0 0 0 -11  10 0
 0 0 1 0 0 0 0 0 0 0 0 -10   9 0
 0 0 0 1 0 0 0 0 0 0 0  -9   8 0
 0 0 0 0 1 0 0 0 0 0 0  -8   7 0
 0 0 0 0 0 1 0 0 0 0 0  -7   6 0
 0 0 0 0 0 0 1 0 0 0 0  -6   5 0
 0 0 0 0 0 0 0 1 0 0 0  -5   4 0
 0 0 0 0 0 0 0 0 1 0 0  -4   3 0
 0 0 0 0 0 0 0 0 0 1 0  -3   2 0
 0 0 0 0 0 0 0 0 0 0 1  -2   1 0
 0 0 0 0 0 0 0 0 0 0 0  77 -62 1

