6 lattice points in polytope (module generators)
0 Hilbert basis elements of recession monoid
6 vertices of polyhedron
0 extreme rays of recession cone
6 support hyperplanes of polyhedron (homogenized)

embedding dimension = 5
affine dimension of the polyhedron = 2
rank of recession monoid = 0 (polyhedron is polytope)

dehomogenization:
0 0 0 0 1 


module rank = 6

***********************************************************************

6 lattice points in polytope (module generators):
 3 4 4 5 1
 3 5 2 6 1
 4 2 5 5 1
 4 3 3 6 1
 4 4 1 7 1
 5 1 4 6 1

0 Hilbert basis elements of recession monoid:

6 vertices of polyhedron:
  4  2  5  5 1
  5  1  4  6 1
  5 10  7 10 2
  5 11  5 11 2
 13 11  2 22 3
 15  1 16 16 3

0 extreme rays of recession cone:

6 support hyperplanes of polyhedron (homogenized):
 -6  10   5 0 0
 -1   1   1 0 0
  3  -5   8 0 0
 12   1 -10 0 0
 27 -10  -5 0 0
 27  11 -26 0 0

2 equations:
 1 0 -1 -2  11
 0 1  2  3 -27

3 basis elements of generated  lattice:
 1 0 -3  2 0
 0 1 -2  1 0
 0 0 21 -5 1

