26 lattice points in polytope (module generators)
0 Hilbert basis elements of recession monoid
19 vertices of polyhedron
0 extreme rays of recession cone
12 support hyperplanes of polyhedron (homogenized)

embedding dimension = 6
affine dimension of the polyhedron = 3
rank of recession monoid = 0 (polyhedron is polytope)

dehomogenization:
0 0 0 0 0 1 


module rank = 26

***********************************************************************

26 lattice points in polytope (module generators):
 6 6 6 6  7 1
 6 7 4 7  7 1
 6 7 5 5  8 1
 6 8 3 6  8 1
 7 4 7 6  7 1
 7 4 8 4  8 1
 7 5 5 7  7 1
 7 5 6 5  8 1
 7 5 7 3  9 1
 7 6 4 6  8 1
 7 6 5 4  9 1
 7 7 2 7  8 1
 7 7 3 5  9 1
 8 3 7 5  8 1
 8 3 8 3  9 1
 8 4 5 6  8 1
 8 4 6 4  9 1
 8 4 7 2 10 1
 8 5 3 7  8 1
 8 5 4 5  9 1
 8 5 5 3 10 1
 8 6 2 6  9 1
 9 1 9 3  9 1
 9 2 7 4  9 1
 9 2 8 2 10 1
 9 3 6 3 10 1

0 Hilbert basis elements of recession monoid:

19 vertices of polyhedron:
  6  7  4  7  7 1
  6  8  3  6  8 1
  7  4  7  6  7 1
  7  4  8  4  8 1
  7  5  5  7  7 1
  7  5  7  3  9 1
  8  6  2  6  9 1
  9  1  9  3  9 1
  9  2  7  4  9 1
  9  3  6  3 10 1
 12 11 14 11 14 2
 13 15  4 15 15 2
 15 13  6  9 19 2
 17  7 14  3 21 2
 18  5 15  3 21 2
 27 35 29 29 35 5
 27 37 27 27 37 5
 31 23  8 31 31 4
 61 51 10 63 63 8

0 extreme rays of recession cone:

12 support hyperplanes of polyhedron (homogenized):
 -2  1  1  1 1  -4
 -1 -1 -1 -1 5 -11
 -1 -1 -1  2 2  -5
 -1 -1  0  1 1   0
 -1 -1  1  1 1  -3
 -1  0  0  0 1   0
 -1  0  1  1 0   0
 -1  1  1  0 0   0
  0 -1 -1  1 1   0
  0 -1  0  0 1   0
  0  0 -1  0 1   0
  0  0  0 -1 1   0

2 equations:
 1 0 -1 -2 -3  33
 0 1  2  3  4 -64

4 basis elements of generated  lattice:
 1 0 0 -4   3 0
 0 1 0 -3   2 0
 0 0 1 -2   1 0
 0 0 0 60 -29 1

