7 lattice points in polytope (module generators)
0 Hilbert basis elements of recession monoid
17 vertices of polyhedron
0 extreme rays of recession cone
10 support hyperplanes of polyhedron (homogenized)

embedding dimension = 7
affine dimension of the polyhedron = 4
rank of recession monoid = 0 (polyhedron is polytope)

dehomogenization:
0 0 0 0 0 0 1 


module rank = 7

***********************************************************************

7 lattice points in polytope (module generators):
 0 0 0 2 2 4 1
 0 0 0 3 0 5 1
 0 0 1 0 3 4 1
 0 0 1 1 1 5 1
 0 0 2 0 0 6 1
 0 1 0 0 2 5 1
 0 1 0 1 0 6 1

0 Hilbert basis elements of recession monoid:

17 vertices of polyhedron:
 0 0 0  3  0  5  1
 0 0 0  4 10 10  3
 0 0 2  0  0  6  1
 0 0 4  0 18 18  5
 0 1 0  1  0  6  1
 0 4 0  0 26 26  7
 0 6 0  0  6 28  5
 0 6 6  0  0 44  7
 1 1 0  1  1 12  2
 2 0 2  0  2 18  3
 2 0 2  0 26 26  7
 3 0 3  3  0 31  5
 4 2 2  4  0 44  7
 4 4 0  4 70 70 19
 6 3 3  3  3 62 10
 6 6 0 12  0 80 13
 6 6 6  0  6 80 13

0 extreme rays of recession cone:

10 support hyperplanes of polyhedron (homogenized):
 -1 -1 1 1  1 0 0
 -1  0 0 1  1 0 0
 -1  0 1 1  0 0 0
 -1  1 1 0  0 0 0
  0  0 0 0 -1 1 0
  0  0 0 0  1 0 0
  0  0 0 1  0 0 0
  0  0 1 0  0 0 0
  0  1 0 0  0 0 0
  1  0 0 0  0 0 0

2 equations:
 1 0 -1 -2 -3 -4  26
 0 1  2  3  4  5 -34

5 basis elements of generated  lattice:
 1 0 0 0  1 6 1
 0 1 0 0  2 5 1
 0 0 1 0  3 4 1
 0 0 0 1 -2 1 0
 0 0 0 0  6 2 1

