10 lattice points in polytope (module generators)
0 Hilbert basis elements of recession monoid
30 vertices of polyhedron
0 extreme rays of recession cone
13 support hyperplanes of polyhedron (homogenized)

embedding dimension = 7
affine dimension of the polyhedron = 4
rank of recession monoid = 0 (polyhedron is polytope)

dehomogenization:
0 0 0 0 0 0 1 


module rank = 10

***********************************************************************

10 lattice points in polytope (module generators):
 0 0 1 2 2 3 1
 0 0 1 3 0 4 1
 0 0 2 0 3 3 1
 0 0 2 1 1 4 1
 0 0 3 0 0 5 1
 0 1 0 1 3 3 1
 0 1 0 2 1 4 1
 0 1 1 0 2 4 1
 0 1 1 1 0 5 1
 1 0 1 0 1 5 1

0 Hilbert basis elements of recession monoid:

30 vertices of polyhedron:
  0  0 1  3  0   4  1
  0  0 1  6  3   6  2
  0  0 1  7  1   7  2
  0  0 2  0  3   3  1
  0  0 3  0  0   5  1
  0  1 0  1  3   3  1
  0  1 0  7  0   8  2
  0  1 0  9  5   9  3
  0  1 0 11  1  11  3
  0  3 0  3  0  10  2
  0  9 0  0  9  22  5
  0  9 9  0  0  38  7
  0 10 0  0 23  23  7
  1  0 1  0  1   5  1
  1  0 1  2  6   6  2
  1  0 1 14  0  16  4
  1  0 1 18 10  18  6
  1  0 1 22  2  22  6
  1  1 0 18  0  20  5
  1  1 0 21 12  21  7
  1  1 0 26  2  26  7
  2  2 0  6 15  15  5
  3  3 0  3  3  20  4
  5  0 5  0 23  23  7
  6  3 3  6  0  38  7
  9  0 9  9  0  53 10
  9  9 0 18  0  68 13
  9  9 9  0  9  68 13
 10 10 0 10 61  61 19
 18  9 9  9  9 106 20

0 extreme rays of recession cone:

13 support hyperplanes of polyhedron (homogenized):
 -1 -1  1  1   1 0 0
 -1  0  0  1   1 0 0
 -1  0  1  1   0 0 0
 -1  1  1  0   0 0 0
  0  0  0  0   1 0 0
  0  0  0  1   0 0 0
  0  0  1  0   0 0 0
  0  1  0  0   0 0 0
  1  0  0  0   0 0 0
 11  7  3 -1   4 0 0
 16 11  6  1  -4 0 0
 31 23 15 -2  -1 0 0
 31 23 15  7 -10 0 0

2 equations:
 1 0 -1 -2 -3 -4  23
 0 1  2  3  4  5 -31

5 basis elements of generated  lattice:
 1 0 0 0  4  3 1
 0 1 0 0 -4  3 0
 0 0 1 0 -3  2 0
 0 0 0 1 -2  1 0
 0 0 0 0  9 -1 1

