10 lattice points in polytope (module generators)
0 Hilbert basis elements of recession monoid
5 vertices of polyhedron
0 extreme rays of recession cone
5 support hyperplanes of polyhedron (homogenized)

embedding dimension = 5
affine dimension of the polyhedron = 2
rank of recession monoid = 0 (polyhedron is polytope)

dehomogenization:
0 0 0 0 1 


module rank = 10

***********************************************************************

10 lattice points in polytope (module generators):
 3 6 6 6 1
 3 7 4 7 1
 4 5 5 7 1
 4 6 3 8 1
 5 3 6 7 1
 5 4 4 8 1
 5 5 2 9 1
 6 1 7 7 1
 6 2 5 8 1
 6 3 3 9 1

0 Hilbert basis elements of recession monoid:

5 vertices of polyhedron:
  3  6  6  6 1
  6 15  6 15 2
 11 10  1 20 2
 27  0 27 30 4
 33  0 36 36 5

0 extreme rays of recession cone:

5 support hyperplanes of polyhedron (homogenized):
 -1  1   1 0 0
  0  1   0 0 0
  3 -4   7 0 0
  6 -2  -1 0 0
 12  5 -11 0 0

2 equations:
 1 0 -1 -2  15
 0 1  2  3 -36

3 basis elements of generated  lattice:
 1 0 -3  2 0
 0 1 -2  1 0
 0 0 27 -6 1

