8 lattice points in polytope (module generators)
0 Hilbert basis elements of recession monoid
8 vertices of polyhedron
0 extreme rays of recession cone
6 support hyperplanes of polyhedron (homogenized)

embedding dimension = 8
affine dimension of the polyhedron = 3
rank of recession monoid = 0 (polyhedron is polytope)

dehomogenization:
0 0 0 0 0 0 0 1 


module rank = 8

***********************************************************************

8 lattice points in polytope (module generators):
 6 4 4 5 4 4 6 1
 6 4 5 3 5 4 6 1
 6 5 3 5 3 5 6 1
 6 5 4 3 4 5 6 1
 7 3 4 5 4 3 7 1
 7 3 5 3 5 3 7 1
 7 4 3 5 3 4 7 1
 7 4 4 3 4 4 7 1

0 Hilbert basis elements of recession monoid:

8 vertices of polyhedron:
 6 4 4 5 4 4 6 1
 6 4 5 3 5 4 6 1
 6 5 3 5 3 5 6 1
 6 5 4 3 4 5 6 1
 7 3 4 5 4 3 7 1
 7 3 5 3 5 3 7 1
 7 4 3 5 3 4 7 1
 7 4 4 3 4 4 7 1

0 extreme rays of recession cone:

6 support hyperplanes of polyhedron (homogenized):
 -57  35  28  21  14  7 0 0
  -3  -1   1   3   5 -2 0 0
  -1   1   3   5  -4 -2 0 0
  15  -4 -23 -42  38 19 0 0
  21 -10  -8  -6  -4 -2 0 0
  39  16  -7 -30 -53 23 0 0

4 equations:
 1 0 0 0  0  0 -1   0
 0 1 0 0  0 -1  0   0
 0 0 1 0 -1  0  0   0
 0 0 0 1  2  2  2 -33

4 basis elements of generated  lattice:
 1 0 0 -2 0 0 1 0
 0 1 0 -2 0 1 0 0
 0 0 1 -2 1 0 0 0
 0 0 0 33 0 0 0 1

