3 lattice points in polytope (module generators)
0 Hilbert basis elements of recession monoid
8 vertices of polyhedron
0 extreme rays of recession cone
7 support hyperplanes of polyhedron (homogenized)

embedding dimension = 6
affine dimension of the polyhedron = 3
rank of recession monoid = 0 (polyhedron is polytope)

dehomogenization:
0 0 0 0 0 1 


module rank = 3

***********************************************************************

3 lattice points in polytope (module generators):
 0 0 1 2 4 1
 0 0 2 0 5 1
 0 1 0 1 5 1

0 Hilbert basis elements of recession monoid:

8 vertices of polyhedron:
 0 0 1 10 10  3
 0 0 2  0  5  1
 0 1 0 17 17  5
 0 4 0  0 17  3
 1 0 1 34 34 10
 1 1 0  1 11  2
 1 1 0 41 41 12
 2 0 2  0 17  3

0 extreme rays of recession cone:

7 support hyperplanes of polyhedron (homogenized):
 -1  0  1  1 0 0
 -1  1  1  0 0 0
  0  0  0  1 0 0
  0  0  1  0 0 0
  0  1  0  0 0 0
  1  0  0  0 0 0
 24 17 10 -1 0 0

2 equations:
 1 0 -1 -2 -3  17
 0 1  2  3  4 -24

4 basis elements of generated  lattice:
 1 0 0 0 6 1
 0 1 0 1 5 1
 0 0 1 2 4 1
 0 0 0 4 3 1

