5 lattice points in polytope (module generators)
0 Hilbert basis elements of recession monoid
2 vertices of polyhedron
0 extreme rays of recession cone
2 support hyperplanes of polyhedron (homogenized)

embedding dimension = 4
affine dimension of the polyhedron = 1
rank of recession monoid = 0 (polyhedron is polytope)

dehomogenization:
0 0 0 1 


module rank = 5

***********************************************************************

5 lattice points in polytope (module generators):
  7 8 10 1
  8 6 11 1
  9 4 12 1
 10 2 13 1
 11 0 14 1

0 Hilbert basis elements of recession monoid:

2 vertices of polyhedron:
 11  0 14 1
 19 28 28 3

0 extreme rays of recession cone:

2 support hyperplanes of polyhedron (homogenized):
  0   1 0 0
 28 -19 0 0

2 equations:
 1 0 -1   3
 0 1  2 -28

2 basis elements of generated  lattice:
 1 -2 1 0
 0 22 3 1

