8 lattice points in polytope (module generators)
0 Hilbert basis elements of recession monoid
8 vertices of polyhedron
0 extreme rays of recession cone
8 support hyperplanes of polyhedron (homogenized)

embedding dimension = 10
affine dimension of the polyhedron = 7
rank of recession monoid = 0 (polyhedron is polytope)

dehomogenization:
0 0 0 0 0 0 0 0 0 1 


module rank = 8

***********************************************************************

8 lattice points in polytope (module generators):
 0 2 1 1 1 1 1 1 3 1
 1 0 2 1 1 1 1 1 3 1
 1 1 0 2 1 1 1 1 3 1
 1 1 1 0 2 1 1 1 3 1
 1 1 1 1 0 2 1 1 3 1
 1 1 1 1 1 0 2 1 3 1
 1 1 1 1 1 1 0 2 3 1
 1 1 1 1 1 1 1 0 4 1

0 Hilbert basis elements of recession monoid:

8 vertices of polyhedron:
 0 2 1 1 1 1 1 1 3 1
 1 0 2 1 1 1 1 1 3 1
 1 1 0 2 1 1 1 1 3 1
 1 1 1 0 2 1 1 1 3 1
 1 1 1 1 0 2 1 1 3 1
 1 1 1 1 1 0 2 1 3 1
 1 1 1 1 1 1 0 2 3 1
 1 1 1 1 1 1 1 0 4 1

0 extreme rays of recession cone:

8 support hyperplanes of polyhedron (homogenized):
 -27   7   6   5   4   3   2   1 0 0
 -19 -21  12  10   8   6   4   2 0 0
 -11 -14 -17  15  12   9   6   3 0 0
  -3  -7 -11 -15  16  12   8   4 0 0
   1   0  -1  -2  -3   3   2   1 0 0
   3   2   1   0  -1  -2  -3   1 0 0
  13   7   1  -5 -11 -17  12   6 0 0
  29  21  13   5  -3 -11 -19 -27 0 0

2 equations:
 1 0 -1 -2 -3 -4 -5 -6 -7  42
 0 1  2  3  4  5  6  7  8 -53

8 basis elements of generated  lattice:
 1 0 0 0 0 0 0 -8   7 0
 0 1 0 0 0 0 0 -7   6 0
 0 0 1 0 0 0 0 -6   5 0
 0 0 0 1 0 0 0 -5   4 0
 0 0 0 0 1 0 0 -4   3 0
 0 0 0 0 0 1 0 -3   2 0
 0 0 0 0 0 0 1 -2   1 0
 0 0 0 0 0 0 0 35 -24 1

