85 lattice points in polytope (module generators)
0 Hilbert basis elements of recession monoid
122 vertices of polyhedron
0 extreme rays of recession cone
21 support hyperplanes of polyhedron (homogenized)

embedding dimension = 8
affine dimension of the polyhedron = 5
rank of recession monoid = 0 (polyhedron is polytope)

dehomogenization:
0 0 0 0 0 0 0 1 


module rank = 85

***********************************************************************

85 lattice points in polytope (module generators):
 3 3 4 4 3 3 5 1
 3 3 5 2 4 3 5 1
 3 3 5 3 2 4 5 1
 3 3 5 3 3 2 6 1
 3 4 2 5 3 3 5 1
 3 4 3 3 4 3 5 1
 3 4 3 4 2 4 5 1
 3 4 3 4 3 2 6 1
 3 4 4 1 5 3 5 1
 3 4 4 2 3 4 5 1
 3 4 4 2 4 2 6 1
 3 4 4 3 1 5 5 1
 3 4 4 3 2 3 6 1
 3 4 4 3 3 1 7 1
 3 5 1 4 4 3 5 1
 3 5 1 5 2 4 5 1
 3 5 1 5 3 2 6 1
 3 5 2 2 5 3 5 1
 3 5 2 3 3 4 5 1
 3 5 2 3 4 2 6 1
 3 5 2 4 2 3 6 1
 3 5 2 4 3 1 7 1
 3 5 3 1 4 4 5 1
 3 5 3 1 5 2 6 1
 3 5 3 2 3 3 6 1
 4 2 3 5 3 3 5 1
 4 2 4 3 4 3 5 1
 4 2 4 4 2 4 5 1
 4 2 4 4 3 2 6 1
 4 2 5 1 5 3 5 1
 4 2 5 2 3 4 5 1
 4 2 5 2 4 2 6 1
 4 2 5 3 1 5 5 1
 4 2 5 3 2 3 6 1
 4 2 5 3 3 1 7 1
 4 3 2 4 4 3 5 1
 4 3 2 5 2 4 5 1
 4 3 2 5 3 2 6 1
 4 3 3 2 5 3 5 1
 4 3 3 3 3 4 5 1
 4 3 3 3 4 2 6 1
 4 3 3 4 1 5 5 1
 4 3 3 4 2 3 6 1
 4 3 3 4 3 1 7 1
 4 3 4 1 4 4 5 1
 4 3 4 1 5 2 6 1
 4 3 4 2 2 5 5 1
 4 3 4 2 3 3 6 1
 4 3 4 2 4 1 7 1
 4 3 4 3 1 4 6 1
 4 3 4 3 2 2 7 1
 4 4 1 3 5 3 5 1
 4 4 1 4 3 4 5 1
 4 4 1 4 4 2 6 1
 4 4 1 5 2 3 6 1
 4 4 1 5 3 1 7 1
 4 4 2 2 4 4 5 1
 4 4 2 2 5 2 6 1
 4 4 2 3 3 3 6 1
 4 4 2 3 4 1 7 1
 4 4 2 4 2 2 7 1
 4 4 3 1 4 3 6 1
 5 0 5 3 4 3 5 1
 5 0 5 4 2 4 5 1
 5 0 6 2 4 2 6 1
 5 0 6 3 2 3 6 1
 5 1 4 2 5 3 5 1
 5 1 4 3 3 4 5 1
 5 1 4 3 4 2 6 1
 5 1 4 4 1 5 5 1
 5 1 4 4 2 3 6 1
 5 1 5 1 4 4 5 1
 5 1 5 1 5 2 6 1
 5 1 5 2 3 3 6 1
 5 1 5 2 4 1 7 1
 5 2 3 2 4 4 5 1
 5 2 3 2 5 2 6 1
 5 2 3 3 2 5 5 1
 5 2 3 3 3 3 6 1
 5 2 3 3 4 1 7 1
 5 2 3 4 1 4 6 1
 5 2 4 1 4 3 6 1
 5 2 4 1 5 1 7 1
 5 2 4 2 3 2 7 1
 5 3 2 3 3 2 7 1

0 Hilbert basis elements of recession monoid:

122 vertices of polyhedron:
  3  3  4  4  3  3   5  1
  3  3  5  2  4  3   5  1
  3  3  5  3  2  4   5  1
  3  3  5  3  3  2   6  1
  3  4  2  5  3  3   5  1
  3  4  4  1  5  3   5  1
  3  4  4  3  1  5   5  1
  3  4  4  3  3  1   7  1
  3  5  1  4  4  3   5  1
  3  5  1  5  2  4   5  1
  3  5  1  5  3  2   6  1
  3  5  2  2  5  3   5  1
  3  5  2  4  3  1   7  1
  3  5  3  1  4  4   5  1
  3  5  3  1  5  2   6  1
  4  2  3  5  3  3   5  1
  4  2  5  1  5  3   5  1
  4  2  5  3  1  5   5  1
  4  2  5  3  3  1   7  1
  4  4  1  3  5  3   5  1
  4  4  1  5  3  1   7  1
  4  4  2  4  2  2   7  1
  4  4  3  1  4  3   6  1
  5  0  5  3  4  3   5  1
  5  0  5  4  2  4   5  1
  5  0  6  2  4  2   6  1
  5  0  6  3  2  3   6  1
  5  1  4  2  5  3   5  1
  5  1  4  4  1  5   5  1
  5  1  5  1  4  4   5  1
  5  2  3  4  1  4   6  1
  5  2  4  1  5  1   7  1
  5  2  4  2  3  2   7  1
  5  3  2  3  3  2   7  1
  6  9  6  7  2 10  10  2
  6 10  5  7  4  5  13  2
  6 10  6  1 10  7  10  2
  6 10  6  1 11  5  11  2
  7  9  6  1  9  8  10  2
  7  9  6  1 11  4  12  2
  7 17  9  8  7  9  18  3
  8  7  7  3  5 10  10  2
  8  7  7  6  2  7  13  2
  8 15  9  4 15  9  15  3
  9  3  6 10  6  5  11  2
  9  5  4 10  6  3  13  2
  9  6  3  6 10  6  10  2
  9  6  3 10  2 10  10  2
  9  7  2  7  7  8  10  2
  9  7  2  7  9  4  12  2
  9  7  2  9  7  2  14  2
  9  7  2 10  4  5  13  2
  9  8 15 10  8 10  15  3
  9  8 16  8 10  8  16  3
  9  8 16  9  8  9  16  3
 10  1  9  8  5  5  12  2
 10  1 10  3 10  6  10  2
 10  2 10  1 10  7  10  2
 10  3  9  1  9  8  10  2
 10  5  5  5  5 10  10  2
 10 14  9  1 15 11  15  3
 10 14  9  1 17  7  17  3
 11  9 13  9  9  2  22  3
 11 12 20 12 13 12  20  4
 11 13  5 13  9  2  22  3
 11 20 13  3 20 13  20  4
 11 21 11  4 21 11  21  4
 11 29 15 13 12 16  29  5
 11 29 15 13 13 14  30  5
 12 19 13 12  6 13  25  4
 13 17 25 14 14 17  25  5
 13 25  7 24 16 15  25  5
 13 27  5 24 16 13  27  5
 14 15 15 12  2 21  21  4
 14 26 15  3 26 15  26  5
 15  1 15 11  4 14  15  3
 15  1 17  7 11  4  20  3
 15  2 13 11 10  5  19  3
 15  2 16  2 16  8  16  3
 15  4 14  1 15 11  15  3
 15  4 14  1 17  7  17  3
 15  5 10  5 15 10  15  3
 15  5 10  5 16  8  16  3
 15  5 13  5 13  2  22  3
 15  7 11  4 11  7  20  3
 15  8  7  8 13  2  22  3
 15 25  3 25 16 16  25  5
 15 25  3 27 14 14  27  5
 15 35 21 24 24 21  35  7
 15 35 27 18 18 27  35  7
 15 41 15 24 24 15  41  7
 15 41 21 18 18 21  41  7
 16 19 29 19 19 18  30  6
 16 29 21 17  7 30  30  6
 17 12 15 12  5 12  27  4
 17 39 17 23 23 10  46  7
 18  5 13 19 13 12  20  4
 18  5 13 20 11 13  20  4
 19  5 14 18 12  7  25  4
 20 10 10 15  5 15  25  4
 21 19  2 25 13 20  25  5
 21 19  2 28 10 17  28  5
 23 45 31 25 12 44  45  9
 24 35 29 24  6 41  41  8
 29 19 10 19 25  4  44  6
 31 32 58 32 32 32  58 11
 34 27 27  7 27 38  40  8
 35 40 65 40 40 40  65 13
 35 65 15 65 40 40  65 13
 41 29 29 12 29 29  56  9
 43 37  6 37 45 32  50 10
 43 37  6 54 28 15  67 10
 45 25 25 20 25 25  60  9
 49 47  2 60 41 41  60 12
 49 47  2 70 31 31  70 12
 53 99 13 99 56 56  99 19
 55 30 30 30 25 30  75 11
 56 42 42 42 14 42  87 13
 58 29 29 52  6 63  63 12
 62 21 41 72 41 41  72 14
 80 25 55 90 55 55  90 18
 84 42 42 70 14 70 103 17

0 extreme rays of recession cone:

21 support hyperplanes of polyhedron (homogenized):
 -11 -15  16  12   8   4 0 0
  -8   5   4   3   2   1 0 0
  -4 -15 -26  33  22  11 0 0
  -1  -1   0   1   1   1 0 0
  -1  -1   1   1   1   0 0 0
  -1   0   0   0   1   1 0 0
  -1   0   0   1   1   0 0 0
  -1   0   1   1   0   0 0 0
  -1   1   1   0   0   0 0 0
   1   0  -1  -2   2   1 0 0
   5   3   1  -1  -3  -5 0 0
  16  -3  -8 -13  10   5 0 0
  16  -3  -8   1  -4   5 0 0
  16  -3   6   1  -4  -9 0 0
  16  11  -8 -13  -4   5 0 0
  16  11  -8   1  -4  -9 0 0
  16  11   6 -13 -18   5 0 0
  16  11   6 -13  -4  -9 0 0
  16  11   6   1 -18  -9 0 0
  16  11   6   1  -4 -23 0 0
  32  15  -2 -19 -36  17 0 0

2 equations:
 1 0 -1 -2 -3 -4 -5  55
 0 1  2  3  4  5  6 -80

6 basis elements of generated  lattice:
 1 0 0 0 0 -6   5 0
 0 1 0 0 0 -5   4 0
 0 0 1 0 0 -4   3 0
 0 0 0 1 0 -3   2 0
 0 0 0 0 1 -2   1 0
 0 0 0 0 0 70 -45 1

