56 lattice points in polytope (module generators)
0 Hilbert basis elements of recession monoid
88 vertices of polyhedron
0 extreme rays of recession cone
21 support hyperplanes of polyhedron (homogenized)

embedding dimension = 8
affine dimension of the polyhedron = 5
rank of recession monoid = 0 (polyhedron is polytope)

dehomogenization:
0 0 0 0 0 0 0 1 


module rank = 56

***********************************************************************

56 lattice points in polytope (module generators):
 3 3 5 3 3 3 5 1
 3 4 3 4 3 3 5 1
 3 4 4 2 4 3 5 1
 3 4 4 3 2 4 5 1
 3 4 4 3 3 2 6 1
 3 5 1 5 3 3 5 1
 3 5 2 3 4 3 5 1
 3 5 2 4 2 4 5 1
 3 5 2 4 3 2 6 1
 3 5 3 1 5 3 5 1
 3 5 3 2 3 4 5 1
 3 5 3 2 4 2 6 1
 3 5 3 3 2 3 6 1
 4 2 4 4 3 3 5 1
 4 2 5 2 4 3 5 1
 4 2 5 3 2 4 5 1
 4 2 5 3 3 2 6 1
 4 3 2 5 3 3 5 1
 4 3 3 3 4 3 5 1
 4 3 3 4 2 4 5 1
 4 3 3 4 3 2 6 1
 4 3 4 1 5 3 5 1
 4 3 4 2 3 4 5 1
 4 3 4 2 4 2 6 1
 4 3 4 3 1 5 5 1
 4 3 4 3 2 3 6 1
 4 3 4 3 3 1 7 1
 4 4 1 4 4 3 5 1
 4 4 1 5 2 4 5 1
 4 4 1 5 3 2 6 1
 4 4 2 2 5 3 5 1
 4 4 2 3 3 4 5 1
 4 4 2 3 4 2 6 1
 4 4 2 4 2 3 6 1
 4 4 2 4 3 1 7 1
 4 4 3 1 4 4 5 1
 4 4 3 1 5 2 6 1
 4 4 3 2 3 3 6 1
 5 1 4 3 4 3 5 1
 5 1 4 4 2 4 5 1
 5 1 4 4 3 2 6 1
 5 1 5 1 5 3 5 1
 5 1 5 2 3 4 5 1
 5 1 5 2 4 2 6 1
 5 1 5 3 2 3 6 1
 5 2 3 2 5 3 5 1
 5 2 3 3 3 4 5 1
 5 2 3 3 4 2 6 1
 5 2 3 4 1 5 5 1
 5 2 3 4 2 3 6 1
 5 2 4 1 4 4 5 1
 5 2 4 1 5 2 6 1
 5 2 4 2 3 3 6 1
 5 2 4 2 4 1 7 1
 5 3 2 3 3 3 6 1
 5 3 2 3 4 1 7 1

0 Hilbert basis elements of recession monoid:

88 vertices of polyhedron:
   3  3  5   3  3   3   5  1
   3  5  1   5  3   3   5  1
   3  5  2   4  2   4   5  1
   3  5  3   1  5   3   5  1
   3  5  3   2  3   4   5  1
   3  5  3   2  4   2   6  1
   3  5  3   3  2   3   6  1
   4  3  4   3  1   5   5  1
   4  3  4   3  3   1   7  1
   4  4  1   5  2   4   5  1
   4  4  2   2  5   3   5  1
   4  4  2   4  3   1   7  1
   4  4  3   1  4   4   5  1
   4  4  3   1  5   2   6  1
   5  1  4   4  3   2   6  1
   5  1  5   1  5   3   5  1
   5  1  5   2  3   4   5  1
   5  1  5   3  2   3   6  1
   5  2  3   2  5   3   5  1
   5  2  3   4  1   5   5  1
   5  2  4   1  4   4   5  1
   5  2  4   2  4   1   7  1
   5  3  2   3  3   3   6  1
   5  3  2   3  4   1   7  1
   6  9  7   6  6   3  13  2
   6 10  5   7  6   3  13  2
   7  8  7   6  2  10  10  2
   8  7  7   5  3  10  10  2
   9  3 10   6  3   9  10  2
   9  3 10   6  6   3  13  2
   9  4  5  10  6   6  10  2
   9  6  7   6  3   6  13  2
   9  7  2   7  9   6  10  2
   9  7  2  10  6   3  13  2
   9  7  6   3  7   6  12  2
   9 14 10   9  4  14  15  3
  10  1  9   7  7   6  10  2
  10  1  9   8  5   7  10  2
  10  1 11   6  4   7  11  2
  10  1 11   6  5   5  12  2
  10  5  5   7  3  10  10  2
  10  5  5   8  2   9  11  2
  10  6  4   7  5   5  13  2
  10  6  5   5  6   5  13  2
  11 13  9   2 15  10  15  3
  11 13  9   2 16   8  16  3
  13 10 10   9  4  10  19  3
  13 11  7  11  6   7  20  3
  13 27 15  14 11  18  27  5
  13 27 15  14 14  12  30  5
  14  4 10  14  9   9  15  3
  15  1 15   9 11   9  15  3
  15  1 15  11  7  11  15  3
  15  1 17   7 11   7  17  3
  15  1 17   9  7   9  17  3
  15  2 15  10  5  13  15  3
  15  2 16   8 10   5  19  3
  15  5 13   2 15  10  15  3
  15  5 13   2 16   8  16  3
  15  7 11   4 14   4  20  3
  15  7 11   7  8   7  20  3
  15  8  7  12  4  11  18  3
  15  8  8   7  8  14  15  3
  15  8 10   5 10   8  19  3
  15  9  7   9  8   7  20  3
  17 15  2  20 13  13  20  4
  17 15  2  22 11  11  22  4
  17 35 21  23 23  21  35  7
  17 35 25  19 19  25  35  7
  17 39 17  23 23  17  39  7
  17 39 21  19 19  21  39  7
  18 13 13   5 13  18  20  4
  19 13  6  13 13  16  20  4
  19 13  6  18  8  11  25  4
  19 37 19  22 22  12  44  7
  20 11  9  11 11  18  20  4
  22 18  4  25 11  20  25  5
  22 18  4  26 10  19  26  5
  25 13 13  19  6  19  30  5
  25 45 29  26 15  40  45  9
  27 20  7  30 10  26  30  6
  29 16 13  26  6  30  30  6
  43 28 28  15 28  28  55  9
  45 26 26  19 26  26  57  9
  46 43 43  36 10  61  61 12
  55 31 31  31 24  31  72 11
  59 41 41  41 18  41  84 13
 178 89 89 148 30 183 183 36

0 extreme rays of recession cone:

21 support hyperplanes of polyhedron (homogenized):
 -41  25  20  15  10    5 0 0
 -23 -31  32  24  16    8 0 0
  -5 -16 -27  33  22   11 0 0
  -1  -1   0   1   1    1 0 0
  -1  -1   1   1   1    0 0 0
  -1   0   0   0   1    1 0 0
  -1   0   0   1   1    0 0 0
  -1   0   1   1   0    0 0 0
  -1   1   1   0   0    0 0 0
  13  -1 -15 -29  28   14 0 0
  31  14  -3 -20 -37   17 0 0
  49  29   9 -11 -31  -51 0 0
  79 -17 -42 -67  50   25 0 0
  79 -17 -42   4 -21   25 0 0
  79 -17  29   4 -21  -46 0 0
  79  54 -42 -67 -21   25 0 0
  79  54 -42   4 -21  -46 0 0
  79  54  29 -67 -92   25 0 0
  79  54  29 -67 -21  -46 0 0
  79  54  29   4 -92  -46 0 0
  79  54  29   4 -21 -117 0 0

2 equations:
 1 0 -1 -2 -3 -4 -5  54
 0 1  2  3  4  5  6 -79

6 basis elements of generated  lattice:
 1 0 0 0 0 -6   5 0
 0 1 0 0 0 -5   4 0
 0 0 1 0 0 -4   3 0
 0 0 0 1 0 -3   2 0
 0 0 0 0 1 -2   1 0
 0 0 0 0 0 71 -46 1

