4 lattice points in polytope (module generators)
0 Hilbert basis elements of recession monoid
8 vertices of polyhedron
0 extreme rays of recession cone
7 support hyperplanes of polyhedron (homogenized)

embedding dimension = 6
affine dimension of the polyhedron = 3
rank of recession monoid = 0 (polyhedron is polytope)

dehomogenization:
0 0 0 0 0 1 


module rank = 4

***********************************************************************

4 lattice points in polytope (module generators):
 0 0 1 3 3 1
 0 0 2 1 4 1
 0 1 0 2 4 1
 0 1 1 0 5 1

0 Hilbert basis elements of recession monoid:

8 vertices of polyhedron:
 0 0 1  3  3  1
 0 0 5  0  9  2
 0 3 0 16 16  5
 0 5 0  0 16  3
 1 1 0 13 13  4
 3 0 3 32 32 10
 5 0 5  0 32  6
 5 5 0  5 41  8

0 extreme rays of recession cone:

7 support hyperplanes of polyhedron (homogenized):
 -1  0 1  1 0 0
 -1  1 1  0 0 0
  0  0 0  1 0 0
  0  0 1  0 0 0
  0  1 0  0 0 0
  1  0 0  0 0 0
 23 16 9 -3 0 0

2 equations:
 1 0 -1 -2 -3  16
 0 1  2  3  4 -23

4 basis elements of generated  lattice:
 1 0 0  1 5 1
 0 1 0  2 4 1
 0 0 1 -2 1 0
 0 0 0  5 2 1

