4 lattice points in polytope (module generators)
0 Hilbert basis elements of recession monoid
4 vertices of polyhedron
0 extreme rays of recession cone
4 support hyperplanes of polyhedron (homogenized)

embedding dimension = 6
affine dimension of the polyhedron = 3
rank of recession monoid = 0 (polyhedron is polytope)

dehomogenization:
0 0 0 0 0 1 


module rank = 4

***********************************************************************

4 lattice points in polytope (module generators):
 0 2 1 1 3 1
 1 0 2 1 3 1
 1 1 0 2 3 1
 1 1 1 0 4 1

0 Hilbert basis elements of recession monoid:

4 vertices of polyhedron:
 0 2 1 1 3 1
 1 0 2 1 3 1
 1 1 0 2 3 1
 1 1 1 0 4 1

0 extreme rays of recession cone:

4 support hyperplanes of polyhedron (homogenized):
 -5  3  2  1 0 0
 -1 -3  4  2 0 0
  1  0 -1  1 0 0
  7  3 -1 -5 0 0

2 equations:
 1 0 -1 -2 -3  12
 0 1  2  3  4 -19

4 basis elements of generated  lattice:
 1 0 0 -4  3 0
 0 1 0 -3  2 0
 0 0 1 -2  1 0
 0 0 0  9 -2 1

