4 lattice points in polytope (module generators)
0 Hilbert basis elements of recession monoid
2 vertices of polyhedron
0 extreme rays of recession cone
2 support hyperplanes of polyhedron (homogenized)

embedding dimension = 4
affine dimension of the polyhedron = 1
rank of recession monoid = 0 (polyhedron is polytope)

dehomogenization:
0 0 0 1 


module rank = 4

***********************************************************************

4 lattice points in polytope (module generators):
 10 9 10 1
 11 7 11 1
 12 5 12 1
 13 3 13 1

0 Hilbert basis elements of recession monoid:

2 vertices of polyhedron:
 13  3 13 1
 29 29 29 3

0 extreme rays of recession cone:

2 support hyperplanes of polyhedron (homogenized):
 -3 13 0 0
  1 -1 0 0

2 equations:
 1 0 -1   0
 0 1  2 -29

2 basis elements of generated  lattice:
 1 -2 1 0
 0 29 0 1

