10 lattice points in polytope (module generators)
0 Hilbert basis elements of recession monoid
16 vertices of polyhedron
0 extreme rays of recession cone
14 support hyperplanes of polyhedron (homogenized)

embedding dimension = 7
affine dimension of the polyhedron = 4
rank of recession monoid = 0 (polyhedron is polytope)

dehomogenization:
0 0 0 0 0 0 1 


module rank = 10

***********************************************************************

10 lattice points in polytope (module generators):
 0 1 2 1 1 3 1
 0 2 0 2 1 3 1
 0 2 1 0 2 3 1
 0 2 1 1 0 4 1
 1 0 1 2 1 3 1
 1 0 2 0 2 3 1
 1 0 2 1 0 4 1
 1 1 0 1 2 3 1
 1 1 0 2 0 4 1
 1 1 1 0 1 4 1

0 Hilbert basis elements of recession monoid:

16 vertices of polyhedron:
 0 1 2  1 1  3 1
 0 2 0  2 1  3 1
 0 2 1  0 2  3 1
 0 2 1  1 0  4 1
 1 0 1  2 1  3 1
 1 0 2  0 2  3 1
 1 0 2  1 0  4 1
 1 0 5  2 2  6 2
 1 1 0  1 2  3 1
 1 1 0  2 0  4 1
 1 1 1  0 1  4 1
 2 4 2  0 7  9 3
 3 2 3  0 7  9 3
 4 4 0 12 5 15 5
 5 8 8  5 0 30 7
 7 6 6  7 0 30 7

0 extreme rays of recession cone:

14 support hyperplanes of polyhedron (homogenized):
 -8  4  3  2  1 0 0
 -3 -5  6  4  2 0 0
 -1 -1  1  1  1 0 0
 -1  0  0  1  1 0 0
 -1  0  1  1  0 0 0
 -1  1  1  0  0 0 0
  0  0  0  0  1 0 0
  0  0  0  1  0 0 0
  0  0  1  0  0 0 0
  0  1  0  0  0 0 0
  1  0  0  0  0 0 0
  2 -1 -4  6  3 0 0
  7  3 -1 -5  4 0 0
 12  7  2 -3 -8 0 0

2 equations:
 1 0 -1 -2 -3 -4  19
 0 1  2  3  4  5 -27

5 basis elements of generated  lattice:
 1 0 0 0 -5  4 0
 0 1 0 0 -4  3 0
 0 0 1 0 -3  2 0
 0 0 0 1 -2  1 0
 0 0 0 0 13 -5 1

