24 lattice points in polytope (module generators)
0 Hilbert basis elements of recession monoid
19 vertices of polyhedron
0 extreme rays of recession cone
12 support hyperplanes of polyhedron (homogenized)

embedding dimension = 6
affine dimension of the polyhedron = 3
rank of recession monoid = 0 (polyhedron is polytope)

dehomogenization:
0 0 0 0 0 1 


module rank = 24

***********************************************************************

24 lattice points in polytope (module generators):
 2 5 3 4 5 1
 2 6 2 3 6 1
 3 3 4 4 5 1
 3 3 5 2 6 1
 3 4 2 5 5 1
 3 4 3 3 6 1
 3 4 4 1 7 1
 3 5 1 4 6 1
 3 5 2 2 7 1
 3 5 3 0 8 1
 4 1 5 4 5 1
 4 1 6 2 6 1
 4 2 3 5 5 1
 4 2 4 3 6 1
 4 2 5 1 7 1
 4 3 2 4 6 1
 4 3 3 2 7 1
 4 3 4 0 8 1
 4 4 0 5 6 1
 4 4 1 3 7 1
 5 0 5 3 6 1
 5 0 6 1 7 1
 5 1 4 2 7 1
 5 1 5 0 8 1

0 Hilbert basis elements of recession monoid:

19 vertices of polyhedron:
  3  5  3  0  8  1
  4  4  0  5  6  1
  5  0  5  3  6  1
  5  0  6  1  7  1
  5  1  5  0  8  1
  5 10  3 10 10  2
  6  5 11  5 11  2
  7  9  0 11 11  2
  9  2  7 10 10  2
  9 25 18 18 25  5
  9 31 12 12 31  5
 10  3  7  3 15  2
 10 13 20 13 20  4
 11 21  2 21 21  4
 14  0 15 13 15  3
 14  0 19  5 19  3
 17 15  2 15 27  4
 19  0 19 18 20  4
 47 47  0 67 67 12

0 extreme rays of recession cone:

12 support hyperplanes of polyhedron (homogenized):
 -13 15  10   5 0 0
  -1 -9  16   8 0 0
  -1  0   1   1 0 0
  -1  1   1   0 0 0
   0  0   1   0 0 0
   0  1   0   0 0 0
   1  0  -1   1 0 0
  23  9  -5 -19 0 0
  43 -9 -28  19 0 0
  43 -9   5 -14 0 0
  43 24 -28 -14 0 0
  43 24   5 -47 0 0

2 equations:
 1 0 -1 -2 -3  24
 0 1  2  3  4 -43

4 basis elements of generated  lattice:
 1 0 0 -4   3 0
 0 1 0 -3   2 0
 0 0 1 -2   1 0
 0 0 0 33 -14 1

