6 lattice points in polytope (module generators)
0 Hilbert basis elements of recession monoid
5 vertices of polyhedron
0 extreme rays of recession cone
5 support hyperplanes of polyhedron (homogenized)

embedding dimension = 5
affine dimension of the polyhedron = 2
rank of recession monoid = 0 (polyhedron is polytope)

dehomogenization:
0 0 0 0 1 


module rank = 6

***********************************************************************

6 lattice points in polytope (module generators):
 0 1 5 5 1
 0 2 3 6 1
 0 3 1 7 1
 1 0 4 6 1
 1 1 2 7 1
 1 2 0 8 1

0 Hilbert basis elements of recession monoid:

5 vertices of polyhedron:
 0 1  5  5 1
 0 7  0 15 2
 3 0 26 26 5
 7 0  7 30 4
 7 7  0 41 5

0 extreme rays of recession cone:

5 support hyperplanes of polyhedron (homogenized):
 -1  1  1 0 0
  0  0  1 0 0
  0  1  0 0 0
  1  0  0 0 0
 26 15 -3 0 0

2 equations:
 1 0 -1 -2  15
 0 1  2  3 -26

3 basis elements of generated  lattice:
 1 0 -3 2 0
 0 1 -2 1 0
 0 0  7 4 1

