10 lattice points in polytope (module generators)
0 Hilbert basis elements of recession monoid
10 vertices of polyhedron
0 extreme rays of recession cone
10 support hyperplanes of polyhedron (homogenized)

embedding dimension = 12
affine dimension of the polyhedron = 9
rank of recession monoid = 0 (polyhedron is polytope)

dehomogenization:
0 0 0 0 0 0 0 0 0 0 0 1 


module rank = 10

***********************************************************************

10 lattice points in polytope (module generators):
 4 4 3 3 3 3 3 3 3 3 5 1
 5 2 4 3 3 3 3 3 3 3 5 1
 5 3 2 4 3 3 3 3 3 3 5 1
 5 3 3 2 4 3 3 3 3 3 5 1
 5 3 3 3 2 4 3 3 3 3 5 1
 5 3 3 3 3 2 4 3 3 3 5 1
 5 3 3 3 3 3 2 4 3 3 5 1
 5 3 3 3 3 3 3 2 4 3 5 1
 5 3 3 3 3 3 3 3 2 4 5 1
 5 3 3 3 3 3 3 3 3 2 6 1

0 Hilbert basis elements of recession monoid:

10 vertices of polyhedron:
 4 4 3 3 3 3 3 3 3 3 5 1
 5 2 4 3 3 3 3 3 3 3 5 1
 5 3 2 4 3 3 3 3 3 3 5 1
 5 3 3 2 4 3 3 3 3 3 5 1
 5 3 3 3 2 4 3 3 3 3 5 1
 5 3 3 3 3 2 4 3 3 3 5 1
 5 3 3 3 3 3 2 4 3 3 5 1
 5 3 3 3 3 3 3 2 4 3 5 1
 5 3 3 3 3 3 3 3 2 4 5 1
 5 3 3 3 3 3 3 3 3 2 6 1

0 extreme rays of recession cone:

10 support hyperplanes of polyhedron (homogenized):
 -134  45  40  35  30  25  20  15   10   5 0 0
  -74 -85 -96  77  66  55  44  33   22  11 0 0
  -22 -29 -36 -43  42  35  28  21   14   7 0 0
  -14 -31 -48 -65 -82  85  68  51   34  17 0 0
  -13 -14   8   7   6   5   4   3    2   1 0 0
    2   1   0  -1  -2  -3  -4   3    2   1 0 0
    4  -1  -6 -11 -16 -21  20  15   10   5 0 0
   17  13   9   5   1  -3  -7 -11  -15 -19 0 0
   38  25  12  -1 -14 -27 -40 -53   26  13 0 0
  106  77  48  19 -10 -39 -68 -97 -126  29 0 0

2 equations:
 1 0 -1 -2 -3 -4 -5 -6 -7 -8 -9  149
 0 1  2  3  4  5  6  7  8  9 10 -186

10 basis elements of generated  lattice:
 1 0 0 0 0 0 0 0 0 -10    9 0
 0 1 0 0 0 0 0 0 0  -9    8 0
 0 0 1 0 0 0 0 0 0  -8    7 0
 0 0 0 1 0 0 0 0 0  -7    6 0
 0 0 0 0 1 0 0 0 0  -6    5 0
 0 0 0 0 0 1 0 0 0  -5    4 0
 0 0 0 0 0 0 1 0 0  -4    3 0
 0 0 0 0 0 0 0 1 0  -3    2 0
 0 0 0 0 0 0 0 0 1  -2    1 0
 0 0 0 0 0 0 0 0 0 184 -147 1

