1 lattice points in polytope (module generators)
0 Hilbert basis elements of recession monoid
1 vertices of polyhedron
0 extreme rays of recession cone
1 support hyperplanes of polyhedron (homogenized)

embedding dimension = 4
affine dimension of the polyhedron = 0
rank of recession monoid = 0 (polyhedron is polytope)

dehomogenization:
0 0 0 1 


module rank = 1

***********************************************************************

1 lattice points in polytope (module generators):
 13 0 13 1

0 Hilbert basis elements of recession monoid:

1 vertices of polyhedron:
 13 0 13 1

0 extreme rays of recession cone:

1 support hyperplanes of polyhedron (homogenized):
 0 0 0 1

3 equations:
 1 0 0 -13
 0 1 0   0
 0 0 1 -13

1 basis elements of generated  lattice:
 13 0 13 1

