4 lattice points in polytope (module generators)
0 Hilbert basis elements of recession monoid
4 vertices of polyhedron
0 extreme rays of recession cone
4 support hyperplanes of polyhedron (homogenized)

embedding dimension = 6
affine dimension of the polyhedron = 3
rank of recession monoid = 0 (polyhedron is polytope)

dehomogenization:
0 0 0 0 0 1 


module rank = 4

***********************************************************************

4 lattice points in polytope (module generators):
 4 4 3 3 5 1
 5 2 4 3 5 1
 5 3 2 4 5 1
 5 3 3 2 6 1

0 Hilbert basis elements of recession monoid:

4 vertices of polyhedron:
 4 4 3 3 5 1
 5 2 4 3 5 1
 5 3 2 4 5 1
 5 3 3 2 6 1

0 extreme rays of recession cone:

4 support hyperplanes of polyhedron (homogenized):
 -17  15  10   5 0 0
  -5 -13  16   8 0 0
   7  -4 -15  11 0 0
  19   5  -9 -23 0 0

2 equations:
 1 0 -1 -2 -3  20
 0 1  2  3  4 -39

4 basis elements of generated  lattice:
 1 0 0 -4   3 0
 0 1 0 -3   2 0
 0 0 1 -2   1 0
 0 0 0 37 -18 1

