5 lattice points in polytope (module generators)
0 Hilbert basis elements of recession monoid
4 vertices of polyhedron
0 extreme rays of recession cone
4 support hyperplanes of polyhedron (homogenized)

embedding dimension = 5
affine dimension of the polyhedron = 2
rank of recession monoid = 0 (polyhedron is polytope)

dehomogenization:
0 0 0 0 1 


module rank = 5

***********************************************************************

5 lattice points in polytope (module generators):
 0 0 5 6 1
 0 1 3 7 1
 0 2 1 8 1
 1 0 2 8 1
 1 1 0 9 1

0 Hilbert basis elements of recession monoid:

4 vertices of polyhedron:
 0 0 5  6 1
 0 5 0 17 2
 1 1 0  9 1
 5 0 5 34 4

0 extreme rays of recession cone:

4 support hyperplanes of polyhedron (homogenized):
 -1 1 1 0 0
  0 0 1 0 0
  0 1 0 0 0
  1 0 0 0 0

2 equations:
 1 0 -1 -2  17
 0 1  2  3 -28

3 basis elements of generated  lattice:
 1 0  2 8 1
 0 1 -2 1 0
 0 0  5 6 1

