3 lattice points in polytope (module generators)
0 Hilbert basis elements of recession monoid
2 vertices of polyhedron
0 extreme rays of recession cone
2 support hyperplanes of polyhedron (homogenized)

embedding dimension = 4
affine dimension of the polyhedron = 1
rank of recession monoid = 0 (polyhedron is polytope)

dehomogenization:
0 0 0 1 


module rank = 3

***********************************************************************

3 lattice points in polytope (module generators):
 0 4 5 1
 1 2 6 1
 2 0 7 1

0 Hilbert basis elements of recession monoid:

2 vertices of polyhedron:
 0 4 5 1
 2 0 7 1

0 extreme rays of recession cone:

2 support hyperplanes of polyhedron (homogenized):
 0 1 0 0
 1 0 0 0

2 equations:
 1 0 -1   5
 0 1  2 -14

2 basis elements of generated  lattice:
 1 2 6 1
 0 4 5 1

