27 lattice points in polytope (module generators)
0 Hilbert basis elements of recession monoid
95 vertices of polyhedron
0 extreme rays of recession cone
22 support hyperplanes of polyhedron (homogenized)

embedding dimension = 8
affine dimension of the polyhedron = 5
rank of recession monoid = 0 (polyhedron is polytope)

dehomogenization:
0 0 0 0 0 0 0 1 


module rank = 27

***********************************************************************

27 lattice points in polytope (module generators):
 0 0 1 2 2 1 3 1
 0 0 1 3 0 2 3 1
 0 0 1 3 1 0 4 1
 0 0 2 0 3 1 3 1
 0 0 2 1 1 2 3 1
 0 0 2 1 2 0 4 1
 0 0 2 2 0 1 4 1
 0 0 3 0 0 3 3 1
 0 0 3 0 1 1 4 1
 0 0 3 1 0 0 5 1
 0 1 0 1 3 1 3 1
 0 1 0 2 1 2 3 1
 0 1 0 2 2 0 4 1
 0 1 0 3 0 1 4 1
 0 1 1 0 2 2 3 1
 0 1 1 0 3 0 4 1
 0 1 1 1 0 3 3 1
 0 1 1 1 1 1 4 1
 0 1 1 2 0 0 5 1
 0 1 2 0 0 2 4 1
 0 1 2 0 1 0 5 1
 0 2 0 0 2 1 4 1
 0 2 0 1 1 0 5 1
 1 0 1 0 1 3 3 1
 1 0 1 0 2 1 4 1
 1 0 1 1 0 2 4 1
 1 0 1 1 1 0 5 1

0 Hilbert basis elements of recession monoid:

95 vertices of polyhedron:
  0  0  1  2  2   1   3  1
  0  0  1  3  0   2   3  1
  0  0  1  3  1   0   4  1
  0  0  2  0  3   1   3  1
  0  0  3  0  0   3   3  1
  0  0  3  1  0   0   5  1
  0  0  3 15  6   6  15  5
  0  0  3 17  4   4  17  5
  0  0  5  0  5   0   8  2
  0  0  6  0  3   0   9  2
  0  1  0  1  3   1   3  1
  0  1  0  2  2   0   4  1
  0  1  2  0  1   0   5  1
  0  2  0  0  2   1   4  1
  0  2  0  1  1   0   5  1
  0  2  0 10  0   5  10  3
  0  3  0  0  6   3   6  2
  0  3  0  0  7   1   7  2
  0  3  0  3  0   6   6  2
  0  3  0  5  0   0  10  2
  0  3  0 12  0   9  12  4
  0  3  0 21  9   9  21  7
  0  3  0 25  5   5  25  7
  0  3  3  0  0   3   9  2
  0  3  9  3  0   0  21  4
  0  4  0  0  5   0   9  2
  0  4  0 20  5   0  25  6
  0  5  0  0 10   0  12  3
  0  6  1  0  5   1  14  3
  0  6  3  0  3  12  12  4
  0  8  1  0  8   0  19  4
  0  9  0  0  9  12  15  5
  0 15  0 15  0   0  42  8
  0 21 21  0  0  51  51 16
  1  0  1  0  1   3   3  1
  1  0  1  1  0   2   4  1
  1  0  1  1  1   0   5  1
  1  0  1  2  6   2   6  2
  1  0  1  4  4   0   8  2
  1  0  1  6  1   0   9  2
  1  0  1 10  0   5  10  3
  1  0  5  1  0   1  10  2
  1  1  0  3  5   0   8  2
  1  1  0  6  0   1   9  2
  1  1  0  9  0   7   9  3
  1  2  1  0  2   6   6  2
  1  3  0  1  3   0  10  2
  1  7  1  0  7   1  19  4
  1  9  1  0 10   0  24  5
  2  0  2  0  5   0   9  2
  2  0  2 20  5   0  25  6
  2  1  1  1  1   4   8  2
  2  1  1  2  0   3   9  2
  2  1  2  0  2   1  10  2
  2  2  0  3 13   3  13  4
  2  2  0 24  0  11  24  7
  3  0  3  0 12   6  12  4
  3  0  3  0 14   2  14  4
  3  0  3  4  0   3  14  3
  3  0  3  6  0  12  12  4
  3  0  3 14  0   3  22  5
  3  0  3 24  0  18  24  8
  3  0  3 42 18  18  42 14
  3  0  3 50 10  10  50 14
  3  0  9  0  3   0  21  4
  3  2  2  1  2   2  15  3
  3  3  0  3  3  12  12  4
  3  3  0  9  0  15  15  5
  3  3  0 22  3   0  32  7
  3  3  0 48 21  21  48 16
  3  3  0 58 11  11  58 16
  3  3 15  3  0   3  36  7
  4  0  5  4  0   4  19  4
  4  0  7  0  4   0  21  4
  4  3  1  3  4   0  21  4
  4  4  0 48 11   0  59 14
  5  0  5  0 20   0  24  6
  5  4  1  4  4   1  26  5
  5  5  0  5 25   0  32  8
  5  5  0 10  0   5  29  6
  5  5  5  0  5   5  29  6
  6  6  0  6 33  15  33 11
  6  6  0  6 37   7  37 11
  6  6  0 15 42  15  42 14
  7  3  7  0 10   0  36  7
  7  4  3  8  0   7  34  7
  7  7  0 14  0  31  31 10
  7  7  7  0  7  31  31 10
  9  5  5  9  0   9  44  9
 11  7  7  7  4   7  56 11
 14  7  7 14  0  51  51 16
 15 15  0 15 15   0  84 16
 15 15 15 15  0  15  96 19
 21  0 21 21  0  72  72 23
 42 21 21 21 21 144 144 46

0 extreme rays of recession cone:

22 support hyperplanes of polyhedron (homogenized):
 -9  5  4  3  2  1 0 0
 -3 -5  8  6  4  2 0 0
 -1 -1  0  1  1  1 0 0
 -1 -1  1  1  1  0 0 0
 -1  0  0  0  1  1 0 0
 -1  0  0  1  1  0 0 0
 -1  0  1  1  0  0 0 0
 -1  1  1  0  0  0 0 0
  0  0  0  0  0  1 0 0
  0  0  0  0  1  0 0 0
  0  0  0  1  0  0 0 0
  0  0  1  0  0  0 0 0
  0  1  0  0  0  0 0 0
  1  0 -1  3  2  1 0 0
  1  0  0  0  0  0 0 0
  3  2  1  0 -1  1 0 0
  7  5  3  1 -1 -3 0 0
  9  5  1 -3  8  4 0 0
 13 10  7 -1 -4  3 0 0
 13 10  7 -1  1 -2 0 0
 13 10  7  4 -4 -2 0 0
 13 10  7  4  1 -7 0 0

2 equations:
 1 0 -1 -2 -3 -4 -5  30
 0 1  2  3  4  5  6 -39

6 basis elements of generated  lattice:
 1 0 0 0 0 -6  5 0
 0 1 0 0 0 -5  4 0
 0 0 1 0 0 -4  3 0
 0 0 0 1 0 -3  2 0
 0 0 0 0 1 -2  1 0
 0 0 0 0 0 15 -6 1

