6 lattice points in polytope (module generators)
0 Hilbert basis elements of recession monoid
6 vertices of polyhedron
0 extreme rays of recession cone
6 support hyperplanes of polyhedron (homogenized)

embedding dimension = 8
affine dimension of the polyhedron = 5
rank of recession monoid = 0 (polyhedron is polytope)

dehomogenization:
0 0 0 0 0 0 0 1 


module rank = 6

***********************************************************************

6 lattice points in polytope (module generators):
 0 2 1 1 1 1 3 1
 1 0 2 1 1 1 3 1
 1 1 0 2 1 1 3 1
 1 1 1 0 2 1 3 1
 1 1 1 1 0 2 3 1
 1 1 1 1 1 0 4 1

0 Hilbert basis elements of recession monoid:

6 vertices of polyhedron:
 0 2 1 1 1 1 3 1
 1 0 2 1 1 1 3 1
 1 1 0 2 1 1 3 1
 1 1 1 0 2 1 3 1
 1 1 1 1 0 2 3 1
 1 1 1 1 1 0 4 1

0 extreme rays of recession cone:

6 support hyperplanes of polyhedron (homogenized):
 -14  5  4  3  2  1 0 0
  -4 -5  4  3  2  1 0 0
  -2 -5 -8  9  6  3 0 0
   1  0 -1 -2  2  1 0 0
   2  1  0 -1 -2  1 0 0
   8  5  2 -1 -4 -7 0 0

2 equations:
 1 0 -1 -2 -3 -4 -5  25
 0 1  2  3  4  5  6 -34

6 basis elements of generated  lattice:
 1 0 0 0 0 -6   5 0
 0 1 0 0 0 -5   4 0
 0 0 1 0 0 -4   3 0
 0 0 0 1 0 -3   2 0
 0 0 0 0 1 -2   1 0
 0 0 0 0 0 20 -11 1

