5 lattice points in polytope (module generators)
0 Hilbert basis elements of recession monoid
2 vertices of polyhedron
0 extreme rays of recession cone
2 support hyperplanes of polyhedron (homogenized)

embedding dimension = 4
affine dimension of the polyhedron = 1
rank of recession monoid = 0 (polyhedron is polytope)

dehomogenization:
0 0 0 1 


module rank = 5

***********************************************************************

5 lattice points in polytope (module generators):
  9 10 10 1
 10  8 11 1
 11  6 12 1
 12  4 13 1
 13  2 14 1

0 Hilbert basis elements of recession monoid:

2 vertices of polyhedron:
  9 10 10 1
 13  2 14 1

0 extreme rays of recession cone:

2 support hyperplanes of polyhedron (homogenized):
 -2 13 0 0
 10 -9 0 0

2 equations:
 1 0 -1   1
 0 1  2 -30

2 basis elements of generated  lattice:
 1 -2 1 0
 0 28 1 1

