13 lattice points in polytope (module generators)
0 Hilbert basis elements of recession monoid
13 vertices of polyhedron
0 extreme rays of recession cone
13 support hyperplanes of polyhedron (homogenized)

embedding dimension = 15
affine dimension of the polyhedron = 12
rank of recession monoid = 0 (polyhedron is polytope)

dehomogenization:
0 0 0 0 0 0 0 0 0 0 0 0 0 0 1 


module rank = 13

***********************************************************************

13 lattice points in polytope (module generators):
 0 2 1 1 1 1 1 1 1 1 1 1 1 3 1
 1 0 2 1 1 1 1 1 1 1 1 1 1 3 1
 1 1 0 2 1 1 1 1 1 1 1 1 1 3 1
 1 1 1 0 2 1 1 1 1 1 1 1 1 3 1
 1 1 1 1 0 2 1 1 1 1 1 1 1 3 1
 1 1 1 1 1 0 2 1 1 1 1 1 1 3 1
 1 1 1 1 1 1 0 2 1 1 1 1 1 3 1
 1 1 1 1 1 1 1 0 2 1 1 1 1 3 1
 1 1 1 1 1 1 1 1 0 2 1 1 1 3 1
 1 1 1 1 1 1 1 1 1 0 2 1 1 3 1
 1 1 1 1 1 1 1 1 1 1 0 2 1 3 1
 1 1 1 1 1 1 1 1 1 1 1 0 2 3 1
 1 1 1 1 1 1 1 1 1 1 1 1 0 4 1

0 Hilbert basis elements of recession monoid:

13 vertices of polyhedron:
 0 2 1 1 1 1 1 1 1 1 1 1 1 3 1
 1 0 2 1 1 1 1 1 1 1 1 1 1 3 1
 1 1 0 2 1 1 1 1 1 1 1 1 1 3 1
 1 1 1 0 2 1 1 1 1 1 1 1 1 3 1
 1 1 1 1 0 2 1 1 1 1 1 1 1 3 1
 1 1 1 1 1 0 2 1 1 1 1 1 1 3 1
 1 1 1 1 1 1 0 2 1 1 1 1 1 3 1
 1 1 1 1 1 1 1 0 2 1 1 1 1 3 1
 1 1 1 1 1 1 1 1 0 2 1 1 1 3 1
 1 1 1 1 1 1 1 1 1 0 2 1 1 3 1
 1 1 1 1 1 1 1 1 1 1 0 2 1 3 1
 1 1 1 1 1 1 1 1 1 1 1 0 2 3 1
 1 1 1 1 1 1 1 1 1 1 1 1 0 4 1

0 extreme rays of recession cone:

13 support hyperplanes of polyhedron (homogenized):
 -13   2   2  2  2  2  2  2  2  2  2  2  2  2 -17
 -11 -11 -11  4  4  4  4  4  4  4  4  4  4  4 -19
  -8  -8  -8 -8 -8 -8  7  7  7  7  7  7  7  7 -22
  -7  -7  -7 -7 -7 -7 -7  8  8  8  8  8  8  8 -23
  -4  -4  -4 -4 -4 -4 -4 -4 -4 -4 11 11 11 11 -26
  -4  -4   1  1  1  1  1  1  1  1  1  1  1  1  -6
  -3  -3  -3 -3 -3  2  2  2  2  2  2  2  2  2  -7
  -2  -2  -2 -2 -2 -2 -2 -2 -2 -2 -2 -2 13 13 -28
  -2  -2  -2 -2 -2 -2 -2 -2  3  3  3  3  3  3  -8
  -2  -2  -2 -2  1  1  1  1  1  1  1  1  1  1  -4
  -1  -1  -1 -1 -1 -1 -1 -1 -1 -1 -1 -1 -1 14 -29
  -1  -1  -1 -1 -1 -1 -1 -1 -1 -1 -1  4  4  4  -9
  -1  -1  -1 -1 -1 -1 -1 -1 -1  2  2  2  2  2  -5

2 equations:
 1 0 -1 -2 -3 -4 -5 -6 -7 -8 -9 -10 -11 -12  102
 0 1  2  3  4  5  6  7  8  9 10  11  12  13 -118

13 basis elements of generated  lattice:
 1 0 0 0 0 0 0 0 0 0 0 0 -13  12 0
 0 1 0 0 0 0 0 0 0 0 0 0 -12  11 0
 0 0 1 0 0 0 0 0 0 0 0 0 -11  10 0
 0 0 0 1 0 0 0 0 0 0 0 0 -10   9 0
 0 0 0 0 1 0 0 0 0 0 0 0  -9   8 0
 0 0 0 0 0 1 0 0 0 0 0 0  -8   7 0
 0 0 0 0 0 0 1 0 0 0 0 0  -7   6 0
 0 0 0 0 0 0 0 1 0 0 0 0  -6   5 0
 0 0 0 0 0 0 0 0 1 0 0 0  -5   4 0
 0 0 0 0 0 0 0 0 0 1 0 0  -4   3 0
 0 0 0 0 0 0 0 0 0 0 1 0  -3   2 0
 0 0 0 0 0 0 0 0 0 0 0 1  -2   1 0
 0 0 0 0 0 0 0 0 0 0 0 0  90 -74 1

