5 lattice points in polytope (module generators)
0 Hilbert basis elements of recession monoid
2 vertices of polyhedron
0 extreme rays of recession cone
2 support hyperplanes of polyhedron (homogenized)

embedding dimension = 4
affine dimension of the polyhedron = 1
rank of recession monoid = 0 (polyhedron is polytope)

dehomogenization:
0 0 0 1 


module rank = 5

***********************************************************************

5 lattice points in polytope (module generators):
  7 9  9 1
  8 7 10 1
  9 5 11 1
 10 3 12 1
 11 1 13 1

0 Hilbert basis elements of recession monoid:

2 vertices of polyhedron:
  7 9  9 1
 11 1 13 1

0 extreme rays of recession cone:

2 support hyperplanes of polyhedron (homogenized):
 -1 11 0 0
  9 -7 0 0

2 equations:
 1 0 -1   2
 0 1  2 -27

2 basis elements of generated  lattice:
 1 -2 1 0
 0 23 2 1

