2 lattice points in polytope (module generators)
0 Hilbert basis elements of recession monoid
2 vertices of polyhedron
0 extreme rays of recession cone
2 support hyperplanes of polyhedron (homogenized)

embedding dimension = 5
affine dimension of the polyhedron = 1
rank of recession monoid = 0 (polyhedron is polytope)

dehomogenization:
0 0 0 0 1 


module rank = 2

***********************************************************************

2 lattice points in polytope (module generators):
 7 6 6 7 1
 8 5 5 8 1

0 Hilbert basis elements of recession monoid:

2 vertices of polyhedron:
  7  6  6  7 1
 26 13 13 26 3

0 extreme rays of recession cone:

2 support hyperplanes of polyhedron (homogenized):
 -3   4  2 0 0
 18 -14 -7 0 0

3 equations:
 1 0 0 -1   0
 0 1 0  1 -13
 0 0 1  1 -13

2 basis elements of generated  lattice:
 1 -1 -1 1 0
 0 13 13 0 1

