15 lattice points in polytope (module generators)
0 Hilbert basis elements of recession monoid
6 vertices of polyhedron
0 extreme rays of recession cone
6 support hyperplanes of polyhedron (homogenized)

embedding dimension = 5
affine dimension of the polyhedron = 2
rank of recession monoid = 0 (polyhedron is polytope)

dehomogenization:
0 0 0 0 1 


module rank = 15

***********************************************************************

15 lattice points in polytope (module generators):
 2 7 5  7 1
 2 8 3  8 1
 3 5 6  7 1
 3 6 4  8 1
 3 7 2  9 1
 4 3 7  7 1
 4 4 5  8 1
 4 5 3  9 1
 4 6 1 10 1
 5 2 6  8 1
 5 3 4  9 1
 5 4 2 10 1
 5 5 0 11 1
 6 0 7  8 1
 6 1 5  9 1

0 Hilbert basis elements of recession monoid:

6 vertices of polyhedron:
  4 17  4 17 2
  5  5  0 11 1
  6 19 19 19 3
  8 13  0 21 2
 25  0 25 34 4
 29  0 38 38 5

0 extreme rays of recession cone:

6 support hyperplanes of polyhedron (homogenized):
 -1 -1  1 1 0
 -1  1  1 0 0
  0 -1  0 1 0
  0  0 -1 1 0
  0  0  1 0 0
  0  1  0 0 0

2 equations:
 1 0 -1 -2  17
 0 1  2  3 -38

3 basis elements of generated  lattice:
 1 0 -3  2 0
 0 1 -2  1 0
 0 0 25 -4 1

