21 lattice points in polytope (module generators)
0 Hilbert basis elements of recession monoid
2 vertices of polyhedron
0 extreme rays of recession cone
2 support hyperplanes of polyhedron (homogenized)

embedding dimension = 4
affine dimension of the polyhedron = 1
rank of recession monoid = 0 (polyhedron is polytope)

dehomogenization:
0 0 0 1 


module rank = 21

***********************************************************************

21 lattice points in polytope (module generators):
 5  0 41 1
 5  1 40 1
 5  2 39 1
 5  3 38 1
 5  4 37 1
 5  5 36 1
 5  6 35 1
 5  7 34 1
 5  8 33 1
 5  9 32 1
 5 10 31 1
 5 11 30 1
 5 12 29 1
 5 13 28 1
 5 14 27 1
 5 15 26 1
 5 16 25 1
 5 17 24 1
 5 18 23 1
 5 19 22 1
 5 20 21 1

0 Hilbert basis elements of recession monoid:

2 vertices of polyhedron:
  5  0 41 1
 10 41 41 2

0 extreme rays of recession cone:

2 support hyperplanes of polyhedron (homogenized):
  0   1 0 0
 41 -10 0 0

2 equations:
 1 0 0  -5
 0 1 1 -41

2 basis elements of generated  lattice:
 5 0 41 1
 0 1 -1 0

