33 lattice points in polytope (module generators)
0 Hilbert basis elements of recession monoid
61 vertices of polyhedron
0 extreme rays of recession cone
19 support hyperplanes of polyhedron (homogenized)

embedding dimension = 8
affine dimension of the polyhedron = 5
rank of recession monoid = 0 (polyhedron is polytope)

dehomogenization:
0 0 0 0 0 0 0 1 


module rank = 33

***********************************************************************

33 lattice points in polytope (module generators):
 3 4 4 3 3 3 5 1
 3 5 2 4 3 3 5 1
 3 5 3 2 4 3 5 1
 3 5 3 3 2 4 5 1
 3 5 3 3 3 2 6 1
 4 2 5 3 3 3 5 1
 4 3 3 4 3 3 5 1
 4 3 4 2 4 3 5 1
 4 3 4 3 2 4 5 1
 4 3 4 3 3 2 6 1
 4 4 1 5 3 3 5 1
 4 4 2 3 4 3 5 1
 4 4 2 4 2 4 5 1
 4 4 2 4 3 2 6 1
 4 4 3 1 5 3 5 1
 4 4 3 2 3 4 5 1
 4 4 3 2 4 2 6 1
 4 4 3 3 2 3 6 1
 5 1 4 4 3 3 5 1
 5 1 5 2 4 3 5 1
 5 1 5 3 2 4 5 1
 5 1 5 3 3 2 6 1
 5 2 3 3 4 3 5 1
 5 2 3 4 2 4 5 1
 5 2 3 4 3 2 6 1
 5 2 4 1 5 3 5 1
 5 2 4 2 3 4 5 1
 5 2 4 2 4 2 6 1
 5 2 4 3 2 3 6 1
 5 3 2 3 3 4 5 1
 5 3 2 3 4 2 6 1
 5 3 2 4 2 3 6 1
 5 3 3 2 3 3 6 1

0 Hilbert basis elements of recession monoid:

61 vertices of polyhedron:
  3  4  4  3  3  3  5  1
  3  5  2  4  3  3  5  1
  3  5  3  2  4  3  5  1
  3  5  3  3  2  4  5  1
  3  5  3  3  3  2  6  1
  4  2  5  3  3  3  5  1
  4  4  1  5  3  3  5  1
  4  4  3  1  5  3  5  1
  4  4  3  3  2  3  6  1
  5  1  4  4  3  3  5  1
  5  1  5  2  4  3  5  1
  5  1  5  3  2  4  5  1
  5  1  5  3  3  2  6  1
  5  2  3  4  3  2  6  1
  5  2  4  1  5  3  5  1
  5  2  4  3  2  3  6  1
  5  3  2  3  3  4  5  1
  5  3  2  3  4  2  6  1
  5  3  2  4  2  3  6  1
  5  3  3  2  3  3  6  1
  9  6  3 10  6  6 10  2
  9  7  2  9  7  6 10  2
  9  7  2 10  5  7 10  2
  9  7  2 10  6  5 11  2
  9  7  6  3  7  8 10  2
  9  7  6  3  9  4 12  2
 10  5  5  5  9  6 10  2
 10  5  7  3  7  8 10  2
 10  6  4  7  7  3 13  2
 10  6  5  5  8  3 13  2
 13  9 11  9  9  4 20  3
 13 11  7 11  9  4 20  3
 14 10  4 14  6 12 15  3
 14 10  8 10  6  8 19  3
 15  2 15  9 10  9 15  3
 15  2 15 10  8 10 15  3
 15  2 16  8 10  8 16  3
 15  2 16  9  8  9 16  3
 15  7 11  7 11  4 20  3
 15  8  7 12  4 14 15  3
 15  8 10  5 13  5 19  3
 15  8 10  8  7  8 19  3
 15  9  7  9 11  4 20  3
 15  9  8  9  7  8 19  3
 19 12 13 12  7 12 25  4
 19 13  6 13 17 12 20  4
 19 13  6 18 12  7 25  4
 19 35 21 22 22 21 35  7
 19 35 23 20 20 23 35  7
 19 37 19 22 22 19 37  7
 19 37 21 20 20 21 37  7
 21 17 17 15  6 24 25  5
 25 13 13 19  6 24 25  5
 25 14 14 17  8 17 30  5
 28 19 19 18 10 19 37  6
 30 17 17 13 17 26 30  6
 38 25 25 13 25 34 40  8
 53 43 10 60 37 37 60 12
 53 43 10 62 35 35 62 12
 55 32 32 32 23 32 69 11
 62 40 40 40 22 40 81 13

0 extreme rays of recession cone:

19 support hyperplanes of polyhedron (homogenized):
 -42  25  20  15  10   5 0 0
  -6 -17 -28  33  22  11 0 0
  -3  -4   4   3   2   1 0 0
  -1  -1   0   1   1   1 0 0
  -1  -1   1   1   1   0 0 0
  -1   0   0   0   1   1 0 0
  -1   0   0   1   1   0 0 0
  -1   0   1   1   0   0 0 0
  -1   1   1   0   0   0 0 0
   6  -1  -8 -15  14   7 0 0
  12   7   2  -3  -8 -13 0 0
  30  13  -4 -21 -38  17 0 0
  78 -19 -44 -69  50  25 0 0
  78 -19 -44   3 -22  25 0 0
  78 -19  28   3 -22 -47 0 0
  78  53 -44 -69 -22  25 0 0
  78  53 -44   3 -22 -47 0 0
  78  53  28 -69 -94  25 0 0
  78  53  28 -69 -22 -47 0 0

2 equations:
 1 0 -1 -2 -3 -4 -5  53
 0 1  2  3  4  5  6 -78

6 basis elements of generated  lattice:
 1 0 0 0 0 -6   5 0
 0 1 0 0 0 -5   4 0
 0 0 1 0 0 -4   3 0
 0 0 0 1 0 -3   2 0
 0 0 0 0 1 -2   1 0
 0 0 0 0 0 72 -47 1

