5 lattice points in polytope (module generators)
0 Hilbert basis elements of recession monoid
4 vertices of polyhedron
0 extreme rays of recession cone
4 support hyperplanes of polyhedron (homogenized)

embedding dimension = 5
affine dimension of the polyhedron = 2
rank of recession monoid = 0 (polyhedron is polytope)

dehomogenization:
0 0 0 0 1 


module rank = 5

***********************************************************************

5 lattice points in polytope (module generators):
 3 5 3 5 1
 4 3 4 5 1
 4 4 2 6 1
 5 1 5 5 1
 5 2 3 6 1

0 Hilbert basis elements of recession monoid:

4 vertices of polyhedron:
  3  5 3  5 1
  5  1 5  5 1
  5  2 3  6 1
 14 10 4 20 3

0 extreme rays of recession cone:

4 support hyperplanes of polyhedron (homogenized):
 -7 10  5 0 0
 -1  1  1 0 0
  1 -3  4 0 0
  1  0 -1 0 0

2 equations:
 1 0 -1 -2  10
 0 1  2  3 -26

3 basis elements of generated  lattice:
 1 0 -3  2 0
 0 1 -2  1 0
 0 0 22 -6 1

