7 lattice points in polytope (module generators)
0 Hilbert basis elements of recession monoid
5 vertices of polyhedron
0 extreme rays of recession cone
5 support hyperplanes of polyhedron (homogenized)

embedding dimension = 5
affine dimension of the polyhedron = 2
rank of recession monoid = 0 (polyhedron is polytope)

dehomogenization:
0 0 0 0 1 


module rank = 7

***********************************************************************

7 lattice points in polytope (module generators):
 0 3 3 5 1
 0 4 1 6 1
 1 1 4 5 1
 1 2 2 6 1
 1 3 0 7 1
 2 0 3 6 1
 2 1 1 7 1

0 Hilbert basis elements of recession monoid:

5 vertices of polyhedron:
 0 7 13 13 3
 0 9  0 13 2
 7 0 24 24 5
 9 0  9 26 4
 9 9  0 37 5

0 extreme rays of recession cone:

5 support hyperplanes of polyhedron (homogenized):
 -1  1  1 0 0
  0  0  1 0 0
  0  1  0 0 0
  1  0  0 0 0
 24 13 -7 0 0

2 equations:
 1 0 -1 -2  13
 0 1  2  3 -24

3 basis elements of generated  lattice:
 1 0 -3 2 0
 0 1 -2 1 0
 0 0  9 2 1

