6 lattice points in polytope (module generators)
0 Hilbert basis elements of recession monoid
10 vertices of polyhedron
0 extreme rays of recession cone
10 support hyperplanes of polyhedron (homogenized)

embedding dimension = 6
affine dimension of the polyhedron = 3
rank of recession monoid = 0 (polyhedron is polytope)

dehomogenization:
0 0 0 0 0 1 


module rank = 6

***********************************************************************

6 lattice points in polytope (module generators):
 0 1 2 1 3 1
 0 2 0 2 3 1
 0 2 1 0 4 1
 1 0 1 2 3 1
 1 0 2 0 4 1
 1 1 0 1 4 1

0 Hilbert basis elements of recession monoid:

10 vertices of polyhedron:
 0 1 2  1  3 1
 0 2 0  2  3 1
 0 2 1  0  4 1
 1 0 1  2  3 1
 1 0 2  0  4 1
 1 0 5  2  6 2
 1 1 0  1  4 1
 2 4 2  0 13 3
 3 2 3  0 13 3
 4 4 0 12 15 5

0 extreme rays of recession cone:

10 support hyperplanes of polyhedron (homogenized):
 -4  3  2  1 0 0
 -1  0  1  1 0 0
 -1  1  1  0 0 0
  0 -1  2  1 0 0
  0  0  0  1 0 0
  0  0  1  0 0 0
  0  1  0  0 0 0
  1  0  0  0 0 0
  2  1  0 -1 0 0
  4  1 -2  3 0 0

2 equations:
 1 0 -1 -2 -3  13
 0 1  2  3  4 -20

4 basis elements of generated  lattice:
 1 0 0  4  2 1
 0 1 0 -3  2 0
 0 0 1 -2  1 0
 0 0 0  8 -1 1

