22 lattice points in polytope (module generators)
0 Hilbert basis elements of recession monoid
108 vertices of polyhedron
0 extreme rays of recession cone
20 support hyperplanes of polyhedron (homogenized)

embedding dimension = 8
affine dimension of the polyhedron = 5
rank of recession monoid = 0 (polyhedron is polytope)

dehomogenization:
0 0 0 0 0 0 0 1 


module rank = 22

***********************************************************************

22 lattice points in polytope (module generators):
 0 0 2 2 1 1 3 1
 0 0 3 0 2 1 3 1
 0 0 3 1 0 2 3 1
 0 0 3 1 1 0 4 1
 0 1 0 3 1 1 3 1
 0 1 1 1 2 1 3 1
 0 1 1 2 0 2 3 1
 0 1 1 2 1 0 4 1
 0 1 2 0 1 2 3 1
 0 1 2 0 2 0 4 1
 0 1 2 1 0 1 4 1
 0 2 0 0 3 1 3 1
 0 2 0 1 1 2 3 1
 0 2 0 1 2 0 4 1
 0 2 0 2 0 1 4 1
 0 2 1 0 1 1 4 1
 1 0 1 0 3 1 3 1
 1 0 1 1 1 2 3 1
 1 0 1 1 2 0 4 1
 1 0 1 2 0 1 4 1
 1 0 2 0 1 1 4 1
 1 1 0 1 1 1 4 1

0 Hilbert basis elements of recession monoid:

108 vertices of polyhedron:
  0  0  2  2  1  1  3  1
  0  0  3  0  2  1  3  1
  0  0  3  1  0  2  3  1
  0  0  3  1  1  0  4  1
  0  1  0  3  1  1  3  1
  0  1  2  0  2  0  4  1
  0  2  0  0  3  1  3  1
  0  2  0  1  1  2  3  1
  0  2  0  1  2  0  4  1
  0  2  0  2  0  1  4  1
  0  2  1  0  1  1  4  1
  0  3  0  5  0  4  6  2
  0  3  0  5  2  0  8  2
  0  3  3  2  0  1  9  2
  0  4  0  4  1  0  9  2
  0  4  1  0  3  4  6  2
  0  4  1  0  5  0  8  2
  0  4  1  3  0  1  9  2
  0  4  5  3  1  0 14  3
  0  5  4  0  1  8  9  3
  0  5  4  0  5  0 13  3
  0  6  1  5  1  0 14  3
  0  8  3  0  8  0 17  4
  0  8  7  1  0 14 15  5
  0 11  0 11  0 14 18  6
  0 11  7  4  0  7 25  6
  1  0  1  0  3  1  3  1
  1  0  1  1  2  0  4  1
  1  0  1  2  0  1  4  1
  1  0  1  6  2  2  6  2
  1  0  2  0  1  1  4  1
  1  0  5  0  4  0  8  2
  1  0  5  1  0  5  6  2
  1  0  5  2  1  0  9  2
  1  1  0  1  1  1  4  1
  1  1  0  5  3  2  6  2
  1  1  0  6  1  3  6  2
  1  1  0  6  2  1  7  2
  1  3  0  1  3  4  6  2
  1  3  0  1  5  0  8  2
  1  3  0  4  0  1  9  2
  1  3  5  3  0  1 14  3
  1  4  7  4  1  0 19  4
  1  5  0  6  1  0 14  3
  1  5  1  0  5  6  9  3
  1  5  1  0  8  0 12  3
  1  5  1  5  0  1 14  3
  1  7  1  7  1  0 19  4
  1  7  7  0  1 14 15  5
  1 10 10  1  0 20 21  7
  2  0  2  3  0  5  6  2
  2  0  3  0  5  0  8  2
  2  0  4  0  3  0  9  2
  2  0  4  1  1  1  9  2
  2  0  7  0  2  7  9  3
  2  0  7  3  0  2 13  3
  2  1  1  1  5  0  8  2
  2  1  2  0  2  5  6  2
  2  1  3  0  2  1  9  2
  2  2  0  2  3  0  9  2
  2  2  0  3  1  1  9  2
  2  2  1  1  2  1  9  2
  2  5  5  2  0  5 17  4
  3  0  3  5  3  0 13  3
  3  0  3 10  0  8 12  4
  3  0  3 10  4  0 16  4
  3  0  4  3  0  8  9  3
  3  0  5  0  3  7  9  3
  3  0  6  1  3  0 14  3
  3  1  3  0  8  0 12  3
  3  1  5  0  4  0 14  3
  3  1  5  1  2  1 14  3
  3  2  2  1  2  8  9  3
  3  3  0  3 11  4 12  4
  3  3  0  4  3  0 14  3
  3  3  0 14  0 10 15  5
  3  3  0 14  5  0 20  5
  3  3  1  2  4  0 14  3
  3  3  1  3  2  1 14  3
  3  5  3  0  5  3 17  4
  3  7  3  0 10  0 22  5
  4  0  7  4  0  4 17  4
  4  1  7  1  4  0 19  4
  4  3  1  3  3 10 12  4
  4  4  1  4  4  0 19  4
  4  7  7  0  4  7 25  6
  5  0  5 14  5  0 25  6
  5  0 13  5  0  5 26  6
  5  3  2  6  0 14 15  5
  5  5  0 14  0  5 25  6
  5  5  0 18  5  0 30  7
  5  5 11  5  0  5 32  7
  6  5  6  0  6  5 26  6
  7  4  4  7  0 20 21  7
  7  5  7  0 12  0 32  7
  7  6  1 12  0  7 30  7
  7  7  0  7 19  0 32  8
  7  7  0 48 17 17 48 16
  7  7  0 50 15 15 50 16
  9  7  7  9  0  9 40  9
  9  8  8  1  8  8 39  9
 11  9  9  9  2  9 50 11
 11 11  0 11 11 28 36 12
 11 11  0 22  0 34 39 13
 11 11 11  0 11 34 39 13
 17 17  0 34  0 17 77 18
 17 17 17  0 17 17 77 18
 17 17 17 17  0 17 86 19

0 extreme rays of recession cone:

20 support hyperplanes of polyhedron (homogenized):
 -11  5  4  3   2   1 0 0
  -5 -7  8  6   4   2 0 0
  -1 -1  0  1   1   1 0 0
  -1 -1  1  1   1   0 0 0
  -1  0  0  0   1   1 0 0
  -1  0  0  1   1   0 0 0
  -1  0  1  1   0   0 0 0
  -1  1  1  0   0   0 0 0
   0  0  0  0   0   1 0 0
   0  0  0  0   1   0 0 0
   0  0  0  1   0   0 0 0
   0  0  1  0   0   0 0 0
   0  1  0  0   0   0 0 0
   1 -2 -5  9   6   3 0 0
   1  0  0  0   0   0 0 0
   7  3 -1 -5   8   4 0 0
  13  8  3 -2  -7   5 0 0
  19 13  7  1  -5 -11 0 0
  37 28 19 -7 -16   9 0 0
  37 28 19 -7   1  -8 0 0

2 equations:
 1 0 -1 -2 -3 -4 -5  28
 0 1  2  3  4  5  6 -37

6 basis elements of generated  lattice:
 1 0 0 0 0 -6  5 0
 0 1 0 0 0 -5  4 0
 0 0 1 0 0 -4  3 0
 0 0 0 1 0 -3  2 0
 0 0 0 0 1 -2  1 0
 0 0 0 0 0 17 -8 1

