38 lattice points in polytope (module generators)
0 Hilbert basis elements of recession monoid
63 vertices of polyhedron
0 extreme rays of recession cone
25 support hyperplanes of polyhedron (homogenized)

embedding dimension = 11
affine dimension of the polyhedron = 8
rank of recession monoid = 0 (polyhedron is polytope)

dehomogenization:
0 0 0 0 0 0 0 0 0 0 1 


module rank = 38

***********************************************************************

38 lattice points in polytope (module generators):
 1 4 2 2 2 2 2 2 2 4 1
 2 2 3 2 2 2 2 2 2 4 1
 2 3 1 3 2 2 2 2 2 4 1
 2 3 2 1 3 2 2 2 2 4 1
 2 3 2 2 1 3 2 2 2 4 1
 2 3 2 2 2 1 3 2 2 4 1
 2 3 2 2 2 2 1 3 2 4 1
 2 3 2 2 2 2 2 1 3 4 1
 2 3 2 2 2 2 2 2 1 5 1
 3 0 4 2 2 2 2 2 2 4 1
 3 1 2 3 2 2 2 2 2 4 1
 3 1 3 1 3 2 2 2 2 4 1
 3 1 3 2 1 3 2 2 2 4 1
 3 1 3 2 2 1 3 2 2 4 1
 3 1 3 2 2 2 1 3 2 4 1
 3 1 3 2 2 2 2 1 3 4 1
 3 1 3 2 2 2 2 2 1 5 1
 3 2 1 2 3 2 2 2 2 4 1
 3 2 1 3 1 3 2 2 2 4 1
 3 2 1 3 2 1 3 2 2 4 1
 3 2 1 3 2 2 1 3 2 4 1
 3 2 1 3 2 2 2 1 3 4 1
 3 2 1 3 2 2 2 2 1 5 1
 3 2 2 1 2 3 2 2 2 4 1
 3 2 2 1 3 1 3 2 2 4 1
 3 2 2 1 3 2 1 3 2 4 1
 3 2 2 1 3 2 2 1 3 4 1
 3 2 2 1 3 2 2 2 1 5 1
 3 2 2 2 1 2 3 2 2 4 1
 3 2 2 2 1 3 1 3 2 4 1
 3 2 2 2 1 3 2 1 3 4 1
 3 2 2 2 1 3 2 2 1 5 1
 3 2 2 2 2 1 2 3 2 4 1
 3 2 2 2 2 1 3 1 3 4 1
 3 2 2 2 2 1 3 2 1 5 1
 3 2 2 2 2 2 1 2 3 4 1
 3 2 2 2 2 2 1 3 1 5 1
 3 2 2 2 2 2 2 1 2 5 1

0 Hilbert basis elements of recession monoid:

63 vertices of polyhedron:
  1  4  2  2  2  2  2  2  2  4 1
  2  3  2  2  1  3  2  2  2  4 1
  2  3  2  2  2  1  3  2  2  4 1
  2  3  2  2  2  2  1  3  2  4 1
  2  3  2  2  2  2  2  1  3  4 1
  2  3  2  2  2  2  2  2  1  5 1
  3  0  4  2  2  2  2  2  2  4 1
  3  1  2  3  2  2  2  2  2  4 1
  3  1  3  2  1  3  2  2  2  4 1
  3  1  3  2  2  1  3  2  2  4 1
  3  1  3  2  2  2  1  3  2  4 1
  3  1  3  2  2  2  2  1  3  4 1
  3  1  3  2  2  2  2  2  1  5 1
  3  2  1  2  3  2  2  2  2  4 1
  3  2  1  3  1  3  2  2  2  4 1
  3  2  1  3  2  1  3  2  2  4 1
  3  2  1  3  2  2  1  3  2  4 1
  3  2  1  3  2  2  2  1  3  4 1
  3  2  1  3  2  2  2  2  1  5 1
  3  2  2  1  2  3  2  2  2  4 1
  3  2  2  1  3  1  3  2  2  4 1
  3  2  2  1  3  2  1  3  2  4 1
  3  2  2  1  3  2  2  1  3  4 1
  3  2  2  1  3  2  2  2  1  5 1
  3  2  2  2  1  2  3  2  2  4 1
  3  2  2  2  1  3  1  3  2  4 1
  3  2  2  2  1  3  2  1  3  4 1
  3  2  2  2  1  3  2  2  1  5 1
  3  2  2  2  2  1  2  3  2  4 1
  3  2  2  2  2  1  3  1  3  4 1
  3  2  2  2  2  1  3  2  1  5 1
  3  2  2  2  2  2  1  2  3  4 1
  3  2  2  2  2  2  1  3  1  5 1
  3  2  2  2  2  2  2  1  2  5 1
  5  5  4  1  7  4  4  4  4  8 2
  6  3  5  1  7  4  4  4  4  8 2
  8  6  7  6  6  2 10  6  6 12 3
  8  7  1 11  6  6  6  6  6 12 3
  8  7  5  7  6  2 10  6  6 12 3
  9  5  7  5  7  2 10  6  6 12 3
  9  6  5  6  7  2 10  6  6 12 3
 11  8  8  9  8  8  8  3 13 16 4
 11  8  9  7  9  8  8  3 13 16 4
 11  9  7  9  7  9  8  3 13 16 4
 11  9  8  7  8  9  8  3 13 16 4
 12  7  8  9  8  7  9  3 13 16 4
 12  7  9  7  9  7  9  3 13 16 4
 12  8  7  9  7  8  9  3 13 16 4
 12  8  8  7  8  8  9  3 13 16 4
 13 11 11 10  3 17 10 10 10 20 5
 15  9  9 12  3 17 10 10 10 20 5
 19 14 15 15 14 14  5 23 14 28 7
 19 16 13 13 16 14  5 23 14 28 7
 21 12 15 15 12 16  5 23 14 28 7
 21 14 13 13 14 16  5 23 14 28 7
 25 18 18 19 19 18 18 18  7 47 9
 25 18 20 17 17 20 18 18  7 47 9
 25 20 16 19 19 16 20 18  7 47 9
 25 20 18 17 17 18 20 18  7 47 9
 27 16 18 19 19 18 16 20  7 47 9
 27 16 20 17 17 20 16 20  7 47 9
 27 18 16 19 19 16 18 20  7 47 9
 27 18 18 17 17 18 18 20  7 47 9

0 extreme rays of recession cone:

25 support hyperplanes of polyhedron (homogenized):
 -70  24  21  18  15  12   9   6   3 0 0
 -52 -57  35  30  25  20  15  10   5 0 0
 -34 -41 -48  42  35  28  21  14   7 0 0
 -16 -25 -34 -43  45  36  27  18   9 0 0
  -1  -1  -1  -1   1   1   1   1   1 0 0
  -1  -1  -1   0   0   1   1   1   1 0 0
  -1  -1  -1   0   1   1   1   1   0 0 0
  -1  -1  -1   1   1   1   1   0   0 0 0
  -1  -1   0   0   0   0   1   1   1 0 0
  -1  -1   0   0   0   1   1   1   0 0 0
  -1  -1   0   0   1   1   1   0   0 0 0
  -1  -1   0   1   1   1   0   0   0 0 0
  -1  -1   1   1   1   0   0   0   0 0 0
  -1   0   0   0   0   0   0   1   1 0 0
  -1   0   0   0   0   0   1   1   0 0 0
  -1   0   0   0   0   1   1   0   0 0 0
  -1   0   0   0   1   1   0   0   0 0 0
  -1   0   0   1   1   0   0   0   0 0 0
  -1   0   1   1   0   0   0   0   0 0 0
  -1   1   1   0   0   0   0   0   0 0 0
   2  -9 -20 -31 -42  44  33  22  11 0 0
  20   7  -6 -19 -32 -45  39  26  13 0 0
  38  23   8  -7 -22 -37 -52  30  15 0 0
  56  39  22   5 -12 -29 -46 -63  17 0 0
  74  55  36  17  -2 -21 -40 -59 -78 0 0

2 equations:
 1 0 -1 -2 -3 -4 -5 -6 -7 -8   87
 0 1  2  3  4  5  6  7  8  9 -110

9 basis elements of generated  lattice:
 1 0 0 0 0 0 0 0 -9   8 0
 0 1 0 0 0 0 0 0 -8   7 0
 0 0 1 0 0 0 0 0 -7   6 0
 0 0 0 1 0 0 0 0 -6   5 0
 0 0 0 0 1 0 0 0 -5   4 0
 0 0 0 0 0 1 0 0 -4   3 0
 0 0 0 0 0 0 1 0 -3   2 0
 0 0 0 0 0 0 0 1 -2   1 0
 0 0 0 0 0 0 0 0 97 -74 1

