21 lattice points in polytope (module generators)
0 Hilbert basis elements of recession monoid
31 vertices of polyhedron
0 extreme rays of recession cone
14 support hyperplanes of polyhedron (homogenized)

embedding dimension = 7
affine dimension of the polyhedron = 4
rank of recession monoid = 0 (polyhedron is polytope)

dehomogenization:
0 0 0 0 0 0 1 


module rank = 21

***********************************************************************

21 lattice points in polytope (module generators):
 3 4 4 3 3 5 1
 3 5 2 4 3 5 1
 3 5 3 2 4 5 1
 3 5 3 3 2 6 1
 4 2 5 3 3 5 1
 4 3 3 4 3 5 1
 4 3 4 2 4 5 1
 4 3 4 3 2 6 1
 4 4 1 5 3 5 1
 4 4 2 3 4 5 1
 4 4 2 4 2 6 1
 4 4 3 1 5 5 1
 4 4 3 2 3 6 1
 5 1 4 4 3 5 1
 5 1 5 2 4 5 1
 5 1 5 3 2 6 1
 5 2 3 3 4 5 1
 5 2 3 4 2 6 1
 5 2 4 1 5 5 1
 5 2 4 2 3 6 1
 5 3 2 3 3 6 1

0 Hilbert basis elements of recession monoid:

31 vertices of polyhedron:
  3  4  4  3  3  5 1
  3  5  2  4  3  5 1
  3  5  3  2  4  5 1
  3  5  3  3  2  6 1
  4  2  5  3  3  5 1
  4  4  1  5  3  5 1
  4  4  3  1  5  5 1
  5  1  4  4  3  5 1
  5  1  5  2  4  5 1
  5  1  5  3  2  6 1
  5  2  4  1  5  5 1
  5  3  2  3  3  6 1
  8 15  9 10  9 15 3
  8 15 10  8 10 15 3
  8 16  8 10  8 16 3
  8 16  9  8  9 16 3
  9  6  3 10  6 10 2
  9  7  6  3  7 12 2
 10  5  5  5  9 10 2
 10  5  7  3  7 12 2
 14 10  4 14  6 18 3
 15  8  7 12  4 20 3
 19 13  6 13 17 20 4
 21 17 17 15  6 34 5
 22 18  4 25 16 25 5
 22 18  4 26 14 26 5
 25  3 25 16 16 25 5
 25  3 27 14 14 27 5
 25 13 13 19  6 34 5
 30 17 17 13 17 38 6
 38 25 25 13 25 50 8

0 extreme rays of recession cone:

14 support hyperplanes of polyhedron (homogenized):
 -27 20  15  10   5 0 0
  -3 -5   6   4   2 0 0
  -1 -1   1   1   1 0 0
  -1  0   0   1   1 0 0
  -1  0   1   1   0 0 0
  -1  1   1   0   0 0 0
   3 -8 -19  22  11 0 0
   9  2  -5 -12   7 0 0
  29 -8 -19  -4  11 0 0
  29 -8   7  -4 -15 0 0
  29 18 -19 -30  11 0 0
  29 18 -19  -4 -15 0 0
  29 18   7 -30 -15 0 0
  33 16  -1 -18 -35 0 0

2 equations:
 1 0 -1 -2 -3 -4  36
 0 1  2  3  4  5 -58

5 basis elements of generated  lattice:
 1 0 0 0 -5   4 0
 0 1 0 0 -4   3 0
 0 0 1 0 -3   2 0
 0 0 0 1 -2   1 0
 0 0 0 0 52 -30 1

