7 lattice points in polytope (module generators)
0 Hilbert basis elements of recession monoid
7 vertices of polyhedron
0 extreme rays of recession cone
7 support hyperplanes of polyhedron (homogenized)

embedding dimension = 9
affine dimension of the polyhedron = 6
rank of recession monoid = 0 (polyhedron is polytope)

dehomogenization:
0 0 0 0 0 0 0 0 1 


module rank = 7

***********************************************************************

7 lattice points in polytope (module generators):
 2 3 2 2 2 2 2 4 1
 3 1 3 2 2 2 2 4 1
 3 2 1 3 2 2 2 4 1
 3 2 2 1 3 2 2 4 1
 3 2 2 2 1 3 2 4 1
 3 2 2 2 2 1 3 4 1
 3 2 2 2 2 2 1 5 1

0 Hilbert basis elements of recession monoid:

7 vertices of polyhedron:
 2 3 2 2 2 2 2 4 1
 3 1 3 2 2 2 2 4 1
 3 2 1 3 2 2 2 4 1
 3 2 2 1 3 2 2 4 1
 3 2 2 2 1 3 2 4 1
 3 2 2 2 2 1 3 4 1
 3 2 2 2 2 2 1 5 1

0 extreme rays of recession cone:

7 support hyperplanes of polyhedron (homogenized):
 -41  18  15  12   9   6   3 0 0
 -27 -32  25  20  15  10   5 0 0
 -13 -20 -27  28  21  14   7 0 0
   1  -8 -17 -26  27  18   9 0 0
  15   4  -7 -18 -29  22  11 0 0
  29  16   3 -10 -23 -36  13 0 0
  43  28  13  -2 -17 -32 -47 0 0

2 equations:
 1 0 -1 -2 -3 -4 -5 -6  52
 0 1  2  3  4  5  6  7 -71

7 basis elements of generated  lattice:
 1 0 0 0 0 0 -7   6 0
 0 1 0 0 0 0 -6   5 0
 0 0 1 0 0 0 -5   4 0
 0 0 0 1 0 0 -4   3 0
 0 0 0 0 1 0 -3   2 0
 0 0 0 0 0 1 -2   1 0
 0 0 0 0 0 0 62 -43 1

