57 lattice points in polytope (module generators)
0 Hilbert basis elements of recession monoid
233 vertices of polyhedron
0 extreme rays of recession cone
28 support hyperplanes of polyhedron (homogenized)

embedding dimension = 10
affine dimension of the polyhedron = 7
rank of recession monoid = 0 (polyhedron is polytope)

dehomogenization:
0 0 0 0 0 0 0 0 0 1 


module rank = 57

***********************************************************************

57 lattice points in polytope (module generators):
 0 0 3 1 1 1 1 1 3 1
 0 1 1 2 1 1 1 1 3 1
 0 1 2 0 2 1 1 1 3 1
 0 1 2 1 0 2 1 1 3 1
 0 1 2 1 1 0 2 1 3 1
 0 1 2 1 1 1 0 2 3 1
 0 1 2 1 1 1 1 0 4 1
 0 2 0 1 2 1 1 1 3 1
 0 2 0 2 0 2 1 1 3 1
 0 2 0 2 1 0 2 1 3 1
 0 2 0 2 1 1 0 2 3 1
 0 2 0 2 1 1 1 0 4 1
 0 2 1 0 1 2 1 1 3 1
 0 2 1 0 2 0 2 1 3 1
 0 2 1 0 2 1 0 2 3 1
 0 2 1 0 2 1 1 0 4 1
 0 2 1 1 0 1 2 1 3 1
 0 2 1 1 0 2 0 2 3 1
 0 2 1 1 0 2 1 0 4 1
 0 2 1 1 1 0 1 2 3 1
 0 2 1 1 1 0 2 0 4 1
 0 2 1 1 1 1 0 1 4 1
 1 0 1 1 2 1 1 1 3 1
 1 0 1 2 0 2 1 1 3 1
 1 0 1 2 1 0 2 1 3 1
 1 0 1 2 1 1 0 2 3 1
 1 0 1 2 1 1 1 0 4 1
 1 0 2 0 1 2 1 1 3 1
 1 0 2 0 2 0 2 1 3 1
 1 0 2 0 2 1 0 2 3 1
 1 0 2 0 2 1 1 0 4 1
 1 0 2 1 0 1 2 1 3 1
 1 0 2 1 0 2 0 2 3 1
 1 0 2 1 0 2 1 0 4 1
 1 0 2 1 1 0 1 2 3 1
 1 0 2 1 1 0 2 0 4 1
 1 0 2 1 1 1 0 1 4 1
 1 1 0 1 1 2 1 1 3 1
 1 1 0 1 2 0 2 1 3 1
 1 1 0 1 2 1 0 2 3 1
 1 1 0 1 2 1 1 0 4 1
 1 1 0 2 0 1 2 1 3 1
 1 1 0 2 0 2 0 2 3 1
 1 1 0 2 0 2 1 0 4 1
 1 1 0 2 1 0 1 2 3 1
 1 1 0 2 1 0 2 0 4 1
 1 1 0 2 1 1 0 1 4 1
 1 1 1 0 1 1 2 1 3 1
 1 1 1 0 1 2 0 2 3 1
 1 1 1 0 1 2 1 0 4 1
 1 1 1 0 2 0 1 2 3 1
 1 1 1 0 2 0 2 0 4 1
 1 1 1 0 2 1 0 1 4 1
 1 1 1 1 0 1 1 2 3 1
 1 1 1 1 0 1 2 0 4 1
 1 1 1 1 0 2 0 1 4 1
 1 1 1 1 1 0 1 1 4 1

0 Hilbert basis elements of recession monoid:

233 vertices of polyhedron:
  0  0  3  1  1  1  1  1   3  1
  0  1  2  0  2  1  1  1   3  1
  0  1  2  1  0  2  1  1   3  1
  0  1  2  1  1  0  2  1   3  1
  0  1  2  1  1  1  0  2   3  1
  0  1  2  1  1  1  1  0   4  1
  0  2  0  1  2  1  1  1   3  1
  0  2  0  2  0  2  1  1   3  1
  0  2  0  2  1  0  2  1   3  1
  0  2  0  2  1  1  0  2   3  1
  0  2  0  2  1  1  1  0   4  1
  0  2  1  0  1  2  1  1   3  1
  0  2  1  0  2  0  2  1   3  1
  0  2  1  0  2  1  0  2   3  1
  0  2  1  0  2  1  1  0   4  1
  0  2  1  1  0  1  2  1   3  1
  0  2  1  1  0  2  0  2   3  1
  0  2  1  1  0  2  1  0   4  1
  0  2  1  1  1  0  1  2   3  1
  0  2  1  1  1  0  2  0   4  1
  0  2  1  1  1  1  0  1   4  1
  0  3  0  5  2  2  2  2   6  2
  0  4  1  0  5  2  2  2   6  2
  0  5  4  3  2  0  7  3   9  3
  0  6  2  4  2  0  7  3   9  3
  0  7  4  5  4  4  3  0  17  4
  0  7  5  3  5  4  3  0  17  4
  0  8  3  5  3  5  3  0  17  4
  0  8  4  3  4  5  3  0  17  4
  0  9  6  3  0 12  5  5  15  5
  0 12  8  8  7  5  0 16  21  7
  0 14  6  6  9  5  0 16  21  7
  1  0  1  1  2  1  1  1   3  1
  1  0  1  2  0  2  1  1   3  1
  1  0  1  2  1  0  2  1   3  1
  1  0  1  2  1  1  0  2   3  1
  1  0  1  2  1  1  1  0   4  1
  1  0  2  0  1  2  1  1   3  1
  1  0  2  0  2  0  2  1   3  1
  1  0  2  0  2  1  0  2   3  1
  1  0  2  0  2  1  1  0   4  1
  1  0  2  1  0  1  2  1   3  1
  1  0  2  1  0  2  0  2   3  1
  1  0  2  1  0  2  1  0   4  1
  1  0  2  1  1  0  1  2   3  1
  1  0  2  1  1  0  2  0   4  1
  1  0  2  1  1  1  0  1   4  1
  1  0  5  0  4  2  2  2   6  2
  1  0  5  2  0  4  2  2   6  2
  1  0  5  2  2  0  4  2   6  2
  1  0  5  2  2  2  0  4   6  2
  1  0  5  2  2  2  2  0   8  2
  1  1  0  1  1  2  1  1   3  1
  1  1  0  1  2  0  2  1   3  1
  1  1  0  1  2  1  0  2   3  1
  1  1  0  1  2  1  1  0   4  1
  1  1  0  2  0  1  2  1   3  1
  1  1  0  2  0  2  0  2   3  1
  1  1  0  2  0  2  1  0   4  1
  1  1  0  2  1  0  1  2   3  1
  1  1  0  2  1  0  2  0   4  1
  1  1  0  2  1  1  0  1   4  1
  1  1  1  0  1  1  2  1   3  1
  1  1  1  0  1  2  0  2   3  1
  1  1  1  0  1  2  1  0   4  1
  1  1  1  0  2  0  1  2   3  1
  1  1  1  0  2  0  2  0   4  1
  1  1  1  0  2  1  0  1   4  1
  1  1  1  1  0  1  1  2   3  1
  1  1  1  1  0  1  2  0   4  1
  1  1  1  1  0  2  0  1   4  1
  1  1  1  1  1  0  1  1   4  1
  1  2  3  2  1  0  5  2   6  2
  1  3  0  1  5  2  2  2   6  2
  1  3  1  3  1  0  5  2   6  2
  1  5  1  0  8  3  3  3   9  3
  2  0  3  0  5  2  2  2   6  2
  2  1  1  1  5  2  2  2   6  2
  2  1  3  1  2  0  5  2   6  2
  2  2  1  2  2  0  5  2   6  2
  2  3  4  3  0  2  7  3   9  3
  2  4  0  6  2  0  7  3   9  3
  2  4  2  0  4  6  3  3   9  3
  2  4  2  0  7  0  6  3   9  3
  2  4  2  0  7  3  0  6   9  3
  2  4  2  0  7  3  3  0  12  3
  2  4  2  4  0  2  7  3   9  3
  3  0  3 10  4  4  4  4  12  4
  3  0  5  3  0  7  3  3   9  3
  3  0  6  2  3  0  7  3   9  3
  3  0  9  3  0  9  4  4  12  4
  3  0  9  4  3  0  9  4  12  4
  3  1  3  0  8  3  3  3   9  3
  3  2  3  0  7  0  6  3   9  3
  3  2  3  0  7  3  0  6   9  3
  3  2  3  0  7  3  3  0  12  3
  3  2  4  0  5  0  7  3   9  3
  3  2  4  2  1  2  7  3   9  3
  3  3  0  5  3  0  7  3   9  3
  3  3  0 14  5  5  5  5  15  5
  3  3  2  1  5  0  7  3   9  3
  3  3  2  3  1  2  7  3   9  3
  3  4  4  5  4  4  0  3  17  4
  3  4  5  0  8  4  3  0  17  4
  3  4  5  3  5  4  0  3  17  4
  3  4  5  4  3  0  5  8  12  4
  3  4  5  4  3  0  9  0  16  4
  3  5  0  7  5  3  0  9  12  4
  3  5  0  8  3  5  3  0  17  4
  3  5  3  5  0  8  3  0  17  4
  3  5  3  5  3  0  5  8  12  4
  3  5  3  5  3  0  9  0  16  4
  3  5  3  5  3  5  0  3  17  4
  3  5  4  0  7  5  3  0  17  4
  3  5  4  3  1  8  3  0  17  4
  3  5  4  3  4  5  0  3  17  4
  3  5  5  7  5  5  3  0  22  5
  3  5  7  3  7  5  3  0  22  5
  3  6  6  0  3 12  5  5  15  5
  3  7  3  7  3  7  3  0  22  5
  3  7  5  3  5  7  3  0  22  5
  3  9  9  3  0 18  7  7  21  7
  4  0  7  5  4  3  4  0  17  4
  4  0  8  3  5  3  4  0  17  4
  4  0 10  6  5  5  4  0  21  5
  4  0 11  4  6  5  4  0  21  5
  4  3  1  8  3  4  0  9  12  4
  4  3  1  8  4  3  4  0  17  4
  4  3  4  0  4  9  4  4  12  4
  4  3  4  5  4  0  7  0  17  4
  4  3  4  5  4  3  1  3  17  4
  4  3  5  0  8  3  4  0  17  4
  4  3  5  3  4  0  5  8  12  4
  4  3  5  3  4  0  9  0  16  4
  4  3  5  3  5  0  7  0  17  4
  4  3  5  3  5  3  1  3  17  4
  4  4  0  7  4  4  0  9  12  4
  4  4  0  8  3  4  4  0  17  4
  4  4  0 12  0 10  5  5  15  5
  4  4  0 12  5  0 10  5  15  5
  4  4  0 12  5  5  0 10  15  5
  4  4  0 12  5  5  5  0  20  5
  4  4  3  4  4  0  9  0  16  4
  4  4  3  5  0  7  4  0  17  4
  4  4  3  5  3  1  7  0  17  4
  4  4  3  5  3  4  1  3  17  4
  4  4  4  0  7  4  4  0  17  4
  4  4  4  3  1  7  4  0  17  4
  4  4  4  3  4  1  7  0  17  4
  4  4  4  3  4  4  1  3  17  4
  4  5  0 11  5  4  0 11  15  5
  4  5  0 11  5  5  4  0  21  5
  4  6  4  0 10  0 11  5  15  5
  4  6  4  0 11  4  0 11  15  5
  5  3  5  7  5  3  5  0  22  5
  5  3  7  3  7  3  5  0  22  5
  5  4  1  8  0 12  5  5  15  5
  5  5  3  7  3  5  5  0  22  5
  5  5  4  5  5  0  5 11  15  5
  5  5  5  3  5  5  5  0  22  5
  5  6  6  7  6  5  0  6  25  6
  5  7  5  0 12  7  5  0  25  6
  5  7  5  7  5  0 12  0  25  6
  5  7  8  8  7  0  5 16  21  7
  5  8  8  5  0 16  0 14  21  7
  5  8  8  5  0 16  7  0  28  7
  5  9  6  6  9  0  5 16  21  7
  5  9 11 11  9  5  0 22  27  9
  5 13  7  7 13  5  0 22  27  9
  6  5  5  1  5 14  6  6  18  6
  6  5  6  0 13  5  6  0  25  6
  6  5  6  7  5  6  0  6  25  6
  6  5  7  5  6  0 12  0  25  6
  6  6  0 16  6  0 15  7  21  7
  6  6  0 16  7  6  0 15  21  7
  6  6  0 16  7  7  6  0  29  7
  6  6  5  6  6  0 12  0  25  6
  6  6  9  6  0  6 16  7  21  7
  6  9  9  6  0  9 17  8  24  8
  6 10  7  0 17  6  0 18  24  8
  7  0 13  8  5  7  0 16  21  7
  7  0 19 10  9  7  0 20  27  9
  7  5  5  7  0 18  7  7  21  7
  7  5  8  8  0 12  0 16  21  7
  7  5  8  8  5  2  5 16  21  7
  7  6  6  7  0 16  0 14  21  7
  7  6  6  7  0 16  7  0  28  7
  7  6  7  0 13  0 16  7  21  7
  7  7  0  7 19  8  8  8  24  8
  7  7  6  1 12  7  0 16  21  7
  7  7  6  6  2 12  0 16  21  7
  7  7  9  9  7  0  7 18  24  8
  7  8  7  0 18  8  7  0  33  8
  7  9  7  0 16  7  0 18  24  8
  7  9  7  7  9  0  7 18  24  8
  7 11  8  8 11  7  0 11  36  9
  8  7  8  8  0 15  0 18  24  8
  8  8  7  7  8  1  7 18  24  8
  8  8  9 11  9  8  0  8  38  9
  8 10 11 11 10  8  0 11  41 10
  9  5 11 11  5  9  0 22  27  9
  9  8  8  9  0  9 20  9  27  9
  9  8  8 11  8  8  1  8  38  9
  9  8  9  0 17  9  0 20  27  9
  9  8 10  7 10  0 17  0  38  9
  9  9  0 22  9  9  0 22  30 10
  9  9  0 22 10  9  9  0  42 10
  9  9  7  7  9  9  0 22  27  9
  9  9  8  9  8  1 17  0  38  9
  9 12 12  9  0 24  9  0  46 11
 10  8 11 11  8 10  0 11  41 10
 10  9 10  9 10  0 10 22  30 10
 11 10 10 10  1 10 25 11  33 11
 11 10 11 11 10 11  0 11  46 11
 11 11 10 10 11 11  0 11  46 11
 11 15 15 15 11  0 15 30  42 14
 12 12  0 24  0 30 13 13  39 13
 12 12 12  0 12 30 13 13  39 13
 13 12 12 13  0 25  0 29  39 13
 13 13 13 17 13 13  0 13  59 14
 13 15 13 13 13 15  0 13  59 14
 14 13 14 13 14  0 27  0  59 14
 14 14 13 13 13 14  1 13  59 14
 16 15 15 15  1 30  0 36  48 16
 16 16 21 16 21 16  0 16  76 18
 17 16 16 16 16  1 16 38  51 17
 17 22 22 22 22 17  0 22  87 21
 18 18 18 18  0 18 43 19  57 19
 19 18 18 19  0 36 19  0  80 19
 24 23 23 23 23 23  1 23 101 24
 25 25 25 25  0 50  0 58  78 26
 25 25 25 25 25  0 25 58  78 26
 33 33 33 33 33 33  0 33 143 34

0 extreme rays of recession cone:

28 support hyperplanes of polyhedron (homogenized):
 -25   7  6   5   4   3   2   1 0 0
 -17 -19 12  10   8   6   4   2 0 0
  -3  -4 -5   5   4   3   2   1 0 0
  -1  -5 -9 -13  16  12   8   4 0 0
  -1  -1 -1   0   1   1   1   1 0 0
  -1  -1 -1   1   1   1   1   0 0 0
  -1  -1  0   0   0   1   1   1 0 0
  -1  -1  0   0   1   1   1   0 0 0
  -1  -1  0   1   1   1   0   0 0 0
  -1  -1  1   1   1   0   0   0 0 0
  -1   0  0   0   0   0   1   1 0 0
  -1   0  0   0   0   1   1   0 0 0
  -1   0  0   0   1   1   0   0 0 0
  -1   0  0   1   1   0   0   0 0 0
  -1   0  1   1   0   0   0   0 0 0
  -1   1  1   0   0   0   0   0 0 0
   0   0  0   0   0   0   0   1 0 0
   0   0  0   0   0   0   1   0 0 0
   0   0  0   0   0   1   0   0 0 0
   0   0  0   0   1   0   0   0 0 0
   0   0  0   1   0   0   0   0 0 0
   0   0  1   0   0   0   0   0 0 0
   0   1  0   0   0   0   0   0 0 0
   1   0  0   0   0   0   0   0 0 0
   5   3  1  -1  -3  -5   4   2 0 0
   7   2 -3  -8 -13  15  10   5 0 0
  23  16  9   2  -5 -12 -19   7 0 0
  31  23 15   7  -1  -9 -17 -25 0 0

2 equations:
 1 0 -1 -2 -3 -4 -5 -6 -7  44
 0 1  2  3  4  5  6  7  8 -55

8 basis elements of generated  lattice:
 1 0 0 0 0 0 0 -8   7 0
 0 1 0 0 0 0 0 -7   6 0
 0 0 1 0 0 0 0 -6   5 0
 0 0 0 1 0 0 0 -5   4 0
 0 0 0 0 1 0 0 -4   3 0
 0 0 0 0 0 1 0 -3   2 0
 0 0 0 0 0 0 1 -2   1 0
 0 0 0 0 0 0 0 33 -22 1

