8 lattice points in polytope (module generators)
0 Hilbert basis elements of recession monoid
7 vertices of polyhedron
0 extreme rays of recession cone
6 support hyperplanes of polyhedron (homogenized)

embedding dimension = 6
affine dimension of the polyhedron = 3
rank of recession monoid = 0 (polyhedron is polytope)

dehomogenization:
0 0 0 0 0 1 


module rank = 8

***********************************************************************

8 lattice points in polytope (module generators):
 1 4 2 2 4 1
 2 2 3 2 4 1
 2 3 1 3 4 1
 2 3 2 1 5 1
 3 0 4 2 4 1
 3 1 2 3 4 1
 3 1 3 1 5 1
 3 2 1 2 5 1

0 Hilbert basis elements of recession monoid:

7 vertices of polyhedron:
 1 4 2  2  4 1
 3 0 4  2  4 1
 3 1 2  3  4 1
 3 2 1  2  5 1
 5 5 4  1 11 2
 6 3 5  1 11 2
 8 7 1 11 12 3

0 extreme rays of recession cone:

6 support hyperplanes of polyhedron (homogenized):
 -10  9  6   3 0 0
  -2 -7 10   5 0 0
  -1  0  1   1 0 0
  -1  1  1   0 0 0
   6 -1 -8   7 0 0
  14  5 -4 -13 0 0

2 equations:
 1 0 -1 -2 -3  17
 0 1  2  3  4 -30

4 basis elements of generated  lattice:
 1 0 0 -4  3 0
 0 1 0 -3  2 0
 0 0 1 -2  1 0
 0 0 0 22 -9 1

