2 lattice points in polytope (module generators)
0 Hilbert basis elements of recession monoid
2 vertices of polyhedron
0 extreme rays of recession cone
2 support hyperplanes of polyhedron (homogenized)

embedding dimension = 4
affine dimension of the polyhedron = 1
rank of recession monoid = 0 (polyhedron is polytope)

dehomogenization:
0 0 0 1 


module rank = 2

***********************************************************************

2 lattice points in polytope (module generators):
 0 3 10 1
 1 1 11 1

0 Hilbert basis elements of recession monoid:

2 vertices of polyhedron:
 0 3 10 1
 3 0 23 2

0 extreme rays of recession cone:

2 support hyperplanes of polyhedron (homogenized):
 0 1 0 0
 1 0 0 0

2 equations:
 1 0 -1  10
 0 1  2 -23

2 basis elements of generated  lattice:
 1 1 11 1
 0 3 10 1

