12 lattice points in polytope (module generators)
0 Hilbert basis elements of recession monoid
37 vertices of polyhedron
0 extreme rays of recession cone
15 support hyperplanes of polyhedron (homogenized)

embedding dimension = 7
affine dimension of the polyhedron = 4
rank of recession monoid = 0 (polyhedron is polytope)

dehomogenization:
0 0 0 0 0 0 1 


module rank = 12

***********************************************************************

12 lattice points in polytope (module generators):
 0 0 1 3 1 3 1
 0 0 2 1 2 3 1
 0 0 2 2 0 4 1
 0 0 3 0 1 4 1
 0 1 0 2 2 3 1
 0 1 0 3 0 4 1
 0 1 1 0 3 3 1
 0 1 1 1 1 4 1
 0 1 2 0 0 5 1
 0 2 0 0 2 4 1
 1 0 1 0 2 4 1
 1 0 1 1 0 5 1

0 Hilbert basis elements of recession monoid:

37 vertices of polyhedron:
  0  0  1  3  1   3  1
  0  0  2  2  0   4  1
  0  0  3  0  1   4  1
  0  0  5  0  5   6  2
  0  0  6  1  0   9  2
  0  1  0  3  0   4  1
  0  1  1  0  3   3  1
  0  1  2  0  0   5  1
  0  2  0  0  2   4  1
  0  2  0  9  4   9  3
  0  2  0 10  2  10  3
  0  3  0  1  6   6  2
  0  5  0  5  0  14  3
  0 10 10  0  0  36  7
  0 12  0  0 22  22  7
  1  0  1  0  2   4  1
  1  0  1  1  0   5  1
  1  0  1  6  0   8  2
  1  0  1  9  4   9  3
  1  0  1 10  2  10  3
  1  0  3  0  6   6  2
  1  0  8  0  1  14  3
  1  0 11  1  0  19  4
  2  1  1  1  1  10  2
  2  2  0 16  0  20  5
  2  2  0 21 10  21  7
  2  2  0 24  4  24  7
  3  0  3  2 12  12  4
  3  0  4  0  3  14  3
  3  3  0  4 15  15  5
  4  1  4  0  4  19  4
  5  5  0  5  5  28  6
  6  0  6  0 22  22  7
 10 10  0 20  0  64 13
 10 10 10  0 10  64 13
 12 12  0 12 58  58 19
 20 10 10 20  0 108 21

0 extreme rays of recession cone:

15 support hyperplanes of polyhedron (homogenized):
 -5  4  3  2  1 0 0
 -1 -1  1  1  1 0 0
 -1  0  0  1  1 0 0
 -1  0  1  1  0 0 0
 -1  1  1  0  0 0 0
  0  0  0  0  1 0 0
  0  0  0  1  0 0 0
  0  0  1  0  0 0 0
  0  1  0  0  0 0 0
  1  0  0  0  0 0 0
  3  2  1  0 -1 0 0
  5  2 -1  6  3 0 0
  5  3  1 -1  2 0 0
 15 11  7 -2 -1 0 0
 15 11  7  3 -6 0 0

2 equations:
 1 0 -1 -2 -3 -4  22
 0 1  2  3  4  5 -30

5 basis elements of generated  lattice:
 1 0 0 0  5  2 1
 0 1 0 0 -4  3 0
 0 0 1 0 -3  2 0
 0 0 0 1 -2  1 0
 0 0 0 0 10 -2 1

