22 lattice points in polytope (module generators)
0 Hilbert basis elements of recession monoid
77 vertices of polyhedron
0 extreme rays of recession cone
21 support hyperplanes of polyhedron (homogenized)

embedding dimension = 8
affine dimension of the polyhedron = 5
rank of recession monoid = 0 (polyhedron is polytope)

dehomogenization:
0 0 0 0 0 0 0 1 


module rank = 22

***********************************************************************

22 lattice points in polytope (module generators):
 0 0 0 3 1 2 3 1
 0 0 0 4 0 1 4 1
 0 0 1 1 2 2 3 1
 0 0 1 1 3 0 4 1
 0 0 1 2 0 3 3 1
 0 0 1 2 1 1 4 1
 0 0 1 3 0 0 5 1
 0 0 2 0 1 3 3 1
 0 0 2 0 2 1 4 1
 0 0 2 1 0 2 4 1
 0 0 2 1 1 0 5 1
 0 0 3 0 0 1 5 1
 0 1 0 0 3 2 3 1
 0 1 0 0 4 0 4 1
 0 1 0 1 1 3 3 1
 0 1 0 1 2 1 4 1
 0 1 0 2 0 2 4 1
 0 1 0 2 1 0 5 1
 0 1 1 0 1 2 4 1
 0 1 1 0 2 0 5 1
 0 1 1 1 0 1 5 1
 1 0 1 0 1 1 5 1

0 Hilbert basis elements of recession monoid:

77 vertices of polyhedron:
  0  0  0  3  1   2   3  1
  0  0  0  4  0   1   4  1
  0  0  0  5  4   3   6  2
  0  0  0  8  1   0   9  2
  0  0  1  1  3   0   4  1
  0  0  1  2  0   3   3  1
  0  0  1  3  0   0   5  1
  0  0  1  9  0   8   9  3
  0  0  2  0  1   3   3  1
  0  0  2  1  7   1   7  2
  0  0  2  5 12   5  12  4
  0  0  3  0  0   1   5  1
  0  0  3  0  7   0   8  2
  0  0  4  0  9   5   9  3
  0  0  4  0 11   1  11  3
  0  0  6  0  1   0  11  2
  0  0  9  1  0   0  17  3
  0  0 17  0  0  23  23  7
  0  1  0  0  3   2   3  1
  0  1  0  0  4   0   4  1
  0  1  0  4  9   4   9  3
  0  1  0  5  0   6   6  2
  0  1  0  7  0   0  10  2
  0  1  0 12  0  11  12  4
  0  1  5  0  0   1  11  2
  0  1  8  0  1   0  17  3
  0  1 11  1  0   0  23  4
  0  4  0  0  5   9   9  3
  0 13  0  0 13   0  37  7
  0 13  0 13  0   0  46  8
  0 13 13  0  0  13  51 10
  0 17  0  0 17  37  37 12
  0 17  0 17  0  46  46 14
  0 17 17  0  0  55  55 16
  1  0  1  0  1   1   5  1
  1  0  1  0  6   4   6  2
  1  0  1  0  8   0   8  2
  1  0  1  8 18   8  18  6
  1  0  1 10  0  12  12  4
  1  0  1 18  0   1  24  5
  1  0  1 22  1   0  29  6
  1  0  1 24  0  22  24  8
  1  0 11  0  1   0  23  4
  1  0 17  1  0   1  34  6
  1  1  0  1  3   6   6  2
  1  1  0 13  0  15  15  5
  1  1  0 22  0   1  29  6
  1  1  0 26  1   0  34  7
  1  1  0 27  0  25  27  9
  1  1 19  1  0   1  40  7
  2  0  2  0  3   0  11  2
  2  0  2  0  5   9   9  3
  2  0  2  1  1   1  11  2
  2  2  0 19 42  19  42 14
  3  0  3  1  3   0  17  3
  3  1  2  1  2   1  17  3
  4  0  5  0  4   0  23  4
  4  1  3  1  4   0  23  4
  4  4  0  4 33  21  33 11
  4  4  0  4 37   0  41 10
  6  1  6  0  6   1  34  6
  7  1  7  0  8   0  40  7
  8  8  0  8 83   8  83 22
 13  0 13 13  0  13  74 14
 13 13  0 13 13   0  92 16
 13 13  0 26  0  13  97 18
 13 13 13  0 13  13  97 18
 13 13 13 13  0  13 106 19
 17  0 17  0 17  69  69 21
 17  0 17 17  0  78  78 23
 17 17  0 17 17  92  92 28
 17 17  0 34  0 101 101 30
 17 17 17  0 17 101 101 30
 26 13 13 13 13  13 152 27
 26 13 13 26  0  26 157 29
 34 17 17 17 17 156 156 46
 34 17 17 34  0 165 165 48

0 extreme rays of recession cone:

21 support hyperplanes of polyhedron (homogenized):
 -3 -3 -3 -3  5  5 5 -13
 -3  1  1  1  1  1 1  -5
 -1 -1 -1 -1 -1 -1 7 -15
 -1 -1 -1 -1 -1  3 3  -7
 -1 -1 -1  1  1  1 1  -3
 -1 -1  0  1  1  1 0   0
 -1 -1  1  1  1  0 0   0
 -1  0  0  0  1  1 0   0
 -1  0  0  1  1  0 0   0
 -1  0  1  1  0  0 0   0
 -1  1  1  0  0  0 0   0
  0  0  0 -1 -1  1 1   0
  0  0  0 -1  0  0 1   0
  0  0  0  0 -1  0 1   0
  0  0  0  0  0 -1 1   0
  0  0  0  0  0  1 0   0
  0  0  0  0  1  0 0   0
  0  0  0  1  0  0 0   0
  0  0  1  0  0  0 0   0
  0  1  0  0  0  0 0   0
  1  0  0  0  0  0 0   0

2 equations:
 1 0 -1 -2 -3 -4 -5  32
 0 1  2  3  4  5  6 -41

6 basis elements of generated  lattice:
 1 0 0 0 0 -6  5 0
 0 1 0 0 0 -5  4 0
 0 0 1 0 0 -4  3 0
 0 0 0 1 0 -3  2 0
 0 0 0 0 1 -2  1 0
 0 0 0 0 0 13 -4 1

