5 lattice points in polytope (module generators)
0 Hilbert basis elements of recession monoid
4 vertices of polyhedron
0 extreme rays of recession cone
4 support hyperplanes of polyhedron (homogenized)

embedding dimension = 5
affine dimension of the polyhedron = 2
rank of recession monoid = 0 (polyhedron is polytope)

dehomogenization:
0 0 0 0 1 


module rank = 5

***********************************************************************

5 lattice points in polytope (module generators):
 6 7 6 7 1
 7 5 7 7 1
 7 6 5 8 1
 8 4 6 8 1
 8 5 4 9 1

0 Hilbert basis elements of recession monoid:

4 vertices of polyhedron:
  6  7  6  7 1
  7  5  7  7 1
 25 14 11 28 3
 26 10 16 26 3

0 extreme rays of recession cone:

4 support hyperplanes of polyhedron (homogenized):
 -1   1  1 0 0
  1 -12 13 0 0
  1   0 -1 0 0
  1   7 -6 0 0

2 equations:
 1 0 -1 -2  14
 0 1  2  3 -40

3 basis elements of generated  lattice:
 1 0 -3   2 0
 0 1 -2   1 0
 0 0 38 -12 1

