2 lattice points in polytope (module generators)
0 Hilbert basis elements of recession monoid
4 vertices of polyhedron
0 extreme rays of recession cone
4 support hyperplanes of polyhedron (homogenized)

embedding dimension = 5
affine dimension of the polyhedron = 2
rank of recession monoid = 0 (polyhedron is polytope)

dehomogenization:
0 0 0 0 1 


module rank = 2

***********************************************************************

2 lattice points in polytope (module generators):
 6 4 5 6 1
 7 3 4 7 1

0 Hilbert basis elements of recession monoid:

4 vertices of polyhedron:
  6  4  5  6 1
  7  3  4  7 1
 11 10  9 12 2
 41 22 19 44 6

0 extreme rays of recession cone:

4 support hyperplanes of polyhedron (homogenized):
 -1   1   1 0 0
  1 -20  21 0 0
  1  11 -10 0 0
 14  -1 -16 0 0

2 equations:
 1 0 -1 -2  11
 0 1  2  3 -32

3 basis elements of generated  lattice:
 1 0 -3   2 0
 0 1 -2   1 0
 0 0 31 -10 1

