6 lattice points in polytope (module generators)
0 Hilbert basis elements of recession monoid
5 vertices of polyhedron
0 extreme rays of recession cone
5 support hyperplanes of polyhedron (homogenized)

embedding dimension = 5
affine dimension of the polyhedron = 2
rank of recession monoid = 0 (polyhedron is polytope)

dehomogenization:
0 0 0 0 1 


module rank = 6

***********************************************************************

6 lattice points in polytope (module generators):
  7 8 8  8 1
  8 7 7  9 1
  9 5 8  9 1
  9 6 6 10 1
 10 4 7 10 1
 10 5 5 11 1

0 Hilbert basis elements of recession monoid:

5 vertices of polyhedron:
  7  8  8  8 1
 14 17 14 17 2
 17 11 17 17 2
 31 11 20 31 3
 59 34 25 68 6

0 extreme rays of recession cone:

5 support hyperplanes of polyhedron (homogenized):
 -1 -1  1 1 0
 -1  0  0 1 0
 -1  1  1 0 0
  0 -1  0 1 0
  0  0 -1 1 0

2 equations:
 1 0 -1 -2  17
 0 1  2  3 -48

3 basis elements of generated  lattice:
 1 0 -3   2 0
 0 1 -2   1 0
 0 0 45 -14 1

