3 lattice points in polytope (module generators)
0 Hilbert basis elements of recession monoid
2 vertices of polyhedron
0 extreme rays of recession cone
2 support hyperplanes of polyhedron (homogenized)

embedding dimension = 4
affine dimension of the polyhedron = 1
rank of recession monoid = 0 (polyhedron is polytope)

dehomogenization:
0 0 0 1 


module rank = 3

***********************************************************************

3 lattice points in polytope (module generators):
 5 5 7 1
 6 3 8 1
 7 1 9 1

0 Hilbert basis elements of recession monoid:

2 vertices of polyhedron:
  7  1  9 1
 13 19 19 3

0 extreme rays of recession cone:

2 support hyperplanes of polyhedron (homogenized):
 -1   7 0 0
 19 -13 0 0

2 equations:
 1 0 -1   2
 0 1  2 -19

2 basis elements of generated  lattice:
 1 -2 1 0
 0 15 2 1

