5 lattice points in polytope (module generators)
0 Hilbert basis elements of recession monoid
5 vertices of polyhedron
0 extreme rays of recession cone
5 support hyperplanes of polyhedron (homogenized)

embedding dimension = 7
affine dimension of the polyhedron = 4
rank of recession monoid = 0 (polyhedron is polytope)

dehomogenization:
0 0 0 0 0 0 1 


module rank = 5

***********************************************************************

5 lattice points in polytope (module generators):
 0 2 1 1 1 3 1
 1 0 2 1 1 3 1
 1 1 0 2 1 3 1
 1 1 1 0 2 3 1
 1 1 1 1 0 4 1

0 Hilbert basis elements of recession monoid:

5 vertices of polyhedron:
 0 2 1 1 1 3 1
 1 0 2 1 1 3 1
 1 1 0 2 1 3 1
 1 1 1 0 2 3 1
 1 1 1 1 0 4 1

0 extreme rays of recession cone:

5 support hyperplanes of polyhedron (homogenized):
 -9  4  3  2  1 0 0
 -2 -3  3  2  1 0 0
  1 -2 -5  6  3 0 0
  3  1 -1 -3  2 0 0
 11  6  1 -4 -9 0 0

2 equations:
 1 0 -1 -2 -3 -4  18
 0 1  2  3  4  5 -26

5 basis elements of generated  lattice:
 1 0 0 0 -5  4 0
 0 1 0 0 -4  3 0
 0 0 1 0 -3  2 0
 0 0 0 1 -2  1 0
 0 0 0 0 14 -6 1

