8 lattice points in polytope (module generators)
0 Hilbert basis elements of recession monoid
8 vertices of polyhedron
0 extreme rays of recession cone
8 support hyperplanes of polyhedron (homogenized)

embedding dimension = 10
affine dimension of the polyhedron = 7
rank of recession monoid = 0 (polyhedron is polytope)

dehomogenization:
0 0 0 0 0 0 0 0 0 1 


module rank = 8

***********************************************************************

8 lattice points in polytope (module generators):
 2 3 2 2 2 2 2 2 4 1
 3 1 3 2 2 2 2 2 4 1
 3 2 1 3 2 2 2 2 4 1
 3 2 2 1 3 2 2 2 4 1
 3 2 2 2 1 3 2 2 4 1
 3 2 2 2 2 1 3 2 4 1
 3 2 2 2 2 2 1 3 4 1
 3 2 2 2 2 2 2 1 5 1

0 Hilbert basis elements of recession monoid:

8 vertices of polyhedron:
 2 3 2 2 2 2 2 2 4 1
 3 1 3 2 2 2 2 2 4 1
 3 2 1 3 2 2 2 2 4 1
 3 2 2 1 3 2 2 2 4 1
 3 2 2 2 1 3 2 2 4 1
 3 2 2 2 2 1 3 2 4 1
 3 2 2 2 2 2 1 3 4 1
 3 2 2 2 2 2 2 1 5 1

0 extreme rays of recession cone:

8 support hyperplanes of polyhedron (homogenized):
 -55  21  18  15  12   9   6   3 0 0
 -39 -44  30  25  20  15  10   5 0 0
 -23 -30 -37  35  28  21  14   7 0 0
  -7 -16 -25 -34  36  27  18   9 0 0
   9  -2 -13 -24 -35  33  22  11 0 0
  25  12  -1 -14 -27 -40  26  13 0 0
  41  26  11  -4 -19 -34 -49  15 0 0
  57  40  23   6 -11 -28 -45 -62 0 0

2 equations:
 1 0 -1 -2 -3 -4 -5 -6 -7  68
 0 1  2  3  4  5  6  7  8 -89

8 basis elements of generated  lattice:
 1 0 0 0 0 0 0 -8   7 0
 0 1 0 0 0 0 0 -7   6 0
 0 0 1 0 0 0 0 -6   5 0
 0 0 0 1 0 0 0 -5   4 0
 0 0 0 0 1 0 0 -4   3 0
 0 0 0 0 0 1 0 -3   2 0
 0 0 0 0 0 0 1 -2   1 0
 0 0 0 0 0 0 0 79 -58 1

