4 lattice points in polytope (module generators)
0 Hilbert basis elements of recession monoid
4 vertices of polyhedron
0 extreme rays of recession cone
4 support hyperplanes of polyhedron (homogenized)

embedding dimension = 6
affine dimension of the polyhedron = 3
rank of recession monoid = 0 (polyhedron is polytope)

dehomogenization:
0 0 0 0 0 1 


module rank = 4

***********************************************************************

4 lattice points in polytope (module generators):
 2 3 2 2 4 1
 3 1 3 2 4 1
 3 2 1 3 4 1
 3 2 2 1 5 1

0 Hilbert basis elements of recession monoid:

4 vertices of polyhedron:
 2 3 2 2 4 1
 3 1 3 2 4 1
 3 2 1 3 4 1
 3 2 2 1 5 1

0 extreme rays of recession cone:

4 support hyperplanes of polyhedron (homogenized):
 -11  9  6   3 0 0
  -3 -8 10   5 0 0
   5 -2 -9   7 0 0
  13  4 -5 -14 0 0

2 equations:
 1 0 -1 -2 -3  16
 0 1  2  3  4 -29

4 basis elements of generated  lattice:
 1 0 0 -4   3 0
 0 1 0 -3   2 0
 0 0 1 -2   1 0
 0 0 0 23 -10 1

