5 lattice points in polytope (module generators)
0 Hilbert basis elements of recession monoid
5 vertices of polyhedron
0 extreme rays of recession cone
5 support hyperplanes of polyhedron (homogenized)

embedding dimension = 7
affine dimension of the polyhedron = 4
rank of recession monoid = 0 (polyhedron is polytope)

dehomogenization:
0 0 0 0 0 0 1 


module rank = 5

***********************************************************************

5 lattice points in polytope (module generators):
 4 4 3 3 3 5 1
 5 2 4 3 3 5 1
 5 3 2 4 3 5 1
 5 3 3 2 4 5 1
 5 3 3 3 2 6 1

0 Hilbert basis elements of recession monoid:

5 vertices of polyhedron:
 4 4 3 3 3 5 1
 5 2 4 3 3 5 1
 5 3 2 4 3 5 1
 5 3 3 2 4 5 1
 5 3 3 3 2 6 1

0 extreme rays of recession cone:

5 support hyperplanes of polyhedron (homogenized):
 -29  20  15  10   5 0 0
  -7 -11  12   8   4 0 0
   1 -10 -21  22  11 0 0
   8   1  -6 -13   7 0 0
  31  14  -3 -20 -37 0 0

2 equations:
 1 0 -1 -2 -3 -4  34
 0 1  2  3  4  5 -56

5 basis elements of generated  lattice:
 1 0 0 0 -5   4 0
 0 1 0 0 -4   3 0
 0 0 1 0 -3   2 0
 0 0 0 1 -2   1 0
 0 0 0 0 54 -32 1

