64 lattice points in polytope (module generators)
0 Hilbert basis elements of recession monoid
5 vertices of polyhedron
0 extreme rays of recession cone
5 support hyperplanes of polyhedron (homogenized)

embedding dimension = 5
affine dimension of the polyhedron = 2
rank of recession monoid = 0 (polyhedron is polytope)

dehomogenization:
0 0 0 0 1 


module rank = 64

***********************************************************************

64 lattice points in polytope (module generators):
 11 0 11 18 1
 11 0 12 17 1
 11 0 13 16 1
 11 0 14 15 1
 11 1 10 18 1
 11 1 11 17 1
 11 1 12 16 1
 11 1 13 15 1
 11 1 14 14 1
 11 2  9 18 1
 11 2 10 17 1
 11 2 11 16 1
 11 2 12 15 1
 11 2 13 14 1
 11 3  8 18 1
 11 3  9 17 1
 11 3 10 16 1
 11 3 11 15 1
 11 3 12 14 1
 11 3 13 13 1
 11 4  7 18 1
 11 4  8 17 1
 11 4  9 16 1
 11 4 10 15 1
 11 4 11 14 1
 11 4 12 13 1
 11 5  6 18 1
 11 5  7 17 1
 11 5  8 16 1
 11 5  9 15 1
 11 5 10 14 1
 11 5 11 13 1
 11 5 12 12 1
 11 6  5 18 1
 11 6  6 17 1
 11 6  7 16 1
 11 6  8 15 1
 11 6  9 14 1
 11 6 10 13 1
 11 6 11 12 1
 11 7  4 18 1
 11 7  5 17 1
 11 7  6 16 1
 11 7  7 15 1
 11 7  8 14 1
 11 7  9 13 1
 11 7 10 12 1
 11 7 11 11 1
 11 8  3 18 1
 11 8  4 17 1
 11 8  5 16 1
 11 8  6 15 1
 11 8  7 14 1
 11 8  8 13 1
 11 8  9 12 1
 11 8 10 11 1
 11 9  2 18 1
 11 9  3 17 1
 11 9  4 16 1
 11 9  5 15 1
 11 9  6 14 1
 11 9  7 13 1
 11 9  8 12 1
 11 9  9 11 1

0 Hilbert basis elements of recession monoid:

5 vertices of polyhedron:
 11 0 11 18 1
 11 7 11 11 1
 11 9  2 18 1
 11 9  9 11 1
 22 0 29 29 2

0 extreme rays of recession cone:

5 support hyperplanes of polyhedron (homogenized):
 -1   1   1 0 0
  0   1   0 0 0
  9 -11   0 0 0
 18 -11 -11 0 0
 29 -11 -22 0 0

2 equations:
 1 0 0 0 -11
 0 1 1 1 -29

3 basis elements of generated  lattice:
 11 0 0 29 1
  0 1 0 -1 0
  0 0 1 -1 0

