127 lattice points in polytope (module generators)
0 Hilbert basis elements of recession monoid
6 vertices of polyhedron
0 extreme rays of recession cone
6 support hyperplanes of polyhedron (homogenized)

embedding dimension = 5
affine dimension of the polyhedron = 2
rank of recession monoid = 0 (polyhedron is polytope)

dehomogenization:
0 0 0 0 1 


module rank = 127

***********************************************************************

127 lattice points in polytope (module generators):
 6  0  6 23 1
 6  0  7 22 1
 6  0  8 21 1
 6  0  9 20 1
 6  0 10 19 1
 6  0 11 18 1
 6  0 12 17 1
 6  0 13 16 1
 6  0 14 15 1
 6  1  5 23 1
 6  1  6 22 1
 6  1  7 21 1
 6  1  8 20 1
 6  1  9 19 1
 6  1 10 18 1
 6  1 11 17 1
 6  1 12 16 1
 6  1 13 15 1
 6  1 14 14 1
 6  2  4 23 1
 6  2  5 22 1
 6  2  6 21 1
 6  2  7 20 1
 6  2  8 19 1
 6  2  9 18 1
 6  2 10 17 1
 6  2 11 16 1
 6  2 12 15 1
 6  2 13 14 1
 6  3  3 23 1
 6  3  4 22 1
 6  3  5 21 1
 6  3  6 20 1
 6  3  7 19 1
 6  3  8 18 1
 6  3  9 17 1
 6  3 10 16 1
 6  3 11 15 1
 6  3 12 14 1
 6  3 13 13 1
 6  4  2 23 1
 6  4  3 22 1
 6  4  4 21 1
 6  4  5 20 1
 6  4  6 19 1
 6  4  7 18 1
 6  4  8 17 1
 6  4  9 16 1
 6  4 10 15 1
 6  4 11 14 1
 6  4 12 13 1
 6  5  1 23 1
 6  5  2 22 1
 6  5  3 21 1
 6  5  4 20 1
 6  5  5 19 1
 6  5  6 18 1
 6  5  7 17 1
 6  5  8 16 1
 6  5  9 15 1
 6  5 10 14 1
 6  5 11 13 1
 6  5 12 12 1
 6  6  0 23 1
 6  6  1 22 1
 6  6  2 21 1
 6  6  3 20 1
 6  6  4 19 1
 6  6  5 18 1
 6  6  6 17 1
 6  6  7 16 1
 6  6  8 15 1
 6  6  9 14 1
 6  6 10 13 1
 6  6 11 12 1
 6  7  0 22 1
 6  7  1 21 1
 6  7  2 20 1
 6  7  3 19 1
 6  7  4 18 1
 6  7  5 17 1
 6  7  6 16 1
 6  7  7 15 1
 6  7  8 14 1
 6  7  9 13 1
 6  7 10 12 1
 6  7 11 11 1
 6  8  0 21 1
 6  8  1 20 1
 6  8  2 19 1
 6  8  3 18 1
 6  8  4 17 1
 6  8  5 16 1
 6  8  6 15 1
 6  8  7 14 1
 6  8  8 13 1
 6  8  9 12 1
 6  8 10 11 1
 6  9  0 20 1
 6  9  1 19 1
 6  9  2 18 1
 6  9  3 17 1
 6  9  4 16 1
 6  9  5 15 1
 6  9  6 14 1
 6  9  7 13 1
 6  9  8 12 1
 6  9  9 11 1
 6  9 10 10 1
 6 10  0 19 1
 6 10  1 18 1
 6 10  2 17 1
 6 10  3 16 1
 6 10  4 15 1
 6 10  5 14 1
 6 10  6 13 1
 6 10  7 12 1
 6 10  8 11 1
 6 10  9 10 1
 6 11  0 18 1
 6 11  1 17 1
 6 11  2 16 1
 6 11  3 15 1
 6 11  4 14 1
 6 11  5 13 1
 6 11  6 12 1
 6 11  7 11 1

0 Hilbert basis elements of recession monoid:

6 vertices of polyhedron:
  6  0  6 23 1
  6  6  0 23 1
 12  0 29 29 2
 12 23  0 35 2
 12 23 12 23 2
 18 29 29 29 3

0 extreme rays of recession cone:

6 support hyperplanes of polyhedron (homogenized):
 -1   1   1 0 0
  0   0   1 0 0
  0   1   0 0 0
 23 -12   0 0 0
 29 -12  -6 0 0
 29  -6 -12 0 0

2 equations:
 1 0 0 0  -6
 0 1 1 1 -29

3 basis elements of generated  lattice:
 6 0 0 29 1
 0 1 0 -1 0
 0 0 1 -1 0

