26 lattice points in polytope (module generators)
0 Hilbert basis elements of recession monoid
46 vertices of polyhedron
0 extreme rays of recession cone
14 support hyperplanes of polyhedron (homogenized)

embedding dimension = 8
affine dimension of the polyhedron = 5
rank of recession monoid = 0 (polyhedron is polytope)

dehomogenization:
0 0 0 0 0 0 0 1 


module rank = 26

***********************************************************************

26 lattice points in polytope (module generators):
 5 5 4 5 4 4 6 1
 5 5 5 3 5 4 6 1
 5 6 3 5 3 5 6 1
 5 6 4 3 4 5 6 1
 6 3 5 5 4 4 6 1
 6 3 6 3 5 4 6 1
 6 4 3 6 4 4 6 1
 6 4 4 4 5 4 6 1
 6 4 4 5 3 5 6 1
 6 4 4 5 4 3 7 1
 6 4 5 2 6 4 6 1
 6 4 5 3 4 5 6 1
 6 4 5 3 5 3 7 1
 6 5 2 6 3 5 6 1
 6 5 3 4 4 5 6 1
 6 5 3 5 3 4 7 1
 6 5 4 2 5 5 6 1
 6 5 4 3 4 4 7 1
 7 2 5 5 4 3 7 1
 7 2 6 3 5 3 7 1
 7 3 4 4 5 3 7 1
 7 3 4 5 3 4 7 1
 7 3 5 2 6 3 7 1
 7 3 5 3 4 4 7 1
 7 3 5 3 5 2 8 1
 7 4 3 4 4 4 7 1

0 Hilbert basis elements of recession monoid:

46 vertices of polyhedron:
  5  5  4  5  4  4  6 1
  5  5  5  3  5  4  6 1
  5  6  3  5  3  5  6 1
  5  6  4  3  4  5  6 1
  6  3  5  5  4  4  6 1
  6  3  6  3  5  4  6 1
  6  4  3  6  4  4  6 1
  6  4  5  2  6  4  6 1
  6  5  2  6  3  5  6 1
  6  5  4  2  5  5  6 1
  6  5  4  3  4  4  7 1
  7  2  5  5  4  3  7 1
  7  2  6  3  5  3  7 1
  7  3  4  4  5  3  7 1
  7  3  5  2  6  3  7 1
  7  3  5  3  4  4  7 1
  7  3  5  3  5  2  8 1
  7  4  3  4  4  4  7 1
 13  7  6 12  8  7 13 2
 13  7  8 10  8  5 15 2
 13  9  4 12  6  9 13 2
 13  9  6 10  6  7 15 2
 13  9  8  5  9  8 14 2
 14  6  8  9  9  5 15 2
 14  7  9  5  9  8 14 2
 14  7  9  5 10  6 15 2
 14  7  9  6  8  7 15 2
 14  8  6  9  7  7 15 2
 14  8  7  7  8  7 15 2
 18 14 10 15  7 17 18 3
 18 14 13  9 10 17 18 3
 19 13 13  9 10 16 19 3
 20 13 10 13 10 10 23 3
 21 11 10 15  7 14 21 3
 21 11 11 13  8 14 21 3
 21 11 13  8 13 11 22 3
 21 12 10 12 11 10 23 3
 27 13 14 22 16 11 29 4
 27 17 10 22 12 15 29 4
 40 25 25 15 25 28 40 6
 40 25 25 18 22 25 43 6
 42 23 23 19 23 26 42 6
 42 23 23 22 20 23 45 6
 49 27 26 27 23 26 53 7
 61 37 37 24 37 37 64 9
 63 35 35 28 35 35 66 9

0 extreme rays of recession cone:

14 support hyperplanes of polyhedron (homogenized):
 -8 -23 -38  45  30  15 0 0
 -8   5   4   3   2   1 0 0
 -1  -1   0   1   1   1 0 0
 -1  -1   1   1   1   0 0 0
 -1   0   0   0   1   1 0 0
 -1   0   0   1   1   0 0 0
 -1   0   1   1   0   0 0 0
 -1   1   1   0   0   0 0 0
  2 -31 -64   1  66  33 0 0
  2 -31  34   1 -32  33 0 0
  2  67  34   1 -32 -65 0 0
 16  -3 -22 -41  38  19 0 0
 40  17  -6 -29 -52  23 0 0
 64  37  10 -17 -44 -71 0 0

2 equations:
 1 0 -1 -2 -3 -4 -5   67
 0 1  2  3  4  5  6 -100

6 basis elements of generated  lattice:
 1 0 0 0 0 -6   5 0
 0 1 0 0 0 -5   4 0
 0 0 1 0 0 -4   3 0
 0 0 0 1 0 -3   2 0
 0 0 0 0 1 -2   1 0
 0 0 0 0 0 98 -65 1

