212 lattice points in polytope (module generators)
0 Hilbert basis elements of recession monoid
952 vertices of polyhedron
0 extreme rays of recession cone
45 support hyperplanes of polyhedron (homogenized)

embedding dimension = 11
affine dimension of the polyhedron = 8
rank of recession monoid = 0 (polyhedron is polytope)

dehomogenization:
0 0 0 0 0 0 0 0 0 0 1 


module rank = 212

***********************************************************************

212 lattice points in polytope (module generators):
 1 2 4 2 2 2 2 2 2 4 1
 1 3 2 3 2 2 2 2 2 4 1
 1 3 3 1 3 2 2 2 2 4 1
 1 3 3 2 1 3 2 2 2 4 1
 1 3 3 2 2 1 3 2 2 4 1
 1 3 3 2 2 2 1 3 2 4 1
 1 3 3 2 2 2 2 1 3 4 1
 1 3 3 2 2 2 2 2 1 5 1
 1 4 0 4 2 2 2 2 2 4 1
 1 4 1 2 3 2 2 2 2 4 1
 1 4 1 3 1 3 2 2 2 4 1
 1 4 1 3 2 1 3 2 2 4 1
 1 4 1 3 2 2 1 3 2 4 1
 1 4 1 3 2 2 2 1 3 4 1
 1 4 1 3 2 2 2 2 1 5 1
 1 4 2 0 4 2 2 2 2 4 1
 1 4 2 1 2 3 2 2 2 4 1
 1 4 2 1 3 1 3 2 2 4 1
 1 4 2 1 3 2 1 3 2 4 1
 1 4 2 1 3 2 2 1 3 4 1
 1 4 2 1 3 2 2 2 1 5 1
 1 4 2 2 1 2 3 2 2 4 1
 1 4 2 2 1 3 1 3 2 4 1
 1 4 2 2 1 3 2 1 3 4 1
 1 4 2 2 1 3 2 2 1 5 1
 1 4 2 2 2 1 2 3 2 4 1
 1 4 2 2 2 1 3 1 3 4 1
 1 4 2 2 2 1 3 2 1 5 1
 1 4 2 2 2 2 1 2 3 4 1
 1 4 2 2 2 2 1 3 1 5 1
 1 4 2 2 2 2 2 1 2 5 1
 2 1 3 3 2 2 2 2 2 4 1
 2 1 4 1 3 2 2 2 2 4 1
 2 1 4 2 1 3 2 2 2 4 1
 2 1 4 2 2 1 3 2 2 4 1
 2 1 4 2 2 2 1 3 2 4 1
 2 1 4 2 2 2 2 1 3 4 1
 2 1 4 2 2 2 2 2 1 5 1
 2 2 1 4 2 2 2 2 2 4 1
 2 2 2 2 3 2 2 2 2 4 1
 2 2 2 3 1 3 2 2 2 4 1
 2 2 2 3 2 1 3 2 2 4 1
 2 2 2 3 2 2 1 3 2 4 1
 2 2 2 3 2 2 2 1 3 4 1
 2 2 2 3 2 2 2 2 1 5 1
 2 2 3 0 4 2 2 2 2 4 1
 2 2 3 1 2 3 2 2 2 4 1
 2 2 3 1 3 1 3 2 2 4 1
 2 2 3 1 3 2 1 3 2 4 1
 2 2 3 1 3 2 2 1 3 4 1
 2 2 3 1 3 2 2 2 1 5 1
 2 2 3 2 0 4 2 2 2 4 1
 2 2 3 2 1 2 3 2 2 4 1
 2 2 3 2 1 3 1 3 2 4 1
 2 2 3 2 1 3 2 1 3 4 1
 2 2 3 2 1 3 2 2 1 5 1
 2 2 3 2 2 0 4 2 2 4 1
 2 2 3 2 2 1 2 3 2 4 1
 2 2 3 2 2 1 3 1 3 4 1
 2 2 3 2 2 1 3 2 1 5 1
 2 2 3 2 2 2 1 2 3 4 1
 2 2 3 2 2 2 1 3 1 5 1
 2 2 3 2 2 2 2 1 2 5 1
 2 3 0 3 3 2 2 2 2 4 1
 2 3 0 4 1 3 2 2 2 4 1
 2 3 0 4 2 1 3 2 2 4 1
 2 3 0 4 2 2 1 3 2 4 1
 2 3 0 4 2 2 2 1 3 4 1
 2 3 0 4 2 2 2 2 1 5 1
 2 3 1 1 4 2 2 2 2 4 1
 2 3 1 2 2 3 2 2 2 4 1
 2 3 1 2 3 1 3 2 2 4 1
 2 3 1 2 3 2 1 3 2 4 1
 2 3 1 2 3 2 2 1 3 4 1
 2 3 1 2 3 2 2 2 1 5 1
 2 3 1 3 1 2 3 2 2 4 1
 2 3 1 3 1 3 1 3 2 4 1
 2 3 1 3 1 3 2 1 3 4 1
 2 3 1 3 1 3 2 2 1 5 1
 2 3 1 3 2 0 4 2 2 4 1
 2 3 1 3 2 1 2 3 2 4 1
 2 3 1 3 2 1 3 1 3 4 1
 2 3 1 3 2 1 3 2 1 5 1
 2 3 1 3 2 2 1 2 3 4 1
 2 3 1 3 2 2 1 3 1 5 1
 2 3 1 3 2 2 2 1 2 5 1
 2 3 2 0 3 3 2 2 2 4 1
 2 3 2 0 4 1 3 2 2 4 1
 2 3 2 0 4 2 1 3 2 4 1
 2 3 2 0 4 2 2 1 3 4 1
 2 3 2 0 4 2 2 2 1 5 1
 2 3 2 1 2 2 3 2 2 4 1
 2 3 2 1 2 3 1 3 2 4 1
 2 3 2 1 2 3 2 1 3 4 1
 2 3 2 1 2 3 2 2 1 5 1
 2 3 2 1 3 1 2 3 2 4 1
 2 3 2 1 3 1 3 1 3 4 1
 2 3 2 1 3 1 3 2 1 5 1
 2 3 2 1 3 2 1 2 3 4 1
 2 3 2 1 3 2 1 3 1 5 1
 2 3 2 1 3 2 2 1 2 5 1
 2 3 2 2 1 2 2 3 2 4 1
 2 3 2 2 1 2 3 1 3 4 1
 2 3 2 2 1 2 3 2 1 5 1
 2 3 2 2 1 3 1 2 3 4 1
 2 3 2 2 1 3 1 3 1 5 1
 2 3 2 2 1 3 2 1 2 5 1
 2 3 2 2 2 1 2 2 3 4 1
 2 3 2 2 2 1 2 3 1 5 1
 2 3 2 2 2 1 3 1 2 5 1
 2 3 2 2 2 2 1 2 2 5 1
 3 0 3 2 3 2 2 2 2 4 1
 3 0 3 3 1 3 2 2 2 4 1
 3 0 3 3 2 1 3 2 2 4 1
 3 0 3 3 2 2 1 3 2 4 1
 3 0 3 3 2 2 2 1 3 4 1
 3 0 3 3 2 2 2 2 1 5 1
 3 0 4 0 4 2 2 2 2 4 1
 3 0 4 1 2 3 2 2 2 4 1
 3 0 4 1 3 1 3 2 2 4 1
 3 0 4 1 3 2 1 3 2 4 1
 3 0 4 1 3 2 2 1 3 4 1
 3 0 4 1 3 2 2 2 1 5 1
 3 0 4 2 1 2 3 2 2 4 1
 3 0 4 2 1 3 1 3 2 4 1
 3 0 4 2 1 3 2 1 3 4 1
 3 0 4 2 1 3 2 2 1 5 1
 3 0 4 2 2 1 2 3 2 4 1
 3 0 4 2 2 1 3 1 3 4 1
 3 0 4 2 2 1 3 2 1 5 1
 3 0 4 2 2 2 1 2 3 4 1
 3 0 4 2 2 2 1 3 1 5 1
 3 0 4 2 2 2 2 1 2 5 1
 3 1 2 1 4 2 2 2 2 4 1
 3 1 2 2 2 3 2 2 2 4 1
 3 1 2 2 3 1 3 2 2 4 1
 3 1 2 2 3 2 1 3 2 4 1
 3 1 2 2 3 2 2 1 3 4 1
 3 1 2 2 3 2 2 2 1 5 1
 3 1 2 3 0 4 2 2 2 4 1
 3 1 2 3 1 2 3 2 2 4 1
 3 1 2 3 1 3 1 3 2 4 1
 3 1 2 3 1 3 2 1 3 4 1
 3 1 2 3 1 3 2 2 1 5 1
 3 1 2 3 2 1 2 3 2 4 1
 3 1 2 3 2 1 3 1 3 4 1
 3 1 2 3 2 1 3 2 1 5 1
 3 1 2 3 2 2 1 2 3 4 1
 3 1 2 3 2 2 1 3 1 5 1
 3 1 2 3 2 2 2 1 2 5 1
 3 1 3 0 3 3 2 2 2 4 1
 3 1 3 0 4 1 3 2 2 4 1
 3 1 3 0 4 2 1 3 2 4 1
 3 1 3 0 4 2 2 1 3 4 1
 3 1 3 0 4 2 2 2 1 5 1
 3 1 3 1 2 2 3 2 2 4 1
 3 1 3 1 2 3 1 3 2 4 1
 3 1 3 1 2 3 2 1 3 4 1
 3 1 3 1 2 3 2 2 1 5 1
 3 1 3 1 3 0 4 2 2 4 1
 3 1 3 1 3 1 2 3 2 4 1
 3 1 3 1 3 1 3 1 3 4 1
 3 1 3 1 3 1 3 2 1 5 1
 3 1 3 1 3 2 1 2 3 4 1
 3 1 3 1 3 2 1 3 1 5 1
 3 1 3 1 3 2 2 1 2 5 1
 3 1 3 2 1 2 2 3 2 4 1
 3 1 3 2 1 2 3 1 3 4 1
 3 1 3 2 1 2 3 2 1 5 1
 3 1 3 2 1 3 1 2 3 4 1
 3 1 3 2 1 3 1 3 1 5 1
 3 1 3 2 1 3 2 1 2 5 1
 3 1 3 2 2 1 2 2 3 4 1
 3 1 3 2 2 1 2 3 1 5 1
 3 1 3 2 2 1 3 1 2 5 1
 3 1 3 2 2 2 1 2 2 5 1
 3 2 1 2 2 2 3 2 2 4 1
 3 2 1 2 2 3 1 3 2 4 1
 3 2 1 2 2 3 2 1 3 4 1
 3 2 1 2 2 3 2 2 1 5 1
 3 2 1 2 3 0 4 2 2 4 1
 3 2 1 2 3 1 2 3 2 4 1
 3 2 1 2 3 1 3 1 3 4 1
 3 2 1 2 3 1 3 2 1 5 1
 3 2 1 2 3 2 1 2 3 4 1
 3 2 1 2 3 2 1 3 1 5 1
 3 2 1 2 3 2 2 1 2 5 1
 3 2 1 3 1 2 2 3 2 4 1
 3 2 1 3 1 2 3 1 3 4 1
 3 2 1 3 1 2 3 2 1 5 1
 3 2 1 3 1 3 1 2 3 4 1
 3 2 1 3 1 3 1 3 1 5 1
 3 2 1 3 1 3 2 1 2 5 1
 3 2 1 3 2 1 2 2 3 4 1
 3 2 1 3 2 1 2 3 1 5 1
 3 2 1 3 2 1 3 1 2 5 1
 3 2 1 3 2 2 1 2 2 5 1
 3 2 2 1 2 2 2 3 2 4 1
 3 2 2 1 2 2 3 1 3 4 1
 3 2 2 1 2 2 3 2 1 5 1
 3 2 2 1 2 3 1 2 3 4 1
 3 2 2 1 2 3 1 3 1 5 1
 3 2 2 1 2 3 2 1 2 5 1
 3 2 2 1 3 1 2 2 3 4 1
 3 2 2 1 3 1 2 3 1 5 1
 3 2 2 1 3 1 3 1 2 5 1
 3 2 2 1 3 2 1 2 2 5 1
 3 2 2 2 1 2 2 2 3 4 1
 3 2 2 2 1 2 2 3 1 5 1
 3 2 2 2 1 2 3 1 2 5 1
 3 2 2 2 1 3 1 2 2 5 1
 3 2 2 2 2 1 2 2 2 5 1

0 Hilbert basis elements of recession monoid:

952 vertices of polyhedron:
   1  2  4  2  2   2   2   2   2   4  1
   1  3  3  2  2   2   1   3   2   4  1
   1  3  3  2  2   2   2   1   3   4  1
   1  3  3  2  2   2   2   2   1   5  1
   1  4  0  4  2   2   2   2   2   4  1
   1  4  1  3  1   3   2   2   2   4  1
   1  4  1  3  2   2   1   3   2   4  1
   1  4  1  3  2   2   2   1   3   4  1
   1  4  1  3  2   2   2   2   1   5  1
   1  4  2  0  4   2   2   2   2   4  1
   1  4  2  1  2   3   2   2   2   4  1
   1  4  2  1  3   1   3   2   2   4  1
   1  4  2  1  3   2   1   3   2   4  1
   1  4  2  1  3   2   2   1   3   4  1
   1  4  2  1  3   2   2   2   1   5  1
   1  4  2  2  1   2   3   2   2   4  1
   1  4  2  2  1   3   1   3   2   4  1
   1  4  2  2  1   3   2   1   3   4  1
   1  4  2  2  1   3   2   2   1   5  1
   1  4  2  2  2   1   2   3   2   4  1
   1  4  2  2  2   1   3   1   3   4  1
   1  4  2  2  2   1   3   2   1   5  1
   1  4  2  2  2   2   1   2   3   4  1
   1  4  2  2  2   2   1   3   1   5  1
   1  4  2  2  2   2   2   1   2   5  1
   2  1  4  2  2   2   1   3   2   4  1
   2  1  4  2  2   2   2   1   3   4  1
   2  1  4  2  2   2   2   2   1   5  1
   2  2  3  2  0   4   2   2   2   4  1
   2  2  3  2  2   0   4   2   2   4  1
   2  3  0  4  1   3   2   2   2   4  1
   2  3  0  4  2   2   1   3   2   4  1
   2  3  0  4  2   2   2   1   3   4  1
   2  3  0  4  2   2   2   2   1   5  1
   2  3  1  1  4   2   2   2   2   4  1
   2  3  1  3  2   0   4   2   2   4  1
   2  3  2  0  3   3   2   2   2   4  1
   2  3  2  0  4   1   3   2   2   4  1
   2  3  2  0  4   2   1   3   2   4  1
   2  3  2  0  4   2   2   1   3   4  1
   2  3  2  0  4   2   2   2   1   5  1
   2  3  2  2  1   2   2   3   2   4  1
   2  3  2  2  1   2   3   1   3   4  1
   2  3  2  2  1   2   3   2   1   5  1
   2  3  2  2  1   3   1   2   3   4  1
   2  3  2  2  1   3   1   3   1   5  1
   2  3  2  2  1   3   2   1   2   5  1
   2  3  2  2  2   1   2   2   3   4  1
   2  3  2  2  2   1   2   3   1   5  1
   2  3  2  2  2   1   3   1   2   5  1
   2  3  2  2  2   2   1   2   2   5  1
   2  7  5  4  4   1   7   4   4   8  2
   2  8  3  5  4   1   7   4   4   8  2
   3  0  3  2  3   2   2   2   2   4  1
   3  0  3  3  1   3   2   2   2   4  1
   3  0  3  3  2   1   3   2   2   4  1
   3  0  3  3  2   2   1   3   2   4  1
   3  0  3  3  2   2   2   1   3   4  1
   3  0  3  3  2   2   2   2   1   5  1
   3  0  4  0  4   2   2   2   2   4  1
   3  0  4  1  2   3   2   2   2   4  1
   3  0  4  1  3   2   1   3   2   4  1
   3  0  4  1  3   2   2   1   3   4  1
   3  0  4  1  3   2   2   2   1   5  1
   3  0  4  2  1   2   3   2   2   4  1
   3  0  4  2  1   3   1   3   2   4  1
   3  0  4  2  1   3   2   1   3   4  1
   3  0  4  2  1   3   2   2   1   5  1
   3  0  4  2  2   1   2   3   2   4  1
   3  0  4  2  2   1   3   1   3   4  1
   3  0  4  2  2   1   3   2   1   5  1
   3  0  4  2  2   2   1   2   3   4  1
   3  0  4  2  2   2   1   3   1   5  1
   3  0  4  2  2   2   2   1   2   5  1
   3  1  2  1  4   2   2   2   2   4  1
   3  1  2  3  0   4   2   2   2   4  1
   3  1  2  3  2   1   2   3   2   4  1
   3  1  2  3  2   1   3   2   1   5  1
   3  1  2  3  2   2   1   2   3   4  1
   3  1  2  3  2   2   1   3   1   5  1
   3  1  2  3  2   2   2   1   2   5  1
   3  1  3  0  3   3   2   2   2   4  1
   3  1  3  0  4   1   3   2   2   4  1
   3  1  3  0  4   2   1   3   2   4  1
   3  1  3  0  4   2   2   1   3   4  1
   3  1  3  0  4   2   2   2   1   5  1
   3  1  3  1  3   0   4   2   2   4  1
   3  1  3  2  1   2   2   3   2   4  1
   3  1  3  2  1   2   3   1   3   4  1
   3  1  3  2  1   2   3   2   1   5  1
   3  1  3  2  1   3   1   2   3   4  1
   3  1  3  2  1   3   1   3   1   5  1
   3  1  3  2  1   3   2   1   2   5  1
   3  1  3  2  2   1   2   2   3   4  1
   3  1  3  2  2   1   2   3   1   5  1
   3  1  3  2  2   1   3   1   2   5  1
   3  1  3  2  2   2   1   2   2   5  1
   3  2  1  2  2   2   3   2   2   4  1
   3  2  1  2  2   3   1   3   2   4  1
   3  2  1  2  2   3   2   1   3   4  1
   3  2  1  2  2   3   2   2   1   5  1
   3  2  1  2  3   0   4   2   2   4  1
   3  2  1  2  3   1   2   3   2   4  1
   3  2  1  2  3   1   3   1   3   4  1
   3  2  1  2  3   1   3   2   1   5  1
   3  2  1  2  3   2   1   2   3   4  1
   3  2  1  2  3   2   1   3   1   5  1
   3  2  1  2  3   2   2   1   2   5  1
   3  2  1  3  1   2   2   3   2   4  1
   3  2  1  3  1   2   3   1   3   4  1
   3  2  1  3  1   2   3   2   1   5  1
   3  2  1  3  1   3   1   2   3   4  1
   3  2  1  3  1   3   1   3   1   5  1
   3  2  1  3  1   3   2   1   2   5  1
   3  2  1  3  2   1   2   2   3   4  1
   3  2  1  3  2   1   2   3   1   5  1
   3  2  1  3  2   1   3   1   2   5  1
   3  2  1  3  2   2   1   2   2   5  1
   3  2  2  1  2   2   2   3   2   4  1
   3  2  2  1  2   2   3   1   3   4  1
   3  2  2  1  2   2   3   2   1   5  1
   3  2  2  1  2   3   1   2   3   4  1
   3  2  2  1  2   3   1   3   1   5  1
   3  2  2  1  2   3   2   1   2   5  1
   3  2  2  1  3   1   2   2   3   4  1
   3  2  2  1  3   1   2   3   1   5  1
   3  2  2  1  3   1   3   1   2   5  1
   3  2  2  1  3   2   1   2   2   5  1
   3  2  2  2  1   2   2   2   3   4  1
   3  2  2  2  1   2   2   3   1   5  1
   3  2  2  2  1   2   3   1   2   5  1
   3  2  2  2  1   3   1   2   2   5  1
   3  2  2  2  2   1   2   2   2   5  1
   3  6  5  4  0   8   4   4   4   8  2
   3 11  6  7  6   6   6   2  10  12  3
   3 11  7  5  7   6   6   2  10  12  3
   3 11  7  6  1  11   6   6   6  12  3
   3 12  5  7  5   7   6   2  10  12  3
   3 12  6  5  6   7   6   2  10  12  3
   3 16  9  8  7   9   4  11   9  16  4
   3 16  9  8  7   9   7   5  12  16  4
   3 16  9  8  8   7   5  11   9  16  4
   3 16  9  8  8   7   8   5  12  16  4
   3 17  7  8  5  12   8   8   7  17  4
   3 17  7  8  8   9   8   8   4  20  4
   3 17  7  9  4  12   7   9   7  17  4
   3 17  7  9  7   9   4  12   7  17  4
   3 17  7  9  7   9   7   9   4  20  4
   3 17  7  9  8   7   5  12   7  17  4
   3 17  7  9  8   7   8   9   4  20  4
   3 17  8  7  5  12   8   7   8  17  4
   3 17  8  7  8   9   8   7   5  20  4
   3 17  8  7  9   4  12   7   8  17  4
   3 17  8  7  9   7   9   4  11  17  4
   3 17  8  7  9   7   9   7   5  20  4
   3 17  8  8  4  12   7   8   8  17  4
   3 17  8  8  7   9   4  11   8  17  4
   3 17  8  8  7   9   7   5  11  17  4
   3 17  8  8  7   9   7   8   5  20  4
   3 17  8  8  8   4  11   8   8  17  4
   3 17  8  8  8   7   5  11   8  17  4
   3 17  8  8  8   7   8   5  11  17  4
   3 17  8  8  8   7   8   8   5  20  4
   3 20 10 10 10  12  10  10  10  20  5
   3 20 10 10 12   8  12  10  10  20  5
   3 20 10 12  8  12   8  12  10  20  5
   3 20 10 12 10   8  10  12  10  20  5
   3 20 12  8 10  12  10   8  12  20  5
   3 20 12  8 12   8  12   8  12  20  5
   3 20 12 10  8  12   8  10  12  20  5
   3 20 12 10 10   8  10  10  12  20  5
   3 22  8 10 10  12  10  10   8  22  5
   3 22  8 10 12   8  12  10   8  22  5
   3 22  8 12  8  12   8  12   8  22  5
   3 22  8 12 10   8  10  12   8  22  5
   3 22 10  8 10  12  10   8  10  22  5
   3 22 10  8 12   8  12   8  10  22  5
   3 22 10 10  8  12   8  10  10  22  5
   3 22 10 10 10   8  10  10  10  22  5
   4  5  5  3  1   8   4   4   4   8  2
   4  5  5  4  0   7   5   4   4   8  2
   4  5  5  4  0   8   3   5   4   8  2
   4  5  5  4  0   8   4   3   5   8  2
   4  5  5  4  0   8   4   4   3   9  2
   4 20 10 11  9  11   4  16  10  20  5
   4 20 10 11 10   9   5  16  10  20  5
   4 20 11  9 10  11  10   4  16  20  5
   4 20 11  9 11   4  16   9  11  20  5
   4 20 11  9 11   9  11   4  16  20  5
   4 20 11 10 10   4  15  10  11  20  5
   4 21  9 10 11   4  16  10   9  21  5
   4 21  9 10 11   9  11  10   4  26  5
   4 21  9 11 10   4  15  11   9  21  5
   4 21 10  9 10  11  10   4  15  21  5
   5  1  8  4  1   7   4   4   4   8  2
   5  1  8  4  4   1   7   4   4   8  2
   5  2  3  8  4   4   4   4   4   8  2
   5  4  1  8  4   4   4   4   2  10  2
   5  4  4  5  4   4   4   1   5  10  2
   5  4  5  3  5   4   2   3   7   8  2
   5  4  5  3  5   4   4   1   5  10  2
   5  4  5  4  1   4   7   4   4   8  2
   5  5  0  5  7   4   4   4   4   8  2
   5  5  0  7  3   6   4   4   4   8  2
   5  5  0  7  5   4   4   2   6   8  2
   5  5  0  7  5   4   4   4   2  10  2
   5  5  0  8  2   5   5   4   4   8  2
   5  5  0  8  2   6   3   5   4   8  2
   5  5  0  8  2   6   4   3   5   8  2
   5  5  0  8  2   6   4   4   3   9  2
   5  5  0  8  3   5   2   6   4   8  2
   5  5  0  8  3   5   4   4   2  10  2
   5  5  0  8  4   1   7   4   4   8  2
   5  5  0  8  4   3   3   6   4   8  2
   5  5  0  8  4   3   5   2   6   8  2
   5  5  0  8  4   3   5   4   2  10  2
   5  5  0  8  4   4   2   5   5   8  2
   5  5  0  8  4   4   2   6   3   9  2
   5  5  0  8  4   4   3   3   6   8  2
   5  5  0  8  4   4   3   5   2  10  2
   5  5  0  8  4   4   4   2   5   9  2
   5  5  0  8  4   4   4   3   3  10  2
   5  5  3  5  3   5   2   3   7   8  2
   5  5  3  5  3   5   4   1   5  10  2
   5  5  4  1  5   4   6   4   4   8  2
   5  5  4  1  5   6   2   6   4   8  2
   5  5  4  1  5   6   4   4   2  10  2
   5  5  4  1  6   5   4   1   7   8  2
   5  5  4  1  7   2   4   6   4   8  2
   5  5  4  1  7   2   6   2   6   8  2
   5  5  4  1  7   2   6   4   2  10  2
   5  5  4  1  7   4   2   4   6   8  2
   5  5  4  1  7   4   2   6   2  10  2
   5  5  4  1  7   4   4   2   4  10  2
   5  5  4  3  4   5   2   3   7   8  2
   5  5  4  3  4   5   4   1   5  10  2
   5 18 11 11 10  10   3  17  10  20  5
   5 20  9  9 12  10   3  17  10  20  5
   5 24 12 12  5  20  12  12  12  24  6
   5 24 12 12 13   4  20  12  12  24  6
   5 24 12 13  4  20  11  13  12  24  6
   5 24 12 13 12   4  19  13  12  24  6
   5 24 12 13 12  11  12   6  19  24  6
   5 24 13 11  5  20  12  11  13  24  6
   5 24 13 11 12  13  12  11   6  31  6
   5 24 13 12  4  20  11  12  13  24  6
   5 25 11 13 11  13  11   6  18  25  6
   6  0  7  5  1   7   4   4   4   8  2
   6  0  8  3  5   1   7   4   4   8  2
   6  3  3  3  7   4   2   6   4   8  2
   6  3  3  3  7   4   4   2   6   8  2
   6  3  3  3  7   4   4   4   2  10  2
   6  3  3  5  1   8   4   4   4   8  2
   6  3  3  6  0   7   5   4   4   8  2
   6  3  3  6  0   8   3   5   4   8  2
   6  3  3  6  0   8   4   3   5   8  2
   6  3  3  6  0   8   4   4   3   9  2
   6  3  3  6  4   2   6   1   7   8  2
   6  3  4  5  4   3   3   3   7   8  2
   6  3  4  5  4   3   5   1   5  10  2
   6  3  5  1  5   6   2   6   4   8  2
   6  3  5  1  5   6   4   2   6   8  2
   6  3  5  1  5   6   4   4   2  10  2
   6  3  5  1  7   3   5   1   7   8  2
   6  3  5  1  7   4   2   4   6   8  2
   6  3  5  1  7   4   2   6   2  10  2
   6  3  5  1  7   4   4   2   4  10  2
   6  3  5  3  5   1   7   1   7   8  2
   6  3  5  3  5   3   3   3   7   8  2
   6  3  5  3  5   3   5   1   5  10  2
   6  4  2  4  5   5   1   7   4   8  2
   6  4  2  5  3   3   7   4   4   8  2
   6  4  2  5  3   6   1   7   4   8  2
   6  4  2  5  5   1   5   6   4   8  2
   6  4  2  5  5   1   7   2   6   8  2
   6  4  2  5  5   1   7   4   2  10  2
   6  4  2  6  2   5   5   1   7   8  2
   6  4  2  6  3   3   6   1   7   8  2
   6  4  3  3  4   3   7   4   4   8  2
   6  4  3  3  6   1   5   6   4   8  2
   6  4  3  3  6   1   7   2   6   8  2
   6  4  3  3  6   1   7   4   2  10  2
   6  4  3  3  6   3   4   5   1  11  2
   6  4  3  5  2   4   6   1   7   8  2
   6  4  3  5  3   4   3   3   7   8  2
   6  4  3  5  3   4   5   1   5  10  2
   6  4  4  2  4   5   5   1   7   8  2
   6  4  4  2  5   3   6   1   7   8  2
   6  4  4  2  5   4   4   5   1  11  2
   6  4  4  3  3   4   6   1   7   8  2
   6  4  4  3  4   4   3   3   7   8  2
   6  4  4  3  4   4   5   1   5  10  2
   6 27 15 15 13  15   5  23  14  28  7
   6 27 15 15 14  13   6  23  14  28  7
   6 28 14 14 14  15   5  23  14  28  7
   6 28 14 14 14  15  14   5  23  28  7
   6 28 14 14 15  13   6  23  14  28  7
   6 28 15 12 15  15  14   5  23  28  7
   7  6  6  7  7   6   6   6   1  17  3
   7  6  8  5  5   8   6   6   1  17  3
   7  6  8  6  6   1   8   9   6  12  3
   7  6  8  6  6   1  11   3   9  12  3
   7  6  8  6  6   1  11   6   3  15  3
   7  7  7  6  1   7  10   6   6  12  3
   7  8  4  7  7   4   8   6   1  17  3
   7  8  4  8  3   4  11   6   6  12  3
   7  8  4  8  3   9   6   1  11  12  3
   7  8  4  8  6   1   8   9   6  12  3
   7  8  4  8  6   1  11   3   9  12  3
   7  8  4  8  6   1  11   6   3  15  3
   7  8  6  4  5   9   6   1  11  12  3
   7  8  6  5  5   6   8   6   1  17  3
   7 26 14 15 15  14  14  14   5  37  7
   7 26 16 13 13  16  14  14   5  37  7
   7 28 14 13 13  14  16  14   5  37  7
   7 31 17 16 16  17  16  16   6  42  8
   7 32 15 17 17  15  17  16   6  42  8
   7 32 15 18 15  17  15   7  26  32  8
   7 33 14 17 17  14  18  16   6  42  8
   7 33 15 15 17  17   6  26  15  33  8
   7 33 15 15 18  15   7  26  15  33  8
   7 33 15 16 16  15  18  16   6  42  8
   7 38 18 16 19  18  19  16  10  46  9
   8  1  7 11  6   6   6   6   6  12  3
   8  1 11  7  6   6   6   2  10  12  3
   8  1 12  5  7   6   6   2  10  12  3
   8  6  6  2 11   6   6   6   2  16  3
   8  6  6  7  1  11   6   2  10  12  3
   8  6  7  1 10   7   6   6   2  16  3
   8  6  7  5  6   7   6   2   6  16  3
   8  6  7  6  6   2   7   6   9  12  3
   8  6  7  6  6   2   7   9   3  15  3
   8  6  7  6  6   2  10   3   6  15  3
   8  7  1 11  3   9   3   9   6  12  3
   8  7  1 11  3   9   6   6   3  15  3
   8  7  1 11  6   6   3   6   9  12  3
   8  7  1 11  6   6   3   9   3  15  3
   8  7  1 11  6   6   6   3   6  15  3
   8  7  5  7  3   5   7   9   6  12  3
   8  7  5  7  3   5  10   6   3  15  3
   8  7  5  7  3   9   3   5  10  12  3
   8  7  5  7  3   9   6   2   7  15  3
   8  7  5  7  6   2   7   6   9  12  3
   8  7  5  7  6   2   7   9   3  15  3
   8  7  5  7  6   2  10   3   6  15  3
   8  7  6  2  7   9   6   2  10  12  3
   8  7  6  5  4   9   3   5  10  12  3
   8  7  6  5  4   9   6   2   7  15  3
   8  7  6  5  6   6   7   2   6  16  3
   8 35 20 17 17  20  18  17   8  47  9
   8 37 18 17 17  18  20  17   8  47  9
   8 40 21 21 18  22   8  31  21  40 10
   8 40 21 21 20  18  10  31  21  40 10
   8 42 18 21 21  18  21  21   8  52 10
   9  0 11  7  6   5   7   2  10  12  3
   9  0 12  5  7   5   7   2  10  12  3
   9  4  5  9  4   8   1  11   6  12  3
   9  4  5  9  6   4   8   1  11  12  3
   9  4  6  7  7   6   4   8   1  17  3
   9  4  6  8  6   3   9   1  11  12  3
   9  4  7  7  2  10   1  11   6  12  3
   9  4  8  1 11   1  11   6   6  12  3
   9  4  8  4  5   4  11   6   6  12  3
   9  4  8  4  8   1   8   9   6  12  3
   9  4  8  4  8   1  11   6   3  15  3
   9  4  8  5  5   8   4   8   1  17  3
   9  5  4  9  1   8   9   6   6  12  3
   9  5  4  9  1  11   6   3   9  12  3
   9  5  4  9  1  11   6   6   3  15  3
   9  5  4  9  5   4   5  10   6  12  3
   9  5  4  9  5   7   2   7   9  12  3
   9  5  4  9  5   7   2  10   3  15  3
   9  5  4  9  6   5   4   5  10  12  3
   9  5  4  9  6   5   7   2   7  15  3
   9  5  5  4  5  11   6   6   6  12  3
   9  5  5  8  1  11   2  10   6  12  3
   9  5  6  7  6   3   6   5  10  12  3
   9  5  6  7  6   3   9   2   7  15  3
   9  5  7  2  7   5  10   6   6  12  3
   9  5  7  2 10   2   7   9   6  12  3
   9  5  7  2 10   2  10   6   3  15  3
   9  5  7  5  4   5   7   9   6  12  3
   9  5  7  5  4   5  10   6   3  15  3
   9  5  7  5  7   2   7   9   3  15  3
   9  6  3  6  8   6   7   2  10  12  3
   9  6  3  6  9   5   6   7   2  16  3
   9  6  3  7  6   8   1  11   6  12  3
   9  6  3  8  6   7   2   7   9  12  3
   9  6  3  8  6   7   2  10   3  15  3
   9  6  3  9  4   6   8   1  11  12  3
   9  6  3  9  5   6   4   5  10  12  3
   9  6  3  9  5   6   7   2   7  15  3
   9  6  4  6  5   4  11   6   6  12  3
   9  6  4  6  8   1   8   9   6  12  3
   9  6  4  6  8   1  11   3   9  12  3
   9  6  4  6  8   1  11   6   3  15  3
   9  6  4  7  7   4   6   8   1  17  3
   9  6  4  8  3   7   8   1  11  12  3
   9  6  4  8  4   5   9   1  11  12  3
   9  6  5  4  6   9   1  11   6  12  3
   9  6  5  4  9   5   4   9   2  16  3
   9  6  5  6  4   5  10   6   3  15  3
   9  6  5  6  7   2   7   6   9  12  3
   9  6  5  6  7   2  10   3   6  15  3
   9  6  5  7  3   8   4   5  10  12  3
   9  6  5  7  3   8   7   2   7  15  3
   9  6  5  7  5   4   6   5  10  12  3
   9  6  5  7  5   4   9   2   7  15  3
   9  6  6  3  6   8   6   7   2  16  3
   9  6  6  3  7   6   8   1  11  12  3
   9  6  6  3  8   4   8   7   2  16  3
   9  6  6  3  8   6   4   5  10  12  3
   9  6  6  3  8   6   4   9   2  16  3
   9  6  6  3  8   6   7   2   7  15  3
   9  6  6  4  5   7   8   1  11  12  3
   9  6  6  4  6   5   9   1  11  12  3
   9  6  6  5  4   8   4   5  10  12  3
   9  6  6  5  4   8   7   2   7  15  3
   9  6  6  5  5   6   6   8   1  17  3
   9  6  6  5  6   4   6   5  10  12  3
   9  6  6  5  6   4   9   2   7  15  3
   9  6  6  5  6   6   6   3   6  16  3
   9  8  8 11  8   8   8   1  15  16  4
   9  8 11  5 11   8   8   1  15  16  4
   9 11  5 11  5  11   8   1  15  16  4
   9 11  8  5  8  11   8   1  15  16  4
  10  8  9  9  8   8   2   9  13  16  4
  10  9  1 16  8   8   3  13   8  16  4
  10  9  1 16  8   8   8   3  13  16  4
  10  9  8  8  9   8   2  14   3  21  4
  10  9  9  1  9  14   8   8   8  16  4
  10 10  0 15  9   8   3  13   8  16  4
  10 10  0 16  7   9   8   3  13  16  4
  10 10  7  7 10   3   7  14   8  16  4
  10 48 26 23 23  26  23  23  12  62 12
  11  7  9  9  7   9   2   9  13  16  4
  11  8  9  7  9   8   4   7   9  20  4
  11  8  9  8  3   8   9  12   8  16  4
  11  8  9  8  3   8  13   4  12  16  4
  11  8  9  8  3   8  13   8   4  20  4
  11  9  2  9  9  12   8   8   8  16  4
  11  9  2  9 13   8   8   4  12  16  4
  11  9  2  9 13   8   8   8   4  20  4
  11  9  2 14  4   7  13   8   8  16  4
  11  9  2 14  4  12   8   3  13  16  4
  11  9  2 14  8   3   9  12   8  16  4
  11  9  2 14  8   3  13   4  12  16  4
  11  9  2 14  8   3  13   8   4  20  4
  11  9  7  7  9   9   2   9  13  16  4
  11  9  7  9  4   7  13   3  13  16  4
  11  9  7  9  7   9   4   7   9  20  4
  11  9  8  3  9  11   9   8   3  21  4
  11  9  8  3 12   5  12   8   3  21  4
  11  9  8  3 12   9   4   7  13  16  4
  11  9  8  3 12   9   8   3   9  20  4
  11  9  8  7  8   9   4   7   9  20  4
  11 12 12 10  1  19   5  15  10  20  5
  11 12 12 10  1  19  10   5  15  20  5
  11 12 12 10  1  19  10  10   5  25  5
  12  5  8 11  8   5  11   1  15  16  4
  12  5 11  5 11   5  11   1  15  16  4
  12  7  5  7  7  14   8   8   8  16  4
  12  7  5  7 13   7   9   3  13  16  4
  12  7  5  7 13   8   7   9   3  21  4
  12  7  5 12  2  14   3  13   8  16  4
  12  7  8  4 13   8   4  12   3  21  4
  12  7  8  9  8   7   5   7   9  20  4
  12  7  9  3  9  12   7   9   3  21  4
  12  7  9  3 12   9   4  12   3  21  4
  12  7  9  3 13   3  13   3  13  16  4
  12  7  9  3 13   7   5   7  13  16  4
  12  7  9  3 13   7   9   3   9  20  4
  12  7  9  7  5   7  13   3  13  16  4
  12  7  9  7  9   3   9   7  13  16  4
  12  7  9  7  9   3  13   3   9  20  4
  12  7  9  7  9   7   5   7   9  20  4
  12  8  4 11  8   4   8  13   8  16  4
  12  8  5 11  5   8  11   1  15  16  4
  12  8  6  9  9   3  11  10   2  22  4
  12  8  7  5 12   3  12   9   3  21  4
  12  8  7  5 12   7   8   5   7  21  4
  12  8  7  7  8   5   7  14   8  16  4
  12  8  7  8  5   7   8  13   8  16  4
  12  8  7  8  8   4  11  10   2  22  4
  12  8  7  8  8   7   5  13   2  22  4
  12  8  7  8  9   3   9  12   3  21  4
  12  8  7  9  7   8   5   7   9  20  4
  12  8  8  5  8   8  11   1  15  16  4
  13  2 19 11 10  10   3  17  10  20  5
  13 10  3 19 10  10   3  17  10  20  5
  13 10  3 19 10  10  10   3  17  20  5
  13 10 10 12 10  10   3  10  17  20  5
  13 10 11 10 11  10   3  10  17  20  5
  13 10 12  1 19  10  10   3  17  20  5
  13 10 12  9  9  12  10   4   9  27  5
  13 11 11 10  3  17   5  10  15  20  5
  13 11 11 10  3  17   5  15   5  25  5
  13 11 11 10  3  17  10   5  10  25  5
  13 12  1 17 12  10   3  17  10  20  5
  13 12  1 19  8  12  10   3  17  20  5
  13 12  8  5 17   8  12  10   3  27  5
  13 12  8 12  8   5  17   3  17  20  5
  13 12 10  3 15  10  12  10   3  27  5
  13 12 10  9  6  10  15  10   3  27  5
  13 12 10  9  9  10  12   4   9  27  5
  14  9 12  9  9  12   9   5   9  27  5
  14 10  4 17 10  10   4  16   5  25  5
  14 10  4 17 10  10  10   4  11  25  5
  14 10 10 11 10  10   4  10  11  25  5
  14 10 11  3 17  10   5   9  16  20  5
  14 10 11  3 17  10  10   4  11  25  5
  14 11  3 11 16  10   4  16  10  20  5
  14 11  3 16 11  10   4  11  15  20  5
  14 11  3 16 11  10   4  16   5  25  5
  14 11  3 17  9  11   5   9  16  20  5
  14 11  3 17  9  11  10   4  11  25  5
  14 11  9  5 16   4  16  10   4  26  5
  14 11  9  5 16   9  11   5   9  26  5
  14 11  9 11  9   5  11   9  16  20  5
  14 11  9 11  9   5  16   4  11  25  5
  14 11 10  9 10   6  15   4  10  26  5
  14 76 36 35 35  36  35  35  20  92 18
  15  0 19 11  8  12   3  17  10  20  5
  15  8  7 14 11  10   5  15   3  27  5
  15  8  8 14  1  14  15  10  10  20  5
  15  8  8 14  1  19  10   5  15  20  5
  15  8  8 14  1  19  10  10   5  25  5
  15  8 10  5 17  10   8  12   3  27  5
  15  8 12  3 15  12   8  12   3  27  5
  15  8 12  9  6  15   5  15   3  27  5
  15  9  9 11 11   9   9   6   9  27  5
  15  9  9 12  3  12  15  10   5  25  5
  15  9  9 12  3  17  10   5  10  25  5
  15  9 10  5 16  10   9   6   9  26  5
  15  9 11  4 15  11   9   6   9  26  5
  15  9 11  9  9  11   9   6   9  27  5
  15 10  5 14 10  10   5  10  16  20  5
  15 10  5 14 11   8   7  15   3  27  5
  15 10  8  7 11  14   1  19  10  20  5
  15 10  8  8  9  15   1  19  10  20  5
  15 10  8 10 10   5  10  17  10  20  5
  15 10  8 10 12   3  15  12   3  27  5
  15 10  9  6 13  12   3  12  15  20  5
  15 10  9  6 13  12   3  17   5  25  5
  15 10  9  9  7  15   3  12  15  20  5
  15 10  9  9  7  15   3  17   5  25  5
  15 10  9 10  6   9  16   3  17  20  5
  15 10  9 10 11   4  15   6   9  26  5
  15 10 10  5 14  10  10   5  10  26  5
  15 10 10  9  6  10  13  12   3  27  5
  15 10 10  9  6  13   7  15   3  27  5
  15 10 10  9  6  14  10   5  10  26  5
  15 10 10  9  9   7  10  15   3  27  5
  15 10 10  9  9  10  10   6   9  27  5
  15 10 10  9 10   6  14   5  10  26  5
  15 10 10  9 10  10   6   9  10  26  5
  15 13 13 13  2  22   4  20  12  24  6
  15 14  1 24  4  20  12  12  12  24  6
  15 14 17 17 14  14   1  27  14  28  7
  15 20 11 11 20  14   1  27  14  28  7
  16 13 13 12  4  13  13  18  12  24  6
  16 13 13 12  4  13  19   6  18  24  6
  16 13 13 12  4  13  19  12   6  30  6
  17  0 24 13 11   6  19  11  13  24  6
  17  0 24 13 12   5  18  12  13  24  6
  17  0 25 12 11   6  19  11  12  25  6
  17  0 25 12 12   5  18  12  12  25  6
  17 10  7 20  0  24  12  12  12  24  6
  17 12  5 20 12   5  12  19  12  24  6
  17 12  5 20 12  12   5  12  19  24  6
  17 12 12 13  4  20  12   5  13  30  6
  17 12 12 13 12   5  12  12  19  24  6
  17 12 13  4 13  19  12  12   5  31  6
  17 12 13 11  6  19  12   5  12  31  6
  17 13  4 13 18  13  12   5  19  24  6
  17 13  4 13 19  11  13  12   5  31  6
  17 13 12  5 18  12  13   5  12  31  6
  17 14 16 16 14  14   3  25   7  35  7
  17 16 14 16 14   3  25   5  23  28  7
  17 18 12  5 25  14   3  25  14  28  7
  17 18 12 12 18  14   3  18  21  28  7
  17 18 12 12 18  14   3  25   7  35  7
  17 18 14 12  9  17  18  14   3  39  7
  17 18 14 12 12  11  21  14   3  39  7
  18 10 13 13  5  13  10  20  12  24  6
  18 10 13 13  5  19   4  14  18  24  6
  18 10 13 13  5  19   4  20   6  30  6
  18 11 11  7 11  20  12   6  18  24  6
  18 11 11  7 11  20  12  12   6  30  6
  18 11 11 11  7  20   2  22  12  24  6
  18 11 11 14  4  14  11  19  12  24  6
  18 11 11 14  4  20   5  13  18  24  6
  18 11 11 14  4  20   5  19   6  30  6
  18 12  6 17 13   5  17  14   4  32  6
  18 12 10 13 13   5  13  18   4  32  6
  18 12 11  7 16   7  11  20  12  24  6
  18 12 11 11  8  11  11  20  12  24  6
  18 12 11 12 11  12  12   6  12  32  6
  18 12 11 12 12   6  12  12  19  24  6
  18 14 15 15 15  14  14   4  15  37  7
  18 17 13 13 13  17   5  13  24  28  7
  19  2 26 15 15  14  14  14   5  37  7
  19  2 28 13 13  16  14  14   5  37  7
  19 13 15 15 15  13  15   4  15  37  7
  19 15 14 15 14   5  23   6  15  35  7
  19 15 15 11 15  15  15   4  15  37  7
  19 16 10 16 16   3  16  23  14  28  7
  19 16 13  6 23  14   5  16  21  28  7
  19 16 13  6 23  14   5  23   7  35  7
  19 16 13 13 16  14   5  16  14  35  7
  20  0 28 14 14   6  23  14  14  28  7
  20  0 28 14 15   5  22  15  14  28  7
  20  0 29 13 14   6  23  14  13  29  7
  20  0 29 13 15   5  22  15  13  29  7
  20 14  6 14 23  14  14   6  22  28  7
  20 14  6 14 23  14  14  14   6  36  7
  20 14 14  6 23  14  14   6  14  36  7
  20 14 14 15  5  23   6  14  22  28  7
  20 14 15  5 22  15  14   6  14  36  7
  20 15  5 22 15   5  15  22  14  28  7
  20 15 12 15 15   5  15  15  21  28  7
  20 15 13  7 21  15   5  15  22  28  7
  20 15 14 12  9  20  15   5  15  36  7
  20 17 17 17 17  16   4  28   6  42  8
  20 35 20  0 44  22  23  23  22  44 11
  20 35 20  0 44  24  21  21  24  44 11
  20 35 20  0 46  20  23  23  20  46 11
  20 35 20  0 46  22  21  21  22  46 11
  21  0 26 15 15  14  12  16   5  37  7
  21  0 28 13 13  16  12  16   5  37  7
  21  8 17 17  8  20   1  27  14  28  7
  21 10 11 19 16  14  10  18   3  39  7
  21 10 14 16 16  14   7  21   3  39  7
  21 10 16 16 10  11  10  25  14  28  7
  21 10 16 16 10  18   3  18  21  28  7
  21 10 16 16 10  18   3  25   7  35  7
  21 10 18 12  9  21  10  18   3  39  7
  21 10 18 12 12  18   7  21   3  39  7
  21 12  9 20 15  14  12   9  12  37  7
  21 12 14 15 15  14   7  14  12  37  7
  21 12 15 15 12   9  12  23   7  35  7
  21 12 15 15 12  16   5  16  14  35  7
  21 12 16 13  8  21  12   9  12  37  7
  21 12 16 13 13  16   7  14  12  37  7
  21 13  8 21 13  13   8  13  23  28  7
  21 13 13 16  5  16  21   5  23  28  7
  21 13 13 16 13   8  13  13  23  28  7
  21 13 15 13  8  13  20  16   5  37  7
  21 13 15 13 13   8  15  21   5  37  7
  21 14  7 19 16  10  14  18   3  39  7
  21 14  7 20  8  19  14  16   5  37  7
  21 14  7 20 14  13   8  22   5  37  7
  21 14  7 20 15  12  14   9  12  37  7
  21 14 10 16 16  10  11  21   3  39  7
  21 14 11 11 14  20   1  27  14  28  7
  21 14 12 12 14  18   3  18  21  28  7
  21 14 12 12 14  18   3  25   7  35  7
  21 14 12 14 12   9  23   3  25  28  7
  21 14 12 15 15  12   9  14  12  37  7
  21 14 13 13 13  14   8  13  24  28  7
  21 14 13 13 14  16   5  16  14  35  7
  21 14 13 14  8  13  20  16   5  37  7
  21 14 13 14 13   8  22   5  16  35  7
  21 14 13 14 14   7  14  22   5  37  7
  21 14 14 12  9  17  14  18   3  39  7
  21 14 14 12 12  11  17  18   3  39  7
  21 14 14 12 12  14  11  21   3  39  7
  21 28 28 21  0  44  22  23  22  44 11
  21 28 28 21  0  44  23  21  23  44 11
  21 28 28 21  0  45  21  23  21  45 11
  21 28 28 21  0  45  22  21  22  45 11
  22 16 17 17 16  16   6  17  17  40  8
  22 17 16 17 16   6  17  16  25  32  8
  22 17 17  5 17  26   8  24  16  32  8
  22 18 15  7 26   7  15  26  16  32  8
  22 18 15 15 18   7  15  18  24  32  8
  22 18 16 15  9  22  18   7  15  42  8
  22 18 16 15 15  10  24   7  15  42  8
  22 22  0 37 17  18  19  18   9  45  9
  22 22  0 37 17  19  17  19   9  45  9
  22 22  0 37 18  17  19  17  10  45  9
  22 22  0 37 18  18  17  18  10  45  9
  23 15 17 17 15  17   6  17  17  40  8
  23 16 16  7 16  26  16  16   7  41  8
  23 17 15 15 17  17   6  17  17  40  8
  23 17 16  7 23  17  17   6  17  41  8
  23 18 20 20 18   5  18  31  18  36  9
  23 18 22 16  7  31  18  18   5  49  9
  23 20 20 14  9  31  18   5  31  36  9
  23 20 20 14 20  20  18   5  20  47  9
  23 20 20 16  7  29  20  18   5  49  9
  23 22 14 20 20   5  31  18   5  49  9
  23 22 14 20 20  14  22   9  14  49  9
  23 22 16 16 22  16   7  31   7  47  9
  24 13 17 17 17  13  17   7  17  42  8
  24 14 17 17  7  24   7  17  25  32  8
  24 14 17 17 14  10  14  17  25  32  8
  24 15  9 23 17  15  15   9  15  42  8
  24 15 15  9 15  26  15  17   7  41  8
  24 15 15 17 17  15   9  15  15  42  8
  24 15 17 15  9  23  15   9  15  42  8
  24 15 17 15 15  17   9  15  15  42  8
  24 16 14 17 17   7  23  10  14  42  8
  24 16 15 15 15  15  10  26   4  44  8
  24 16 15 16 15   9  16  15  26  32  8
  24 16 16 15  9  22  16   9  15  42  8
  24 16 16 15 15  10  22   9  15  42  8
  24 16 16 15 15  16  10  15  15  42  8
  25  0 38 16 20  17  10  27  16  38  9
  25  0 38 16 20  17  17  20   9  45  9
  25  0 38 18 16  19  19   9  25  38  9
  25  0 38 18 16  19  19  16  11  45  9
  25  0 38 18 18  17  10  25  18  38  9
  25  0 38 18 18  17  17  11  25  38  9
  25  0 38 18 18  17  17  18  11  45  9
  25 18 19 19 18   7  18  29   9  45  9
  25 19 18 18 19  18   7  19  18  46  9
  25 19 19  6 19  19  28  18  18  36  9
  25 19 19  6 19  29  18  18   8  46  9
  25 19 19 16  9  29   9  16  29  36  9
  25 19 19 16 19  19   9  16  19  46  9
  25 19 19 17  8  19  28  18   7  47  9
  25 20 14 20 20   5  29  20   5  49  9
  25 20 14 20 20  14  11  29   5  49  9
  25 20 15 20 15  20  20   5  20  47  9
  25 20 16 19 19   7  29   9  16  47  9
  25 20 17  8 29  17   8  29   8  46  9
  25 20 17 17 20   8  17  29   8  46  9
  25 20 17 17 20  17   8  20  17  46  9
  25 20 18 14 18  20  20   5  20  47  9
  25 23  2 39 21  20  20  20   8  52 10
  25 25  0 39 21  18  22  20   8  52 10
  26 17 19 19  7  29   7  19  28  36  9
  26 17 20 17  9  28  17   9  17  47  9
  26 17 20 17 17  20   9  17  17  47  9
  26 19  7 27 19  19   7  19  28  36  9
  26 19  7 28 19  16  10  28   7  47  9
  26 19 16 19 19   7  19  28   7  47  9
  26 19 16 19 19   7  28  10  16  47  9
  26 19 16 19 19  16  10  19  16  47  9
  26 26  0 44 22  22  25  22  22  44 11
  26 26  0 44 22  25  19  25  22  44 11
  26 26  0 44 25  19  25  19  25  44 11
  26 26  0 44 25  22  19  22  25  44 11
  26 26  0 47 19  22  25  22  19  47 11
  26 26  0 47 19  25  19  25  19  47 11
  26 26  0 47 22  19  25  19  22  47 11
  26 26  0 47 22  22  19  22  22  47 11
  27 14 18 20 20  18  14  13  14  49  9
  27 14 20 20 14  20   7  20  29  36  9
  27 14 22 16 16  22  14  13  14  49  9
  27 16 16 22  5  27  22   5  31  36  9
  27 16 16 22 16  16  11  16  31  36  9
  27 16 19 19 16  19   8  19  19  45  9
  27 16 20 16 16  11  25  22   5  49  9
  27 17 17 10 17  17  30  18  18  36  9
  27 17 17 20  7  27  20   7  20  45  9
  27 17 17 20 17  17  10  17  20  45  9
  27 18 14 20 20  14  18  13  14  49  9
  27 18 17 10 25  18   9  18  29  36  9
  27 18 17 18 18   9  26  10  17  47  9
  27 18 17 18 18  17  10  18  17  47  9
  27 24 24 24 22   5  24  37  22  44 11
  27 27  0 44 23  21  23  10  34  44 11
  27 27  0 44 23  22  21  11  34  44 11
  27 27  0 45 21  23  10  34  21  45 11
  27 27  0 45 22  21  23  10  33  45 11
  27 27  0 45 22  22  10  33  22  45 11
  27 27  0 45 22  22  21  11  33  45 11
  28 20 21 21 20   8  20  21  31  40 10
  28 20 22 19  9  32  20   9  19  52 10
  28 21 20  8 33  20   8  32   9  51 10
  28 21 21  7 21  32  20   8  32  40 10
  28 21 21  7 32  21  20   8  21  51 10
  28 21 21 18 10  32  20   8  21  51 10
  28 21 21 19  9  31  21   9  19  52 10
  29  0 44 22 22  24  24  22  22  44 11
  29  0 44 22 26  20  20  26  22  44 11
  29  0 44 26 18  24  24  18  26  44 11
  29  0 44 26 22  20  20  22  26  44 11
  29  0 48 18 22  24  24  22  18  48 11
  29  0 48 18 26  20  20  26  18  48 11
  29  0 48 22 18  24  24  18  22  48 11
  29  0 48 22 22  20  20  22  22  48 11
  29 22  7 39 24  22  22  22   7  59 11
  29 22 22 24 24  22  22   7  22  59 11
  29 22 24 22 22  24  22   7  22  59 11
  29 24 20 24 24   5  39  22   7  59 11
  29 26  3 39 24  18  26  22   7  59 11
  29 26 16 26 24   5  39  22   7  59 11
  30 19 19 11 19  32   6  34  20  40 10
  30 19 19 11 31  19  19  11  19  52 10
  30 19 19 22  8  30  11  19  32  40 10
  30 19 21 19 19  11  29  11  19  52 10
  30 20 19 19 20  11  19  20  32  40 10
  30 20 19 20 11  28  20  10  20  52 10
  30 23 23 23 22   8  23  35  11  55 11
  30 25 21 21 13  33   9  21  36  44 11
  31  0 44 22 24  21  10  35  22  44 11
  31  0 44 24 20  23  23   9  35  44 11
  31  0 44 24 22  21  10  33  24  44 11
  31  0 44 24 22  21  21  11  35  44 11
  31  0 45 21 24  21  10  35  21  45 11
  31  0 45 23 22  21  10  33  23  45 11
  31  0 46 20 11  34  23  22  20  46 11
  31  0 46 20 22  23  23  22   9  57 11
  31  0 46 21 21  23  23  21  10  57 11
  31  0 46 22  9  34  23  20  22  46 11
  31 22 23 22 23  22   9  22  23  56 11
  31 23 23  8 23  34  23  22   9  57 11
  31 24  7 36 12  31  24  22   9  57 11
  31 24  7 36 23  20  24  11  20  57 11
  31 24 19 24 12  19  36  22   9  57 11
  31 24 19 24 23   8  36  11  20  57 11
  31 25 25 25 25  25  24   7  25  64 12
  31 30 30 24  7  47  26  26   9  69 13
  32 32  0 52 12  40  27  26  26  52 13
  32 32  0 52 12  41  25  27  26  52 13
  32 32  0 52 26  27  11  41  26  52 13
  32 32  0 52 27  26  11  40  27  52 13
  32 32  0 53 11  40  27  26  25  53 13
  32 32  0 53 11  41  25  27  25  53 13
  33  9 33  0 44  22  23  23  22  44 11
  33  9 33  0 44  24  21  21  24  44 11
  33  9 33  0 46  20  23  23  20  46 11
  33  9 33  0 46  22  21  21  22  46 11
  33 20 13 32  8  37  20  24   9  57 11
  33 20 13 32 20  25   8  36   9  57 11
  33 20 20 20 13  20  39  22  22  44 11
  33 21 21 21 12  21  36  22  11  55 11
  33 22 11 32 21  22  22  11  22  57 11
  33 22 20 20 22  22  11  22  37  44 11
  33 22 21 12 31  21  12  35   8  58 11
  33 22 21 21 13  30  12  21  36  44 11
  33 22 21 21 22  12  21  35   8  58 11
  33 22 21 22 21  12  32  11  22  57 11
  33 22 21 22 21  22  12  21  22  57 11
  33 25 25 25  8  40  10  38  12  60 12
  33 25 25 25 24   9  25  25  37  48 12
  33 28 26 28 28  26   7  45   9  69 13
  33 28 28 28  5  28  45  26  26  52 13
  34 25 23 25 25   9  39  11  23  62 12
  34 26  8 39 25   9  39  24  10  62 12
  34 27 27 27 27  27   7  27  44  52 13
  35 24 32 24 24  11  45  26   9  69 13
  35 26 26 28  7  47  26  26   9  69 13
  35 28 28 25 10  43  13  39  11  67 13
  36 23 23 23 13  38   8  28  36  48 12
  36 23 23 23 23  23  13  23  41  48 12
  36 24 23 23 23  14  23  23  39  48 12
  36 27 27 27  9  27  42  26  13  65 13
  36 27 27 27  9  43  11  27  40  52 13
  37  0 37 41 26  27  27  26  26  52 13
  37  0 37 41 28  25  25  28  26  52 13
  37  0 37 43 24  27  27  24  28  52 13
  37  0 37 43 26  25  25  26  28  52 13
  37  0 51 29 24  27  27  10  42  52 13
  37  0 51 29 26  25  25  12  42  52 13
  37  0 52 26 11  42  27  26  26  52 13
  37  0 52 27 25  27  27  10  42  52 13
  37  0 52 27 27  25  25  12  42  52 13
  37  0 52 28  9  42  27  24  28  52 13
  37 25 29 25 12  25  42  26  11  67 13
  37 26 11 42 27  26  26  11  26  67 13
  37 26 26 27 27  26  11  26  26  67 13
  37 26 27 10 43  26  11  26  41  52 13
  37 26 27 26 11  42  26  11  26  67 13
  37 37  0 60 30  30  31  30  13  77 15
  37 37  0 60 31  29  31  29  14  77 15
  38 30 30 27 11  46  28  13  27  72 14
  39 25 25 25 14  41   9  43  12  66 13
  39 26 24 24 26  24  15  43   7  71 13
  39 26 25 25 15  35  15  41   9  69 13
  39 26 25 25 25  15  25  41   9  69 13
  39 26 25 25 26  26  13  26  26  67 13
  39 29 29 29 10  29  45  13  43  56 14
  39 31 27 27 27  31  12  27  31  70 14
  40 27 31 27 27  13  45  13  27  72 14
  40 29 29 11 43  29  29  11  29  72 14
  40 29 29 25 15  43  29  11  29  72 14
  40 30 25 30 15  40  30  10  30  72 14
  41  2 60 30 32  29  12  49  30  60 15
  41  2 60 32 30  29  12  47  32  60 15
  42 25 29 29 29  13  41  13  29  72 14
  42 25 29 29 29  25  17  25  29  72 14
  42 25 30 12 43  30  12  44  11  73 14
  42 31 30 31 31  30  12  31  30  77 15
  42 31 31 31 11  31  31  47  30  60 15
  43  0 60 30 30  31  12  49  30  60 15
  43  0 60 32 28  31  12  47  32  60 15
  43  0 62 27 31  31  31  12  46  62 15
  43  0 62 27 33  29  29  14  46  62 15
  43 30 13 48 12  49  30  30  13  77 15
  43 30 30 31 12  49  30  13  30  77 15
  43 36 36 36 36  34   9  36  57  68 17
  45 26 26 36  9  53  26  34  11  79 15
  45 28 28 33 12  49  28  17  28  77 15
  45 29 29 29 16  29  29  49  30  60 15
  45 30 29 29 30  29  16  30  29  78 15
  45 35 35 35 35  35  35  10  35  91 17
  46 31 33 33 33  13  51  13  33  82 16
  47  2 68 34 34  35  35  34  13  89 17
  47  2 70 32 32  37  35  34  13  89 17
  48 30 30 35 13  52  13  51  14  82 16
  48 31 31 31 17  31  51  11  53  64 16
  48 31 31 31 31  31  31  17  31  86 16
  48 34 35 35 35  34  14  34  35  87 17
  48 35 13 56 35  34  14  54  15  87 17
  49  0 66 36 36  33  33  36  13  89 17
  49  0 70 32 32  37  33  36  13  89 17
  49 40 40 40 40   9  40  65  38  76 19
  50 40 35 35 35  20  55  15  35  94 18
  51 32 32 32 32  19  32  59  34  68 17
  51 34 33 33 33  34  18  33  34  88 17
  53 39 39 39 39  38  15  39  39  97 19
  54 36 35 35 35  20  51  19  35  94 18
  55 40 15 60 35  40  40  15  40  97 19
  55 40 35 40 35  20  60  15  40  97 19
  55 50 40 40 40  40  50  15  40 113 21
  56 41 41 41 41  15  65  17  41 102 20
  57 38 37 37 37  37  21  37  37  99 19
  59 43 43 43 43  16  43  67  19 107 21
  59 59  0 97 47  50  46  50  22 122 24
  59 59  0 97 49  48  46  48  24 122 24
  62 45 45 45 45  17  45  45  69  88 22
  63 42 40 40 40  40  42  23  40 113 21
  65 52 52 52 52  52  13  87  17 133 25
  66 40 45 45 21  69  16  72  18 114 22
  66 43 43 43 23  63  23  43  71  88 22
  66 43 43 43 43  23  43  43  71  88 22
  69 45 45 45 24  45  66  52  17 121 23
  69 45 45 45 24  66  24  73  17 121 23
  69 45 45 45 45  24  45  73  17 121 23
  75 38 58 48 48  58  17  83  13 137 25
  75 42 52 52 42  62  13  87  17 133 25
  75 44 54 49 49  54  21  54  44 131 25
  75 46 51 51 46  56  19  56  46 129 25
  75 48 48 48 48  48  27  83  13 137 25
  85 61 61 61 61  61  24  61  61 154 30
  88 63 63 63 25 101  62  26  63 159 31
  90 59 59 59 31  87  59  31  59 156 30
  90 59 59 59 59  31  87  31  59 156 30
  90 59 59 59 59  59  31  59  59 156 30
  91 65 65 65 26 104  26 102  28 164 32
  94 67 67 67 27 107  27  67 104 132 33
  98 49 49 98  0 132  66  69  66 132 33
  98 49 49 98  0 132  69  63  69 132 33
  98 49 49 98  0 135  63  69  63 135 33
  98 49 49 98  0 135  66  63  66 135 33
 120 85 85 85 35 135  85  35  85 216 42
 120 85 85 85 85  35 135  35  85 216 42
 123 87 87 87 36  87 138  86  37 221 43

0 extreme rays of recession cone:

45 support hyperplanes of polyhedron (homogenized):
 -9  2  2  2  2  2  2  2  2  2 -13
 -8 -8  3  3  3  3  3  3  3  3 -14
 -7 -7 -7  4  4  4  4  4  4  4 -15
 -6 -6 -6 -6  5  5  5  5  5  5 -16
 -5 -5 -5 -5 -5  6  6  6  6  6 -17
 -4 -4 -4 -4 -4 -4  7  7  7  7 -18
 -3 -3 -3 -3 -3 -3 -3  8  8  8 -19
 -2 -2 -2 -2 -2 -2 -2 -2  9  9 -20
 -1 -1 -1 -1 -1 -1 -1 -1 -1 10 -21
 -1 -1 -1 -1  1  1  1  1  1  0   0
 -1 -1 -1  0  0  1  1  1  1  0   0
 -1 -1 -1  0  1  1  1  1  0  0   0
 -1 -1 -1  1  1  1  1  0  0  0   0
 -1 -1  0  0  0  0  1  1  1  0   0
 -1 -1  0  0  0  1  1  1  0  0   0
 -1 -1  0  0  1  1  1  0  0  0   0
 -1 -1  0  1  1  1  0  0  0  0   0
 -1 -1  1  1  1  0  0  0  0  0   0
 -1  0  0  0  0  0  0  1  1  0   0
 -1  0  0  0  0  0  1  1  0  0   0
 -1  0  0  0  0  1  1  0  0  0   0
 -1  0  0  0  1  1  0  0  0  0   0
 -1  0  0  1  1  0  0  0  0  0   0
 -1  0  1  1  0  0  0  0  0  0   0
 -1  1  1  0  0  0  0  0  0  0   0
  0 -1 -1 -1 -1  0  1  1  1  1   0
  0 -1 -1 -1  0  0  0  1  1  1   0
  0 -1 -1  0  0  0  0  0  1  1   0
  0 -1  0  0  0  0  0  0  0  1   0
  0  0 -1 -1 -1 -1  1  1  1  1   0
  0  0 -1 -1 -1  0  0  1  1  1   0
  0  0 -1 -1  0  0  0  0  1  1   0
  0  0 -1  0  0  0  0  0  0  1   0
  0  0  0 -1 -1 -1  0  1  1  1   0
  0  0  0 -1 -1  0  0  0  1  1   0
  0  0  0 -1  0  0  0  0  0  1   0
  0  0  0  0 -1 -1 -1  1  1  1   0
  0  0  0  0 -1 -1  0  0  1  1   0
  0  0  0  0 -1  0  0  0  0  1   0
  0  0  0  0  0 -1 -1  0  1  1   0
  0  0  0  0  0 -1  0  0  0  1   0
  0  0  0  0  1  0  0  0  0  0   0
  0  0  0  1  0  0  0  0  0  0   0
  0  0  1  0  0  0  0  0  0  0   0
  0  1  0  0  0  0  0  0  0  0   0

2 equations:
 1 0 -1 -2 -3 -4 -5 -6 -7 -8   89
 0 1  2  3  4  5  6  7  8  9 -112

9 basis elements of generated  lattice:
 1 0 0 0 0 0 0 0 -9   8 0
 0 1 0 0 0 0 0 0 -8   7 0
 0 0 1 0 0 0 0 0 -7   6 0
 0 0 0 1 0 0 0 0 -6   5 0
 0 0 0 0 1 0 0 0 -5   4 0
 0 0 0 0 0 1 0 0 -4   3 0
 0 0 0 0 0 0 1 0 -3   2 0
 0 0 0 0 0 0 0 1 -2   1 0
 0 0 0 0 0 0 0 0 95 -72 1

