1 lattice points in polytope (module generators)
0 Hilbert basis elements of recession monoid
1 vertices of polyhedron
0 extreme rays of recession cone
1 support hyperplanes of polyhedron (homogenized)

embedding dimension = 3
affine dimension of the polyhedron = 0
rank of recession monoid = 0 (polyhedron is polytope)

dehomogenization:
0 0 1 


module rank = 1

***********************************************************************

1 lattice points in polytope (module generators):
 3 4 1

0 Hilbert basis elements of recession monoid:

1 vertices of polyhedron:
 3 4 1

0 extreme rays of recession cone:

1 support hyperplanes of polyhedron (homogenized):
 0 0 1

2 equations:
 1 0 -3
 0 1 -4

1 basis elements of generated  lattice:
 3 4 1

