11 lattice points in polytope (module generators)
0 Hilbert basis elements of recession monoid
11 vertices of polyhedron
0 extreme rays of recession cone
11 support hyperplanes of polyhedron (homogenized)

embedding dimension = 13
affine dimension of the polyhedron = 10
rank of recession monoid = 0 (polyhedron is polytope)

dehomogenization:
0 0 0 0 0 0 0 0 0 0 0 0 1 


module rank = 11

***********************************************************************

11 lattice points in polytope (module generators):
 2 3 2 2 2 2 2 2 2 2 2 4 1
 3 1 3 2 2 2 2 2 2 2 2 4 1
 3 2 1 3 2 2 2 2 2 2 2 4 1
 3 2 2 1 3 2 2 2 2 2 2 4 1
 3 2 2 2 1 3 2 2 2 2 2 4 1
 3 2 2 2 2 1 3 2 2 2 2 4 1
 3 2 2 2 2 2 1 3 2 2 2 4 1
 3 2 2 2 2 2 2 1 3 2 2 4 1
 3 2 2 2 2 2 2 2 1 3 2 4 1
 3 2 2 2 2 2 2 2 2 1 3 4 1
 3 2 2 2 2 2 2 2 2 2 1 5 1

0 Hilbert basis elements of recession monoid:

11 vertices of polyhedron:
 2 3 2 2 2 2 2 2 2 2 2 4 1
 3 1 3 2 2 2 2 2 2 2 2 4 1
 3 2 1 3 2 2 2 2 2 2 2 4 1
 3 2 2 1 3 2 2 2 2 2 2 4 1
 3 2 2 2 1 3 2 2 2 2 2 4 1
 3 2 2 2 2 1 3 2 2 2 2 4 1
 3 2 2 2 2 2 1 3 2 2 2 4 1
 3 2 2 2 2 2 2 1 3 2 2 4 1
 3 2 2 2 2 2 2 2 1 3 2 4 1
 3 2 2 2 2 2 2 2 2 1 3 4 1
 3 2 2 2 2 2 2 2 2 2 1 5 1

0 extreme rays of recession cone:

11 support hyperplanes of polyhedron (homogenized):
 -109  30  27  24  21  18  15  12   9    6    3 0 0
  -87 -92  45  40  35  30  25  20  15   10    5 0 0
  -65 -72 -79  56  49  42  35  28  21   14    7 0 0
  -43 -52 -61 -70  63  54  45  36  27   18    9 0 0
  -21 -32 -43 -54 -65  66  55  44  33   22   11 0 0
    1 -12 -25 -38 -51 -64  65  52  39   26   13 0 0
   23   8  -7 -22 -37 -52 -67  60  45   30   15 0 0
   45  28  11  -6 -23 -40 -57 -74  51   34   17 0 0
   67  48  29  10  -9 -28 -47 -66 -85   38   19 0 0
   89  68  47  26   5 -16 -37 -58 -79 -100   21 0 0
  111  88  65  42  19  -4 -27 -50 -73  -96 -119 0 0

2 equations:
 1 0 -1 -2 -3 -4 -5 -6 -7 -8 -9 -10  128
 0 1  2  3  4  5  6  7  8  9 10  11 -155

11 basis elements of generated  lattice:
 1 0 0 0 0 0 0 0 0 0 -11   10 0
 0 1 0 0 0 0 0 0 0 0 -10    9 0
 0 0 1 0 0 0 0 0 0 0  -9    8 0
 0 0 0 1 0 0 0 0 0 0  -8    7 0
 0 0 0 0 1 0 0 0 0 0  -7    6 0
 0 0 0 0 0 1 0 0 0 0  -6    5 0
 0 0 0 0 0 0 1 0 0 0  -5    4 0
 0 0 0 0 0 0 0 1 0 0  -4    3 0
 0 0 0 0 0 0 0 0 1 0  -3    2 0
 0 0 0 0 0 0 0 0 0 1  -2    1 0
 0 0 0 0 0 0 0 0 0 0 142 -115 1

