8 lattice points in polytope (module generators)
0 Hilbert basis elements of recession monoid
7 vertices of polyhedron
0 extreme rays of recession cone
6 support hyperplanes of polyhedron (homogenized)

embedding dimension = 6
affine dimension of the polyhedron = 3
rank of recession monoid = 0 (polyhedron is polytope)

dehomogenization:
0 0 0 0 0 1 


module rank = 8

***********************************************************************

8 lattice points in polytope (module generators):
 3 5 3 3 5 1
 4 3 4 3 5 1
 4 4 2 4 5 1
 4 4 3 2 6 1
 5 1 5 3 5 1
 5 2 3 4 5 1
 5 2 4 2 6 1
 5 3 2 3 6 1

0 Hilbert basis elements of recession monoid:

7 vertices of polyhedron:
  3  5 3  3  5 1
  5  1 5  3  5 1
  5  2 3  4  5 1
  5  3 2  3  6 1
  9  7 6  3 13 2
 10  5 7  3 13 2
 14 10 4 14 15 3

0 extreme rays of recession cone:

6 support hyperplanes of polyhedron (homogenized):
 -16 15  10   5 0 0
  -1 -3   4   2 0 0
  -1  0   1   1 0 0
  -1  1   1   0 0 0
   8 -3 -14  11 0 0
  10  3  -4 -11 0 0

2 equations:
 1 0 -1 -2 -3  21
 0 1  2  3  4 -40

4 basis elements of generated  lattice:
 1 0 0 -4   3 0
 0 1 0 -3   2 0
 0 0 1 -2   1 0
 0 0 0 36 -17 1

