79 lattice points in polytope (module generators)
0 Hilbert basis elements of recession monoid
574 vertices of polyhedron
0 extreme rays of recession cone
31 support hyperplanes of polyhedron (homogenized)

embedding dimension = 10
affine dimension of the polyhedron = 7
rank of recession monoid = 0 (polyhedron is polytope)

dehomogenization:
0 0 0 0 0 0 0 0 0 1 


module rank = 79

***********************************************************************

79 lattice points in polytope (module generators):
 0 0 2 2 1 1 1 1 3 1
 0 0 3 0 2 1 1 1 3 1
 0 0 3 1 0 2 1 1 3 1
 0 0 3 1 1 0 2 1 3 1
 0 0 3 1 1 1 0 2 3 1
 0 0 3 1 1 1 1 0 4 1
 0 1 0 3 1 1 1 1 3 1
 0 1 1 1 2 1 1 1 3 1
 0 1 1 2 0 2 1 1 3 1
 0 1 1 2 1 0 2 1 3 1
 0 1 1 2 1 1 0 2 3 1
 0 1 1 2 1 1 1 0 4 1
 0 1 2 0 1 2 1 1 3 1
 0 1 2 0 2 0 2 1 3 1
 0 1 2 0 2 1 0 2 3 1
 0 1 2 0 2 1 1 0 4 1
 0 1 2 1 0 1 2 1 3 1
 0 1 2 1 0 2 0 2 3 1
 0 1 2 1 0 2 1 0 4 1
 0 1 2 1 1 0 1 2 3 1
 0 1 2 1 1 0 2 0 4 1
 0 1 2 1 1 1 0 1 4 1
 0 2 0 0 3 1 1 1 3 1
 0 2 0 1 1 2 1 1 3 1
 0 2 0 1 2 0 2 1 3 1
 0 2 0 1 2 1 0 2 3 1
 0 2 0 1 2 1 1 0 4 1
 0 2 0 2 0 1 2 1 3 1
 0 2 0 2 0 2 0 2 3 1
 0 2 0 2 0 2 1 0 4 1
 0 2 0 2 1 0 1 2 3 1
 0 2 0 2 1 0 2 0 4 1
 0 2 0 2 1 1 0 1 4 1
 0 2 1 0 1 1 2 1 3 1
 0 2 1 0 1 2 0 2 3 1
 0 2 1 0 1 2 1 0 4 1
 0 2 1 0 2 0 1 2 3 1
 0 2 1 0 2 0 2 0 4 1
 0 2 1 0 2 1 0 1 4 1
 0 2 1 1 0 1 1 2 3 1
 0 2 1 1 0 1 2 0 4 1
 0 2 1 1 0 2 0 1 4 1
 0 2 1 1 1 0 1 1 4 1
 1 0 1 0 3 1 1 1 3 1
 1 0 1 1 1 2 1 1 3 1
 1 0 1 1 2 0 2 1 3 1
 1 0 1 1 2 1 0 2 3 1
 1 0 1 1 2 1 1 0 4 1
 1 0 1 2 0 1 2 1 3 1
 1 0 1 2 0 2 0 2 3 1
 1 0 1 2 0 2 1 0 4 1
 1 0 1 2 1 0 1 2 3 1
 1 0 1 2 1 0 2 0 4 1
 1 0 1 2 1 1 0 1 4 1
 1 0 2 0 1 1 2 1 3 1
 1 0 2 0 1 2 0 2 3 1
 1 0 2 0 1 2 1 0 4 1
 1 0 2 0 2 0 1 2 3 1
 1 0 2 0 2 0 2 0 4 1
 1 0 2 0 2 1 0 1 4 1
 1 0 2 1 0 1 1 2 3 1
 1 0 2 1 0 1 2 0 4 1
 1 0 2 1 0 2 0 1 4 1
 1 0 2 1 1 0 1 1 4 1
 1 1 0 1 1 1 2 1 3 1
 1 1 0 1 1 2 0 2 3 1
 1 1 0 1 1 2 1 0 4 1
 1 1 0 1 2 0 1 2 3 1
 1 1 0 1 2 0 2 0 4 1
 1 1 0 1 2 1 0 1 4 1
 1 1 0 2 0 1 1 2 3 1
 1 1 0 2 0 1 2 0 4 1
 1 1 0 2 0 2 0 1 4 1
 1 1 0 2 1 0 1 1 4 1
 1 1 1 0 1 1 1 2 3 1
 1 1 1 0 1 1 2 0 4 1
 1 1 1 0 1 2 0 1 4 1
 1 1 1 0 2 0 1 1 4 1
 1 1 1 1 0 1 1 1 4 1

0 Hilbert basis elements of recession monoid:

574 vertices of polyhedron:
  0  0  2  2  1  1  1  1   3  1
  0  0  3  0  2  1  1  1   3  1
  0  0  3  1  0  2  1  1   3  1
  0  0  3  1  1  0  2  1   3  1
  0  0  3  1  1  1  0  2   3  1
  0  0  3  1  1  1  1  0   4  1
  0  1  0  3  1  1  1  1   3  1
  0  1  2  0  2  0  2  1   3  1
  0  1  2  0  2  1  0  2   3  1
  0  1  2  0  2  1  1  0   4  1
  0  1  2  1  0  2  0  2   3  1
  0  1  2  1  0  2  1  0   4  1
  0  1  2  1  1  0  1  2   3  1
  0  1  2  1  1  0  2  0   4  1
  0  1  2  1  1  1  0  1   4  1
  0  2  0  0  3  1  1  1   3  1
  0  2  0  1  1  2  1  1   3  1
  0  2  0  1  2  0  2  1   3  1
  0  2  0  1  2  1  0  2   3  1
  0  2  0  1  2  1  1  0   4  1
  0  2  0  2  0  1  2  1   3  1
  0  2  0  2  0  2  0  2   3  1
  0  2  0  2  0  2  1  0   4  1
  0  2  0  2  1  0  1  2   3  1
  0  2  0  2  1  0  2  0   4  1
  0  2  0  2  1  1  0  1   4  1
  0  2  1  0  1  1  2  1   3  1
  0  2  1  0  1  2  0  2   3  1
  0  2  1  0  1  2  1  0   4  1
  0  2  1  0  2  0  1  2   3  1
  0  2  1  0  2  0  2  0   4  1
  0  2  1  0  2  1  0  1   4  1
  0  2  1  1  0  1  1  2   3  1
  0  2  1  1  0  1  2  0   4  1
  0  2  1  1  0  2  0  1   4  1
  0  2  1  1  1  0  1  1   4  1
  0  3  0  5  0  4  2  2   6  2
  0  3  0  5  2  0  4  2   6  2
  0  3  0  5  2  2  0  4   6  2
  0  3  0  5  2  2  2  0   8  2
  0  3  2  3  2  2  1  0   9  2
  0  3  3  1  3  2  1  0   9  2
  0  3  3  2  0  1  5  2   6  2
  0  4  0  4  1  0  5  2   6  2
  0  4  1  0  3  4  2  2   6  2
  0  4  1  0  5  0  4  2   6  2
  0  4  1  0  5  2  0  4   6  2
  0  4  1  0  5  2  2  0   8  2
  0  4  1  3  0  1  5  2   6  2
  0  4  1  3  1  3  1  0   9  2
  0  4  2  1  2  3  1  0   9  2
  0  4  5  3  1  0  8  3   9  3
  0  5  3  4  3  3  0  2  13  3
  0  5  4  0  1  8  3  3   9  3
  0  5  4  0  5  0  7  3   9  3
  0  5  4  0  6  3  2  0  13  3
  0  5  4  2  4  3  0  2  13  3
  0  5  4  3  2  0  4  6   9  3
  0  5  4  3  2  0  7  0  12  3
  0  6  0  5  4  2  0  7   9  3
  0  6  0  6  2  4  2  0  13  3
  0  6  1  5  1  0  8  3   9  3
  0  6  2  4  0  6  2  0  13  3
  0  6  2  4  2  0  4  6   9  3
  0  6  2  4  2  0  7  0  12  3
  0  6  2  4  2  4  0  2  13  3
  0  6  3  0  5  4  2  0  13  3
  0  6  3  2  1  6  2  0  13  3
  0  6  3  2  3  4  0  2  13  3
  0  7  0  9  4  3  0  9  12  4
  0  7  0  9  4  4  3  0  17  4
  0  7  4  5  4  0  7  0  17  4
  0  7  5  3  5  0  7  0  17  4
  0  8  3  0  8  0  9  4  12  4
  0  8  4  3  4  1  7  0  17  4
  0  8  6  6  5  0  3 12  15  5
  0  8  7  1  0 14  5  5  15  5
  0  9  5  6  5  4  0  5  21  5
  0  9  6  3  0 12  0 10  15  5
  0  9  6  3  0 12  5  0  20  5
  0 10  4  4  7  0  3 12  15  5
  0 10  4  6  4  0 10  0  21  5
  0 10  9  9  7  3  0 18  21  7
  0 11  0 11  0 14  6  6  18  6
  0 11  7  4  0  7 13  6  18  6
  0 12  5  0 13  4  0 14  18  6
  0 12  8  8  0 12  0 16  21  7
  0 14  5  5 11  3  0 18  21  7
  0 14  6  6  2 12  0 16  21  7
  0 14  6  6  8  0  6 16  21  7
  0 14  6  6  9  5  0  9  28  7
  0 14  9  9  8  6  0  9  33  8
  0 17 10  7  0 20  7  0  38  9
  0 17 10  7 10  0 17  0  38  9
  0 20 12 12  8  0 12 24  33 11
  0 26 12 12 12 14  0 12  55 13
  0 31 18 18 18 13  0 18  71 17
  0 48 24 24  0 48  0 56  75 25
  1  0  1  0  3  1  1  1   3  1
  1  0  1  1  2  0  2  1   3  1
  1  0  1  1  2  1  0  2   3  1
  1  0  1  1  2  1  1  0   4  1
  1  0  1  2  0  1  2  1   3  1
  1  0  1  2  0  2  0  2   3  1
  1  0  1  2  0  2  1  0   4  1
  1  0  1  2  1  0  1  2   3  1
  1  0  1  2  1  0  2  0   4  1
  1  0  1  2  1  1  0  1   4  1
  1  0  1  6  2  2  2  2   6  2
  1  0  2  0  1  1  2  1   3  1
  1  0  2  0  1  2  0  2   3  1
  1  0  2  0  1  2  1  0   4  1
  1  0  2  0  2  0  1  2   3  1
  1  0  2  0  2  0  2  0   4  1
  1  0  2  0  2  1  0  1   4  1
  1  0  2  1  0  1  1  2   3  1
  1  0  2  1  0  1  2  0   4  1
  1  0  2  1  0  2  0  1   4  1
  1  0  2  1  1  0  1  1   4  1
  1  0  5  0  4  0  4  2   6  2
  1  0  5  0  4  2  0  4   6  2
  1  0  5  0  4  2  2  0   8  2
  1  0  5  1  0  5  2  2   6  2
  1  0  5  2  0  4  0  4   6  2
  1  0  5  2  0  4  2  0   8  2
  1  0  5  2  1  0  5  2   6  2
  1  0  5  2  2  0  2  4   6  2
  1  0  5  2  2  0  4  0   8  2
  1  0  5  2  2  2  0  2   8  2
  1  1  0  1  1  1  2  1   3  1
  1  1  0  1  1  2  0  2   3  1
  1  1  0  1  1  2  1  0   4  1
  1  1  0  1  2  0  1  2   3  1
  1  1  0  1  2  0  2  0   4  1
  1  1  0  1  2  1  0  1   4  1
  1  1  0  2  0  1  1  2   3  1
  1  1  0  2  0  1  2  0   4  1
  1  1  0  2  0  2  0  1   4  1
  1  1  0  2  1  0  1  1   4  1
  1  1  0  5  3  2  2  2   6  2
  1  1  0  6  1  3  2  2   6  2
  1  1  0  6  2  1  3  2   6  2
  1  1  0  6  2  2  1  3   6  2
  1  1  0  6  2  2  2  1   7  2
  1  1  1  0  1  1  1  2   3  1
  1  1  1  0  1  1  2  0   4  1
  1  1  1  0  1  2  0  1   4  1
  1  1  1  0  2  0  1  1   4  1
  1  1  1  1  0  1  1  1   4  1
  1  2  2  3  2  2  0  1   9  2
  1  2  3  0  4  2  1  0   9  2
  1  2  3  1  3  2  0  1   9  2
  1  2  3  2  1  0  3  4   6  2
  1  2  3  2  1  0  5  0   8  2
  1  3  0  1  3  4  2  2   6  2
  1  3  0  1  5  0  4  2   6  2
  1  3  0  1  5  2  0  4   6  2
  1  3  0  1  5  2  2  0   8  2
  1  3  0  3  3  1  0  5   6  2
  1  3  0  4  0  1  5  2   6  2
  1  3  0  4  1  3  1  0   9  2
  1  3  1  3  0  4  1  0   9  2
  1  3  1  3  1  0  3  4   6  2
  1  3  1  3  1  0  5  0   8  2
  1  3  1  3  1  3  0  1   9  2
  1  3  2  0  3  3  1  0   9  2
  1  3  2  1  1  4  1  0   9  2
  1  3  2  1  2  3  0  1   9  2
  1  3  4  4  3  1  0  8   9  3
  1  3  5  3  0  1  8  3   9  3
  1  4  7  4  1  0 11  4  12  4
  1  5  0  6  1  0  8  3   9  3
  1  5  1  0  5  6  3  3   9  3
  1  5  1  0  8  0  6  3   9  3
  1  5  1  0  8  3  0  6   9  3
  1  5  1  0  8  3  3  0  12  3
  1  5  1  5  0  1  8  3   9  3
  1  5  2  2  5  1  0  8   9  3
  1  7  1  7  1  0 11  4  12  4
  1  7  7  0  1 14  5  5  15  5
  1 10 10  1  0 20  7  7  21  7
  2  0  2  3  0  5  2  2   6  2
  2  0  3  0  5  0  4  2   6  2
  2  0  3  0  5  2  0  4   6  2
  2  0  3  0  5  2  2  0   8  2
  2  0  3  3  2  1  2  0   9  2
  2  0  4  0  3  0  5  2   6  2
  2  0  4  1  1  1  5  2   6  2
  2  0  4  1  3  1  2  0   9  2
  2  0  7  0  2  7  3  3   9  3
  2  0  7  3  0  2  7  3   9  3
  2  1  1  1  5  0  4  2   6  2
  2  1  1  1  5  2  0  4   6  2
  2  1  1  1  5  2  2  0   8  2
  2  1  1  4  1  2  0  5   6  2
  2  1  1  4  2  1  2  0   9  2
  2  1  2  0  2  5  2  2   6  2
  2  1  2  3  2  0  3  0   9  2
  2  1  2  3  2  1  1  1   9  2
  2  1  3  0  2  1  5  2   6  2
  2  1  3  0  4  1  2  0   9  2
  2  1  3  1  2  0  3  4   6  2
  2  1  3  1  2  0  5  0   8  2
  2  1  3  1  3  0  3  0   9  2
  2  1  3  1  3  1  1  1   9  2
  2  2  0  2  3  0  5  2   6  2
  2  2  0  3  1  1  5  2   6  2
  2  2  0  3  2  2  0  5   6  2
  2  2  0  4  1  2  2  0   9  2
  2  2  1  1  2  1  5  2   6  2
  2  2  1  2  2  0  5  0   8  2
  2  2  1  3  0  3  2  0   9  2
  2  2  1  3  1  1  3  0   9  2
  2  2  1  3  1  2  1  1   9  2
  2  2  2  0  3  2  2  0   9  2
  2  2  2  1  1  3  2  0   9  2
  2  2  2  1  2  1  3  0   9  2
  2  2  2  1  2  2  1  1   9  2
  2  3  3  4  3  2  0  3  13  3
  2  3  4  0  6  3  0  2  13  3
  2  3  4  3  0  2  4  6   9  3
  2  3  4  3  0  2  7  0  12  3
  2  4  0  5  4  0  2  7   9  3
  2  4  0  6  0  6  2  0  13  3
  2  4  0  6  2  0  4  6   9  3
  2  4  0  6  2  0  7  0  12  3
  2  4  0  6  2  4  0  2  13  3
  2  4  2  0  4  6  0  6   9  3
  2  4  2  0  4  6  3  0  12  3
  2  4  2  0  6  4  2  0  13  3
  2  4  2  0  7  0  6  0  12  3
  2  4  2  0  7  3  0  3  12  3
  2  4  2  4  0  2  4  6   9  3
  2  4  2  4  0  2  7  0  12  3
  2  4  2  4  0  6  0  2  13  3
  2  4  2  4  2  0  6  0  13  3
  2  4  3  0  3  6  2  0  13  3
  2  4  3  0  5  4  0  2  13  3
  2  4  3  2  1  6  0  2  13  3
  2  5  5  2  0  5  9  4  12  4
  2  5  5  8  5  5  2  0  23  5
  2  5  8  2  8  5  2  0  23  5
  2  6  3  0  9  2  0 10  12  4
  2  8  2  8  2  8  2  0  23  5
  2  8  5  2  5  8  2  0  23  5
  3  0  3  5  3  0  7  3   9  3
  3  0  3  6  2  3  0  7   9  3
  3  0  3  6  3  2  3  0  13  3
  3  0  3 10  0  8  4  4  12  4
  3  0  3 10  4  0  8  4  12  4
  3  0  3 10  4  4  0  8  12  4
  3  0  3 10  4  4  4  0  16  4
  3  0  4  3  0  8  3  3   9  3
  3  0  5  0  3  7  3  3   9  3
  3  0  5  3  0  7  0  6   9  3
  3  0  5  3  0  7  3  0  12  3
  3  0  5  4  3  0  5  0  13  3
  3  0  5  4  3  2  1  2  13  3
  3  0  6  0  6  2  3  0  13  3
  3  0  6  1  3  0  8  3   9  3
  3  0  6  2  3  0  4  6   9  3
  3  0  6  2  3  0  7  0  12  3
  3  0  6  2  4  0  5  0  13  3
  3  0  6  2  4  2  1  2  13  3
  3  0  8  5  4  4  0  3  17  4
  3  0  9  0  8  4  3  0  17  4
  3  0  9  3  0  9  0  8  12  4
  3  0  9  3  0  9  4  0  16  4
  3  0  9  3  5  4  0  3  17  4
  3  0  9  4  3  0  5  8  12  4
  3  0  9  4  3  0  9  0  16  4
  3  0 10  7  5  5  3  0  22  5
  3  0 12  3  7  5  3  0  22  5
  3  1  3  0  8  0  6  3   9  3
  3  1  3  0  8  3  0  6   9  3
  3  1  3  0  8  3  3  0  12  3
  3  1  4  4  1  3  0  8   9  3
  3  1  5  0  4  0  8  3   9  3
  3  1  5  1  2  1  8  3   9  3
  3  2  1  6  0  5  0  7   9  3
  3  2  1  6  2  1  2  7   9  3
  3  2  1  6  3  0  5  0  13  3
  3  2  1  6  3  2  1  2  13  3
  3  2  2  1  2  8  3  3   9  3
  3  2  3  0  7  0  3  6   9  3
  3  2  3  0  7  0  6  0  12  3
  3  2  3  0  7  2  3  0  13  3
  3  2  3  0  7  3  0  3  12  3
  3  2  3  4  2  3  0  3  13  3
  3  2  3  4  3  0  3  2  13  3
  3  2  4  0  5  0  4  6   9  3
  3  2  4  0  5  0  7  0  12  3
  3  2  4  0  6  0  5  0  13  3
  3  2  4  0  6  2  1  2  13  3
  3  2  4  2  1  2  4  6   9  3
  3  2  4  2  1  2  7  0  12  3
  3  2  4  2  3  0  6  0  13  3
  3  2  4  2  4  0  3  2  13  3
  3  3  0  3  5  3  0  7   9  3
  3  3  0  3 11  4  4  4  12  4
  3  3  0  4  3  0  8  3   9  3
  3  3  0  5  1  5  0  7   9  3
  3  3  0  5  3  0  7  0  12  3
  3  3  0  6  0  5  3  0  13  3
  3  3  0  6  2  1  5  0  13  3
  3  3  0  6  2  3  1  2  13  3
  3  3  0 14  0 10  5  5  15  5
  3  3  0 14  5  0 10  5  15  5
  3  3  0 14  5  5  0 10  15  5
  3  3  0 14  5  5  5  0  20  5
  3  3  1  2  4  0  8  3   9  3
  3  3  1  3  2  1  8  3   9  3
  3  3  2  1  5  0  7  0  12  3
  3  3  2  2  3  3  0  8   9  3
  3  3  2  3  1  2  7  0  12  3
  3  3  2  3  3  0  6  0  13  3
  3  3  2  4  0  3  5  0  13  3
  3  3  2  4  0  5  1  2  13  3
  3  3  2  4  2  1  3  2  13  3
  3  3  3  0  3  5  3  0  13  3
  3  3  3  0  5  1  5  0  13  3
  3  3  3  0  5  3  1  2  13  3
  3  3  3  2  1  3  5  0  13  3
  3  3  3  2  1  5  1  2  13  3
  3  3  3  2  3  1  3  2  13  3
  3  3  5  5  3  0  3 10  12  4
  3  4  0  9  4  0  3  9  12  4
  3  4  0  9  4  4  0  3  17  4
  3  4  3  0 10  4  3  0  17  4
  3  4  5  4  3  0  5  4  16  4
  3  5  0  3  9  3  0  9  12  4
  3  5  0  7  5  3  0  5  16  4
  3  5  0 12  5  3  0 12  15  5
  3  5  0 12  5  5  3  0  22  5
  3  5  3  0  5  3  9  4  12  4
  3  5  3  0  8  3  0 10  12  4
  3  5  3  0  9  0  3  9  12  4
  3  5  3  3  5  0  3 10  12  4
  3  5  6  6  5  3  0  6  21  5
  3  6  6  0  3 12  0 10  15  5
  3  6  6  0  3 12  5  0  20  5
  3  7  3  0 10  0 12  5  15  5
  3  7  3  0 12  3  0 12  15  5
  3  7  9  9  7  0  3 18  21  7
  3  9  9  3  0 18  0 14  21  7
  3  9  9  3  0 18  7  0  28  7
  3 11  5  5 11  0  3 18  21  7
  4  0  7  4  0  4  9  4  12  4
  4  0  7  5  0  7  4  0  17  4
  4  0  8  3  1  7  4  0  17  4
  4  0 10  6  0 10  4  0  21  5
  4  1  7  1  4  0 11  4  12  4
  4  3  1  3  3 10  4  4  12  4
  4  3  4  0  4  9  0  8  12  4
  4  3  4  0  4  9  4  0  16  4
  4  3  4  4  0  7  0 10  12  4
  4  4  0  4  7  4  4  0  17  4
  4  4  0  7  4  0  4  9  12  4
  4  4  0 12  0 10  0 10  15  5
  4  4  0 12  0 10  5  0  20  5
  4  4  0 12  4  4  0 12  15  5
  4  4  0 12  5  0 10  0  20  5
  4  4  0 12  5  4  4  0  22  5
  4  4  1  4  4  0 11  4  12  4
  4  4  3  1  7  0  4  9  12  4
  4  4  3  3  4  1  3 10  12  4
  4  4  3  4  1  3  4  9  12  4
  4  5  5  6  5  0  4  5  21  5
  4  6  0  4 10  6  4  0  21  5
  4  6  0 10  4  0 10  0  21  5
  4  6  4  0  6 10  4  0  21  5
  4  6  4  0 10  0 11  0  20  5
  4  6  4  0 10  6  0  4  21  5
  4  6  4  0 11  4  0  6  20  5
  4  6  4  6  0  4 10  0  21  5
  4  6  4  6  4  0  6  4  21  5
  4  7  7  0  4  7 13  6  18  6
  4  8  5  0 13  0  4 14  18  6
  4  8  8  8  4  0  8 16  21  7
  5  0  5 14  5  0 13  6  18  6
  5  0  5 14  6  5  0 13  18  6
  5  0  5 14  6  6  5  0  25  6
  5  0  9  6  0  8  0 12  15  5
  5  0  9  6  3  2  3 12  15  5
  5  0  9  6  4  5  0  5  21  5
  5  0 10  4  5  0 10  0  21  5
  5  0 13  5  0  5 14  6  18  6
  5  0 13  5  0 13  5  0  25  6
  5  0 15  8  7  0  5 16  21  7
  5  0 20 11  9  5  0 22  27  9
  5  2  5  8  5  2  5  0  23  5
  5  2  8  2  8  2  5  0  23  5
  5  3  2  6  0 14  5  5  15  5
  5  3  6  6  0  5  3 12  15  5
  5  3  6  6  3  5  0  6  21  5
  5  4  1  4 11  4  5  0  21  5
  5  4  1  8  0 12  0 10  15  5
  5  4  1  8  0 12  5  0  20  5
  5  4  1 10  4  5  0  5  21  5
  5  4  5  0 11  0  9  0  21  5
  5  4  5  0 11  4  1  4  21  5
  5  4  5  4  5  0  5 12  15  5
  5  4  5  6  0  9  0  5  21  5
  5  4  6  4  1  4 10  0  21  5
  5  4  6  4  5  0  6  4  21  5
  5  5  0  9  5  0 10  0  21  5
  5  5  0  9  5  5  0  5  21  5
  5  5  0 14  0  5 13  6  18  6
  5  5  0 14  6  0  5 13  18  6
  5  5  0 14  6  6  0  5  25  6
  5  5  0 18  5  0 16  7  21  7
  5  5  0 18  7  5  0 16  21  7
  5  5  0 18  7  7  5  0  30  7
  5  5  2  8  2  5  5  0  23  5
  5  5  3  5  5  0  5 12  15  5
  5  5  4  1  5  8  0 12  15  5
  5  5  4  1  9  0 10  0  21  5
  5  5  5  2  5  5  5  0  23  5
  5  5 11  5  0  5 18  7  21  7
  5  6  0 13  6  5  0  6  25  6
  5  9  6  6  9  0  5  9  28  7
  5 13  7  7 13  5  0 13  36  9
  6  0 14  8  6  0  6 16  21  7
  6  5  5  1  5 14  0 12  18  6
  6  5  5  1  5 14  6  0  24  6
  6  5  6  0  6  5 14  6  18  6
  6  6  0 16  0 14  6  0  29  7
  6  6  0 16  6  0 15  0  28  7
  6  6  5  1 10  1  5 14  18  6
  6  6  5  5  2  5  5 14  18  6
  6  6  5  6  6  0  6  6  25  6
  6  6  6 10  6  6  0  6  31  7
  6  6  9  6  0  6  9 14  21  7
  6  6  9  6  0  6 16  0  28  7
  6  7  0  6 16  7  6  0  29  7
  6  7  6  0 16  7  0  6  29  7
  6  8  6  0  8 12  0 16  21  7
  6  8  6  0 14  0  6 16  21  7
  6  8  6  0 14  0 14  0  29  7
  6  8  6  6  6  8  0  6  31  7
  6  8  9  9  8  0  6  9  33  8
  6  9  9  6  0  9  9 16  24  8
  6  9  9  6  0  9 17  0  32  8
  6 10  7  0 17  6  0 10  32  8
  7  0 12  9  3  7  0 18  21  7
  7  0 13  7  0 13  0 16  21  7
  7  0 15 10  8  7  0  7  34  8
  7  3  9  9  0 10  0 18  21  7
  7  3  9  9  3  4  3 18  21  7
  7  4  4  7  0 20  7  7  21  7
  7  5  5  7  0 18  0 14  21  7
  7  5  5  7  0 18  7  0  28  7
  7  5  7  0 12  0 18  7  21  7
  7  6  1 12  0  7 16  7  21  7
  7  6  1 14  6  6  1  6  30  7
  7  6  6  7  0 16  0  7  28  7
  7  6  6  9  6  1  6  6  30  7
  7  6  7  0 13  0 16  0  28  7
  7  6  7  6  7  0 13  0  31  7
  7  6  7  7  0  7  6 16  21  7
  7  6  8  0 13  0 13  0  30  7
  7  6  8  5  8  0  8  5  30  7
  7  7  0  7 19  0 16  8  24  8
  7  7  0  7 19  8  0 16  24  8
  7  7  0  7 19  8  8  0  32  8
  7  7  5  2 10  7  0 18  21  7
  7  7  5  5  4 10  0 18  21  7
  7  7  6  6  6  7  1  6  31  7
  7  7  6  7  1  6 13  0  30  7
  7  7  9 13  9  7  0  7  40  9
  7  7 12  7 12  7  0  7  40  9
  7 10 10  0  7 20  7  0  38  9
  7 10 10  7  0 20  0  7  38  9
  7 13 13  7  0 26  7  0  48 11
  8  0 15  0 15  8  0 18  24  8
  8  0 15  9  6  8  0  9  33  8
  8  0 21  0 21  8  0 22  30 10
  8  0 21 11 10  8  0 11  41 10
  8  6  9  9  0 14  0  9  33  8
  8  6  9  9  6  2  6  9  33  8
  8  7  7  7  1 14  0 20  24  8
  8  7  8  0  8 15  0 18  24  8
  8  8  0 20  0 16  0 20  27  9
  8  8  0 20  8  0  8 20  27  9
  8  8  0 20  9  0 16  0  38  9
  8  8  0 20  9  8  0  8  38  9
  8  8  7  8  7  1  8  7  34  8
  8  8 10 10  8  0  8 10  37  9
  8  8 11  8  0  8 19  0  37  9
  8 10  8  0 18  8  0 10  37  9
  8 10  8  8 10  0  8 10  37  9
  8 12 12 12  0  8 12 24  33 11
  9  0 17  8  9  0  9 20  27  9
  9  0 17  9  0 17  9  0  38  9
  9  7  7  9  0  9 22  9  27  9
  9  7  7 13  7  7  2  7  40  9
  9  7  9  0 16  9  0 22  27  9
  9  7 11  5 11  0 16  0  40  9
  9  8  8  1  8  8 21  9  27  9
  9  8  8  9  0  9 20  0  36  9
  9  8  9  0 17  0  9 20  27  9
  9  9  0  9 23  9  0 21  30 10
  9  9  0  9 23 10  9  0  41 10
  9  9  0 60 20 21 21 20  60 20
  9  9  0 60 22 19 19 22  60 20
  9  9  0 62 18 21 21 18  62 20
  9  9  0 62 20 19 19 20  62 20
  9  9  7  9  7  2 16  0  40  9
  9  9  8  1 16  9  0  9  38  9
  9  9  8  8  2 16  0  9  38  9
 10  0 19 10  9 10  0 10  42 10
 10  9 10 10  0 19  0 10  42 10
 10 10  9  9 10  1  9 10  42 10
 10 12 10 10  2 20  0 10  47 11
 10 13 13 10  0 13 23  0  50 12
 11  9  9  9  2  9 28 11  33 11
 11  9 11 11  9 11  0 11  48 11
 11 10  1 20  0 21  0 25  33 11
 11 10 10 10  1 10 25  0  44 11
 11 10 11  0 21 11  0 11  46 11
 11 11  0 11 11 28 12 12  36 12
 11 11  0 22  0 34 13 13  39 13
 11 11  9  9 11 11  0 11  48 11
 11 11 10 10  2 19  1 10  47 11
 11 11 11  0 11 34 13 13  39 13
 12 11 11 11 11 11  1 11  53 12
 12 11 11 12  0 12 11 27  36 12
 12 12  0 12 29 12 12  0  54 13
 12 12  0 24  0 30  0 26  39 13
 12 12  0 24  0 30 13  0  52 13
 12 12  0 28 12  0 24  0  55 13
 12 12  0 28 12 12  0 12  55 13
 12 12 11 11 11  2 11 11  51 12
 12 12 12  0 12 30  0 26  39 13
 12 12 12  0 12 30 13  0  52 13
 12 12 12  0 29 12  0 12  54 13
 12 12 12 12  0 24  0 32  39 13
 12 12 12 12 12  0 12 32  39 13
 12 12 12 16 12  0 12 12  55 13
 12 14 12  0 24 14  0 12  55 13
 12 16 16 16 12  0 16 16  61 15
 13 11 11 13  0 24  0 32  39 13
 13 12 13  0 25  0 25  0  55 13
 13 12 13  0 25 12  1 12  55 13
 13 12 13 12 13  0 13 12  55 13
 13 18 18 18 18  0 13 18  71 17
 13 23 23 23 23 13  0 23  90 21
 14  0 33 14 19 14  0 14  68 16
 14 13 13  1 13 26  0 32  42 14
 14 14  0 28  0 34 14  0  61 15
 14 14 14  0 14 34 14  0  61 15
 14 14 19  0 33 14  0 14  68 16
 15 14 14 14  1 14 14 34  45 15
 16 15 15 16  0 31  0 16  67 16
 16 16 16 16 16 16  0 16  75 17
 17 15 15 15 15  2 15 42  51 17
 17 16 16 17  0 17 32  0  72 17
 17 17  0 34  0 17 41 18  54 18
 17 17 17  0 17 17 41 18  54 18
 17 17 17 17  0 17 48 19  57 19
 18 17 17 18  0 34  1 17  76 18
 18 18 18 18  0 18 43  0  76 19
 19 17 17 19  0 34 19  0  84 19
 20 19 19 19  1 38  0 20  84 20
 21 20 20 20  1 20 40  0  89 21
 22 21 21 21  1 41  1 21  93 22
 22 21 21 21 21  1 21 21  93 22
 24 24  0 48  0 48  0 56  75 25
 24 24 24  0 24 48  0 56  75 25
 24 24 24 24  0 24 24 56  75 25
 32 32 32  0 64 32  0 32 139 33
 32 32 32 32  0 32 64  0 139 33
 32 32 32 32  0 64  0 32 139 33
 32 32 32 32 32  0 32 32 139 33

0 extreme rays of recession cone:

31 support hyperplanes of polyhedron (homogenized):
 -24   7   6  5   4   3   2   1 0 0
  -8 -11 -14 15  12   9   6   3 0 0
  -8  -9   6  5   4   3   2   1 0 0
  -1  -1  -1  0   1   1   1   1 0 0
  -1  -1  -1  1   1   1   1   0 0 0
  -1  -1   0  0   0   1   1   1 0 0
  -1  -1   0  0   1   1   1   0 0 0
  -1  -1   0  1   1   1   0   0 0 0
  -1  -1   1  1   1   0   0   0 0 0
  -1   0   0  0   0   0   1   1 0 0
  -1   0   0  0   0   1   1   0 0 0
  -1   0   0  0   1   1   0   0 0 0
  -1   0   0  1   1   0   0   0 0 0
  -1   0   1  1   0   0   0   0 0 0
  -1   1   1  0   0   0   0   0 0 0
   0  -1  -2 -3   4   3   2   1 0 0
   0   0   0  0   0   0   0   1 0 0
   0   0   0  0   0   0   1   0 0 0
   0   0   0  0   0   1   0   0 0 0
   0   0   0  0   1   0   0   0 0 0
   0   0   0  1   0   0   0   0 0 0
   0   0   1  0   0   0   0   0 0 0
   0   1   0  0   0   0   0   0 0 0
   1   0   0  0   0   0   0   0 0 0
   4   3   2  1   0  -1  -2  -3 0 0
   8   3  -2 -7 -12  15  10   5 0 0
   8   5   2 -1  -4  -7   6   3 0 0
  24  17  10  3  -4 -11 -18   7 0 0
  56  45  34 -9 -20 -31  22  11 0 0
  56  45  34 -9 -20   1 -10  11 0 0
  56  45  34 -9  12   1 -10 -21 0 0

2 equations:
 1 0 -1 -2 -3 -4 -5 -6 -7  45
 0 1  2  3  4  5  6  7  8 -56

8 basis elements of generated  lattice:
 1 0 0 0 0 0 0 -8   7 0
 0 1 0 0 0 0 0 -7   6 0
 0 0 1 0 0 0 0 -6   5 0
 0 0 0 1 0 0 0 -5   4 0
 0 0 0 0 1 0 0 -4   3 0
 0 0 0 0 0 1 0 -3   2 0
 0 0 0 0 0 0 1 -2   1 0
 0 0 0 0 0 0 0 32 -21 1

