9 lattice points in polytope (module generators)
0 Hilbert basis elements of recession monoid
9 vertices of polyhedron
0 extreme rays of recession cone
9 support hyperplanes of polyhedron (homogenized)

embedding dimension = 11
affine dimension of the polyhedron = 8
rank of recession monoid = 0 (polyhedron is polytope)

dehomogenization:
0 0 0 0 0 0 0 0 0 0 1 


module rank = 9

***********************************************************************

9 lattice points in polytope (module generators):
 2 3 2 2 2 2 2 2 2 4 1
 3 1 3 2 2 2 2 2 2 4 1
 3 2 1 3 2 2 2 2 2 4 1
 3 2 2 1 3 2 2 2 2 4 1
 3 2 2 2 1 3 2 2 2 4 1
 3 2 2 2 2 1 3 2 2 4 1
 3 2 2 2 2 2 1 3 2 4 1
 3 2 2 2 2 2 2 1 3 4 1
 3 2 2 2 2 2 2 2 1 5 1

0 Hilbert basis elements of recession monoid:

9 vertices of polyhedron:
 2 3 2 2 2 2 2 2 2 4 1
 3 1 3 2 2 2 2 2 2 4 1
 3 2 1 3 2 2 2 2 2 4 1
 3 2 2 1 3 2 2 2 2 4 1
 3 2 2 2 1 3 2 2 2 4 1
 3 2 2 2 2 1 3 2 2 4 1
 3 2 2 2 2 2 1 3 2 4 1
 3 2 2 2 2 2 2 1 3 4 1
 3 2 2 2 2 2 2 2 1 5 1

0 extreme rays of recession cone:

9 support hyperplanes of polyhedron (homogenized):
 -71  24  21  18  15  12   9   6   3 0 0
 -53 -58  35  30  25  20  15  10   5 0 0
 -17 -26 -35 -44  45  36  27  18   9 0 0
  -5  -6  -7   6   5   4   3   2   1 0 0
   1 -10 -21 -32 -43  44  33  22  11 0 0
  19   6  -7 -20 -33 -46  39  26  13 0 0
  37  22   7  -8 -23 -38 -53  30  15 0 0
  55  38  21   4 -13 -30 -47 -64  17 0 0
  73  54  35  16  -3 -22 -41 -60 -79 0 0

2 equations:
 1 0 -1 -2 -3 -4 -5 -6 -7 -8   86
 0 1  2  3  4  5  6  7  8  9 -109

9 basis elements of generated  lattice:
 1 0 0 0 0 0 0 0 -9   8 0
 0 1 0 0 0 0 0 0 -8   7 0
 0 0 1 0 0 0 0 0 -7   6 0
 0 0 0 1 0 0 0 0 -6   5 0
 0 0 0 0 1 0 0 0 -5   4 0
 0 0 0 0 0 1 0 0 -4   3 0
 0 0 0 0 0 0 1 0 -3   2 0
 0 0 0 0 0 0 0 1 -2   1 0
 0 0 0 0 0 0 0 0 98 -75 1

