10 lattice points in polytope (module generators)
0 Hilbert basis elements of recession monoid
11 vertices of polyhedron
0 extreme rays of recession cone
8 support hyperplanes of polyhedron (homogenized)

embedding dimension = 6
affine dimension of the polyhedron = 3
rank of recession monoid = 0 (polyhedron is polytope)

dehomogenization:
0 0 0 0 0 1 


module rank = 10

***********************************************************************

10 lattice points in polytope (module generators):
 5 5 5 4 6 1
 5 6 3 5 6 1
 6 3 6 4 6 1
 6 4 4 5 6 1
 6 4 5 3 7 1
 6 5 2 6 6 1
 6 5 3 4 7 1
 7 2 6 3 7 1
 7 3 4 4 7 1
 7 3 5 2 8 1

0 Hilbert basis elements of recession monoid:

11 vertices of polyhedron:
  5  5  5  4  6 1
  5  6  3  5  6 1
  6  3  6  4  6 1
  6  5  2  6  6 1
  7  2  6  3  7 1
  7  3  4  4  7 1
  7  3  5  2  8 1
 13  9  4 11 13 2
 13  9  6  7 15 2
 14  7  7  7 15 2
 27 17 10 17 29 4

0 extreme rays of recession cone:

8 support hyperplanes of polyhedron (homogenized):
 -5 -16  22  11 0 0
 -3   3   2   1 0 0
 -1   0   1   1 0 0
 -1   1   1   0 0 0
  2 -23   1  25 0 0
  2  26   1 -24 0 0
 11  -4 -19  15 0 0
 27   8 -11 -30 0 0

2 equations:
 1 0 -1 -2 -3  26
 0 1  2  3  4 -51

4 basis elements of generated  lattice:
 1 0 0 -4   3 0
 0 1 0 -3   2 0
 0 0 1 -2   1 0
 0 0 0 49 -24 1

