23 lattice points in polytope (module generators)
0 Hilbert basis elements of recession monoid
20 vertices of polyhedron
0 extreme rays of recession cone
12 support hyperplanes of polyhedron (homogenized)

embedding dimension = 6
affine dimension of the polyhedron = 3
rank of recession monoid = 0 (polyhedron is polytope)

dehomogenization:
0 0 0 0 0 1 


module rank = 23

***********************************************************************

23 lattice points in polytope (module generators):
 4 6 4 5 6 1
 4 7 3 4 7 1
 5 4 5 5 6 1
 5 4 6 3 7 1
 5 5 3 6 6 1
 5 5 4 4 7 1
 5 5 5 2 8 1
 5 6 2 5 7 1
 5 6 3 3 8 1
 6 2 6 5 6 1
 6 2 7 3 7 1
 6 3 4 6 6 1
 6 3 5 4 7 1
 6 3 6 2 8 1
 6 4 3 5 7 1
 6 4 4 3 8 1
 6 4 5 1 9 1
 6 5 1 6 7 1
 6 5 2 4 8 1
 7 1 6 4 7 1
 7 1 7 2 8 1
 7 2 5 3 8 1
 7 2 6 1 9 1

0 Hilbert basis elements of recession monoid:

20 vertices of polyhedron:
  4  7  3  4  7 1
  5  5  5  2  8 1
  6  2  6  5  6 1
  6  3  4  6  6 1
  6  4  5  1  9 1
  7  1  6  4  7 1
  7  2  6  1  9 1
  9 12  5 12 12 2
 10  7 13  7 13 2
 11 11  6  5 17 2
 14  1 14  7 14 2
 14  1 15  5 15 2
 14  5  9  5 17 2
 18 17 24 17 24 4
 19 25  6 25 25 4
 19 30 23 23 30 5
 19 34 19 19 34 5
 25 13 12 25 25 4
 25 19  6 19 31 4
 47 41  6 53 53 8

0 extreme rays of recession cone:

12 support hyperplanes of polyhedron (homogenized):
 -19  21  14   7 0 0
  -3 -14  22  11 0 0
  -1   0   1   1 0 0
  -1   1   1   0 0 0
   6 -19   3  25 0 0
   6  28   3 -22 0 0
  13  -2 -17  15 0 0
  29  10  -9 -28 0 0
  53 -19 -44  25 0 0
  53 -19   3 -22 0 0
  53  28 -44 -22 0 0
  53  28   3 -69 0 0

2 equations:
 1 0 -1 -2 -3  28
 0 1  2  3  4 -53

4 basis elements of generated  lattice:
 1 0 0 -4   3 0
 0 1 0 -3   2 0
 0 0 1 -2   1 0
 0 0 0 47 -22 1

