5 lattice points in polytope (module generators)
0 Hilbert basis elements of recession monoid
2 vertices of polyhedron
0 extreme rays of recession cone
2 support hyperplanes of polyhedron (homogenized)

embedding dimension = 4
affine dimension of the polyhedron = 1
rank of recession monoid = 0 (polyhedron is polytope)

dehomogenization:
0 0 0 1 


module rank = 5

***********************************************************************

5 lattice points in polytope (module generators):
 21 0 25 1
 21 1 24 1
 21 2 23 1
 21 3 22 1
 21 4 21 1

0 Hilbert basis elements of recession monoid:

2 vertices of polyhedron:
 21 0 25 1
 21 4 21 1

0 extreme rays of recession cone:

2 support hyperplanes of polyhedron (homogenized):
 0   1 0 0
 4 -21 0 0

2 equations:
 1 0 0 -21
 0 1 1 -25

2 basis elements of generated  lattice:
 21 0 25 1
  0 1 -1 0

