10 lattice points in polytope (module generators)
0 Hilbert basis elements of recession monoid
5 vertices of polyhedron
0 extreme rays of recession cone
5 support hyperplanes of polyhedron (homogenized)

embedding dimension = 5
affine dimension of the polyhedron = 2
rank of recession monoid = 0 (polyhedron is polytope)

dehomogenization:
0 0 0 0 1 


module rank = 10

***********************************************************************

10 lattice points in polytope (module generators):
 5 7 7  7 1
 5 8 5  8 1
 6 6 6  8 1
 6 7 4  9 1
 7 4 7  8 1
 7 5 5  9 1
 7 6 3 10 1
 8 2 8  8 1
 8 3 6  9 1
 8 4 4 10 1

0 Hilbert basis elements of recession monoid:

5 vertices of polyhedron:
  5  7  7  7 1
  5  8  5  8 1
  8  2  8  8 1
 23 16  7 32 3
 26  4 22 26 3

0 extreme rays of recession cone:

5 support hyperplanes of polyhedron (homogenized):
 -1   1   1 0 0
  3 -10  13 0 0
  3   8  -5 0 0
 21 -10  -5 0 0
 21   8 -23 0 0

2 equations:
 1 0 -1 -2  16
 0 1  2  3 -42

3 basis elements of generated  lattice:
 1 0 -3   2 0
 0 1 -2   1 0
 0 0 36 -10 1

