139 lattice points in polytope (module generators)
0 Hilbert basis elements of recession monoid
455 vertices of polyhedron
0 extreme rays of recession cone
34 support hyperplanes of polyhedron (homogenized)

embedding dimension = 10
affine dimension of the polyhedron = 7
rank of recession monoid = 0 (polyhedron is polytope)

dehomogenization:
0 0 0 0 0 0 0 0 0 1 


module rank = 139

***********************************************************************

139 lattice points in polytope (module generators):
 3 3 5 3 3 3 3 3 5 1
 3 4 3 4 3 3 3 3 5 1
 3 4 4 2 4 3 3 3 5 1
 3 4 4 3 2 4 3 3 5 1
 3 4 4 3 3 2 4 3 5 1
 3 4 4 3 3 3 2 4 5 1
 3 4 4 3 3 3 3 2 6 1
 3 5 1 5 3 3 3 3 5 1
 3 5 2 3 4 3 3 3 5 1
 3 5 2 4 2 4 3 3 5 1
 3 5 2 4 3 2 4 3 5 1
 3 5 2 4 3 3 2 4 5 1
 3 5 2 4 3 3 3 2 6 1
 3 5 3 1 5 3 3 3 5 1
 3 5 3 2 3 4 3 3 5 1
 3 5 3 2 4 2 4 3 5 1
 3 5 3 2 4 3 2 4 5 1
 3 5 3 2 4 3 3 2 6 1
 3 5 3 3 2 3 4 3 5 1
 3 5 3 3 2 4 2 4 5 1
 3 5 3 3 2 4 3 2 6 1
 3 5 3 3 3 2 3 4 5 1
 3 5 3 3 3 2 4 2 6 1
 3 5 3 3 3 3 2 3 6 1
 4 2 4 4 3 3 3 3 5 1
 4 2 5 2 4 3 3 3 5 1
 4 2 5 3 2 4 3 3 5 1
 4 2 5 3 3 2 4 3 5 1
 4 2 5 3 3 3 2 4 5 1
 4 2 5 3 3 3 3 2 6 1
 4 3 2 5 3 3 3 3 5 1
 4 3 3 3 4 3 3 3 5 1
 4 3 3 4 2 4 3 3 5 1
 4 3 3 4 3 2 4 3 5 1
 4 3 3 4 3 3 2 4 5 1
 4 3 3 4 3 3 3 2 6 1
 4 3 4 1 5 3 3 3 5 1
 4 3 4 2 3 4 3 3 5 1
 4 3 4 2 4 2 4 3 5 1
 4 3 4 2 4 3 2 4 5 1
 4 3 4 2 4 3 3 2 6 1
 4 3 4 3 1 5 3 3 5 1
 4 3 4 3 2 3 4 3 5 1
 4 3 4 3 2 4 2 4 5 1
 4 3 4 3 2 4 3 2 6 1
 4 3 4 3 3 1 5 3 5 1
 4 3 4 3 3 2 3 4 5 1
 4 3 4 3 3 2 4 2 6 1
 4 3 4 3 3 3 2 3 6 1
 4 4 1 4 4 3 3 3 5 1
 4 4 1 5 2 4 3 3 5 1
 4 4 1 5 3 2 4 3 5 1
 4 4 1 5 3 3 2 4 5 1
 4 4 1 5 3 3 3 2 6 1
 4 4 2 2 5 3 3 3 5 1
 4 4 2 3 3 4 3 3 5 1
 4 4 2 3 4 2 4 3 5 1
 4 4 2 3 4 3 2 4 5 1
 4 4 2 3 4 3 3 2 6 1
 4 4 2 4 2 3 4 3 5 1
 4 4 2 4 2 4 2 4 5 1
 4 4 2 4 2 4 3 2 6 1
 4 4 2 4 3 1 5 3 5 1
 4 4 2 4 3 2 3 4 5 1
 4 4 2 4 3 2 4 2 6 1
 4 4 2 4 3 3 2 3 6 1
 4 4 3 1 4 4 3 3 5 1
 4 4 3 1 5 2 4 3 5 1
 4 4 3 1 5 3 2 4 5 1
 4 4 3 1 5 3 3 2 6 1
 4 4 3 2 3 3 4 3 5 1
 4 4 3 2 3 4 2 4 5 1
 4 4 3 2 3 4 3 2 6 1
 4 4 3 2 4 2 3 4 5 1
 4 4 3 2 4 2 4 2 6 1
 4 4 3 2 4 3 2 3 6 1
 4 4 3 3 2 3 3 4 5 1
 4 4 3 3 2 3 4 2 6 1
 4 4 3 3 2 4 2 3 6 1
 4 4 3 3 3 2 3 3 6 1
 5 1 4 3 4 3 3 3 5 1
 5 1 4 4 2 4 3 3 5 1
 5 1 4 4 3 2 4 3 5 1
 5 1 4 4 3 3 2 4 5 1
 5 1 4 4 3 3 3 2 6 1
 5 1 5 1 5 3 3 3 5 1
 5 1 5 2 3 4 3 3 5 1
 5 1 5 2 4 2 4 3 5 1
 5 1 5 2 4 3 2 4 5 1
 5 1 5 2 4 3 3 2 6 1
 5 1 5 3 2 3 4 3 5 1
 5 1 5 3 2 4 2 4 5 1
 5 1 5 3 2 4 3 2 6 1
 5 1 5 3 3 2 3 4 5 1
 5 1 5 3 3 2 4 2 6 1
 5 1 5 3 3 3 2 3 6 1
 5 2 3 2 5 3 3 3 5 1
 5 2 3 3 3 4 3 3 5 1
 5 2 3 3 4 2 4 3 5 1
 5 2 3 3 4 3 2 4 5 1
 5 2 3 3 4 3 3 2 6 1
 5 2 3 4 1 5 3 3 5 1
 5 2 3 4 2 3 4 3 5 1
 5 2 3 4 2 4 2 4 5 1
 5 2 3 4 2 4 3 2 6 1
 5 2 3 4 3 2 3 4 5 1
 5 2 3 4 3 2 4 2 6 1
 5 2 3 4 3 3 2 3 6 1
 5 2 4 1 4 4 3 3 5 1
 5 2 4 1 5 2 4 3 5 1
 5 2 4 1 5 3 2 4 5 1
 5 2 4 1 5 3 3 2 6 1
 5 2 4 2 3 3 4 3 5 1
 5 2 4 2 3 4 2 4 5 1
 5 2 4 2 3 4 3 2 6 1
 5 2 4 2 4 1 5 3 5 1
 5 2 4 2 4 2 3 4 5 1
 5 2 4 2 4 2 4 2 6 1
 5 2 4 2 4 3 2 3 6 1
 5 2 4 3 2 3 3 4 5 1
 5 2 4 3 2 3 4 2 6 1
 5 2 4 3 2 4 2 3 6 1
 5 2 4 3 3 2 3 3 6 1
 5 3 2 3 3 3 4 3 5 1
 5 3 2 3 3 4 2 4 5 1
 5 3 2 3 3 4 3 2 6 1
 5 3 2 3 4 1 5 3 5 1
 5 3 2 3 4 2 3 4 5 1
 5 3 2 3 4 2 4 2 6 1
 5 3 2 3 4 3 2 3 6 1
 5 3 2 4 2 3 3 4 5 1
 5 3 2 4 2 3 4 2 6 1
 5 3 2 4 2 4 2 3 6 1
 5 3 2 4 3 2 3 3 6 1
 5 3 3 2 3 3 3 4 5 1
 5 3 3 2 3 3 4 2 6 1
 5 3 3 2 3 4 2 3 6 1
 5 3 3 2 4 2 3 3 6 1
 5 3 3 3 2 3 3 3 6 1

0 Hilbert basis elements of recession monoid:

455 vertices of polyhedron:
   3   3   5   3  3   3   3   3   5  1
   3   4   4   3  3   3   2   4   5  1
   3   4   4   3  3   3   3   2   6  1
   3   5   1   5  3   3   3   3   5  1
   3   5   2   4  2   4   3   3   5  1
   3   5   2   4  3   3   2   4   5  1
   3   5   2   4  3   3   3   2   6  1
   3   5   3   1  5   3   3   3   5  1
   3   5   3   2  3   4   3   3   5  1
   3   5   3   2  4   2   4   3   5  1
   3   5   3   2  4   3   2   4   5  1
   3   5   3   2  4   3   3   2   6  1
   3   5   3   3  2   3   4   3   5  1
   3   5   3   3  2   4   2   4   5  1
   3   5   3   3  2   4   3   2   6  1
   3   5   3   3  3   2   3   4   5  1
   3   5   3   3  3   2   4   2   6  1
   3   5   3   3  3   3   2   3   6  1
   4   2   5   3  3   3   2   4   5  1
   4   2   5   3  3   3   3   2   6  1
   4   3   4   3  1   5   3   3   5  1
   4   3   4   3  3   1   5   3   5  1
   4   4   1   5  2   4   3   3   5  1
   4   4   1   5  3   3   2   4   5  1
   4   4   1   5  3   3   3   2   6  1
   4   4   2   2  5   3   3   3   5  1
   4   4   2   4  3   1   5   3   5  1
   4   4   3   1  4   4   3   3   5  1
   4   4   3   1  5   2   4   3   5  1
   4   4   3   1  5   3   2   4   5  1
   4   4   3   1  5   3   3   2   6  1
   4   4   3   3  2   3   3   4   5  1
   4   4   3   3  2   3   4   2   6  1
   4   4   3   3  2   4   2   3   6  1
   4   4   3   3  3   2   3   3   6  1
   5   1   4   3  4   3   3   3   5  1
   5   1   4   4  2   4   3   3   5  1
   5   1   4   4  3   2   4   3   5  1
   5   1   4   4  3   3   2   4   5  1
   5   1   4   4  3   3   3   2   6  1
   5   1   5   1  5   3   3   3   5  1
   5   1   5   2  3   4   3   3   5  1
   5   1   5   2  4   3   2   4   5  1
   5   1   5   2  4   3   3   2   6  1
   5   1   5   3  2   3   4   3   5  1
   5   1   5   3  2   4   2   4   5  1
   5   1   5   3  2   4   3   2   6  1
   5   1   5   3  3   2   3   4   5  1
   5   1   5   3  3   2   4   2   6  1
   5   1   5   3  3   3   2   3   6  1
   5   2   3   2  5   3   3   3   5  1
   5   2   3   4  1   5   3   3   5  1
   5   2   3   4  3   2   3   4   5  1
   5   2   3   4  3   3   2   3   6  1
   5   2   4   1  4   4   3   3   5  1
   5   2   4   1  5   2   4   3   5  1
   5   2   4   1  5   3   2   4   5  1
   5   2   4   1  5   3   3   2   6  1
   5   2   4   2  4   1   5   3   5  1
   5   2   4   3  2   3   3   4   5  1
   5   2   4   3  2   3   4   2   6  1
   5   2   4   3  2   4   2   3   6  1
   5   2   4   3  3   2   3   3   6  1
   5   3   2   3  3   3   4   3   5  1
   5   3   2   3  3   4   2   4   5  1
   5   3   2   3  3   4   3   2   6  1
   5   3   2   3  4   1   5   3   5  1
   5   3   2   3  4   2   3   4   5  1
   5   3   2   3  4   2   4   2   6  1
   5   3   2   3  4   3   2   3   6  1
   5   3   2   4  2   3   3   4   5  1
   5   3   2   4  2   3   4   2   6  1
   5   3   2   4  2   4   2   3   6  1
   5   3   2   4  3   2   3   3   6  1
   5   3   3   2  3   3   3   4   5  1
   5   3   3   2  3   3   4   2   6  1
   5   3   3   2  3   4   2   3   6  1
   5   3   3   2  4   2   3   3   6  1
   5   3   3   3  2   3   3   3   6  1
   6   9   7   6  6   3   9   6  10  2
   6  10   5   7  6   3   9   6  10  2
   7   8   7   6  2  10   6   6  10  2
   8   7   7   5  3  10   6   6  10  2
   8   7   7   6  2   9   7   6  10  2
   8   7   7   6  2  10   5   7  10  2
   8   7   7   6  2  10   6   5  11  2
   9   3  10   6  3   9   6   6  10  2
   9   3  10   6  6   3   9   6  10  2
   9   4   5  10  6   6   6   6  10  2
   9   6   7   5  7   6   4   5  13  2
   9   6   7   6  3   6   9   6  10  2
   9   7   2   7  9   6   6   6  10  2
   9   7   2   9  5   8   6   6  10  2
   9   7   2   9  7   6   6   4  12  2
   9   7   2  10  4   7   7   6  10  2
   9   7   2  10  4   8   5   7  10  2
   9   7   2  10  4   8   6   5  11  2
   9   7   2  10  5   7   4   8  10  2
   9   7   2  10  6   3   9   6  10  2
   9   7   2  10  6   5   5   8  10  2
   9   7   2  10  6   5   7   4  12  2
   9   7   2  10  6   6   4   7  11  2
   9   7   2  10  6   6   5   5  12  2
   9   7   5   7  5   7   4   5  13  2
   9   7   6   3  7   6   8   6  10  2
   9   7   6   3  7   8   4   8  10  2
   9   7   6   3  8   7   6   3  13  2
   9   7   6   3  9   4   6   8  10  2
   9   7   6   3  9   4   8   4  12  2
   9   7   6   3  9   6   4   6  12  2
   9   7   6   5  6   7   4   5  13  2
   9  14   9  10  9   9   9   5  19  3
   9  14  10   8 10   9   9   5  19  3
   9  14  10   9  4  14   9   9  15  3
   9  15   8  10  8  10   9   5  19  3
   9  15   9   8  9  10   9   5  19  3
  10   1  10   6  6   7   6   6  10  2
  10   1  10   6  7   5   7   6  10  2
  10   1  10   7  5   7   5   7  10  2
  10   1  10   7  6   5   6   7  10  2
  10   1  11   5  6   7   6   5  11  2
  10   1  11   5  7   5   7   5  11  2
  10   1  11   6  5   7   5   6  11  2
  10   1  11   6  6   5   6   6  11  2
  10   2   9   7  3   9   6   6  10  2
  10   2  10   5  7   3   9   6  10  2
  10   5   5   5  9   6   4   8  10  2
  10   5   5   5  9   6   6   4  12  2
  10   5   5   7  3  10   6   6  10  2
  10   5   5   8  2   9   7   6  10  2
  10   5   5   8  2  10   5   7  10  2
  10   5   5   8  2  10   6   5  11  2
  10   5   5   8  6   4   8   3  13  2
  10   5   6   7  6   5   5   5  13  2
  10   5   7   3  7   8   4   8  10  2
  10   5   7   3  7   8   6   4  12  2
  10   5   7   3  9   5   7   3  13  2
  10   5   7   3  9   6   4   6  12  2
  10   5   7   5  7   3   9   3  13  2
  10   5   7   5  7   5   5   5  13  2
  10   6   4   6  7   7   3   9  10  2
  10   6   4   7  5   5   9   6  10  2
  10   6   4   7  5   8   3   9  10  2
  10   6   4   7  7   3   7   8  10  2
  10   6   4   7  7   3   9   4  12  2
  10   6   4   8  4   7   7   3  13  2
  10   6   4   8  5   5   8   3  13  2
  10   6   5   5  6   5   9   6  10  2
  10   6   5   5  8   3   7   8  10  2
  10   6   5   5  8   3   9   4  12  2
  10   6   5   7  4   6   8   3  13  2
  10   6   5   7  5   6   5   5  13  2
  10   6   6   4  6   7   7   3  13  2
  10   6   6   4  7   5   8   3  13  2
  10   6   6   5  5   6   8   3  13  2
  10   6   6   5  6   6   5   5  13  2
  11  21  11  12  9  16  12  11  21  4
  11  21  11  13  8  15  13  11  21  4
  11  21  12  11  9  16  11  12  21  4
  11  21  12  12  8  15  12  12  21  4
  13   9  11   9  9   4  11  12  15  3
  13   9  11   9  9   4  14   6  18  3
  13  10  10   9  4  10  13   9  15  3
  13  11   7  11  6   7  14   9  15  3
  13  11   7  11  6  12   9   4  20  3
  13  11   7  11  9   4  11  12  15  3
  13  11   7  11  9   4  14   6  18  3
  13  11   9   7  8  12   9   4  20  3
  14   4  10  14  9   9   9   9  15  3
  14   4  14  10  9   9   9   5  19  3
  14   4  15   8 10   9   9   5  19  3
  14   9   9  10  4  14   9   5  19  3
  14   9  10   9  9   5  10   9  18  3
  14  10   4  14  6  12   6  12  15  3
  14  10   4  14  9   9   6   9  18  3
  14  10   8  10  6   8  10  12  15  3
  14  10   8  10  6  12   6   8  19  3
  14  10   8  10  9   5  10   9  18  3
  14  10   9   5 10  12   9   5  19  3
  14  10   9   8  7  12   6   8  19  3
  14  26  14  16 14  15  16   9  31  5
  14  26  15  14 15  16  14  10  31  5
  15   2  13  11  9  10   9   9  15  3
  15   2  13  11 10   8  10   9  15  3
  15   2  13  12  8  10   8  10  15  3
  15   2  13  12  9   8   9  10  15  3
  15   2  15  10  9   6  11  10  15  3
  15   2  15  10  9   8   7  12  15  3
  15   2  16   8  7  12   9   8  16  3
  15   2  16   8  9  10   9   6  18  3
  15   2  16   9  6  12   8   9  16  3
  15   2  16   9  8  10   6  11  16  3
  15   2  16   9  8  10   8   7  18  3
  15   2  16   9  9   6  11   9  16  3
  15   2  16   9  9   8   7  11  16  3
  15   2  16   9  9   8   9   7  18  3
  15   3  14  10  9   8  10   5  19  3
  15   7   8  12  7  11   4  14  15  3
  15   7   8  12  9   7  11   4  20  3
  15   7   9  11  9   6  12   4  20  3
  15   7  10  10  5  13   4  14  15  3
  15   7  11   4 14   4  14   9  15  3
  15   7  11   7  8   7  14   9  15  3
  15   7  11   7 11   4  11  12  15  3
  15   8   7  12  4  11  12   9  15  3
  15   8   7  12  4  14   9   6  18  3
  15   8   7  12  8   7   8  13  15  3
  15   8   7  12  8  10   5  10  18  3
  15   8   7  12  9   8   7   8  19  3
  15   8   8   7  8  14   9   9  15  3
  15   8   8  11  4  14   5  13  15  3
  15   8   9  10  9   6   9   8  19  3
  15   8  10   5 10   8  13   9  15  3
  15   8  10   5 13   5  10  12  15  3
  15   8  10   8  7   8  10  12  15  3
  15   9   6   9 11   9  10   5  19  3
  15   9   6  10  9  11   4  14  15  3
  15   9   6  11  9  10   5  10  18  3
  15   9   6  12  7   9  11   4  20  3
  15   9   6  12  8   9   7   8  19  3
  15   9   7   9  8   7  14   9  15  3
  15   9   7   9 11   4  11  12  15  3
  15   9   7   9 11   4  14   6  18  3
  15   9   7  11  6  10  11   4  20  3
  15   9   7  11  7   8  12   4  20  3
  15   9   8   7  9  12   4  14  15  3
  15   9   8   9 10   5  10   9  18  3
  15   9   8  10  6  11   7   8  19  3
  15   9   8  10  8   7   9   8  19  3
  15   9   9   6 10   9  11   4  20  3
  15   9   9   6 11   9   7   8  19  3
  15   9   9   7  8  10  11   4  20  3
  15   9   9   7  9   8  12   4  20  3
  15   9   9   8  7  11   7   8  19  3
  15   9   9   8  9   7   9   8  19  3
  15  17  12   3 20  12  13  12  20  4
  15  17  12   3 20  13  11  13  20  4
  15  17  12   3 21  11  13  11  21  4
  15  17  12   3 21  12  11  12  21  4
  15  23  16  16 15  15   8  22  25  5
  15  25  14  14 17  15   8  22  25  5
  17  12  12  15 12  12  12   5  27  4
  17  12  15   9 15  12  12   5  27  4
  17  15   9  15  9  15  12   5  27  4
  17  15  12   9 12  15  12   5  27  4
  17  30  18  18 11  26  18  18  30  6
  17  30  18  19 10  25  19  18  30  6
  17  30  19  17 11  26  17  19  30  6
  17  30  19  18 10  25  18  19  30  6
  18  12  13  13 12  12   6  13  25  4
  18  13   5  20 12  12   7  17  20  4
  18  13   5  20 12  12  12   7  25  4
  18  13  13   5 13  18  12  12  20  4
  18  14   4  19 13  12   7  17  20  4
  18  14   4  20 11  13  12   7  25  4
  18  14  11  11 14   7  11  18  20  4
  19  11  13  13 11  13   6  13  25  4
  19  12  13  12  7  12  13  16  20  4
  19  12  13  12  7  12  17   8  24  4
  19  13   6  13 13  16  12  12  20  4
  19  13   6  13 17  12  12   8  24  4
  19  13   6  18  8  11  17  12  20  4
  19  13   6  18  8  16  12   7  25  4
  19  13   6  18 12   7  13  16  20  4
  19  13   6  18 12   7  17   8  24  4
  19  13  11  11 13  13   6  13  25  4
  19  13  11  13  8  11  17   7  25  4
  19  13  12   7 16  13   8  11  25  4
  19  35  23  19 22  22  14  28  35  7
  19  35  23  21 20  20  16  28  35  7
  19  37  21  19 22  22  14  26  37  7
  19  37  21  21 20  15  26  21  37  7
  19  37  21  21 20  20  16  26  37  7
  19  37  21  21 20  20  21  16  42  7
  20   3  20  12  8  17  12  12  20  4
  20   3  20  12 13   7  17  12  20  4
  20   3  20  13  7  17  11  13  20  4
  20   3  20  13 11  13   7  17  20  4
  20   3  21  11 13   7  17  11  21  4
  20   3  21  11 13  11  13   7  25  4
  20   7  17   3 20  12  13  12  20  4
  20   7  17   3 20  13  11  13  20  4
  20   7  17   3 21  11  13  11  21  4
  20   7  17   3 21  12  11  12  21  4
  20   9  12  15 12   9  15   5  27  4
  20   9  15   9 15   9  15   5  27  4
  20  11   9  11 11  18  12  12  20  4
  20  11   9  11 17  11  13   7  25  4
  20  11   9  16  6  18   7  17  20  4
  20  11  13   7 17   7  17   7  25  4
  20  11  13   7 17  11   9  11  25  4
  20  11  13  11  9  11  17   7  25  4
  20  11  13  11 13   7  13  11  25  4
  20  12   8  15 12   8  12  17  20  4
  20  12   9  15  9  12  15   5  27  4
  20  12  11  11 12   9  11  18  20  4
  20  12  11  12  9  11  12  17  20  4
  20  12  12   9 12  12  15   5  27  4
  20  36  20  21 20  23  21  12  44  7
  21  17  17  15  6  24  10  20  25  5
  21  17  17  15  6  24  15  10  30  5
  22  42  22  24 25  25  24  15  49  8
  22  42  22  26 23  23  26  15  49  8
  22  42  23  25 23  23  25  16  49  8
  22  42  24  22 25  25  22  17  49  8
  22  42  24  23 24  24  23  17  49  8
  23   7  24  16 15  15   8  22  25  5
  23  15   8  24 15  15   8  22  25  5
  23  15   8  24 15  15  15   8  32  5
  23  15  15  17 15  15   8  15  32  5
  23  15  16  15 16  15   8  15  32  5
  23  15  17   6 24  15  15   8  32  5
  23  16  16  15  8  22  10  15  30  5
  23  17   6  22 17  15   8  22  25  5
  23  17   6  24 13  17  15   8  32  5
  23  17  13  17 13  10  22   8  32  5
  23  45  27  27 29  29  27  27  45  9
  23  45  27  31 25  25  31  27  45  9
  23  45  31  23 29  29  23  31  45  9
  23  45  31  27 25  25  27  31  45  9
  23  49  23  27 29  29  27  23  49  9
  23  49  23  31 25  25  31  23  49  9
  23  49  27  23 29  29  23  27  49  9
  23  49  27  27 25  25  27  27  49  9
  24   5  26  14 15  16  15   9  31  5
  24  15  16   8 22  15  10  14  31  5
  24  16   8  16 21  15   9  21  25  5
  24  16   8  21 16  15   9  16  30  5
  24  16   8  22 14  16  10  14  31  5
  24  16  14  16 14  10  16  14  31  5
  25   4  25  16 15  14  15  10  31  5
  25  13  13  19  6  19  20  15  25  5
  25  13  13  19  6  24  15  10  30  5
  25  15  10  19 15  15  10  15  31  5
  25  15  13  12 16  19   6  24  25  5
  25  15  13  13 14  20   6  24  25  5
  25  15  13  15 15  10  15  22  25  5
  25  15  14  11 18  17   8  17  30  5
  25  15  14  14 12  20   8  17  30  5
  25  15  14  15 11  14  21   8  32  5
  25  45  29  27 26  17  36  29  45  9
  25  47  25  29 26  17  38  25  47  9
  27  19  19  19  8  28  10  26  30  6
  27  20   7  30 10  26  18  18  30  6
  28  19  19  18 10  19  19  24  30  6
  28  19  19  18 10  19  25  12  36  6
  28  50  31  31 29  29  20  42  50 10
  28  51  29  32 29  29  32  18  62 10
  28  51  31  28 31  31  28  20  62 10
  28  52  29  29 31  31  18  40  52 10
  29   6  30  19 17  19  10  26  30  6
  29  16  13  26  6  30  18  18  30  6
  29  18  11  26 18  11  18  25  30  6
  29  18  11  26 18  18  11  18  37  6
  29  18  18  19 18  11  18  18  37  6
  29  19  10  19 24  19  18  11  37  6
  29  21  24  24 21  21   8  34  35  7
  29  27  18  18 27  21   8  34  35  7
  30   5  30  19 16  20  10  26  30  6
  30  16  19  19 11  19  16  26  30  6
  30  16  19  19 11  25  10  20  36  6
  30  17  17  13 17  26  18  12  36  6
  30  17  17  17 13  26   8  28  30  6
  30  17  17  20 10  20  17  25  30  6
  30  17  17  20 10  26  11  19  36  6
  30  18  17  13 22  13  17  26  30  6
  30  18  17  17 14  17  17  26  30  6
  30  18  17  18 18  12  18  18  37  6
  31  23  21  23 21  10  32  12  44  7
  31  25  19  12 32  21  10  32  35  7
  31  25  19  19 25  21  10  25  42  7
  31  55  33  35 32  19  48  33  55 11
  32  24  20  20 20  24  12  20  45  7
  33   8  35  22 21  20  13  30  35  7
  33  23  17  23 23  10  23  30  35  7
  33  23  20  13 30  21  12  23  42  7
  34  21  13  21 30  21  21  13  43  7
  34  21  21  22 12  30  13  21  43  7
  34  22  12  29 22  12  22  29  35  7
  34  22  19  22 22  12  22  22  42  7
  34  22  20  14 28  22  12  22  43  7
  35  15  24  24 15  27   8  34  35  7
  35  17  23  23 17  18  17  32  35  7
  35  17  23  23 17  25  10  25  42  7
  35  20  15  28 20  20  15  20  44  7
  35  20  20  23 12  23  28  12  44  7
  35  20  20  23 20  15  20  20  44  7
  35  21  18  18 21  27   8  34  35  7
  35  21  19  19 21  25  10  25  42  7
  35  21  19  21 19  16  30  10  46  7
  35  21  20  20 20  21  15  20  45  7
  37  65  39  39 40  40  22  56  65 13
  38  25  24  25 24  14  25  24  49  8
  38  25  25  13 25  34  16  32  40  8
  38  26  23  15 34  15  23  34  40  8
  38  26  23  23 26  15  23  26  48  8
  40   6  41  25 22  26  14  33  41  8
  40  22  25  25 15  32  15  25  49  8
  40  22  25  25 22  18  22  25  49  8
  40  24  23  24 23  17  24  23  50  8
  40  69  43  42 43  43  42  24  88 14
  41  27  29  29 27  14  27  40  45  9
  41  29  29  23 18  40  27  14  58  9
  43  28  28  15 28  28  37  27  45  9
  43  28  28  25 18  38  18  25  56  9
  44  26  28  28 16  38  16  28  55  9
  44  28  16  36 28  28  16  28  55  9
  45  23  29  29 23  29  16  29  56  9
  45  25  25  31 14  36  31  14  58  9
  45  25  25  31 25  25  20  25  58  9
  45  26  26  19 26  26  39  27  45  9
  45  27  26  19 34  27  18  27  56  9
  48  30  31  31 30  18  30  31  61 10
  48  31  31  17 31  42  30  18  62 10
  49  35  35  35 33  16  35  48  55 11
  50  29  29  21 29  42  16  44  50 10
  50  29  29  32 18  40  21  29  62 10
  50  30  29  29 30  21  29  30  62 10
  52  36  32  32 24  44  20  32  69 11
  53  43  10  60 26  47  37  36  60 12
  53  43  10  62 24  47  37  34  62 12
  53  43  10  62 36  35  25  46  62 12
  53  43  10  62 36  35  35  26  72 12
  55  31  31  31 24  31  50  33  55 11
  55  33  31  31 33  33  22  33  70 11
  55  33  32  32 24  41  23  32  69 11
  57  37  37  37 36  21  37  37  73 12
  59  41  41  41 18  41  58  39  65 13
  60  35  35  35 25  50  20  40  72 12
  60  35  35  35 35  35  25  35  77 12
  60  36  35  35 35  26  35  35  75 12
  60  40  40  40 40  40  20  40  83 13
  62  40  40  40 22  56  24  40  79 13
  62  57  57  48 14  80  49  49  80 16
  62  57  57  48 14  82  47  47  82 16
  63  39  40  23 56  39  24  39  80 13
  67  43  43  43 24  43  59  27  85 14
  69  59  10  80 48  51  51  48  80 16
  69  59  10  80 54  45  45  54  80 16
  69  59  10  86 42  51  51  42  86 16
  69  59  10  86 48  45  45  48  86 16
  71  57  14  80 50  47  31  66  80 16
  71  57  14  82 46  49  49  30  98 16
  72  46  46  46 26  46  46  62  75 15
  75  44  44  44 31  44  44  64  75 15
  77  53  53  53 53  51  26  53 108 17
  80  47  47  47 33  47  67  27 101 16
  85  49  49  49 49  36  49  76  85 17
  87  59  59  59 59  28  59  84  95 19
 106  67  67  67 67  39  67  67 135 22
 110  65  65  65 45  85  45  65 137 22
 110  65  65  65 65  45  65  65 137 22
 160 100 100 100 60 140  60 100 203 33
 238 119 119 196 42 240 147 147 240 48
 238 119 119 196 42 246 141 141 246 48

0 extreme rays of recession cone:

34 support hyperplanes of polyhedron (homogenized):
 -7 -7  3  3  3  3  3  3 3 -13
 -4  1  1  1  1  1  1  1 1  -6
 -3 -3 -3 -3 -3 -3  7  7 7 -17
 -3 -3 -3  2  2  2  2  2 2  -7
 -2 -2 -2 -2 -2  3  3  3 3  -8
 -1 -1 -1 -1 -1 -1 -1 -1 9 -19
 -1 -1 -1 -1 -1 -1 -1  4 4  -9
 -1 -1 -1 -1  1  1  1  1 1  -3
 -1 -1 -1  0  1  1  1  1 0   0
 -1 -1 -1  1  1  1  1  0 0   0
 -1 -1  0  0  0  1  1  1 0   0
 -1 -1  0  0  1  1  1  0 0   0
 -1 -1  0  1  1  1  0  0 0   0
 -1 -1  1  1  1  0  0  0 0   0
 -1  0  0  0  0  0  1  1 0   0
 -1  0  0  0  0  1  1  0 0   0
 -1  0  0  0  1  1  0  0 0   0
 -1  0  0  1  1  0  0  0 0   0
 -1  0  1  1  0  0  0  0 0   0
 -1  1  1  0  0  0  0  0 0   0
  0 -1 -1 -1 -1  1  1  1 1   0
  0 -1 -1 -1  0  0  1  1 1   0
  0 -1 -1  0  0  0  0  1 1   0
  0 -1  0  0  0  0  0  0 1   0
  0  0 -1 -1 -1  0  1  1 1   0
  0  0 -1 -1  0  0  0  1 1   0
  0  0 -1  0  0  0  0  0 1   0
  0  0  0 -1 -1 -1  1  1 1   0
  0  0  0 -1 -1  0  0  1 1   0
  0  0  0 -1  0  0  0  0 1   0
  0  0  0  0 -1 -1  0  1 1   0
  0  0  0  0 -1  0  0  0 1   0
  0  0  0  0  0 -1 -1  1 1   0
  0  0  0  0  0 -1  0  0 1   0

2 equations:
 1 0 -1 -2 -3 -4 -5 -6 -7   97
 0 1  2  3  4  5  6  7  8 -128

8 basis elements of generated  lattice:
 1 0 0 0 0 0 0  -8   7 0
 0 1 0 0 0 0 0  -7   6 0
 0 0 1 0 0 0 0  -6   5 0
 0 0 0 1 0 0 0  -5   4 0
 0 0 0 0 1 0 0  -4   3 0
 0 0 0 0 0 1 0  -3   2 0
 0 0 0 0 0 0 1  -2   1 0
 0 0 0 0 0 0 0 120 -89 1

