9 lattice points in polytope (module generators)
0 Hilbert basis elements of recession monoid
9 vertices of polyhedron
0 extreme rays of recession cone
9 support hyperplanes of polyhedron (homogenized)

embedding dimension = 11
affine dimension of the polyhedron = 8
rank of recession monoid = 0 (polyhedron is polytope)

dehomogenization:
0 0 0 0 0 0 0 0 0 0 1 


module rank = 9

***********************************************************************

9 lattice points in polytope (module generators):
 4 4 3 3 3 3 3 3 3 5 1
 5 2 4 3 3 3 3 3 3 5 1
 5 3 2 4 3 3 3 3 3 5 1
 5 3 3 2 4 3 3 3 3 5 1
 5 3 3 3 2 4 3 3 3 5 1
 5 3 3 3 3 2 4 3 3 5 1
 5 3 3 3 3 3 2 4 3 5 1
 5 3 3 3 3 3 3 2 4 5 1
 5 3 3 3 3 3 3 3 2 6 1

0 Hilbert basis elements of recession monoid:

9 vertices of polyhedron:
 4 4 3 3 3 3 3 3 3 5 1
 5 2 4 3 3 3 3 3 3 5 1
 5 3 2 4 3 3 3 3 3 5 1
 5 3 3 2 4 3 3 3 3 5 1
 5 3 3 3 2 4 3 3 3 5 1
 5 3 3 3 3 2 4 3 3 5 1
 5 3 3 3 3 3 2 4 3 5 1
 5 3 3 3 3 3 3 2 4 5 1
 5 3 3 3 3 3 3 3 2 6 1

0 extreme rays of recession cone:

9 support hyperplanes of polyhedron (homogenized):
 -107  40  35  30  25  20  15  10    5 0 0
  -53 -64 -75  66  55  44  33  22   11 0 0
  -13 -20 -27 -34  35  28  21  14    7 0 0
  -10 -11   7   6   5   4   3   2    1 0 0
    1 -16 -33 -50 -67  68  51  34   17 0 0
    7   2  -3  -8 -13 -18  15  10    5 0 0
   41  28  15   2 -11 -24 -37 -50   13 0 0
   55  32   9 -14 -37 -60 -83  46   23 0 0
  109  80  51  22  -7 -36 -65 -94 -123 0 0

2 equations:
 1 0 -1 -2 -3 -4 -5 -6 -7 -8  120
 0 1  2  3  4  5  6  7  8  9 -154

9 basis elements of generated  lattice:
 1 0 0 0 0 0 0 0  -9    8 0
 0 1 0 0 0 0 0 0  -8    7 0
 0 0 1 0 0 0 0 0  -7    6 0
 0 0 0 1 0 0 0 0  -6    5 0
 0 0 0 0 1 0 0 0  -5    4 0
 0 0 0 0 0 1 0 0  -4    3 0
 0 0 0 0 0 0 1 0  -3    2 0
 0 0 0 0 0 0 0 1  -2    1 0
 0 0 0 0 0 0 0 0 152 -118 1

