23 lattice points in polytope (module generators)
0 Hilbert basis elements of recession monoid
19 vertices of polyhedron
0 extreme rays of recession cone
12 support hyperplanes of polyhedron (homogenized)

embedding dimension = 6
affine dimension of the polyhedron = 3
rank of recession monoid = 0 (polyhedron is polytope)

dehomogenization:
0 0 0 0 0 1 


module rank = 23

***********************************************************************

23 lattice points in polytope (module generators):
 0 2 4 3 4 1
 0 3 2 4 4 1
 0 3 3 2 5 1
 0 4 1 3 5 1
 0 4 2 1 6 1
 0 5 0 2 6 1
 0 5 1 0 7 1
 1 1 3 4 4 1
 1 1 4 2 5 1
 1 1 5 0 6 1
 1 2 2 3 5 1
 1 2 3 1 6 1
 1 3 0 4 5 1
 1 3 1 2 6 1
 1 3 2 0 7 1
 1 4 0 1 7 1
 2 0 3 3 5 1
 2 0 4 1 6 1
 2 1 1 4 5 1
 2 1 2 2 6 1
 2 1 3 0 7 1
 2 2 0 3 6 1
 2 2 1 1 7 1

0 Hilbert basis elements of recession monoid:

19 vertices of polyhedron:
  0  2  4  3  4  1
  0  3  2  4  4  1
  0  4  9  4  9  2
  0  5  0  2  6  1
  0  5  1  0  7  1
  0  8  5  0 13  2
  0 21  0 22 22  5
  1  1  5  0  6  1
  1  4  0  1  7  1
  2  1 11  1 11  2
  2 13  2  0 22  3
  3  0  7  8  8  2
  3  0 11  0 12  2
  4  0 12 11 12  3
  4  0 17  1 17  3
  7  7  0 19 19  4
 17  0 17  0 44  6
 17 17  0 17 53  8
 21  0 21 44 44 10

0 extreme rays of recession cone:

12 support hyperplanes of polyhedron (homogenized):
 -1  0  1   1 0 0
 -1  1  1   0 0 0
  0  0  0   1 0 0
  0  0  1   0 0 0
  0  1  0   0 0 0
  1  0  0   0 0 0
  3 -2 10   5 0 0
 11  4 -3   7 0 0
 19 10  1  -8 0 0
 35  5 -8  13 0 0
 35 22 -8  -4 0 0
 35 22  9 -21 0 0

2 equations:
 1 0 -1 -2 -3  22
 0 1  2  3  4 -35

4 basis elements of generated  lattice:
 1 0 0 -4  3 0
 0 1 0 -3  2 0
 0 0 1 -2  1 0
 0 0 0 17 -4 1

