12 lattice points in polytope (module generators)
0 Hilbert basis elements of recession monoid
13 vertices of polyhedron
0 extreme rays of recession cone
9 support hyperplanes of polyhedron (homogenized)

embedding dimension = 7
affine dimension of the polyhedron = 4
rank of recession monoid = 0 (polyhedron is polytope)

dehomogenization:
0 0 0 0 0 0 1 


module rank = 12

***********************************************************************

12 lattice points in polytope (module generators):
 1 4 2 2 2 4 1
 2 2 3 2 2 4 1
 2 3 1 3 2 4 1
 2 3 2 1 3 4 1
 2 3 2 2 1 5 1
 3 0 4 2 2 4 1
 3 1 2 3 2 4 1
 3 1 3 1 3 4 1
 3 1 3 2 1 5 1
 3 2 1 2 3 4 1
 3 2 1 3 1 5 1
 3 2 2 1 2 5 1

0 Hilbert basis elements of recession monoid:

13 vertices of polyhedron:
  1  4  2  2 2  4 1
  2  3  2  2 1  5 1
  3  0  4  2 2  4 1
  3  1  2  3 2  4 1
  3  1  3  2 1  5 1
  3  2  1  2 3  4 1
  3  2  1  3 1  5 1
  3  2  2  1 2  5 1
  5  5  4  1 7  8 2
  6  3  5  1 7  8 2
  8  7  1 11 6 12 3
 13 11 11 10 3 27 5
 15  9  9 12 3 27 5

0 extreme rays of recession cone:

9 support hyperplanes of polyhedron (homogenized):
 -8 -13  15 10  5 0 0
 -6   4   3  2  1 0 0
 -1  -1   1  1  1 0 0
 -1   0   0  1  1 0 0
 -1   0   1  1  0 0 0
 -1   1   1  0  0 0 0
  2  -5 -12 14  7 0 0
  2   1   0 -1 -2 0 0
  4   1  -2 -5  3 0 0

2 equations:
 1 0 -1 -2 -3 -4  27
 0 1  2  3  4  5 -42

5 basis elements of generated  lattice:
 1 0 0 0 -5   4 0
 0 1 0 0 -4   3 0
 0 0 1 0 -3   2 0
 0 0 0 1 -2   1 0
 0 0 0 0 33 -18 1

