2 lattice points in polytope (module generators)
0 Hilbert basis elements of recession monoid
4 vertices of polyhedron
0 extreme rays of recession cone
4 support hyperplanes of polyhedron (homogenized)

embedding dimension = 5
affine dimension of the polyhedron = 2
rank of recession monoid = 0 (polyhedron is polytope)

dehomogenization:
0 0 0 0 1 


module rank = 2

***********************************************************************

2 lattice points in polytope (module generators):
 0 0 2 4 1
 0 1 0 5 1

0 Hilbert basis elements of recession monoid:

4 vertices of polyhedron:
 0 0 2  4 1
 0 1 0  5 1
 1 0 1 10 2
 2 2 0 26 5

0 extreme rays of recession cone:

4 support hyperplanes of polyhedron (homogenized):
 -1 1 1 0 0
  0 0 1 0 0
  0 1 0 0 0
  1 0 0 0 0

2 equations:
 1 0 -1 -2  10
 0 1  2  3 -16

3 basis elements of generated  lattice:
 1 0 1 10 2
 0 1 0  5 1
 0 0 2  4 1

