1 lattice points in polytope (module generators)
0 Hilbert basis elements of recession monoid
1 vertices of polyhedron
0 extreme rays of recession cone
1 support hyperplanes of polyhedron (homogenized)

embedding dimension = 3
affine dimension of the polyhedron = 0
rank of recession monoid = 0 (polyhedron is polytope)

dehomogenization:
0 0 1 


module rank = 1

***********************************************************************

1 lattice points in polytope (module generators):
 8 8 1

0 Hilbert basis elements of recession monoid:

1 vertices of polyhedron:
 8 8 1

0 extreme rays of recession cone:

1 support hyperplanes of polyhedron (homogenized):
 0 0 1

2 equations:
 1 0 -8
 0 1 -8

1 basis elements of generated  lattice:
 8 8 1

