119 lattice points in polytope (module generators)
0 Hilbert basis elements of recession monoid
129 vertices of polyhedron
0 extreme rays of recession cone
23 support hyperplanes of polyhedron (homogenized)

embedding dimension = 8
affine dimension of the polyhedron = 5
rank of recession monoid = 0 (polyhedron is polytope)

dehomogenization:
0 0 0 0 0 0 0 1 


module rank = 119

***********************************************************************

119 lattice points in polytope (module generators):
 2 5 3 3 4 3 5 1
 2 5 4 2 3 4 5 1
 2 6 2 3 4 2 6 1
 2 6 3 2 3 3 6 1
 3 3 3 5 3 3 5 1
 3 3 4 3 4 3 5 1
 3 3 4 4 2 4 5 1
 3 3 4 4 3 2 6 1
 3 3 5 1 5 3 5 1
 3 3 5 2 3 4 5 1
 3 3 5 2 4 2 6 1
 3 3 5 3 1 5 5 1
 3 3 5 3 2 3 6 1
 3 3 5 3 3 1 7 1
 3 4 2 4 4 3 5 1
 3 4 2 5 2 4 5 1
 3 4 2 5 3 2 6 1
 3 4 3 2 5 3 5 1
 3 4 3 3 3 4 5 1
 3 4 3 3 4 2 6 1
 3 4 3 4 1 5 5 1
 3 4 3 4 2 3 6 1
 3 4 3 4 3 1 7 1
 3 4 4 1 4 4 5 1
 3 4 4 1 5 2 6 1
 3 4 4 2 2 5 5 1
 3 4 4 2 3 3 6 1
 3 4 4 2 4 1 7 1
 3 4 4 3 1 4 6 1
 3 4 4 3 2 2 7 1
 3 5 1 3 5 3 5 1
 3 5 1 4 3 4 5 1
 3 5 1 4 4 2 6 1
 3 5 1 5 2 3 6 1
 3 5 1 5 3 1 7 1
 3 5 2 2 4 4 5 1
 3 5 2 2 5 2 6 1
 3 5 2 3 3 3 6 1
 3 5 2 3 4 1 7 1
 3 5 2 4 2 2 7 1
 3 5 3 0 5 4 5 1
 3 5 3 0 6 2 6 1
 3 5 3 1 4 3 6 1
 4 1 5 3 4 3 5 1
 4 1 5 4 2 4 5 1
 4 1 6 2 4 2 6 1
 4 1 6 3 2 3 6 1
 4 2 3 4 4 3 5 1
 4 2 3 5 2 4 5 1
 4 2 3 5 3 2 6 1
 4 2 4 2 5 3 5 1
 4 2 4 3 3 4 5 1
 4 2 4 3 4 2 6 1
 4 2 4 4 1 5 5 1
 4 2 4 4 2 3 6 1
 4 2 4 4 3 1 7 1
 4 2 5 1 4 4 5 1
 4 2 5 1 5 2 6 1
 4 2 5 2 2 5 5 1
 4 2 5 2 3 3 6 1
 4 2 5 2 4 1 7 1
 4 2 5 3 1 4 6 1
 4 2 5 3 2 2 7 1
 4 3 2 3 5 3 5 1
 4 3 2 4 3 4 5 1
 4 3 2 4 4 2 6 1
 4 3 2 5 1 5 5 1
 4 3 2 5 2 3 6 1
 4 3 2 5 3 1 7 1
 4 3 3 2 4 4 5 1
 4 3 3 2 5 2 6 1
 4 3 3 3 2 5 5 1
 4 3 3 3 3 3 6 1
 4 3 3 3 4 1 7 1
 4 3 3 4 1 4 6 1
 4 3 3 4 2 2 7 1
 4 3 4 0 5 4 5 1
 4 3 4 0 6 2 6 1
 4 3 4 1 3 5 5 1
 4 3 4 1 4 3 6 1
 4 3 4 1 5 1 7 1
 4 3 4 2 2 4 6 1
 4 3 4 2 3 2 7 1
 4 3 4 3 1 3 7 1
 4 4 0 5 3 4 5 1
 4 4 0 6 2 3 6 1
 4 4 1 3 4 4 5 1
 4 4 1 3 5 2 6 1
 4 4 1 4 3 3 6 1
 4 4 1 4 4 1 7 1
 4 4 1 5 2 2 7 1
 4 4 2 2 4 3 6 1
 4 4 2 2 5 1 7 1
 4 4 2 3 3 2 7 1
 5 0 5 2 5 3 5 1
 5 0 5 3 3 4 5 1
 5 0 5 3 4 2 6 1
 5 0 5 4 1 5 5 1
 5 0 5 4 2 3 6 1
 5 0 6 1 5 2 6 1
 5 0 6 2 3 3 6 1
 5 0 6 2 4 1 7 1
 5 1 4 2 4 4 5 1
 5 1 4 2 5 2 6 1
 5 1 4 3 2 5 5 1
 5 1 4 3 3 3 6 1
 5 1 4 3 4 1 7 1
 5 1 4 4 1 4 6 1
 5 1 5 0 5 4 5 1
 5 1 5 0 6 2 6 1
 5 1 5 1 4 3 6 1
 5 1 5 1 5 1 7 1
 5 1 5 2 3 2 7 1
 5 2 3 2 3 5 5 1
 5 2 3 2 4 3 6 1
 5 2 3 2 5 1 7 1
 5 2 3 3 2 4 6 1
 5 2 3 3 3 2 7 1
 5 2 4 1 4 2 7 1

0 Hilbert basis elements of recession monoid:

129 vertices of polyhedron:
   2   6   3   2   3   3   6  1
   3   3   3   5   3   3   5  1
   3   3   5   1   5   3   5  1
   3   3   5   3   1   5   5  1
   3   3   5   3   3   1   7  1
   3   5   1   3   5   3   5  1
   3   5   1   5   3   1   7  1
   3   5   2   4   2   2   7  1
   3   5   3   0   5   4   5  1
   3   5   3   0   6   2   6  1
   4   2   5   2   2   5   5  1
   4   3   4   3   1   3   7  1
   4   4   0   5   3   4   5  1
   4   4   0   6   2   3   6  1
   5   0   5   2   5   3   5  1
   5   0   5   3   4   2   6  1
   5   0   5   4   1   5   5  1
   5   0   5   4   2   3   6  1
   5   0   6   1   5   2   6  1
   5   0   6   2   3   3   6  1
   5   0   6   2   4   1   7  1
   5   1   4   4   1   4   6  1
   5   1   5   0   5   4   5  1
   5   1   5   0   6   2   6  1
   5   2   3   2   3   5   5  1
   5   2   4   1   4   2   7  1
   5   6  10   6   7   6  10  2
   5  10   7   1  10   7  10  2
   5  10   7   4   4  10  10  2
   5  11   5   2  11   5  11  2
   6   7   9   6   6   1  15  2
   6   9   4   9   2  10  10  2
   6   9   7   6   2   7  13  2
   6  10   1  10   5   8  10  2
   6  10   1  11   4   7  11  2
   6  10   3   9   6   1  15  2
   7   5  10   6   6   1  15  2
   7   8   3  10   2  10  10  2
   7   9   0  10   7   7  10  2
   7   9   0  12   5   5  12  2
   7   9   2  10   6   1  15  2
   7   9   6   1   9   6  12  2
   7  10  14  10  10   9  15  3
   7  15   9   5  15   9  15  3
   8   7   7   1   7  10  10  2
   8   8   0   9   8   7  10  2
   8   8   0  12   5   4  13  2
   9   3   6  10   6   3  13  2
   9   4   5   6  10   6  10  2
   9   4   5  10   2  10  10  2
   9   7   2   7   9   2  14  2
   9   7   2   8   8   1  15  2
   9   7  15  11   7  11  15  3
   9   7  17   7  11   7  17  3
   9   7  17   9   7   9  17  3
   9  14   4  15   4  14  15  3
  10   0  11   7   3   7  12  2
  10   0  12   5   5   5  13  2
  10   5   5   5   5   8  12  2
  10   9  14   9   9   1  23  3
  10  14   4  14   9   1  23  3
  10  20  11  14   5  20  20  4
  11  11  11   9   2  11  20  3
  11  13   3   8  16   8  16  3
  11  13   5  13   6   5  22  3
  11  19  25  13  13  19  25  5
  11  25   9  23  17  15  25  5
  11  25  19  13   7  25  25  5
  11  29   5  23  17  11  29  5
  13  10  10   3  10  10  19  3
  13  27  15   1  27  15  27  5
  13  35  21  25  25  21  35  7
  13  35  29  17  17  29  35  7
  13  43  13  25  25  13  43  7
  13  43  20  18  18  20  43  7
  14  10   4  10  13   1  23  3
  15   1  14  10  11   4  20  3
  15   1  17   1  17   7  17  3
  15   4  11   4  15  11  15  3
  15   4  11   4  17   7  17  3
  15   4  14   4  14   1  23  3
  15   5  13   2  16   2  22  3
  15   5  13   5  10   5  22  3
  15   7   8   7  14   1  23  3
  15   8   8   7   8   8  21  3
  15  25   1  25  17  17  25  5
  15  25   1  29  13  13  29  5
  15  41  15  24  24   8  48  7
  17  15   2  15  15  16  20  4
  17  15   2  22   8   9  27  4
  18   3  15  17  15  12  20  4
  18   3  15  20   9  15  20  4
  19   0  20  12  17  12  20  4
  19   0  20  17   7  17  20  4
  19   0  25   7  17   7  25  4
  19   0  25  12   7  12  25  4
  19  11   8  11  11  20  20  4
  19  21   3  16  25  16  25  5
  20  10  10  13   7  13  27  4
  22  13  31  18   4  31  31  6
  22  42   5  42  17  30  42  8
  24   0  24  16  21  15  25  5
  24   0  24  22   9  21  25  5
  24  33  31  24   2  43  43  8
  25  14  11  14  14  11  36  5
  26   7  19  30  19  19  30  6
  26  85  43  34  34  43  85 14
  27  16  11  16  32  16  32  6
  28  50  11  50  17  44  50 10
  29  19  10  19  19  10  44  6
  29  31  61  31  31  31  61 11
  31  41  65  41  41  41  65 13
  31  65  17  65  41  41  65 13
  38  47  47  36   2  65  65 12
  41  39   2  39  45  34  50 10
  41  39   2  58  26  15  69 10
  43  32  11  32  50  32  50 10
  43  32  11  50  14  50  50 10
  49 103   7 103  55  55 103 19
  53  43  43  43  10  43  90 13
  55  29  29  29  26  29  78 11
  60  21  39  76  39  39  76 14
  63  63   0  80  57  57  80 16
  63  63   0  98  39  39  98 16
  64 143 101  74  32 143 143 28
  82  41  41  74   8  74 105 17
  97  64  33 114  14 114 114 22
 170  85  85 164   6 195 195 36
 226 113 113 113 113 236 236 46

0 extreme rays of recession cone:

23 support hyperplanes of polyhedron (homogenized):
 -5 -5  3  3  3  3 3 -11
 -3 -3 -3 -3  5  5 5 -13
 -3  1  1  1  1  1 1  -5
 -1 -1 -1 -1 -1 -1 7 -15
 -1 -1 -1 -1 -1  3 3  -7
 -1 -1 -1  1  1  1 1  -3
 -1 -1  0  1  1  1 0   0
 -1 -1  1  1  1  0 0   0
 -1  0  0  0  1  1 0   0
 -1  0  0  1  1  0 0   0
 -1  0  1  1  0  0 0   0
 -1  1  1  0  0  0 0   0
  0 -1 -1 -1  1  1 1   0
  0 -1 -1  0  0  1 1   0
  0 -1  0  0  0  0 1   0
  0  0 -1 -1  0  1 1   0
  0  0 -1  0  0  0 1   0
  0  0  0 -1 -1  1 1   0
  0  0  0 -1  0  0 1   0
  0  0  0  0 -1  0 1   0
  0  0  0  0  0 -1 1   0
  0  0  1  0  0  0 0   0
  0  1  0  0  0  0 0   0

2 equations:
 1 0 -1 -2 -3 -4 -5  56
 0 1  2  3  4  5  6 -81

6 basis elements of generated  lattice:
 1 0 0 0 0 -6   5 0
 0 1 0 0 0 -5   4 0
 0 0 1 0 0 -4   3 0
 0 0 0 1 0 -3   2 0
 0 0 0 0 1 -2   1 0
 0 0 0 0 0 69 -44 1

