27 lattice points in polytope (module generators)
0 Hilbert basis elements of recession monoid
94 vertices of polyhedron
0 extreme rays of recession cone
22 support hyperplanes of polyhedron (homogenized)

embedding dimension = 8
affine dimension of the polyhedron = 5
rank of recession monoid = 0 (polyhedron is polytope)

dehomogenization:
0 0 0 0 0 0 0 1 


module rank = 27

***********************************************************************

27 lattice points in polytope (module generators):
 0 0 1 3 1 1 3 1
 0 0 2 1 2 1 3 1
 0 0 2 2 0 2 3 1
 0 0 2 2 1 0 4 1
 0 0 3 0 1 2 3 1
 0 0 3 0 2 0 4 1
 0 0 3 1 0 1 4 1
 0 1 0 2 2 1 3 1
 0 1 0 3 0 2 3 1
 0 1 0 3 1 0 4 1
 0 1 1 0 3 1 3 1
 0 1 1 1 1 2 3 1
 0 1 1 1 2 0 4 1
 0 1 1 2 0 1 4 1
 0 1 2 0 0 3 3 1
 0 1 2 0 1 1 4 1
 0 1 2 1 0 0 5 1
 0 2 0 0 2 2 3 1
 0 2 0 0 3 0 4 1
 0 2 0 1 1 1 4 1
 0 2 0 2 0 0 5 1
 1 0 1 0 2 2 3 1
 1 0 1 0 3 0 4 1
 1 0 1 1 0 3 3 1
 1 0 1 1 1 1 4 1
 1 0 2 0 1 0 5 1
 1 1 0 1 1 0 5 1

0 Hilbert basis elements of recession monoid:

94 vertices of polyhedron:
  0  0  1  3  1   1   3  1
  0  0  2  2  0   2   3  1
  0  0  2  2  1   0   4  1
  0  0  3  0  1   2   3  1
  0  0  3  0  2   0   4  1
  0  0  3  1  0   1   4  1
  0  0  5  0  5   2   6  2
  0  0  6  1  0   5   6  2
  0  0  6  2  1   0   9  2
  0  1  0  2  2   1   3  1
  0  1  0  3  0   2   3  1
  0  1  0  3  1   0   4  1
  0  1  1  0  3   1   3  1
  0  1  2  0  0   3   3  1
  0  1  2  1  0   0   5  1
  0  2  0  0  2   2   3  1
  0  2  0  0  3   0   4  1
  0  2  0  2  0   0   5  1
  0  3  0  1  6   2   6  2
  0  3  2  1  0   6   6  2
  0  3  3  0  0   5   7  2
  0  4  1  0  4   0   9  2
  0  4  5  0  4   0  14  3
  0  5  0  5  0   8   9  3
  0  5  0 21  8   8  21  7
  0  5  0 23  6   6  23  7
  0  5  4  1  0   4  13  3
  0  6  2  0  4   2  13  3
  0  6  5  0  1  12  12  4
  0  7  0  0 12   5  12  4
  0  7  0  0 13   3  13  4
  0  7  5  0  2   5  17  4
  0 23 23  0  0  49  49 16
  1  0  1  0  2   2   3  1
  1  0  1  0  3   0   4  1
  1  0  1  1  0   3   3  1
  1  0  1  4  4   2   6  2
  1  0  1  6  0   4   6  2
  1  0  1  6  2   0   8  2
  1  0  2  0  1   0   5  1
  1  0  3  0  6   2   6  2
  1  0  8  0  1   8   9  3
  1  0  8  3  0   1  14  3
  1  0 11  1  0  11  12  4
  1  0 11  4  1   0  19  4
  1  1  0  1  1   0   5  1
  1  1  0  3  5   2   6  2
  1  1  0  5  3   0   8  2
  1  2  2  0  1   6   6  2
  1  3  1  0  3   1   9  2
  1  4  4  0  1   4  13  3
  2  0  2  8  2   0  13  3
  2  0  3  2  0   2   9  2
  2  0  7  2  0   2  14  3
  2  1  1  1  1   6   6  2
  2  1  1  2  0   5   7  2
  2  2  0  8  0   2  13  3
  2  8  2  0 10   0  23  5
  2 11 11  2  0  11  35  8
  3  0  3  2 12   4  12  4
  3  0  3  4  3   0  14  3
  3  0  3  5  0   3  13  3
  3  0  4  0  3   8   9  3
  3  2  2  3  0   3  14  3
  3  2  3  0  3   2  14  3
  3  3  0  3 11   0  16  4
  3  3  0  4 15   5  15  5
  3  3  0 22  0  13  22  7
  4  0  4 12  0   4  21  5
  4  1  4  0  4  11  12  4
  4  4  0 20  4   0  31  7
  4  4  0 27  0  19  27  9
  4  4 13  4  0   4  34  7
  5  0  5 42 16  16  42 14
  5  0  5 46 12  12  46 14
  5  4  1  8  0  18  18  6
  5  5  0  5  5  16  18  6
  5  5  0 48 19  19  48 16
  5  5  0 54 13  13  54 16
  6  6  0 44 13   0  57 14
  7  0  7  0 24  10  24  8
  7  0  7  0 26   6  26  8
  7  4  7  0 11   0  34  7
  7  5  2 10  0   7  32  7
  7  7  0  7 33  12  33 11
  7  7  0  7 34  10  34 11
  8  8  0 16  0   8  41  9
  8  8  8  0  8   8  41  9
  9  7  7  2  7   7  42  9
 10 10  0 20  0  38  39 13
 10 10 10  0 10  38  39 13
 11  8  8  8  3   8  53 11
 16 16 16 16  0  16  91 19
 46 23 23 46  0 147 147 48

0 extreme rays of recession cone:

22 support hyperplanes of polyhedron (homogenized):
 -10  5  4  3   2   1 0 0
  -2 -3  4  3   2   1 0 0
  -1 -1  0  1   1   1 0 0
  -1 -1  1  1   1   0 0 0
  -1  0  0  0   1   1 0 0
  -1  0  0  1   1   0 0 0
  -1  0  1  1   0   0 0 0
  -1  1  1  0   0   0 0 0
   0  0  0  0   0   1 0 0
   0  0  0  0   1   0 0 0
   0  0  0  1   0   0 0 0
   0  0  1  0   0   0 0 0
   0  1  0  0   0   0 0 0
   1  0  0  0   0   0 0 0
   2 -1 -4  9   6   3 0 0
   2  1  0 -1   2   1 0 0
  10  7  4  1  -2  -5 0 0
  14  9  4 -1  -6   5 0 0
  38 29 20 -5 -14   9 0 0
  38 29 20 -5   2  -7 0 0
  38 29 20 11 -14  -7 0 0
  38 29 20 11   2 -23 0 0

2 equations:
 1 0 -1 -2 -3 -4 -5  29
 0 1  2  3  4  5  6 -38

6 basis elements of generated  lattice:
 1 0 0 0 0 -6  5 0
 0 1 0 0 0 -5  4 0
 0 0 1 0 0 -4  3 0
 0 0 0 1 0 -3  2 0
 0 0 0 0 1 -2  1 0
 0 0 0 0 0 16 -7 1

