171 lattice points in polytope (module generators)
0 Hilbert basis elements of recession monoid
2122 vertices of polyhedron
0 extreme rays of recession cone
42 support hyperplanes of polyhedron (homogenized)

embedding dimension = 11
affine dimension of the polyhedron = 8
rank of recession monoid = 0 (polyhedron is polytope)

dehomogenization:
0 0 0 0 0 0 0 0 0 0 1 


module rank = 171

***********************************************************************

171 lattice points in polytope (module generators):
 0 0 1 3 1 1 1 1 1 3 1
 0 0 2 1 2 1 1 1 1 3 1
 0 0 2 2 0 2 1 1 1 3 1
 0 0 2 2 1 0 2 1 1 3 1
 0 0 2 2 1 1 0 2 1 3 1
 0 0 2 2 1 1 1 0 2 3 1
 0 0 2 2 1 1 1 1 0 4 1
 0 0 3 0 1 2 1 1 1 3 1
 0 0 3 0 2 0 2 1 1 3 1
 0 0 3 0 2 1 0 2 1 3 1
 0 0 3 0 2 1 1 0 2 3 1
 0 0 3 0 2 1 1 1 0 4 1
 0 0 3 1 0 1 2 1 1 3 1
 0 0 3 1 0 2 0 2 1 3 1
 0 0 3 1 0 2 1 0 2 3 1
 0 0 3 1 0 2 1 1 0 4 1
 0 0 3 1 1 0 1 2 1 3 1
 0 0 3 1 1 0 2 0 2 3 1
 0 0 3 1 1 0 2 1 0 4 1
 0 0 3 1 1 1 0 1 2 3 1
 0 0 3 1 1 1 0 2 0 4 1
 0 0 3 1 1 1 1 0 1 4 1
 0 1 0 2 2 1 1 1 1 3 1
 0 1 0 3 0 2 1 1 1 3 1
 0 1 0 3 1 0 2 1 1 3 1
 0 1 0 3 1 1 0 2 1 3 1
 0 1 0 3 1 1 1 0 2 3 1
 0 1 0 3 1 1 1 1 0 4 1
 0 1 1 0 3 1 1 1 1 3 1
 0 1 1 1 1 2 1 1 1 3 1
 0 1 1 1 2 0 2 1 1 3 1
 0 1 1 1 2 1 0 2 1 3 1
 0 1 1 1 2 1 1 0 2 3 1
 0 1 1 1 2 1 1 1 0 4 1
 0 1 1 2 0 1 2 1 1 3 1
 0 1 1 2 0 2 0 2 1 3 1
 0 1 1 2 0 2 1 0 2 3 1
 0 1 1 2 0 2 1 1 0 4 1
 0 1 1 2 1 0 1 2 1 3 1
 0 1 1 2 1 0 2 0 2 3 1
 0 1 1 2 1 0 2 1 0 4 1
 0 1 1 2 1 1 0 1 2 3 1
 0 1 1 2 1 1 0 2 0 4 1
 0 1 1 2 1 1 1 0 1 4 1
 0 1 2 0 0 3 1 1 1 3 1
 0 1 2 0 1 1 2 1 1 3 1
 0 1 2 0 1 2 0 2 1 3 1
 0 1 2 0 1 2 1 0 2 3 1
 0 1 2 0 1 2 1 1 0 4 1
 0 1 2 0 2 0 1 2 1 3 1
 0 1 2 0 2 0 2 0 2 3 1
 0 1 2 0 2 0 2 1 0 4 1
 0 1 2 0 2 1 0 1 2 3 1
 0 1 2 0 2 1 0 2 0 4 1
 0 1 2 0 2 1 1 0 1 4 1
 0 1 2 1 0 0 3 1 1 3 1
 0 1 2 1 0 1 1 2 1 3 1
 0 1 2 1 0 1 2 0 2 3 1
 0 1 2 1 0 1 2 1 0 4 1
 0 1 2 1 0 2 0 1 2 3 1
 0 1 2 1 0 2 0 2 0 4 1
 0 1 2 1 0 2 1 0 1 4 1
 0 1 2 1 1 0 1 1 2 3 1
 0 1 2 1 1 0 1 2 0 4 1
 0 1 2 1 1 0 2 0 1 4 1
 0 1 2 1 1 1 0 1 1 4 1
 0 2 0 0 2 2 1 1 1 3 1
 0 2 0 0 3 0 2 1 1 3 1
 0 2 0 0 3 1 0 2 1 3 1
 0 2 0 0 3 1 1 0 2 3 1
 0 2 0 0 3 1 1 1 0 4 1
 0 2 0 1 1 1 2 1 1 3 1
 0 2 0 1 1 2 0 2 1 3 1
 0 2 0 1 1 2 1 0 2 3 1
 0 2 0 1 1 2 1 1 0 4 1
 0 2 0 1 2 0 1 2 1 3 1
 0 2 0 1 2 0 2 0 2 3 1
 0 2 0 1 2 0 2 1 0 4 1
 0 2 0 1 2 1 0 1 2 3 1
 0 2 0 1 2 1 0 2 0 4 1
 0 2 0 1 2 1 1 0 1 4 1
 0 2 0 2 0 0 3 1 1 3 1
 0 2 0 2 0 1 1 2 1 3 1
 0 2 0 2 0 1 2 0 2 3 1
 0 2 0 2 0 1 2 1 0 4 1
 0 2 0 2 0 2 0 1 2 3 1
 0 2 0 2 0 2 0 2 0 4 1
 0 2 0 2 0 2 1 0 1 4 1
 0 2 0 2 1 0 1 1 2 3 1
 0 2 0 2 1 0 1 2 0 4 1
 0 2 0 2 1 0 2 0 1 4 1
 0 2 0 2 1 1 0 1 1 4 1
 0 2 1 0 1 1 1 2 1 3 1
 0 2 1 0 1 1 2 0 2 3 1
 0 2 1 0 1 1 2 1 0 4 1
 0 2 1 0 1 2 0 1 2 3 1
 0 2 1 0 1 2 0 2 0 4 1
 0 2 1 0 1 2 1 0 1 4 1
 0 2 1 0 2 0 1 1 2 3 1
 0 2 1 0 2 0 1 2 0 4 1
 0 2 1 0 2 0 2 0 1 4 1
 0 2 1 0 2 1 0 1 1 4 1
 0 2 1 1 0 1 1 1 2 3 1
 0 2 1 1 0 1 1 2 0 4 1
 0 2 1 1 0 1 2 0 1 4 1
 0 2 1 1 0 2 0 1 1 4 1
 0 2 1 1 1 0 1 1 1 4 1
 1 0 1 0 2 2 1 1 1 3 1
 1 0 1 0 3 0 2 1 1 3 1
 1 0 1 0 3 1 0 2 1 3 1
 1 0 1 0 3 1 1 0 2 3 1
 1 0 1 0 3 1 1 1 0 4 1
 1 0 1 1 0 3 1 1 1 3 1
 1 0 1 1 1 1 2 1 1 3 1
 1 0 1 1 1 2 0 2 1 3 1
 1 0 1 1 1 2 1 0 2 3 1
 1 0 1 1 1 2 1 1 0 4 1
 1 0 1 1 2 0 1 2 1 3 1
 1 0 1 1 2 0 2 0 2 3 1
 1 0 1 1 2 0 2 1 0 4 1
 1 0 1 1 2 1 0 1 2 3 1
 1 0 1 1 2 1 0 2 0 4 1
 1 0 1 1 2 1 1 0 1 4 1
 1 0 1 2 0 1 1 2 1 3 1
 1 0 1 2 0 1 2 0 2 3 1
 1 0 1 2 0 1 2 1 0 4 1
 1 0 1 2 0 2 0 1 2 3 1
 1 0 1 2 0 2 0 2 0 4 1
 1 0 1 2 0 2 1 0 1 4 1
 1 0 1 2 1 0 1 1 2 3 1
 1 0 1 2 1 0 1 2 0 4 1
 1 0 1 2 1 0 2 0 1 4 1
 1 0 1 2 1 1 0 1 1 4 1
 1 0 2 0 1 0 3 1 1 3 1
 1 0 2 0 1 1 1 2 1 3 1
 1 0 2 0 1 1 2 0 2 3 1
 1 0 2 0 1 1 2 1 0 4 1
 1 0 2 0 1 2 0 1 2 3 1
 1 0 2 0 1 2 0 2 0 4 1
 1 0 2 0 1 2 1 0 1 4 1
 1 0 2 0 2 0 1 1 2 3 1
 1 0 2 0 2 0 1 2 0 4 1
 1 0 2 0 2 0 2 0 1 4 1
 1 0 2 0 2 1 0 1 1 4 1
 1 0 2 1 0 1 1 1 2 3 1
 1 0 2 1 0 1 1 2 0 4 1
 1 0 2 1 0 1 2 0 1 4 1
 1 0 2 1 0 2 0 1 1 4 1
 1 0 2 1 1 0 1 1 1 4 1
 1 1 0 1 1 0 3 1 1 3 1
 1 1 0 1 1 1 1 2 1 3 1
 1 1 0 1 1 1 2 0 2 3 1
 1 1 0 1 1 1 2 1 0 4 1
 1 1 0 1 1 2 0 1 2 3 1
 1 1 0 1 1 2 0 2 0 4 1
 1 1 0 1 1 2 1 0 1 4 1
 1 1 0 1 2 0 1 1 2 3 1
 1 1 0 1 2 0 1 2 0 4 1
 1 1 0 1 2 0 2 0 1 4 1
 1 1 0 1 2 1 0 1 1 4 1
 1 1 0 2 0 1 1 1 2 3 1
 1 1 0 2 0 1 1 2 0 4 1
 1 1 0 2 0 1 2 0 1 4 1
 1 1 0 2 0 2 0 1 1 4 1
 1 1 0 2 1 0 1 1 1 4 1
 1 1 1 0 1 1 1 1 2 3 1
 1 1 1 0 1 1 1 2 0 4 1
 1 1 1 0 1 1 2 0 1 4 1
 1 1 1 0 1 2 0 1 1 4 1
 1 1 1 0 2 0 1 1 1 4 1
 1 1 1 1 0 1 1 1 1 4 1

0 Hilbert basis elements of recession monoid:

2122 vertices of polyhedron:
  0  0  1  3  1   1  1  1  1   3  1
  0  0  2  2  0   2  1  1  1   3  1
  0  0  2  2  1   0  2  1  1   3  1
  0  0  2  2  1   1  0  2  1   3  1
  0  0  2  2  1   1  1  0  2   3  1
  0  0  2  2  1   1  1  1  0   4  1
  0  0  3  0  1   2  1  1  1   3  1
  0  0  3  0  2   0  2  1  1   3  1
  0  0  3  0  2   1  0  2  1   3  1
  0  0  3  0  2   1  1  0  2   3  1
  0  0  3  0  2   1  1  1  0   4  1
  0  0  3  1  0   1  2  1  1   3  1
  0  0  3  1  0   2  0  2  1   3  1
  0  0  3  1  0   2  1  0  2   3  1
  0  0  3  1  0   2  1  1  0   4  1
  0  0  3  1  1   0  1  2  1   3  1
  0  0  3  1  1   0  2  0  2   3  1
  0  0  3  1  1   0  2  1  0   4  1
  0  0  3  1  1   1  0  1  2   3  1
  0  0  3  1  1   1  0  2  0   4  1
  0  0  3  1  1   1  1  0  1   4  1
  0  0  5  0  5   2  2  2  2   6  2
  0  0  6  1  0   5  2  2  2   6  2
  0  0  6  2  1   0  5  2  2   6  2
  0  0  8  4  3   3  2  0  7   9  3
  0  0  9  2  4   3  2  0  7   9  3
  0  0 14  6  5   3  0 12  5  15  5
  0  0 19  8  8   7  7  5  0  30  7
  0  0 21  6  6   9  7  5  0  30  7
  0  1  0  2  2   1  1  1  1   3  1
  0  1  0  3  0   2  1  1  1   3  1
  0  1  0  3  1   0  2  1  1   3  1
  0  1  0  3  1   1  0  2  1   3  1
  0  1  0  3  1   1  1  0  2   3  1
  0  1  0  3  1   1  1  1  0   4  1
  0  1  1  0  3   1  1  1  1   3  1
  0  1  2  0  0   3  1  1  1   3  1
  0  1  2  0  2   0  1  2  1   3  1
  0  1  2  0  2   0  2  0  2   3  1
  0  1  2  0  2   0  2  1  0   4  1
  0  1  2  0  2   1  0  2  0   4  1
  0  1  2  0  2   1  1  0  1   4  1
  0  1  2  1  0   0  3  1  1   3  1
  0  1  2  1  0   2  0  1  2   3  1
  0  1  2  1  0   2  0  2  0   4  1
  0  1  2  1  0   2  1  0  1   4  1
  0  1  2  1  1   0  1  1  2   3  1
  0  1  2  1  1   0  1  2  0   4  1
  0  1  2  1  1   0  2  0  1   4  1
  0  1  2  1  1   1  0  1  1   4  1
  0  2  0  0  2   2  1  1  1   3  1
  0  2  0  0  3   0  2  1  1   3  1
  0  2  0  0  3   1  0  2  1   3  1
  0  2  0  0  3   1  1  0  2   3  1
  0  2  0  0  3   1  1  1  0   4  1
  0  2  0  1  1   2  0  2  1   3  1
  0  2  0  1  1   2  1  0  2   3  1
  0  2  0  1  1   2  1  1  0   4  1
  0  2  0  1  2   0  2  0  2   3  1
  0  2  0  1  2   0  2  1  0   4  1
  0  2  0  1  2   1  0  1  2   3  1
  0  2  0  1  2   1  0  2  0   4  1
  0  2  0  1  2   1  1  0  1   4  1
  0  2  0  2  0   0  3  1  1   3  1
  0  2  0  2  0   1  1  2  1   3  1
  0  2  0  2  0   1  2  0  2   3  1
  0  2  0  2  0   1  2  1  0   4  1
  0  2  0  2  0   2  0  1  2   3  1
  0  2  0  2  0   2  0  2  0   4  1
  0  2  0  2  0   2  1  0  1   4  1
  0  2  0  2  1   0  1  1  2   3  1
  0  2  0  2  1   0  1  2  0   4  1
  0  2  0  2  1   0  2  0  1   4  1
  0  2  0  2  1   1  0  1  1   4  1
  0  2  1  0  1   1  1  2  1   3  1
  0  2  1  0  1   1  2  0  2   3  1
  0  2  1  0  1   1  2  1  0   4  1
  0  2  1  0  1   2  0  1  2   3  1
  0  2  1  0  1   2  0  2  0   4  1
  0  2  1  0  1   2  1  0  1   4  1
  0  2  1  0  2   0  1  1  2   3  1
  0  2  1  0  2   0  1  2  0   4  1
  0  2  1  0  2   0  2  0  1   4  1
  0  2  1  0  2   1  0  1  1   4  1
  0  2  1  1  0   1  1  1  2   3  1
  0  2  1  1  0   1  1  2  0   4  1
  0  2  1  1  0   1  2  0  1   4  1
  0  2  1  1  0   2  0  1  1   4  1
  0  2  1  1  1   0  1  1  1   4  1
  0  3  0  1  6   2  2  2  2   6  2
  0  3  0  5  0   4  0  4  2   6  2
  0  3  0  5  0   4  2  0  4   6  2
  0  3  0  5  0   4  2  2  0   8  2
  0  3  0  5  2   0  4  0  4   6  2
  0  3  0  5  2   0  4  2  0   8  2
  0  3  0  5  2   1  0  5  2   6  2
  0  3  0  5  2   2  0  4  0   8  2
  0  3  0  5  2   2  1  0  5   6  2
  0  3  0  5  2   2  2  0  2   8  2
  0  3  2  1  0   6  2  2  2   6  2
  0  3  2  3  2   0  3  0  5   6  2
  0  3  2  3  2   2  1  0  3   8  2
  0  3  3  0  0   5  3  2  2   6  2
  0  3  3  0  0   6  1  3  2   6  2
  0  3  3  0  0   6  2  1  3   6  2
  0  3  3  0  0   6  2  2  1   7  2
  0  3  3  0  3   3  2  1  0   9  2
  0  3  3  0  4   2  0  1  5   6  2
  0  3  3  1  3   0  3  0  5   6  2
  0  3  3  1  3   2  1  0  3   8  2
  0  3  3  2  0   1  3  4  2   6  2
  0  3  3  2  0   1  5  0  4   6  2
  0  3  3  2  0   1  5  2  0   8  2
  0  4  0  3  3   0  1  5  2   6  2
  0  4  0  4  0   4  1  0  5   6  2
  0  4  0  4  1   0  3  4  2   6  2
  0  4  0  4  1   0  5  0  4   6  2
  0  4  0  4  1   0  5  2  0   8  2
  0  4  0  4  1   3  0  1  5   6  2
  0  4  0 15  5   5  6  5  5  15  5
  0  4  0 15  5   6  4  6  5  15  5
  0  4  0 15  6   4  6  4  6  15  5
  0  4  0 15  6   5  4  5  6  15  5
  0  4  0 16  4   5  6  5  4  16  5
  0  4  0 16  4   6  4  6  4  16  5
  0  4  0 16  5   4  6  4  5  16  5
  0  4  0 16  5   5  4  5  5  16  5
  0  4  1  0  3   4  0  4  2   6  2
  0  4  1  0  3   4  2  0  4   6  2
  0  4  1  0  3   4  2  2  0   8  2
  0  4  1  0  4   0  5  2  2   6  2
  0  4  1  0  5   0  4  0  4   6  2
  0  4  1  0  5   0  4  2  0   8  2
  0  4  1  0  5   2  0  2  4   6  2
  0  4  1  0  5   2  0  4  0   8  2
  0  4  1  0  5   2  2  0  2   8  2
  0  4  1  3  0   1  3  4  2   6  2
  0  4  1  3  0   1  5  0  4   6  2
  0  4  1  3  0   1  5  2  0   8  2
  0  4  1  3  0   4  0  1  5   6  2
  0  4  1  3  1   3  1  0  3   8  2
  0  4  2  0  2   4  1  0  5   6  2
  0  4  2  0  3   2  3  1  0   9  2
  0  4  2  0  3   3  0  1  5   6  2
  0  4  2  1  1   4  0  1  5   6  2
  0  4  2  1  2   1  3  0  5   6  2
  0  4  2  1  2   3  1  0  3   8  2
  0  4  3  4  4   3  3  1  0  14  3
  0  4  3  5  3   3  0  1  8   9  3
  0  4  5  0  4   0  8  3  3   9  3
  0  4  5  0  6   3  1  0  8   9  3
  0  4  5  1  5   3  0  1  8   9  3
  0  4  5  2  2   5  3  1  0  14  3
  0  4  5  3  1   0  5  6  3   9  3
  0  4  5  3  1   0  8  0  6   9  3
  0  4  5  3  1   0  8  3  0  12  3
  0  5  0  5  0   8  3  3  3   9  3
  0  5  0  7  3   0  2  7  3   9  3
  0  5  0  7  3   3  0  2  7   9  3
  0  5  3  4  3   3  0  2  4  12  3
  0  5  4  0  1   8  0  6  3   9  3
  0  5  4  0  1   8  3  0  6   9  3
  0  5  4  0  1   8  3  3  0  12  3
  0  5  4  0  5   0  4  6  3   9  3
  0  5  4  0  5   0  7  0  6   9  3
  0  5  4  0  5   0  7  3  0  12  3
  0  5  4  0  5   4  3  0  2  13  3
  0  5  4  0  6   0  5  0  7   9  3
  0  5  4  0  6   3  2  0  4  12  3
  0  5  4  1  0   4  7  3  3   9  3
  0  5  4  2  4   0  3  2  7   9  3
  0  5  4  2  4   3  0  2  4  12  3
  0  5  4  3  2   0  4  3  6   9  3
  0  5  4  3  2   0  4  6  0  12  3
  0  5  4  3  2   0  7  0  3  12  3
  0  5  4  7  4   4  1  0 11  12  4
  0  5  7  1  7   4  1  0 11  12  4
  0  6  0  4  5   1  0  8  3   9  3
  0  6  0  5  1   5  0  7  3   9  3
  0  6  0  5  4   2  0  4  6   9  3
  0  6  0  5  4   2  0  7  0  12  3
  0  6  0  6  1   5  1  0  8   9  3
  0  6  0  6  2   4  2  0  4  12  3
  0  6  1  4  4   1  5  1  0  14  3
  0  6  1  5  0   6  1  0  8   9  3
  0  6  1  5  1   0  5  6  3   9  3
  0  6  1  5  1   0  8  0  6   9  3
  0  6  1  5  1   0  8  3  0  12  3
  0  6  1  5  1   5  0  1  8   9  3
  0  6  2  0  4   2  7  3  3   9  3
  0  6  2  0  7   1  0  8  3   9  3
  0  6  2  3  4   2  0  6  0  13  3
  0  6  2  4  0   6  2  0  4  12  3
  0  6  2  4  2   0  4  6  0  12  3
  0  6  2  4  2   0  7  0  3  12  3
  0  6  2  4  2   4  0  2  4  12  3
  0  6  3  0  3   5  4  2  0  13  3
  0  6  3  0  4   5  1  0  8   9  3
  0  6  3  0  5   1  5  0  7   9  3
  0  6  3  0  5   1  6  2  0  13  3
  0  6  3  0  5   3  4  0  2  13  3
  0  6  3  0  5   4  2  0  4  12  3
  0  6  3  1  2   6  1  0  8   9  3
  0  6  3  1  3   5  0  1  8   9  3
  0  6  3  2  1   3  5  0  7   9  3
  0  6  3  2  1   6  2  0  4  12  3
  0  6  3  2  2   3  5  1  0  14  3
  0  6  3  2  3   1  3  2  7   9  3
  0  6  3  2  3   3  3  0  3  13  3
  0  6  3  2  3   4  0  2  4  12  3
  0  6  5  0  1  12  4  4  4  12  4
  0  6  5  5  4   2  0  5  9  12  4
  0  6  6  3  0   9  4  2  0  18  4
  0  6  7  7  5   0  1 14  5  15  5
  0  7  0  9  0   7  0  9  4  12  4
  0  7  0  9  4   0  7  0  9  12  4
  0  7  0  9  4   3  0  9  0  16  4
  0  7  0  9  4   4  3  0  5  16  4
  0  7  4  0  9   4  4  0  3  17  4
  0  7  4  5  4   0  3  4  9  12  4
  0  7  4  5  4   0  7  0  5  16  4
  0  7  5  0  2   5  9  4  4  12  4
  0  7  5  0  7   5  0  7  0  17  4
  0  7  5  3  5   0  7  0  5  16  4
  0  8  0  8  3   0  8  0  9  12  4
  0  8  1  7  1   7  1  0 11  12  4
  0  8  3  0  8   0  9  0  8  12  4
  0  8  3  0  8   0  9  4  0  16  4
  0  8  3  0  9   0  2 10  4  12  4
  0  8  3  0  9   0  8  3  0  17  4
  0  8  3  0  9   3  5  0  3  17  4
  0  8  3  4  4   0  9  2  0  18  4
  0  8  3  5  0   3  8  0  9  12  4
  0  8  3  5  3   0  5  3  9  12  4
  0  8  4  0  7   4  1  7  0  17  4
  0  8  4  1  4   7  1  0 11  12  4
  0  8  5  0 12   5  5  3  0  22  5
  0  8  5  7  5   3  0  5 12  15  5
  0  8  6  6  5   0  3 12  0  20  5
  0  8  7  1  0  14  0 10  5  15  5
  0  8  7  1  0  14  5  0 10  15  5
  0  8  7  1  0  14  5  5  0  20  5
  0  8 10 10  7   1  0 20  7  21  7
  0  9  0 11  5   4  0  5 11  15  5
  0  9  5  0 11   5  0  9  0  21  5
  0  9  5  6  5   4  0  5  6  20  5
  0  9  6  0  3  12  5  4  0  21  5
  0  9  6  0  9   0 11  4  0  21  5
  0  9  6  3  0  12  0 10  0  20  5
  0 10  0  9  6   0 10  3  0  22  5
  0 10  0  9  6   3  7  0  3  22  5
  0 10  0  9  6   4  0 10  0  21  5
  0 10  3  0 12   3  7  3  0  22  5
  0 10  3  3  9   0  1 14  5  15  5
  0 10  3  6  6   0 10  0  3  22  5
  0 10  3  6  6   3  1  9  0  22  5
  0 10  3  7  3   0 10  0 12  15  5
  0 10  4  4  7   0  3  7 10  15  5
  0 10  4  4  7   0  3 12  0  20  5
  0 10  4  5  6   4  0  6  4  21  5
  0 10  4  6  4   0 10  0  6  20  5
  0 10  5  0  9   5  5  0  5  21  5
  0 10  5  4  1   5 10  3  0  22  5
  0 10  5  4  1   8  7  0  3  22  5
  0 10  5  4  4   2 10  0  3  22  5
  0 10  5  4  5   1  9  0  5  21  5
  0 10  5  4  5   5  1  4  5  21  5
  0 10  7  7  6   0  4  7 13  18  6
  0 10  7  9  9   7  7  0  3  32  7
  0 10  8  5  0  13  6  0  4  26  6
  0 10  9  9  0  10  0 18  7  21  7
  0 10  9  9  7   3  0 18  0  28  7
  0 10 11  5  5  11  7  0  3  32  7
  0 11  0 11  0  14  0 12  6  18  6
  0 11  0 11  0  14  6  0 12  18  6
  0 11  0 11  0  14  6  6  0  24  6
  0 11  6  0 13   6  5  0  6  25  6
  0 11  7  4  0   7  7 12  6  18  6
  0 11  7  4  0   7 13  0 12  18  6
  0 11  7  4  0   7 13  6  0  24  6
  0 11  7  4  0  14  6  0  5  25  6
  0 11  8  8  8   7  4  0  8  30  7
  0 12  0 15  8   7  7  0  5  30  7
  0 12  5  0  7  10  0 14  6  18  6
  0 12  5  0 12   0  5 14  6  18  6
  0 12  5  0 12   0 12  0 13  18  6
  0 12  5  0 13   4  0  8 12  18  6
  0 12  5  0 13   4  0 14  0  24  6
  0 12  5  0 13   5  0 12  0  25  6
  0 12  5  5  2   5  5 14  6  18  6
  0 12  5  5  7   5  0 12  0  26  6
  0 12  5  6  6   0 13  0  4  26  6
  0 12  8  8  0  12  0 16  0  28  7
  0 12  9  3  0  18  7  5  0  30  7
  0 13  8  0 13   0 13  0 16  21  7
  0 13  8  0 13   8  5  0  8  29  7
  0 13  8  5  0  16  0  5 16  21  7
  0 13  8  5  0  16  0 13  0  29  7
  0 13  8  5  8   0  8  5 16  21  7
  0 13  8  5  8   8  0  5  8  29  7
  0 14  0 12  9   3 11  3  0  32  7
  0 14  0 13  1  12  9  5  0  30  7
  0 14  0 20 11   9  9  5  0  40  9
  0 14  3  9  9   0 14  3  0  32  7
  0 14  3  9  9   3 11  0  3  32  7
  0 14  4  4 13   1  0 20  7  21  7
  0 14  5  5  4  10  0 18  7  21  7
  0 14  5  5  9   0  5 18  7  21  7
  0 14  5  5 11   3  0 11 14  21  7
  0 14  5  5 11   3  0 18  0  28  7
  0 14  6  6  2  12  0 16  0  28  7
  0 14  6  6  8   0  6 16  0  28  7
  0 14  6  6  9   0  5 15  0  29  7
  0 14  7  5  2  10 11  3  0  32  7
  0 14  7  5  5   4 14  3  0  32  7
  0 14  7  5  5   7 11  0  3  32  7
  0 14  7  6  1  12  2 12  0  30  7
  0 14  7  6  1  12  8  0  6  30  7
  0 14  7  6  6   2  7 12  0  30  7
  0 14  7  6  6   2 13  0  6  30  7
  0 14  9  9  0   5  9 18  8  24  8
  0 14  9  9  0  14  0  9 17  24  8
  0 14  9  9  8   6  0  9  9  32  8
  0 14  9 11 11   9  0 14  0  40  9
  0 14 10  7  0  17  0 14  0  34  8
  0 14 10  7  0  17  7  0  7  34  8
  0 14 10  7  7  10  0  7  7  34  8
  0 14 13  7  7  13  0 14  0  40  9
  0 14 13  7  7  13  7  0  7  40  9
  0 15  0 15  0  18  8  7  0  33  8
  0 15  9  6  0  15 11  4  0  36  8
  0 15 10 10 10   5  0 20  0  38  9
  0 16  0 15  9   6  1 15  0  34  8
  0 16  0 19 10   9  0 16  0  38  9
  0 16  6  9  9   0  7 15  0  34  8
  0 16  6  9  9   6  1  9  6  34  8
  0 16  7  0 16   0 17  6  0  34  8
  0 16  7  0 17   6  0 17  0  33  8
  0 16  7  7  9   0  7  9 17  24  8
  0 16  7  7 10   6  0 10  7  33  8
  0 16  7  8  8   0 16  0  7  34  8
  0 16  8  7  7   8  2  7  7  34  8
  0 16  9 10 10   9  0  7  9  38  9
  0 16 11  5  0  22  5  0 22  27  9
  0 16 11  5 11   0 16  0 22  27  9
  0 16 11  5 11  11  5  0 11  38  9
  0 16 11  8  8   0 20  0  7  38  9
  0 16 16  0  0  33 11 12 11  33 11
  0 16 16  0  0  33 12 10 12  33 11
  0 16 16  0  0  34 10 12 10  34 11
  0 16 16  0  0  34 11 10 11  34 11
  0 18  0 21  0  21 10  8  0  42 10
  0 18  7  7 13   5  0 20  0  38  9
  0 18  8  9  9   0  9 17  0  38  9
  0 18  9  7  7   9  4 14  0  40  9
  0 18  9  7  7   9 11  0  7  40  9
  0 18 11 13 13  11  7  0 11  48 11
  0 18 13 13  5   0 13 26 11  33 11
  0 18 15  9  9   0 26  7  0  48 11
  0 19 11  8  0  11 19  0 22  30 10
  0 19 11  8  0  22  8  0 11  41 10
  0 19 11  8 11   0 19  0 11  41 10
  0 19 12 12 12  11  0  8 12  46 11
  0 20  0  0 33  11 12 12 11  33 11
  0 20  0  0 33  13 10 10 13  33 11
  0 20  0  0 35   9 12 12  9  35 11
  0 20  0  0 35  11 10 10 11  35 11
  0 20  0 23 12  11  9  0 11  46 11
  0 20  9  9  2  18  0  9 23  30 10
  0 20  9  9  9   9  2 18  0  44 10
  0 20  9  9  9   9 11  0  9  44 10
  0 20 12 12  8   0 12 24  0  44 11
  0 20 13 10 10   0 13 20  0  46 11
  0 20 13 10 10   0 23  0 10  46 11
  0 20 13 13 13  13  7  0 13  52 12
  0 22 10  0 22  10  0 22  0  46 11
  0 22 10 10  2  20  0 22  0  46 11
  0 22 10 10 12   0 10 22  0  46 11
  0 22 10 10 12  10  0 12 10  46 11
  0 22 13 13  9   0 13 13 25  36 12
  0 23  0 23  0  23  0 27 12  36 12
  0 23 13 10  0  23 15  0  8  52 12
  0 23 14 14 14   0  9 14 29  39 13
  0 24 11 11 11   2 11 11 27  36 12
  0 25 15 15 15   0 10 30  0  58 14
  0 25 15 15 15   0 25  0 15  58 14
  0 26 11 11 11  15  0 11 32  39 13
  0 27 15 12  0  15 29 10  0  60 14
  0 28 19 19 19   9  0 19 40  51 17
  0 30 14 14 14  16  0 14 16  62 15
  0 31 17 14  0  31  3 28  0  68 16
  0 31 17 14  0  31 17  0 14  68 16
  0 33  0 33  0  33 20 13  0  72 17
  0 34 16 16  2  30  2 32  0  72 17
  0 34 16 16 16   2 16 32  0  72 17
  0 34 16 16 16   2 32  0 16  72 17
  0 34 20 20 20  20  0 14 20  80 19
  0 35  0 35 20  15  0 35  0  76 18
  0 35 15 20 20  15  0 20 15  76 18
  0 35 20 20 20  15  0 20 20  78 19
  0 38 18 18 18  18  2 18 18  80 19
  0 40 15 25 25  15  0 40  0  92 21
  0 40 20 20 20  20  0 40  0  92 21
  0 46 23 23  0  23 23 54 24  72 24
  0 46 23 23  0  46  0 62 25  75 25
  0 48 24 24  0  48  0 56  0 100 25
  0 62 31 31  0  62  0 31 71  96 32
  0 62 31 31 31   0 31 31 71  96 32
  0 80 40 40  0  80  0 80  0 172 41
  0 80 40 40 40   0 40 80  0 172 41
  0 80 40 40 40   0 80  0 40 172 41
  0 80 40 40 40  40  0 40 40 172 41
  1  0  1  0  2   2  1  1  1   3  1
  1  0  1  0  3   0  2  1  1   3  1
  1  0  1  0  3   1  0  2  1   3  1
  1  0  1  0  3   1  1  0  2   3  1
  1  0  1  0  3   1  1  1  0   4  1
  1  0  1  1  0   3  1  1  1   3  1
  1  0  1  1  2   0  1  2  1   3  1
  1  0  1  1  2   0  2  0  2   3  1
  1  0  1  1  2   0  2  1  0   4  1
  1  0  1  1  2   1  0  1  2   3  1
  1  0  1  1  2   1  0  2  0   4  1
  1  0  1  1  2   1  1  0  1   4  1
  1  0  1  2  0   1  1  2  1   3  1
  1  0  1  2  0   1  2  0  2   3  1
  1  0  1  2  0   1  2  1  0   4  1
  1  0  1  2  0   2  0  1  2   3  1
  1  0  1  2  0   2  0  2  0   4  1
  1  0  1  2  0   2  1  0  1   4  1
  1  0  1  2  1   0  1  1  2   3  1
  1  0  1  2  1   0  1  2  0   4  1
  1  0  1  2  1   0  2  0  1   4  1
  1  0  1  2  1   1  0  1  1   4  1
  1  0  1  4  4   2  2  2  2   6  2
  1  0  1  6  0   4  2  2  2   6  2
  1  0  1  6  2   0  4  2  2   6  2
  1  0  1  6  2   2  0  4  2   6  2
  1  0  1  6  2   2  2  0  4   6  2
  1  0  1  6  2   2  2  2  0   8  2
  1  0  2  0  1   0  3  1  1   3  1
  1  0  2  0  1   1  1  2  1   3  1
  1  0  2  0  1   1  2  0  2   3  1
  1  0  2  0  1   1  2  1  0   4  1
  1  0  2  0  1   2  0  1  2   3  1
  1  0  2  0  1   2  0  2  0   4  1
  1  0  2  0  1   2  1  0  1   4  1
  1  0  2  0  2   0  1  1  2   3  1
  1  0  2  0  2   0  1  2  0   4  1
  1  0  2  0  2   0  2  0  1   4  1
  1  0  2  0  2   1  0  1  1   4  1
  1  0  2  1  0   1  1  1  2   3  1
  1  0  2  1  0   1  1  2  0   4  1
  1  0  2  1  0   1  2  0  1   4  1
  1  0  2  1  0   2  0  1  1   4  1
  1  0  2  1  1   0  1  1  1   4  1
  1  0  3  0  6   2  2  2  2   6  2
  1  0  4  3  2   2  0  1  5   6  2
  1  0  5  0  4   0  2  4  2   6  2
  1  0  5  0  4   0  4  0  4   6  2
  1  0  5  0  4   0  4  2  0   8  2
  1  0  5  0  4   2  0  4  0   8  2
  1  0  5  0  4   2  1  0  5   6  2
  1  0  5  0  4   2  2  0  2   8  2
  1  0  5  1  0   5  0  4  2   6  2
  1  0  5  1  0   5  2  0  4   6  2
  1  0  5  1  0   5  2  2  0   8  2
  1  0  5  1  3   2  0  1  5   6  2
  1  0  5  2  0   4  0  2  4   6  2
  1  0  5  2  0   4  0  4  0   8  2
  1  0  5  2  0   4  2  0  2   8  2
  1  0  5  2  1   0  3  4  2   6  2
  1  0  5  2  1   0  5  0  4   6  2
  1  0  5  2  1   0  5  2  0   8  2
  1  0  5  2  2   0  2  2  4   6  2
  1  0  5  2  2   0  2  4  0   8  2
  1  0  5  2  2   0  4  0  2   8  2
  1  0  5  2  2   2  0  2  2   8  2
  1  0  7  4  3   1  0  8  3   9  3
  1  0  8  0  1   8  3  3  3   9  3
  1  0  8  3  0   1  8  3  3   9  3
  1  0 11  1  0  11  4  4  4  12  4
  1  0 11  4  1   0 11  4  4  12  4
  1  1  0  1  1   0  3  1  1   3  1
  1  1  0  1  1   1  2  0  2   3  1
  1  1  0  1  1   1  2  1  0   4  1
  1  1  0  1  1   2  0  1  2   3  1
  1  1  0  1  1   2  0  2  0   4  1
  1  1  0  1  1   2  1  0  1   4  1
  1  1  0  1  2   0  1  1  2   3  1
  1  1  0  1  2   0  1  2  0   4  1
  1  1  0  1  2   0  2  0  1   4  1
  1  1  0  1  2   1  0  1  1   4  1
  1  1  0  2  0   1  1  1  2   3  1
  1  1  0  2  0   1  1  2  0   4  1
  1  1  0  2  0   1  2  0  1   4  1
  1  1  0  2  0   2  0  1  1   4  1
  1  1  0  2  1   0  1  1  1   4  1
  1  1  0  3  5   2  2  2  2   6  2
  1  1  0  5  3   0  4  2  2   6  2
  1  1  0  5  3   2  0  4  2   6  2
  1  1  0  5  3   2  2  0  4   6  2
  1  1  0  5  3   2  2  2  0   8  2
  1  1  0  6  0   3  3  2  2   6  2
  1  1  0  6  0   4  1  3  2   6  2
  1  1  0  6  0   4  2  1  3   6  2
  1  1  0  6  0   4  2  2  1   7  2
  1  1  0  6  1   3  0  4  2   6  2
  1  1  0  6  1   3  2  0  4   6  2
  1  1  0  6  1   3  2  2  0   8  2
  1  1  0  6  2   0  3  3  2   6  2
  1  1  0  6  2   0  4  1  3   6  2
  1  1  0  6  2   0  4  2  1   7  2
  1  1  0  6  2   1  3  0  4   6  2
  1  1  0  6  2   1  3  2  0   8  2
  1  1  0  6  2   2  0  3  3   6  2
  1  1  0  6  2   2  0  4  1   7  2
  1  1  0  6  2   2  1  3  0   8  2
  1  1  0  6  2   2  2  0  3   7  2
  1  1  0  6  2   2  2  1  1   8  2
  1  1  1  0  1   1  1  1  2   3  1
  1  1  1  0  1   1  1  2  0   4  1
  1  1  1  0  1   1  2  0  1   4  1
  1  1  1  0  1   2  0  1  1   4  1
  1  1  1  0  2   0  1  1  1   4  1
  1  1  1  1  0   1  1  1  1   4  1
  1  2  0  5  2   0  1  5  2   6  2
  1  2  0  5  2   2  0  1  5   6  2
  1  2  2  0  1   6  2  2  2   6  2
  1  2  2  0  5   2  2  1  0   9  2
  1  2  2  3  2   1  0  2  5   6  2
  1  2  2  3  2   2  0  1  3   8  2
  1  2  3  0  3   3  2  0  1   9  2
  1  2  3  0  4   2  1  0  3   8  2
  1  2  3  1  0   5  2  1  0   9  2
  1  2  3  1  3   2  0  1  3   8  2
  1  2  3  2  1   0  3  2  4   6  2
  1  2  3  2  1   0  3  4  0   8  2
  1  2  3  2  1   0  5  0  2   8  2
  1  3  0  1  3   4  0  4  2   6  2
  1  3  0  1  3   4  2  0  4   6  2
  1  3  0  1  3   4  2  2  0   8  2
  1  3  0  1  5   0  4  0  4   6  2
  1  3  0  1  5   0  4  2  0   8  2
  1  3  0  1  5   1  0  5  2   6  2
  1  3  0  1  5   2  0  2  4   6  2
  1  3  0  1  5   2  0  4  0   8  2
  1  3  0  1  5   2  2  0  2   8  2
  1  3  0  3  3   1  0  3  4   6  2
  1  3  0  3  3   1  0  5  0   8  2
  1  3  0  4  0   1  3  4  2   6  2
  1  3  0  4  0   1  5  0  4   6  2
  1  3  0  4  0   1  5  2  0   8  2
  1  3  0  4  0   4  0  1  5   6  2
  1  3  0  4  1   3  1  0  3   8  2
  1  3  1  0  3   1  5  2  2   6  2
  1  3  1  0  4   3  1  0  5   6  2
  1  3  1  0  5   0  1  5  2   6  2
  1  3  1  0  5   1  3  1  0   9  2
  1  3  1  3  0   4  1  0  3   8  2
  1  3  1  3  1   0  3  4  0   8  2
  1  3  1  3  1   0  4  0  5   6  2
  1  3  1  3  1   0  5  0  2   8  2
  1  3  1  3  1   3  0  1  3   8  2
  1  3  2  0  2   3  3  1  0   9  2
  1  3  2  0  2   4  0  1  5   6  2
  1  3  2  0  3   1  4  1  0   9  2
  1  3  2  0  3   2  3  0  1   9  2
  1  3  2  0  3   3  1  0  3   8  2
  1  3  2  1  1   4  1  0  3   8  2
  1  3  2  1  2   3  0  1  3   8  2
  1  3  3  4  4   3  3  0  1  14  3
  1  3  4  4  3   1  0  8  0  12  3
  1  3  5  0  6   3  0  1  8   9  3
  1  3  5  2  2   5  3  0  1  14  3
  1  3  5  3  0   1  5  6  3   9  3
  1  3  5  3  0   1  8  0  6   9  3
  1  3  5  3  0   1  8  3  0  12  3
  1  4  4  0  1   4  7  3  3   9  3
  1  4  4  1  0   8  3  2  0  13  3
  1  4  4  7  4   4  0  1 11  12  4
  1  4  7  0  8   4  1  0 11  12  4
  1  4  7  1  7   4  0  1 11  12  4
  1  4  7  4  1   0  7  8  4  12  4
  1  4  7  4  1   0 11  0  8  12  4
  1  4  7  4  1   0 11  4  0  16  4
  1  5  0  4  5   0  1  8  3   9  3
  1  5  0  5  4   1  5  1  0  14  3
  1  5  0  6  0   6  1  0  8   9  3
  1  5  0  6  1   0  5  6  3   9  3
  1  5  0  6  1   0  8  0  6   9  3
  1  5  0  6  1   0  8  3  0  12  3
  1  5  0  6  1   5  0  1  8   9  3
  1  5  1  0  5   6  0  6  3   9  3
  1  5  1  0  5   6  3  0  6   9  3
  1  5  1  0  5   6  3  3  0  12  3
  1  5  1  0  8   0  6  0  6   9  3
  1  5  1  0  8   0  6  3  0  12  3
  1  5  1  0  8   3  0  3  6   9  3
  1  5  1  0  8   3  0  6  0  12  3
  1  5  1  0  8   3  3  0  3  12  3
  1  5  1  4  4   0  6  1  0  14  3
  1  5  1  4  4   1  5  0  1  14  3
  1  5  1  5  0   1  5  6  3   9  3
  1  5  1  5  0   1  8  0  6   9  3
  1  5  1  5  0   1  8  3  0  12  3
  1  5  1  5  0   6  0  1  8   9  3
  1  5  2  0  7   0  1  8  3   9  3
  1  5  2  2  5   1  0  5  6   9  3
  1  5  2  2  5   1  0  8  0  12  3
  1  5  3  0  3   6  1  0  8   9  3
  1  5  3  0  4   5  0  1  8   9  3
  1  5  3  1  2   6  0  1  8   9  3
  1  5  3  2  1   4  5  1  0  14  3
  1  5  3  2  2   2  6  1  0  14  3
  1  5  3  2  2   3  5  0  1  14  3
  1  5  5  9  5   5  1  0 14  15  5
  1  5  9  1  9   5  1  0 14  15  5
  1  7  0  5  7   1  0 11  4  12  4
  1  7  0  8  1   7  1  0 11  12  4
  1  7  1  7  0   8  1  0 11  12  4
  1  7  1  7  1   0  7  8  4  12  4
  1  7  1  7  1   0 11  0  8  12  4
  1  7  1  7  1   0 11  4  0  16  4
  1  7  1  7  1   7  0  1 11  12  4
  1  7  4  0  5   7  1  0 11  12  4
  1  7  4  1  3   8  1  0 11  12  4
  1  7  4  1  4   7  0  1 11  12  4
  1  7  7  0  1  14  0 10  5  15  5
  1  7  7  0  1  14  5  0 10  15  5
  1  7  7  0  1  14  5  5  0  20  5
  1  7 10 10  7   0  1 20  7  21  7
  1  9  1  9  1   9  1  0 14  15  5
  1  9  5  1  5   9  1  0 14  15  5
  1  9 13 13  9   1  0 26  9  27  9
  1 10 10  1  0  20  0 14  7  21  7
  1 10 10  1  0  20  7  0 14  21  7
  1 10 10  1  0  20  7  7  0  28  7
  1 13  4  4 13   0  1 20  7  21  7
  1 17  5  5 17   1  0 26  9  27  9
  2  0  2  3  0   5  0  4  2   6  2
  2  0  2  3  0   5  2  0  4   6  2
  2  0  2  3  0   5  2  2  0   8  2
  2  0  2  4  0   3  0  5  2   6  2
  2  0  2  4  1   1  1  5  2   6  2
  2  0  2  4  2   0  3  0  5   6  2
  2  0  2  4  2   1  1  1  5   6  2
  2  0  2  8  2   0  7  3  3   9  3
  2  0  2  8  3   2  0  7  3   9  3
  2  0  2  8  3   3  2  0  7   9  3
  2  0  2 15  5   5  6  5  5  15  5
  2  0  2 15  5   6  4  6  5  15  5
  2  0  2 15  6   4  6  4  6  15  5
  2  0  2 15  6   5  4  5  6  15  5
  2  0  2 16  4   5  6  5  4  16  5
  2  0  2 16  4   6  4  6  4  16  5
  2  0  2 16  5   4  6  4  5  16  5
  2  0  2 16  5   5  4  5  5  16  5
  2  0  3  0  5   0  2  4  2   6  2
  2  0  3  0  5   0  4  0  4   6  2
  2  0  3  0  5   0  4  2  0   8  2
  2  0  3  0  5   2  0  2  4   6  2
  2  0  3  0  5   2  0  4  0   8  2
  2  0  3  0  5   2  2  0  2   8  2
  2  0  3  2  0   2  5  2  2   6  2
  2  0  3  3  0   3  2  0  5   6  2
  2  0  3  3  2   0  2  1  5   6  2
  2  0  3  3  2   1  2  0  3   8  2
  2  0  4  0  3   0  3  4  2   6  2
  2  0  4  0  3   0  5  0  4   6  2
  2  0  4  0  3   0  5  2  0   8  2
  2  0  4  0  3   3  1  2  0   9  2
  2  0  4  0  4   0  3  0  5   6  2
  2  0  4  0  4   1  1  1  5   6  2
  2  0  4  1  1   1  3  4  2   6  2
  2  0  4  1  1   1  5  0  4   6  2
  2  0  4  1  1   1  5  2  0   8  2
  2  0  4  1  1   3  2  0  5   6  2
  2  0  4  1  3   0  2  1  5   6  2
  2  0  4  1  3   1  2  0  3   8  2
  2  0  6  0  7   3  3  2  0  13  3
  2  0  7  0  2   7  0  6  3   9  3
  2  0  7  0  2   7  3  0  6   9  3
  2  0  7  0  2   7  3  3  0  12  3
  2  0  7  0  6   3  0  2  7   9  3
  2  0  7  2  0   2  8  3  3   9  3
  2  0  7  2  0   7  2  0  7   9  3
  2  0  7  2  0   7  3  2  0  13  3
  2  0  7  3  0   2  4  6  3   9  3
  2  0  7  3  0   2  7  0  6   9  3
  2  0  7  3  0   2  7  3  0  12  3
  2  0 10  8  5   5  2  0 13  15  5
  2  0 13  2  8   5  2  0 13  15  5
  2  1  1  1  1   6  2  2  2   6  2
  2  1  1  1  5   0  2  4  2   6  2
  2  1  1  1  5   0  4  0  4   6  2
  2  1  1  1  5   0  4  2  0   8  2
  2  1  1  1  5   2  0  2  4   6  2
  2  1  1  1  5   2  0  4  0   8  2
  2  1  1  1  5   2  2  0  2   8  2
  2  1  1  2  0   5  3  2  2   6  2
  2  1  1  2  0   6  1  3  2   6  2
  2  1  1  2  0   6  2  1  3   6  2
  2  1  1  2  0   6  2  2  1   7  2
  2  1  1  4  0   2  1  5  2   6  2
  2  1  1  4  1   2  0  5  0   8  2
  2  1  1  4  2   0  2  1  5   6  2
  2  1  1  4  2   1  2  0  3   8  2
  2  1  2  0  2   5  0  4  2   6  2
  2  1  2  0  2   5  2  0  4   6  2
  2  1  2  0  2   5  2  2  0   8  2
  2  1  2  0  5   1  2  0  5   6  2
  2  1  2  0  5   2  1  2  0   9  2
  2  1  2  3  1   2  0  2  5   6  2
  2  1  2  3  2   0  3  0  3   8  2
  2  1  2  3  2   1  1  1  3   8  2
  2  1  3  0  2   1  3  4  2   6  2
  2  1  3  0  2   1  5  0  4   6  2
  2  1  3  0  2   1  5  2  0   8  2
  2  1  3  0  2   4  1  2  0   9  2
  2  1  3  0  3   3  0  3  0   9  2
  2  1  3  0  3   3  1  1  1   9  2
  2  1  3  0  4   0  2  1  5   6  2
  2  1  3  0  4   1  2  0  3   8  2
  2  1  3  1  2   0  3  4  0   8  2
  2  1  3  1  2   0  4  0  5   6  2
  2  1  3  1  2   0  5  0  2   8  2
  2  1  3  1  3   0  3  0  3   8  2
  2  1  3  1  3   1  1  1  3   8  2
  2  2  0  2  2   3  0  5  2   6  2
  2  2  0  2  3   0  5  0  4   6  2
  2  2  0  2  3   0  5  2  0   8  2
  2  2  0  2  3   2  2  0  5   6  2
  2  2  0  2  4   1  2  2  0   9  2
  2  2  0  2  8   4  3  3  3   9  3
  2  2  0  2  9   2  4  3  3   9  3
  2  2  0  2  9   3  2  4  3   9  3
  2  2  0  2  9   3  3  2  4   9  3
  2  2  0  2  9   3  3  3  2  10  3
  2  2  0  3  1   1  5  0  4   6  2
  2  2  0  3  1   1  5  2  0   8  2
  2  2  0  3  2   0  2  5  2   6  2
  2  2  0  3  2   2  0  5  0   8  2
  2  2  0  4  0   2  3  0  5   6  2
  2  2  0  4  0   3  1  1  5   6  2
  2  2  0  4  1   1  2  1  5   6  2
  2  2  0  4  1   2  2  0  3   8  2
  2  2  0  8  0   2  7  3  3   9  3
  2  2  0  8  3   0  2  7  3   9  3
  2  2  0  8  3   3  0  2  7   9  3
  2  2  0 11  0   9  4  4  4  12  4
  2  2  0 12  3   0  9  4  4  12  4
  2  2  0 12  4   3  0  9  4  12  4
  2  2  0 12  4   4  3  0  9  12  4
  2  2  1  1  2   1  5  0  4   6  2
  2  2  1  1  2   1  5  2  0   8  2
  2  2  1  1  3   0  2  5  2   6  2
  2  2  1  1  4   0  3  2  0   9  2
  2  2  1  1  4   1  1  3  0   9  2
  2  2  1  1  4   1  2  1  1   9  2
  2  2  1  2  1   1  2  5  2   6  2
  2  2  1  2  2   0  4  0  5   6  2
  2  2  1  2  2   0  5  0  2   8  2
  2  2  1  3  0   2  2  1  5   6  2
  2  2  1  3  0   3  2  0  3   8  2
  2  2  1  3  1   1  3  0  3   8  2
  2  2  1  3  1   2  1  1  3   8  2
  2  2  2  0  2   2  3  0  5   6  2
  2  2  2  0  2   3  1  1  5   6  2
  2  2  2  0  2   3  2  2  0   9  2
  2  2  2  0  3   1  2  1  5   6  2
  2  2  2  0  3   1  3  2  0   9  2
  2  2  2  0  3   2  1  3  0   9  2
  2  2  2  1  1   2  2  1  5   6  2
  2  2  2  1  2   2  2  0  2   9  2
  2  2  3  5  3   2  0  2  8   9  3
  2  3  0  7  3   2  0  3  7   9  3
  2  3  3  2  0   8  3  2  0  13  3
  2  3  3  4  3   2  0  3  4  12  3
  2  3  4  0  5   0  7  2  0  13  3
  2  3  4  0  6   3  0  2  4  12  3
  2  3  4  3  0   2  4  3  6   9  3
  2  3  4  3  0   2  4  6  0  12  3
  2  3  4  3  0   2  7  0  3  12  3
  2  4  0  2  7   0  2  7  3   9  3
  2  4  0  5  4   0  2  4  6   9  3
  2  4  0  5  4   0  2  7  0  12  3
  2  4  0  5  4   2  0  6  0  13  3
  2  4  0  6  0   6  2  0  4  12  3
  2  4  0  6  2   0  4  6  0  12  3
  2  4  0  6  2   0  7  0  3  12  3
  2  4  0  6  2   4  0  2  4  12  3
  2  4  2  0  4   5  4  2  0  13  3
  2  4  2  0  4   6  0  6  0  12  3
  2  4  2  0  4   6  3  0  3  12  3
  2  4  2  0  6   4  2  0  4  12  3
  2  4  2  0  7   3  0  3  3  12  3
  2  4  2  3  4   2  0  4  2  13  3
  2  4  2  4  0   2  4  6  0  12  3
  2  4  2  4  0   2  7  0  3  12  3
  2  4  2  4  0   6  0  2  4  12  3
  2  4  2  4  2   0  6  0  4  12  3
  2  4  3  0  3   3  6  2  0  13  3
  2  4  3  0  3   5  4  0  2  13  3
  2  4  3  0  3   6  2  0  4  12  3
  2  4  3  0  5   1  6  0  2  13  3
  2  4  3  0  5   4  0  2  4  12  3
  2  4  3  2  1   6  0  2  4  12  3
  2  4  5  5  4   0  2  5  9  12  4
  2  4  6  3  0   9  4  0  2  18  4
  2  5  0 13  5   2  0 13  5  15  5
  2  5  0 13  5   5  2  0 13  15  5
  2  5  5  2  0   5  5  8  4  12  4
  2  5  5  2  0   5  9  0  8  12  4
  2  5  5  2  0   5  9  4  0  16  4
  2  5  5  2  0   9  5  2  0  18  4
  2  5  5  2  0  10  4  0  3  17  4
  2  5  5  8  5   5  2  0  8  20  5
  2  5  8  0  7   8  5  2  0  23  5
  2  5  8  2  8   5  2  0  8  20  5
  2  6  3  0  9   2  0  6  8  12  4
  2  6  3  0  9   2  0 10  0  16  4
  2  6  3  4  4   0  9  0  2  18  4
  2  8  2  0 10   0 13  5  5  15  5
  2  8  2  0 13   2  0 13  5  15  5
  2  8  2  8  2   8  2  0  8  20  5
  2  8  5  0  7   5  8  2  0  23  5
  2  8  5  2  5   8  2  0  8  20  5
  2 11 11  2  0  11 19  8  8  24  8
  2 14  5  0 19   2  0 22  8  24  8
  3  0  3  2 12   4  4  4  4  12  4
  3  0  3  4  3   0  8  3  3   9  3
  3  0  3  5  0   3  7  3  3   9  3
  3  0  3  5  3   0  7  0  6   9  3
  3  0  3  5  3   0  7  3  0  12  3
  3  0  3  6  0   5  3  0  7   9  3
  3  0  3  6  1   3  0  8  3   9  3
  3  0  3  6  2   3  0  7  0  12  3
  3  0  3  6  3   1  3  0  8   9  3
  3  0  3  6  3   2  3  0  4  12  3
  3  0  3 10  0   8  0  8  4  12  4
  3  0  3 10  0   8  4  0  8  12  4
  3  0  3 10  0   8  4  4  0  16  4
  3  0  3 10  4   0  8  0  8  12  4
  3  0  3 10  4   0  8  4  0  16  4
  3  0  3 10  4   4  0  8  0  16  4
  3  0  3 10  4   4  4  0  4  16  4
  3  0  4  0  3   8  3  3  3   9  3
  3  0  4  3  0   8  0  6  3   9  3
  3  0  4  3  0   8  3  0  6   9  3
  3  0  4  3  0   8  3  3  0  12  3
  3  0  4  4  4   3  1  3  0  14  3
  3  0  4  5  3   0  4  0  8   9  3
  3  0  4  5  3   1  2  1  8   9  3
  3  0  5  0  3   7  0  6  3   9  3
  3  0  5  0  3   7  3  0  6   9  3
  3  0  5  0  3   7  3  3  0  12  3
  3  0  5  3  0   7  0  3  6   9  3
  3  0  5  3  0   7  0  6  0  12  3
  3  0  5  3  0   7  3  0  3  12  3
  3  0  5  4  0   3  1  8  3   9  3
  3  0  5  4  0   3  5  0  7   9  3
  3  0  5  4  3   0  5  0  4  12  3
  3  0  5  4  3   2  1  2  4  12  3
  3  0  6  0  3   5  3  0  7   9  3
  3  0  6  0  3   6  2  3  0  13  3
  3  0  6  0  5   4  0  5  0  13  3
  3  0  6  0  5   4  2  1  2  13  3
  3  0  6  0  6   1  3  0  8   9  3
  3  0  6  0  6   2  3  0  4  12  3
  3  0  6  1  3   0  5  6  3   9  3
  3  0  6  1  3   0  8  0  6   9  3
  3  0  6  1  3   0  8  3  0  12  3
  3  0  6  1  5   0  4  0  8   9  3
  3  0  6  1  5   1  2  1  8   9  3
  3  0  6  2  1   5  1  2  7   9  3
  3  0  6  2  2   5  1  3  0  14  3
  3  0  6  2  3   0  4  6  0  12  3
  3  0  6  2  3   0  6  3  0  13  3
  3  0  6  2  3   0  7  0  3  12  3
  3  0  6  2  3   3  3  0  3  13  3
  3  0  6  2  4   0  5  0  4  12  3
  3  0  6  2  4   2  1  2  4  12  3
  3  0  7  6  4   3  0  3 10  12  4
  3  0  8  5  0   8  0  3  9  12  4
  3  0  8  5  4   4  0  3  5  16  4
  3  0  9  0  7   5  4  0  3  17  4
  3  0  9  0  8   4  3  0  5  16  4
  3  0  9  3  0   9  0  8  0  16  4
  3  0  9  3  5   4  0  3  5  16  4
  3  0  9  4  3   0  5  4  8  12  4
  3  0  9  4  3   0  5  8  0  16  4
  3  0  9  4  3   0  9  0  4  16  4
  3  0 10  7  0  10  3  0 12  15  5
  3  0 10  7  5   5  3  0  7  20  5
  3  0 11  0 11   3  0 12  5  15  5
  3  0 11  6  5   3  0  6 11  15  5
  3  0 12  0  8   7  5  3  0  22  5
  3  0 12  3  7   5  3  0  7  20  5
  3  0 12  4  0  11  5  3  0  22  5
  3  0 16  9  7   0  3 18  7  21  7
  3  1  2  5  4   3  1  3  0  14  3
  3  1  2  6  0   4  0  8  3   9  3
  3  1  2  6  1   2  1  8  3   9  3
  3  1  2  6  3   0  4  0  8   9  3
  3  1  2  6  3   1  2  1  8   9  3
  3  1  3  0  8   0  3  6  3   9  3
  3  1  3  0  8   0  6  0  6   9  3
  3  1  3  0  8   0  6  3  0  12  3
  3  1  3  0  8   3  0  3  6   9  3
  3  1  3  0  8   3  0  6  0  12  3
  3  1  3  0  8   3  3  0  3  12  3
  3  1  3  4  4   3  0  4  0  14  3
  3  1  3  4  4   3  1  2  1  14  3
  3  1  3  5  3   0  3  1  8   9  3
  3  1  4  4  1   3  0  8  0  12  3
  3  1  5  0  4   0  5  6  3   9  3
  3  1  5  0  4   0  8  0  6   9  3
  3  1  5  0  4   0  8  3  0  12  3
  3  1  5  0  6   0  4  0  8   9  3
  3  1  5  0  6   1  2  1  8   9  3
  3  1  5  1  2   1  5  6  3   9  3
  3  1  5  1  2   1  8  0  6   9  3
  3  1  5  1  2   1  8  3  0  12  3
  3  1  5  1  5   0  3  1  8   9  3
  3  1  5  2  1   6  1  3  0  14  3
  3  1  5  2  2   5  0  4  0  14  3
  3  1  5  2  2   5  1  2  1  14  3
  3  2  1  6  0   5  0  7  0  12  3
  3  2  1  6  2   1  2  7  0  12  3
  3  2  1  6  3   0  5  0  4  12  3
  3  2  1  6  3   2  1  2  4  12  3
  3  2  2  1  2   8  0  6  3   9  3
  3  2  2  1  2   8  3  0  6   9  3
  3  2  2  1  2   8  3  3  0  12  3
  3  2  2  3  0   3  8  3  3   9  3
  3  2  2  5  2   2  1  2  8   9  3
  3  2  3  0  3   2  8  3  3   9  3
  3  2  3  0  5   3  0  8  3   9  3
  3  2  3  0  7   0  3  6  0  12  3
  3  2  3  0  7   0  5  3  0  13  3
  3  2  3  0  7   0  6  0  3  12  3
  3  2  3  4  2   3  0  3  4  12  3
  3  2  3  4  3   0  3  2  4  12  3
  3  2  4  0  3   6  0  5  0  13  3
  3  2  4  0  3   6  2  1  2  13  3
  3  2  4  0  5   0  4  6  0  12  3
  3  2  4  0  5   0  6  3  0  13  3
  3  2  4  0  5   0  7  0  3  12  3
  3  2  4  0  5   4  0  3  2  13  3
  3  2  4  0  6   0  5  0  4  12  3
  3  2  4  0  6   2  1  2  4  12  3
  3  2  4  1  4   0  5  0  8   9  3
  3  2  4  2  1   2  4  6  0  12  3
  3  2  4  2  1   2  7  0  3  12  3
  3  2  4  2  3   0  4  5  0  13  3
  3  2  4  2  4   0  3  2  4  12  3
  3  3  0  3  3   5  3  0  7   9  3
  3  3  0  3  4   3  0  8  3   9  3
  3  3  0  3  5   0  3  7  3   9  3
  3  3  0  3  5   3  0  7  0  12  3
  3  3  0  3  6   0  5  3  0  13  3
  3  3  0  3  6   2  1  5  0  13  3
  3  3  0  3  6   2  3  1  2  13  3
  3  3  0  3 11   0  8  4  4  12  4
  3  3  0  3 11   4  0  8  4  12  4
  3  3  0  3 11   4  4  0  8  12  4
  3  3  0  3 11   4  4  4  0  16  4
  3  3  0  4  2   4  0  8  3   9  3
  3  3  0  4  3   0  8  0  6   9  3
  3  3  0  4  3   0  8  3  0  12  3
  3  3  0  4 15   5  5  5  5  15  5
  3  3  0  5  1   2  3  7  3   9  3
  3  3  0  5  1   5  0  7  0  12  3
  3  3  0  5  3   0  7  0  3  12  3
  3  3  0  5  3   3  0  6  0  13  3
  3  3  0  5  4   1  3  3  0  14  3
  3  3  0  6  0   4  3  0  8   9  3
  3  3  0  6  0   5  3  0  4  12  3
  3  3  0  6  1   2  4  0  8   9  3
  3  3  0  6  1   3  2  1  8   9  3
  3  3  0  6  2   1  5  0  4  12  3
  3  3  0  6  2   3  1  2  4  12  3
  3  3  0 13  6   5  5  3  0  22  5
  3  3  0 14  0  10  0 10  5  15  5
  3  3  0 14  0  10  5  0 10  15  5
  3  3  0 14  0  10  5  5  0  20  5
  3  3  0 14  5   0 10  0 10  15  5
  3  3  0 14  5   0 10  5  0  20  5
  3  3  0 14  5   5  0 10  0  20  5
  3  3  0 14  5   5  5  0  5  20  5
  3  3  1  2  4   0  8  0  6   9  3
  3  3  1  2  4   0  8  3  0  12  3
  3  3  1  3  2   1  8  0  6   9  3
  3  3  1  3  2   1  8  3  0  12  3
  3  3  1  4  4   0  4  3  0  14  3
  3  3  1  4  4   1  2  4  0  14  3
  3  3  1  4  4   1  3  2  1  14  3
  3  3  1  5  0   3  4  0  8   9  3
  3  3  1  5  0   4  2  1  8   9  3
  3  3  1  5  1   2  3  1  8   9  3
  3  3  2  1  4   1  2  8  3   9  3
  3  3  2  1  5   0  7  0  3  12  3
  3  3  2  1  6   0  3  5  0  13  3
  3  3  2  1  6   0  5  1  2  13  3
  3  3  2  1  6   2  1  3  2  13  3
  3  3  2  2  2   2  2  8  3   9  3
  3  3  2  2  3   3  0  8  0  12  3
  3  3  2  3  1   2  7  0  3  12  3
  3  3  2  3  2   1  5  0  8   9  3
  3  3  2  3  3   0  3  3  7   9  3
  3  3  2  4  0   3  5  0  4  12  3
  3  3  2  4  0   5  1  2  4  12  3
  3  3  2  4  2   1  3  2  4  12  3
  3  3  3  0  3   3  5  3  0  13  3
  3  3  3  0  3   4  3  0  8   9  3
  3  3  3  0  3   5  1  5  0  13  3
  3  3  3  0  4   2  4  0  8   9  3
  3  3  3  0  4   3  2  1  8   9  3
  3  3  3  0  5   1  3  5  0  13  3
  3  3  3  1  2   3  4  0  8   9  3
  3  3  3  1  2   4  2  1  8   9  3
  3  3  3  1  3   2  3  1  8   9  3
  3  3  3  2  1   4  3  3  0  14  3
  3  3  3  2  2   2  4  3  0  14  3
  3  3  3  2  2   3  2  4  0  14  3
  3  3  5  5  3   0  3 10  0  16  4
  3  4  0  9  4   0  3  9  0  16  4
  3  4  0  9  4   4  0  3  5  16  4
  3  4  4  0  3  10  4  3  0  17  4
  3  4  4  3  0  10  4  0  3  17  4
  3  4  5  0  3   9  4  0  3  17  4
  3  4  5  4  3   0  5  4  4  16  4
  3  5  0  3  5   8  3  0  9  12  4
  3  5  0  3  8   5  0  3  9  12  4
  3  5  0  3  9   0  8  3  0  17  4
  3  5  0  3  9   3  0  5  8  12  4
  3  5  0  3  9   3  0  9  0  16  4
  3  5  0  3  9   3  5  0  3  17  4
  3  5  0  8  3   0  5  3  9  12  4
  3  5  0 12  5   3  0 12  0  20  5
  3  5  0 12  5   5  3  0  7  20  5
  3  5  3  0  5   3  9  0  8  12  4
  3  5  3  0  5   3  9  4  0  16  4
  3  5  3  0  5   8  0  3  9  12  4
  3  5  3  0  8   3  0 10  0  16  4
  3  5  3  0  9   0  3  5  8  12  4
  3  5  3  0  9   0  3  9  0  16  4
  3  5  3  0  9   0  8  0  3  17  4
  3  5  3  3  5   0  3 10  0  16  4
  3  5  3  5  0   3  5  3  9  12  4
  3  5  4  3  1   6  5  0  3  18  4
  3  5  4  3  3   2  7  0  3  18  4
  3  5  5  0 12   5  5  0  3  22  5
  3  5  5  7  5   0  3  5 12  15  5
  3  5  6  6  5   3  0  6  6  20  5
  3  5  7  0  3  12  5  3  0  22  5
  3  5  7  3  0  12  5  0  3  22  5
  3  6  6  0  3  11  6  3  0  22  5
  3  6  6  0  3  12  0 10  0  20  5
  3  6  6  3  0  11  6  0  3  22  5
  3  7  0  3 10   7  3  0 12  15  5
  3  7  0  3 12   3  7  3  0  22  5
  3  7  0  9  6   0 10  0  3  22  5
  3  7  0 10  3   0 10  0 12  15  5
  3  7  3  0  7  10  3  0 12  15  5
  3  7  3  0 10   0 12  0 10  15  5
  3  7  3  0 10   0 12  5  0  20  5
  3  7  3  0 10   7  0  3 12  15  5
  3  7  3  0 12   0 10  3  0  22  5
  3  7  3  0 12   3  0  7 10  15  5
  3  7  3  0 12   3  0 12  0  20  5
  3  7  3  0 12   3  7  0  3  22  5
  3  7  3  7  0   3 10  0 12  15  5
  3  7  3  7  3   0  7  3 12  15  5
  3  7  4  0 10   0 11  3  0  22  5
  3  7  4  0 11   3  0 11  0  21  5
  3  7  4  4  7   3  0  7  4  21  5
  3  7  5  4  1   5 10  0  3  22  5
  3  7  9  9  7   0  3 18  0  28  7
  3  8  8  8  8   3  0  8 17  21  7
  3  9  9  0  3  18  7  5  0  30  7
  3  9  9  3  0  18  0 14  0  28  7
  3 11  0 12  9   0 14  3  0  32  7
  3 11  0 12  9   3 11  0  3  32  7
  3 11  3  9  9   0 14  0  3  32  7
  3 11  5  5 11   0  3 11 14  21  7
  3 11  5  5 11   0  3 18  0  28  7
  3 11  7  5  2   7 14  3  0  32  7
  3 11  7  5  2  10 11  0  3  32  7
  3 11  7  5  5   4 14  0  3  32  7
  3 11 11 15 15  11 11  3  0  52 11
  3 11 19  7  7  19 11  3  0  52 11
  3 19  3 15 15   3 19  3  0  52 11
  3 19 11  7  7  11 19  3  0  52 11
  4  0  4  7  4   0  4  9  4  12  4
  4  0  4  8  3   4  0  4  9  12  4
  4  0  4 12  0   4 11  5  5  15  5
  4  0  4 12  5   0  4 11  5  15  5
  4  0  4 12  5   5  0  4 11  15  5
  4  0  5  7  4   1  4  0 11  12  4
  4  0  7  0  7   4  0 10  4  12  4
  4  0  7  0  9   4  0  7  0  17  4
  4  0  7  0  9   4  3  1  3  17  4
  4  0  7  4  0   4  9  0  8  12  4
  4  0  7  4  0   4  9  4  0  16  4
  4  0  7  5  0   7  0  4  9  12  4
  4  0  7  5  0   7  4  0  5  16  4
  4  0  7  5  2   4  0  5  9  12  4
  4  0  8  1  7   1  4  0 11  12  4
  4  0  8  3  1   3  8  0  9  12  4
  4  0  8  3  4   0  5  3  9  12  4
  4  0 10  0 11   5  5  0  4  21  5
  4  0 10  6  0  10  4  0  6  20  5
  4  0 11  0  4  11  4  0 11  15  5
  4  0 11  0  4  11  5  4  0  21  5
  4  0 11  4  0  11  0  4 11  15  5
  4  0 11  4  0  11  5  0  4  21  5
  4  1  3  8  1   4  0 11  4  12  4
  4  1  3  8  4   1  4  0 11  12  4
  4  1  4  0  4  11  4  4  4  12  4
  4  1  4  7  4   0  5  0 11  12  4
  4  1  4  7  4   1  3  1 11  12  4
  4  1  7  0  8   1  4  0 11  12  4
  4  1  7  1  4   0  7  8  4  12  4
  4  1  7  1  4   0 11  0  8  12  4
  4  1  7  1  4   0 11  4  0  16  4
  4  1  7  1  7   0  5  0 11  12  4
  4  1  7  1  7   1  3  1 11  12  4
  4  2  5  5  0   6  0  5  9  12  4
  4  2  5  5  2   2  2  5  9  12  4
  4  3  1  3  3  10  0  8  4  12  4
  4  3  1  3  3  10  4  0  8  12  4
  4  3  1  3  3  10  4  4  0  16  4
  4  3  1  3  9   0  7  0  9  12  4
  4  3  1  3  9   3  1  3  9  12  4
  4  3  1  3  9   4  0  7  0  17  4
  4  3  1  3  9   4  3  1  3  17  4
  4  3  1  6  0  10  3  4  0  17  4
  4  3  1  7  5   3  3  1  3  18  4
  4  3  1  8  0   7  0  4  9  12  4
  4  3  3  5  5   3  1  3  3  18  4
  4  3  4  0  4   7  0 10  4  12  4
  4  3  4  0  4   9  0  4  8  12  4
  4  3  4  0  4   9  0  8  0  16  4
  4  3  4  0  4   9  4  0  4  16  4
  4  3  4  0  9   0  4  3  9  12  4
  4  3  4  0  9   4  0  4  3  17  4
  4  3  4  4  0   7  0 10  0  16  4
  4  3  4  4  4   3  4  0  4  18  4
  4  3  5  3  1   3  5  3  9  12  4
  4  3  5  3  1   7  3  1  3  18  4
  4  3  5  3  3   5  1  3  3  18  4
  4  4  0  4  4   7  4  4  0  17  4
  4  4  0  4  7   0  8  0  9  12  4
  4  4  0  4  7   4  0  4  9  12  4
  4  4  0  4 13   4  0 11  5  15  5
  4  4  0  4 13   5  4  0 11  15  5
  4  4  0  4 13   5  5  4  0  21  5
  4  4  0  5  4   4  0 11  4  12  4
  4  4  0  7  1   7  0  4  9  12  4
  4  4  0  7  4   0  4  9  0  16  4
  4  4  0  8  1   4  4  0 11  12  4
  4  4  0 11  6   5  0  8  0  22  5
  4  4  0 11  6   5  4  0  4  22  5
  4  4  0 12  0  10  0 10  0  20  5
  4  4  0 12  0  10  5  0  5  20  5
  4  4  0 12  4   4  0 12  0  20  5
  4  4  0 12  5   0 10  0  5  20  5
  4  4  0 12  5   4  4  0  7  20  5
  4  4  0 20  4   0 17  7  7  21  7
  4  4  0 20  7   4  0 17  7  21  7
  4  4  0 20  7   7  4  0 17  21  7
  4  4  0 27  9  10  0 18  9  27  9
  4  4  0 27 10   0 18  8 10  27  9
  4  4  0 27 10   8 10  0 18  27  9
  4  4  0 27 10   9  0 17 10  27  9
  4  4  0 28  0  17 10  9  8  28  9
  4  4  0 28  0  18  8 10  8  28  9
  4  4  0 28  8   9 10  9  0  36  9
  4  4  0 28  8  10  0 18  8  28  9
  4  4  0 28  8  10  8 10  0  36  9
  4  4  0 28  9   0 18  8  9  28  9
  4  4  0 28  9   8 10  0 17  28  9
  4  4  0 28  9   8 10  8  1  36  9
  4  4  0 28  9   9  0 17  9  28  9
  4  4  0 28  9   9  8  9  1  36  9
  4  4  0 33 11  11 14 11 11  33 11
  4  4  0 33 11  14  8 14 11  33 11
  4  4  0 33 14   8 14  8 14  33 11
  4  4  0 33 14  11  8 11 14  33 11
  4  4  0 36  8  11 14 11  8  36 11
  4  4  0 36  8  14  8 14  8  36 11
  4  4  0 36 11   8 14  8 11  36 11
  4  4  0 36 11  11  8 11 11  36 11
  4  4  1  4  4   0 11  0  8  12  4
  4  4  1  4  4   0 11  4  0  16  4
  4  4  1  7  0   5  4  0 11  12  4
  4  4  1  7  1   3  5  0 11  12  4
  4  4  1  7  1   4  3  1 11  12  4
  4  4  3  1  4   3  3 10  4  12  4
  4  4  3  1  7   0  4  9  0  16  4
  4  4  3  3  4   1  3 10  0  16  4
  4  4  3  4  1   3  4  9  0  16  4
  4  4  3  4  3   1  4  3 10  12  4
  4  4  3  4  3   4  4  0  4  18  4
  4  4  4  0  4   7  4  0  4  17  4
  4  4  4  0  5   4  4  0 11  12  4
  4  4  4  0  7   1  7  0  4  17  4
  4  4  4  0  7   4  1  3  4  17  4
  4  4  4  1  3   5  4  0 11  12  4
  4  4  4  1  4   3  5  0 11  12  4
  4  4  4  1  4   4  3  1 11  12  4
  4  4  4  3  1   4  7  0  4  17  4
  4  4  4  3  1   6  4  1  3  18  4
  4  4  4  3  1   7  1  3  4  17  4
  4  4  4  3  3   2  6  1  3  18  4
  4  4  4  3  3   4  2  3  3  18  4
  4  4  4  3  4   1  4  3  4  17  4
  4  4  9  4  9   4  0  4 16  18  6
  4  4 13  4  0   4 20  7  7  21  7
  4  5  0 11  5   0  4  5 11  15  5
  4  5  4  0  5  12  5  4  0  21  5
  4  5  5  6  5   0  4  5  6  20  5
  4  5  6  0  9   0 11  0  4  21  5
  4  6  0  4  6   9  6  4  0  21  5
  4  6  0  4 10   6  4  0  6  20  5
  4  6  0  9  6   4  0  6  4  21  5
  4  6  0 10  4   0 10  0  6  20  5
  4  6  0 13  0  13  6  4  0  26  6
  4  6  4  0  6   9  6  0  4  21  5
  4  6  4  0  6  10  4  0  6  20  5
  4  6  4  0 10   0 10  4  0  22  5
  4  6  4  0 10   6  0  4  6  20  5
  4  6  4  6  0   4 10  0  6  20  5
  4  6  4  6  4   0  6  4  6  20  5
  4  7  7  0  4   7  7 12  6  18  6
  4  7  7  0  4   7 13  0 12  18  6
  4  7  7  0  4   7 13  6  0  24  6
  4  7  7  0  4  14  6  0  5  25  6
  4  7  7  4  0   7 11  0 14  18  6
  4  7  7  4  0   7 13  4  0  26  6
  4  7  7  4  0  14  4  0  7  25  6
  4  7  8  8  8   7  0  4  8  30  7
  4  8  5  0 13   0  4  8 12  18  6
  4  8  5  0 13   0  4 14  0  24  6
  4  8  8  8  4   0  8 16  0  28  7
  4 10  4  7 10   4  0 14  0  31  7
  4 10 13 13 10   4  0 13 23  30 10
  4 10 16  7  0  23 10  4  0  46 10
  4 11  9  6  0  15 11  0  4  36  8
  4 16  7 10 10   0 23  4  0  46 10
  5  0  5  9  6   5  0  8  0  22  5
  5  0  5  9  6   5  3  2  3  22  5
  5  0  5 14  0  12  5  0 13  18  6
  5  0  5 14  5   0 13  0 12  18  6
  5  0  5 14  5   0 13  6  0  24  6
  5  0  5 14  6   5  0 13  0  24  6
  5  0  5 14  6   6  5  0  7  24  6
  5  0  8  0 12   5  3  5  0  22  5
  5  0  8  6  6   5  0  5  3  22  5
  5  0  8  7  0   6  0 14  5  15  5
  5  0  8  7  1   4  1 14  5  15  5
  5  0  8  7  3   5  0  5 12  15  5
  5  0  9  0 11   0  9  5  0  21  5
  5  0  9  5  4   5  0  5 12  15  5
  5  0  9  5  5   0  9  5  0  22  5
  5  0  9  6  0   8  0 12  0  20  5
  5  0  9  6  3   2  3 12  0  20  5
  5  0  9  6  4   5  0  5  6  20  5
  5  0 10  0  9   0 10  5  0  21  5
  5  0 10  0  9   5  5  0  5  21  5
  5  0 10  3  5   0 10  0 12  15  5
  5  0 10  4  1   9  5  0  5  21  5
  5  0 10  4  1  10  0  8  0  22  5
  5  0 10  4  1  10  3  2  3  22  5
  5  0 10  4  4   1  9  5  0  22  5
  5  0 10  4  4   7  0  5  3  22  5
  5  0 10  4  5   0  6  9  0  21  5
  5  0 12  0 13   0 12  5  0  25  6
  5  0 13  0 11   0 13  5  0  25  6
  5  0 13  5  0   5  8 12  6  18  6
  5  0 13  5  0   5 14  0 12  18  6
  5  0 13  5  0   5 14  6  0  24  6
  5  0 13  5  5   0 13  5  0  26  6
  5  0 14  9  5   0  5 18  7  21  7
  5  0 15  8  7   0  5 16  0  28  7
  5  0 18 11 11   9  9  0  5  40  9
  5  0 20 11  9   5  0 22  0  36  9
  5  0 22  7  7  13  9  0  5  40  9
  5  0 22 14 14  11 11  5  0  50 11
  5  0 28  8  8  17 11  5  0  50 11
  5  1  5  9  5   1  5  0 14  15  5
  5  1  7  7  0   5  1 14  5  15  5
  5  1  9  1  9   1  5  0 14  15  5
  5  2  5  8  5   2  5  0  8  20  5
  5  2  8  0  7   8  2  5  0  23  5
  5  2  8  2  8   2  5  0  8  20  5
  5  3  2  3 12   3  5  0 12  15  5
  5  3  2  3 12   5  3  5  0  22  5
  5  3  2  6  0  14  0 10  5  15  5
  5  3  2  6  0  14  5  0 10  15  5
  5  3  2  6  0  14  5  5  0  20  5
  5  3  2  9  0  11  3  5  0  22  5
  5  3  2  9  6   5  0  5  3  22  5
  5  3  2 10  3   5  0  5 12  15  5
  5  3  5  0 12   0  8  0 12  15  5
  5  3  5  0 12   3  2  3 12  15  5
  5  3  5  0 12   5  0  8  0  22  5
  5  3  5  0 12   5  3  2  3  22  5
  5  3  5  7  0   8  0  5 12  15  5
  5  3  6  6  0   5  3 12  0  20  5
  5  3  6  6  3   5  0  6  6  20  5
  5  3  7  3  2   3 10  0 12  15  5
  5  3  7  3  5   0  7  3 12  15  5
  5  3  7  4  1  10  0  5  3  22  5
  5  4  1  8  0  12  0  5 10  15  5
  5  4  1  8  0  12  0 10  0  20  5
  5  4  1  8  0  12  5  0  5  20  5
  5  4  1  8  0  18  6  6  6  18  6
  5  4  1 10  4   1  4  4 12  15  5
  5  4  1 10  4   5  0  5  6  20  5
  5  4  4  1 11   4  4  1  4  22  5
  5  4  5  0 11   0  5  9  0  21  5
  5  4  5  4  5   0  5 12  0  20  5
  5  4  5  5  0   9  0  5 12  15  5
  5  4  5  6  0   9  0  5  6  20  5
  5  4  6  0  9   0  6  3 12  15  5
  5  4  6  0  9   0  6  9  0  21  5
  5  4  6  3  6   0  9  0  6  21  5
  5  4  6  4  4   1  9  1  4  22  5
  5  5  0  5  5  16  6  6  6  18  6
  5  5  0  5  9   5  0 10  0  21  5
  5  5  0  5  9   5  5  0  5  21  5
  5  5  0  8  5   0 10  0 12  15  5
  5  5  0  8  5   5  0  5 12  15  5
  5  5  0  9  1   9  0 10  0  21  5
  5  5  0  9  5   0  5  5 11  15  5
  5  5  0  9  6   0  5  8  0  22  5
  5  5  0  9  6   0  8  2  3  22  5
  5  5  0  9  6   3  2  5  3  22  5
  5  5  0 13  0  13  5  5  0  26  6
  5  5  0 14  0   5 13  0 12  18  6
  5  5  0 14  0   5 13  6  0  24  6
  5  5  0 14  0  12  0  5 13  18  6
  5  5  0 14  6   0  5 13  0  24  6
  5  5  0 14  6   6  0  5  7  24  6
  5  5  0 18  0  14  5  0 16  21  7
  5  5  0 18  5   0 16  0 14  21  7
  5  5  0 18  5   0 16  7  0  28  7
  5  5  0 18  7   5  0 16  0  28  7
  5  5  0 18  7   7  5  0  9  28  7
  5  5  0 29 11  10 10  8  0  42 10
  5  5  0 33  0  22 12 11 11  33 11
  5  5  0 33  0  23 10 12 11  33 11
  5  5  0 33 11   0 23 11 11  33 11
  5  5  0 33 12  11 10  0 23  33 11
  5  5  0 34 10   0 23 11 10  34 11
  5  5  0 34 11  11 10  0 22  34 11
  5  5  1  9  1   5  5  0 14  15  5
  5  5  2  3 10   2  5  5  0  23  5
  5  5  2  5  5   0  5 13  5  15  5
  5  5  2  8  2   5  5  0  8  20  5
  5  5  3  2  5   6  0 14  5  15  5
  5  5  3  2  8   0 10  0 12  15  5
  5  5  3  5  5   0  5 12  0  20  5
  5  5  3  6  6   0  5  5  3  22  5
  5  5  4  1  5   8  0 12  0  20  5
  5  5  4  1  9   0  5  5 11  15  5
  5  5  4  4  5   1  4  5 12  15  5
  5  5  4  5  1   8  5  0  5  22  5
  5  5  5  0  7   5  5  5  0  23  5
  5  5  5  0  8   5  5  0  5  22  5
  5  5  5  1  5   5  5  0 14  15  5
  5  5  5  3  2   8  5  0  5  22  5
  5  5  5  3  5   2  8  0  5  22  5
  5  5  5  3  5   5  2  3  5  22  5
  5  5  5  4  1   5  5  8  0  22  5
  5  5  8  5  0   5 13  5  0  26  6
  5  5  8  5  5   0  8 10  0  26  6
  5  5  8  5  5   0 13  0  5  26  6
  5  5 11  5  0   5 11 14  7  21  7
  5  5 11  5  0   5 18  0 14  21  7
  5  5 11  5  0   5 18  7  0  28  7
  5  5 11 11  5   0  5 22  8  24  8
  5  6  0  5 14   6  0  5 13  18  6
  5  6  0  5 14   6  6  0  5  25  6
  5  6  0 13  6   5  0  6  7  24  6
  5  6  6  0 13   6  0  5  6  25  6
  5  6 10  6  0   5 17  5  0  30  7
  5  6 10  6  5   0 17  0  5  30  7
  5  7  0  5 13   5  0 12  0  25  6
  5  7  0  5 18   7  5  0 16  21  7
  5  7  0  5 18   7  7  5  0  30  7
  5  7  5  0  7   5  5 14  6  18  6
  5  7  5  0  7   5 13  5  0  25  6
  5  7  5  0 12   0 13  0  5  25  6
  5  7  5  0 12   5  0 12  0  26  6
  5  7  5  0 13   0  5 12  0  25  6
  5  7  5  0 13   5  0  7  5  25  6
  5  7  5  0 18   7  0  5 16  21  7
  5  7  5  0 18   7  7  0  5  30  7
  5  7  5  5  7   0  5 12  0  26  6
  5  7  5  5  7   5  0  7  5  26  6
  5  7  6  5  1   6 11  0  5  26  6
  5  7  7  0 16   7  5  0  7  30  7
  5  8  5  0 22   8  5  0 19  24  8
  5  8  5  0 22   8  8  5  0  35  8
  5  8  8  0  5  16  0  5 16  21  7
  5  8  8  0  5  16  0 13  0  29  7
  5  8  8  0 13   8  0  5  8  29  7
  5  9  0 13  1  12  9  0  5  30  7
  5  9  0 20 11   9  9  0  5  40  9
  5  9  4  9  5   0 17  0  5  30  7
  5  9  5  0  9  10  0 18  7  21  7
  5  9  5  0 14   0  5 18  7  21  7
  5  9  5  0 14   0 14  0 16  21  7
  5  9  5  0 14   0 16  5  0  30  7
  5  9  5  0 16   5  0 14  0  30  7
  5 10  5 10 10   5  0 15  0  36  8
  5 10 10 10 10   0  5 20  0  38  9
  5 11  0 25 14  11 11  5  0  50 11
  5 11  5  0 16   5  0 22  8  24  8
  5 11  5  5 11   0  5 22  8  24  8
  5 11 11  0  5  22  5  0 22  27  9
  5 11 11  0 16  11  5  0 11  38  9
  5 11 11  5  0  22  0  5 22  27  9
  5 11 11  5  0  22  0 16  0  38  9
  5 11 11  5 11  11  0  5 11  38  9
  5 12 10  7  0  10 19  5  0  40  9
  5 13  0 16  2  14 13  5  0  40  9
  5 13  7  7 13   0  5 20  0  38  9
  5 13 13 13  0   5 13 26 11  33 11
  5 14 14  5  0  28  5  0 28  33 11
  5 14 14  5 14  14  5  0 14  47 11
  5 17  8  8 17   5  0 25  0  47 11
  5 17 17 17  5   0 17 34 14  42 14
  6  0 11  0 13   5  6  0  6  25  6
  6  0 11  6  0   6  5 14  6  18  6
  6  0 11  7  0  10  0  7 13  18  6
  6  0 11  7  4   2  4  7 13  18  6
  6  0 12  5  6   0 12  0  6  25  6
  6  0 14  8  6   0  6 16  0  28  7
  6  0 17  0 17   0  6 18  8  24  8
  6  0 17  6 11   6  0  6 20  24  8
  6  0 17  9  8   0  6  9 17  24  8
  6  0 18  7  0  17  8  0  6  34  8
  6  4  7  7  0   6  4  7 13  18  6
  6  5  1  5 13   5  6  0  6  25  6
  6  5  1 11  7   5  1  5  5  26  6
  6  5  5  1  5  14  0  6 12  18  6
  6  5  5  1  5  14  0 12  0  24  6
  6  5  5  1  5  14  6  0  6  24  6
  6  5  5  6  0   6  5 15  6  18  6
  6  5  6  0  6   5 14  0 12  18  6
  6  5  6  0  6   5 14  6  0  24  6
  6  5  6  0  6  13  0 11  0  25  6
  6  5  6  0  6  13  5  1  5  25  6
  6  5  6  0 13   0 11  0  6  25  6
  6  5  6  0 13   5  1  5  6  25  6
  6  5  6  6  0  11  0 12  0  26  6
  6  5  7  0 11   0 12  0  6  25  6
  6  5  7  5  1   5 12  0  6  25  6
  6  5  7  5  1  11  1  5  5  26  6
  6  5  7  5  6   0  7  5  6  25  6
  6  6  0 11  6   0 12  0  6  25  6
  6  6  0 11  6   6  0  6  6  25  6
  6  6  0 16  0  14  6  0  8  28  7
  6  6  0 16  6   0 15  0  7  28  7
  6  6  0 19  0  17  8  6  0  34  8
  6  6  5  1 10   1  5 14  0  24  6
  6  6  5  1 11   0 12  0  6  25  6
  6  6  5  5  2   5  5 14  0  24  6
  6  6  5  5  5   2  5  5 15  18  6
  6  6  5  6  1   5  6  5 14  18  6
  6  6  6  5  1   6 10  1  5  26  6
  6  6  6  5  1  10  2  5  5  26  6
  6  6  6  5  5   2  6  5  5  26  6
  6  6  6 10  6   6  0  6 10  28  7
  6  6  9  6  0   6  9 14  0  28  7
  6  6 11  0 17   6  0  6 20  24  8
  6  7  7  0  6  16  7  0  6  29  7
  6  8  0 13  8   0  6 13  0  30  7
  6  8  0 13  8   5  1  8  5  30  7
  6  8  5  8  8   0  6  8  5  30  7
  6  8  6  0  8  12  0 16  0  28  7
  6  8  6  0 14   0  6 16  0  28  7
  6  8  6  6  6   6  8  0  6  32  7
  6  8  9  9  8   0  6  9  9  32  8
  6  9  9  0  6  17  9  0  6  34  8
  6  9  9  6  0   9  9 16  0  32  8
  6 10  7  0 16   0 17  0  6  34  8
  6 10  7  0 17   0  6 17  0  33  8
  6 10  7  7 10   0  6 10  7  33  8
  7  0  7 12  9   7  3  7  0  32  7
  7  0  7 13  8   0 12  7  0  30  7
  7  0  7 18  7   0  7 18  8  24  8
  7  0  7 18  8   7  0  7 18  24  8
  7  0 10  9  9   7  0 10  0  32  7
  7  0 10  9  9   7  3  4  3  32  7
  7  0 11 10  1   7  0 20  7  21  7
  7  0 12  7  0  12  0 18  7  21  7
  7  0 12  8  8   0  7 12  0  30  7
  7  0 12  8  8   4  7  0  8  30  7
  7  0 12  9  3   7  0 18  0  28  7
  7  0 13  0  7  13  0 16  7  21  7
  7  0 13  7  0  13  0 16  0  28  7
  7  0 13  7  0  15  0 12  0  30  7
  7  0 13  7  0  15  5  2  5  30  7
  7  0 14  5  2  14  3  7  0  32  7
  7  0 14  5  5  11  0 10  0  32  7
  7  0 14  5  5  11  3  4  3  32  7
  7  0 14  6  1  13  6  1  6  30  7
  7  0 14  6  6   8  1  6  6  30  7
  7  0 15 10  8   7  0  7 10  32  8
  7  0 16  9  7   0  7  9 17  24  8
  7  0 16 11 11   9  7  0  7  40  9
  7  0 17  0 14  10  7  0  7  34  8
  7  0 17  7  0   7 17  0 17  24  8
  7  0 17  7  0   7 18  7  0  33  8
  7  0 17  7  0  17  0 14  0  34  8
  7  0 17  7  0  17  7  0  7  34  8
  7  0 17  7  7  10  0  7  7  34  8
  7  0 18 10 10   0 18  0  7  38  9
  7  0 20  7  0  20  7  7  0  40  9
  7  0 20  7  7  13  7  0  7  40  9
  7  0 22 13 13   0 22  7  0  48 11
  7  1 10 10  0   8  0 20  7  21  7
  7  1 10 10  1   6  1 20  7  21  7
  7  3  4 12  9   7  0 10  0  32  7
  7  3  4 12  9   7  3  4  3  32  7
  7  3  7  9  9   7  0  7  3  32  7
  7  3  9  9  0  10  0 18  0  28  7
  7  3  9  9  3   4  3 18  0  28  7
  7  3 11  5  2  14  0 10  0  32  7
  7  3 11  5  2  14  3  4  3  32  7
  7  3 11  5  5  11  0  7  3  32  7
  7  4  4  7  0  20  0 14  7  21  7
  7  4  4  7  0  20  7  0 14  21  7
  7  4  4  7  0  20  7  7  0  28  7
  7  4  7  0 11   0 20  7  7  21  7
  7  4  8  8  8   0 11  0  8  30  7
  7  4  8  8  8   4  3  4  8  30  7
  7  4 10  4  7   0 14  7  0  31  7
  7  5  2 10  0   7 18  7  7  21  7
  7  5  2 14  5   5  2  5 18  21  7
  7  5  5  7  0  18  0  7 14  21  7
  7  5  5  7  0  18  0 14  0  28  7
  7  5  5  7  0  18  7  0  7  28  7
  7  5  5 11  5   2  5  5 18  21  7
  7  5  7  0  7  16  5  7  0  30  7
  7  5  7  0 12   0 18  0 14  21  7
  7  5  7  0 12   0 18  7  0  28  7
  7  5  7  0 16   5  7  0  7  30  7
  7  5  7  7  0   7  5 18  7  21  7
  7  5  8  7  0  15  0  7  5  30  7
  7  5  9  0 12   0 12  0 18  21  7
  7  5  9  3  9   0  9  3 18  21  7
  7  5  9  5  7   0 14  0  7  30  7
  7  6  1  6  6  16  6  7  0  29  7
  7  6  1 12  0   7 16  0 14  21  7
  7  6  1 12  0   7 16  7  0  28  7
  7  6  1 12  0  16  0 13  0  29  7
  7  6  1 12  0  16  6  1  6  29  7
  7  6  1 14  6   6  1  6  9  28  7
  7  6  6  1  6  12  0 18  7  21  7
  7  6  6  9  6   1  6  6  9  28  7
  7  6  7  0 13   0 16  0  7  28  7
  7  6  7  7  0   7  6 16  0  28  7
  7  6  8  6  1   6  8 12  0  30  7
  7  7  0  7 19   0 16  0 16  24  8
  7  7  0  7 19   0 16  8  0  32  8
  7  7  0  7 19   8  0 16  0  32  8
  7  7  0 12  9   0 10  7  0  32  7
  7  7  0 12  9   3  4 10  0  32  7
  7  7  0 12  9   3  7  4  3  32  7
  7  7  0 18  0   7  7 18  8  24  8
  7  7  0 18  8   0  7  7 18  24  8
  7  7  0 22  0  14  0 22  9  27  9
  7  7  0 22  7   0  7 22  9  27  9
  7  7  0 22  9   0 14  0 22  27  9
  7  7  0 22  9   7  0  7 22  27  9
  7  7  0 26  7   7  0 26 10  30 10
  7  7  0 26 10   7  7  0 26  30 10
  7  7  3  9  9   0  7 10  0  32  7
  7  7  3  9  9   0 10  4  3  32  7
  7  7  3  9  9   3  4  7  3  32  7
  7  7  4  3  8   7  0 20  7  21  7
  7  7  4  4  6   8  0 20  7  21  7
  7  7  5  2 10   7  0 18  0  28  7
  7  7  5  5  4  10  0 18  0  28  7
  7  7  5  7  2   5 12  0 18  21  7
  7  7  5  7  7   0 14  0  7  30  7
  7  7  6  1  7  12  0  7 16  21  7
  7  7  6  1 12   6  1 13  0  31  7
  7  7  6  6  6   6  7  1  6  32  7
  7  7  6  6  7   1  6 13  0  31  7
  7  7  7  5  2   7 10  7  0  32  7
  7  7  7  5  2  10  4 10  0  32  7
  7  7  7  5  5   4  7 10  0  32  7
  7  7  9 13  9   7  0  7 13  36  9
  7  7 10  0  7  17  7  0  7  34  8
  7  7 10  7  0   7 10  7 17  24  8
  7  7 10  7  0   7 18  0  7  33  8
  7  7 10  7  0  17  0  7  7  34  8
  7  7 10 13 13  10  7  0  7  46 10
  7  7 11 11  7   0  7 11 20  27  9
  7  7 13  0 14  13  7  0  7  40  9
  7  7 13  7  0   7 20  0 20  27  9
  7  7 13  7  0   7 22  7  0  38  9
  7  7 13  7  0  20  0 14  0  40  9
  7  7 13  7  0  20  7  0  7  40  9
  7  7 13  7  7  13  0  7  7  40  9
  7  7 16  7  0  23  7  7  0  46 10
  7  7 16  7  7  16  7  0  7  46 10
  7  8  0  7 18   8  7  0  8  33  8
  7  8  0 15  0  18  8  0  7  33  8
  7  8  7  0 18   8  0  7  8  33  8
  7  9  0 16  0  22  9  7  0  38  9
  7  9  7  0 16   0  7  9 17  24  8
  7  9  7  0 22   9  7  0  9  38  9
  7  9  7  7  7   9  0  7  9  34  8
  7 10 10  7  0  10 17  7  0  40  9
  7 10 10  7  0  17  3 14  0  40  9
  7 10 10  7  0  17 10  0  7  40  9
  7 11  0 16 11   5  2 16  0  40  9
  7 11  5 11 11   0  7 16  0  40  9
  7 11  5 11 11   5  2 11  5  40  9
  7 11  7  0 18   7  0 11 20  27  9
  7 11  7  7 11   0  7 11 20  27  9
  7 11  7  9  9   0 18  0  7  40  9
  7 11  8  0 19   7  0 11  8  37  9
  7 11 11 13 13  11  0  7 11  48 11
  7 11 15  9  9   0 26  0  7  48 11
  7 13 10  7  7  10 13  0  7  46 10
  7 13 13 13 13  13  0  7 13  52 12
  7 13 13 16 16  13  7  0 13  58 13
  7 13 19 10 10   0 32  7  0  58 13
  8  0  8 15  0  17  6  8  0  34  8
  8  0  8 19 10   9  8  0  8  38  9
  8  0 15  0 15   0  8 18  8  24  8
  8  0 15  0 15   8  0 18  0  32  8
  8  0 15  8  0   8 15  0 18  24  8
  8  0 15  9  6   8  0  9  9  32  8
  8  0 16  7  1   7 15  8  0  34  8
  8  0 16  7  7   1  9 14  0  34  8
  8  0 21  0 21   8  0 22  0  40 10
  8  0 21 11 10   8  0 11 11  40 10
  8  5  8  8  0  13  0 22  8  24  8
  8  6  2 15  0  17  0 14  0  34  8
  8  6  2 15  0  17  6  2  6  34  8
  8  6  9  9  0  14  0  9  9  32  8
  8  6  9  9  6   2  6  9  9  32  8
  8  7  1  7 17   7  7  1  7  34  8
  8  7  7  1  7  18  0 15  0  33  8
  8  7  7  1  7  18  7  1  7  33  8
  8  7  7  1 17   7  1  7  7  34  8
  8  7  7  7  1  14  0 20  0  32  8
  8  7  7  7  7   7  1  7 21  24  8
  8  7  7  8  0  15  0  8 19  24  8
  8  7  7  8  0  18  0  8  7  33  8
  8  7  8  0  8   7  8 18  8  24  8
  8  7  8  0  8  15  0 18  0  32  8
  8  7  8  0 15   0 15  8  0  35  8
  8  7  8  7  8   0  8 15  0  35  8
  8  7  9  0 15   0 15  0  9  33  8
  8  7  9  6  9   0  9  6  9  33  8
  8  7  9  7  1   7 15  1  7  34  8
  8  7  9  7  7   1  9  7  7  34  8
  8  8  0  8 21   0  8 19  9  27  9
  8  8  0  8 21   9  0  8 19  27  9
  8  8  0  8 21   9  9  0  8  37  9
  8  8  0 15  1   7 15  8  0  34  8
  8  8  0 15  1  14  1 15  0  34  8
  8  8  0 15  8   0  8 15  0  34  8
  8  8  0 15  8   0 15  1  7  34  8
  8  8  0 15  8   7  1  8  7  34  8
  8  8  0 16  0   8 23  9  9  27  9
  8  8  0 16  0  22  8  8  0  38  9
  8  8  0 19 10   9  0  8  8  38  9
  8  8  0 20  0  16  0 20  0  36  9
  8  8  0 20  8   0  8 20  0  36  9
  8  8  0 20  9   0 16  0 11  36  9
  8  8  0 20  9   8  0  8 11  36  9
  8  8  0 25 14  11  8  8  0  50 11
  8  8  5  5  8   3  5 22  8  24  8
  8  8  7  1 14   1  7  8 18  24  8
  8  8  7  1 15   0  8 15  0  34  8
  8  8  7  1 15   0 15  1  7  34  8
  8  8  7  8  1   7  8 15  0  34  8
  8  8  7  8  8   0  8  8  7  34  8
  8  8  8  0  8   8 23  9  9  27  9
  8  8  8  0  8  22  8  8  0  38  9
  8  8  8  8  0  22  8  0  8  38  9
  8  8 10 10  8   0  8 10 10  36  9
  8  9  0  8  9  20  9  8  0  37  9
  8  9  8  0  9  20  9  0  8  37  9
  8 10  0 21  0  21 10  0  8  42 10
  8 10  8  0 18   0 18  0  8  38  9
  8 10  8  8  8   2 16  0  8  40  9
  8 11 11  0  8  11 21  8  0  42 10
  8 11 11  0  8  22  8  0 11  41 10
  8 11 11  8  0  11 11  8 22  30 10
  8 11 11  8  0  11 21  0  8  42 10
  8 11 11  8  0  22  0  8 11  41 10
  8 12  0 19  1   7 23  8  0  42 10
  8 12 12 12  0   8 12 24  0  44 11
  8 14  5 14 14   5  3 19  0  50 11
  8 17 20 20 20  17  8  0 20  74 17
  8 29 23 14  0  37 29  8  0  92 20
  9  0  9 17  9   0 17  9  0  38  9
  9  0  9 17 10   7  9  0  9  38  9
  9  0  9 25 12  11 11  0  9  46 11
  9  0  9 32 15  13 13  9  0  56 13
  9  0 14 11 11   0 14  9  0  40  9
  9  0 16  7  9   0  9 22  9  27  9
  9  0 16  9  0  16  9  0 22  27  9
  9  0 16  9  0  20  5  9  0  40  9
  9  0 16 10 10   0 16  0  9  38  9
  9  0 17  8  9   0  9 20  0  36  9
  9  0 17  9  0  17  0  9 20  27  9
  9  0 17  9  9   0  9 17  0  38  9
  9  0 18  7  7  11  7  2  7  40  9
  9  0 18  8  8   1 17  1  8  38  9
  9  0 19  0 22  10  9  0  9  42 10
  9  0 24 10 10   0 24  0  9  46 11
  9  0 30 11 11   0 30  9  0  56 13
  9  1 13 13  1   9  0 26  9  27  9
  9  5 11  9  0  20  0 14  0  40  9
  9  5 11  9  0  20  5  4  5  40  9
  9  7  2 17 10   0 16  0  9  38  9
  9  7  7  2  7   7 24  9  9  27  9
  9  7  7  2  7  22  7  9  0  38  9
  9  7  7  9  0   9 22  0 18  27  9
  9  7  7  9  0   9 22  9  0  36  9
  9  7  7  9  0  22  0 16  0  38  9
  9  7  7  9  0  22  7  2  7  38  9
  9  7  7 13  7   7  2  7 13  36  9
  9  7  9  0 16   0  9 22  9  27  9
  9  7  9  0 16   9  0 22  0  36  9
  9  7 11  7  2   7 16  9  0  40  9
  9  7 11  7  7   2 11 14  0  40  9
  9  8  8  1  8   8 21  0 18  27  9
  9  8  8  1  8   8 21  9  0  36  9
  9  8  8  9  0   9 20  0  9  36  9
  9  8  8  9  0  16  1  8 22  27  9
  9  8  9  0 17   0  9 20  0  36  9
  9  8  9  9  0   9  8  9 20  27  9
  9  9  0  9 23   0 20  9  0  41 10
  9  9  0  9 23   9  0 21  0  40 10
  9  9  0 16  2  14  9  9  0  40  9
  9  9  0 16  9   0 16  9  0  40  9
  9  9  0 16  9   7  2 16  0  40  9
  9  9  0 17  1  16  9  0  9  38  9
  9  9  0 32 15  13 13  0  9  56 13
  9  9  5  5  9   9  0 26  9  27  9
  9  9  7  2 14   9  0  9 22  27  9
  9  9  7  2 16   0 16  9  0  40  9
  9  9  7  7  4  14  0  9 22  27  9
  9  9  7  9  2   7 16  9  0  40  9
  9  9  7  9  9   0  9 16  0  40  9
  9  9  7  9  9   0 16  2  7  40  9
  9  9  7  9  9   7  2  9  7  40  9
  9  9  8  1  9  16  0 18  0  38  9
  9  9  8  8  2   8  8  8 21  27  9
  9  9  8  8  8   2 15  1  8  40  9
  9  9  8  9  1   8 17  0  9  38  9
  9  9  8  9  1  16  1  8  9  38  9
  9  9 11  0 26  11  9  0  9  48 11
  9 11  0 23 12  11  0  9 11  46 11
  9 11  9  0 11  18  0  9 23  30 10
  9 13  0 21  9   0 25  0  9  46 11
  9 13  0 28 15  13  9  0 13  56 13
  9 13  8 13  1   8 25  0  9  46 11
  9 13  9  9  4  18  0  9 28  33 11
  9 13 13 13  0   9 13 13 25  36 12
  9 17  0 24  9   0 32  9  0  56 13
  9 17  7 17  2   7 32  9  0  56 13
  9 17 17 17  9   0 17 17 32  45 15
  9 19 19 19 19   0  9 19 40  51 17
 10  0 10  0 33  11 12 12 11  33 11
 10  0 10  0 33  13 10 10 13  33 11
 10  0 10  0 35   9 12 12  9  35 11
 10  0 10  0 35  11 10 10 11  35 11
 10  0 19  0 19  10  0 10 22  30 10
 10  0 19 10  0  10 19 10  0  42 10
 10  0 19 10 10   0 19  0 10  42 10
 10  0 23 10  0  10 23 10  0  46 11
 10  0 23 10 10   0 13 20  0  46 11
 10  0 23 10 10   0 23  0 10  46 11
 10  0 25  0 25  10  0 25  0  49 12
 10  4 13 13  4  10  0 13 23  30 10
 10  7  7 10  0  26  7 10  0  43 10
 10  7  7 13 13   7  7  3  7  46 10
 10  7 10  7 10   0 10 26 10  30 10
 10  7 13  7  7  13  7  3  7  46 10
 10  9  1 18  0  10  9 23 10  30 10
 10  9  1 18  0  19  9 10  0  44 10
 10  9  1 18  9  10  0 19  0  44 10
 10  9  1 19 10   0 19  0 10  42 10
 10  9  9  9  1  18  0 10 24  30 10
 10  9 10  0 10  19  0 10 22  30 10
 10  9 10 10 10   0 10  9 10  42 10
 10 10  0 19  9   1 19  0 10  42 10
 10 10  0 19  9  10  1  9 10  42 10
 10 10  0 20  0  38 13 13 13  39 13
 10 10  0 23  0  23  0 20  0  46 11
 10 10  0 23  0  23 10  0 10  46 11
 10 10  7 10 10   0 17 10  0  46 10
 10 10  7 10 10   7  3 17  0  46 10
 10 10  9 10  9   1 10  9 10  42 10
 10 10 10  0 10  38 13 13 13  39 13
 10 10 10  7  7  10 10  3  7  46 10
 10 10 13 10  0  10 13 20  0  46 11
 10 10 13 10  0  10 23  0 10  46 11
 10 10 13 10 10   0 13 10 10  46 11
 10 10 19 10 10   0 29 10  0  58 13
 10 11 15 11  0  10 27  0 10  50 12
 10 12  8 12 10   0 22  0 10  48 11
 10 12 10  0 12  20  0 22  0  46 11
 10 12 10  0 22   0 10 22  0  46 11
 10 12 10  0 22  10  0 12 10  46 11
 10 12 10 10 12   0 10 12 10  46 11
 10 13 25 13 10   0 41 10  0  70 16
 10 16 10 10 16  10  0 26  0  58 13
 10 17 10 17  0  10 34 10  0  60 14
 10 17 15 12  0  15 29  0 10  60 14
 10 22  7 22 10   0 41 10  0  70 16
 10 25 25 25 25  10  0 50  0  94 22
 11  0 11 29 14   0 26 11  0  54 13
 11  0 18 13 13   7 11  0 11  48 11
 11  0 20 11 11   9 11  0 11  48 11
 11  0 20 12 12   0 19  0 12  46 11
 11  0 20 12 12   8  3  8 12  46 11
 11  0 21 11  0  21  0 22  0  46 11
 11  0 21 11  0  21 11  0 11  46 11
 11  0 28 12  0  11 29 11  0  54 13
 11  0 28 12 11   0 29  0 11  54 13
 11  0 29 15 15  14  0 11 15  58 14
 11  0 34 13 11   0 36 11  0  64 15
 11  0 36 19 19  17 11  0 19  72 17
 11  3 11 15 15  11  3 11  0  52 11
 11  3 19  7  7  19  3 11  0  52 11
 11  5 14 11  0  25  5 11  0  50 11
 11  7  4 20 13   7 11  0 11  48 11
 11  7 11 13 13   0 18  0 11  48 11
 11  8  8  8  3   8 31 11 11  33 11
 11  8 11 11  8  11  0 11 28  33 11
 11  8 12 12 12   0 11  8 12  46 11
 11  8 14  8  8   3 19 11  0  50 11
 11  9  2 18  0  20  0 28 11  33 11
 11  9  9  9  2   9 28  0 22  33 11
 11  9  9  9  2   9 28 11  0  44 11
 11  9 11  0 20  11  0 11 26  33 11
 11  9 11 11 11   0 20  0 11  48 11
 11 10  1 20  0  21  0 25  0  44 11
 11 10 10 10  1  10 25  0 11  44 11
 11 10 10 10  1  19  1 10 27  33 11
 11 10 10 10 10   1 10 10 27  33 11
 11 10 11 11  0  11 10 22  0  46 11
 11 11  0 11 11  28  0 24 12  36 12
 11 11  0 11 11  28 12  0 24  36 12
 11 11  0 11 11  28 12 12  0  48 12
 11 11  0 11 27   0 22  0 26  36 12
 11 11  0 11 27  11  0 11 26  36 12
 11 11  0 11 27  12  0 22  0  50 12
 11 11  0 11 27  12 11  0 11  50 12
 11 11  0 11 32  11 11  0 30  39 13
 11 11  0 11 32  13 11 11  0  56 13
 11 11  0 20  9  11 11  0 11  48 11
 11 11  0 22  0  34  0 26 13  39 13
 11 11  0 22  0  34 13  0 26  39 13
 11 11  0 22  0  34 13 13  0  52 13
 11 11  0 26  0  22  0 11 27  36 12
 11 11  0 26 11   0 11 11 27  36 12
 11 11  0 29 14   0 26  0 11  54 13
 11 11  0 30 11   0 22  0 32  39 13
 11 11  0 30 11  11  0 11 32  39 13
 11 11  0 36 17   0 30 11  0  64 15
 11 11  0 73 25  22 26 22  0  98 24
 11 11  0 73 25  24 22 24  0  98 24
 11 11  3 15 15   3 11 11  0  52 11
 11 11  8  8 11  11  0 11 28  33 11
 11 11  9  2 18  11  0 22  0  48 11
 11 11  9  9  4  16  2  9 28  33 11
 11 11  9  9  4  18  0 22  0  48 11
 11 11  9 11  9   2 20  0 11  48 11
 11 11  9 11  9  11  2  9 11  48 11
 11 11 10  1 20  11  0 11 11  46 11
 11 11 10 10  2  20  0 11 11  46 11
 11 11 11  0 11  34  0 26 13  39 13
 11 11 11  0 11  34 13  0 26  39 13
 11 11 11  0 11  34 13 13  0  52 13
 11 11 11  0 32  11  0 11 30  39 13
 11 11 11  0 32  13 11  0 11  56 13
 11 11 11  7  7  11 11 11  0  52 11
 11 11 11 19 11   0 11 11 32  39 13
 11 11 11 23 11  11  0 11 37  42 14
 11 15 11  0 22  15  0 11 32  39 13
 11 17 11 11 11  17  0 11 37  42 14
 12  0 12 31  0  29 14 12  0  58 14
 12  0 23 11 12   0 12 11 27  36 12
 12  0 23 12 11  12  0 12 12  50 12
 12  0 29  0 29  12  0 12 32  42 14
 12 11 11 12  0  12 11 27  0  48 12
 12 11 12  0 23   0 12 11 27  36 12
 12 11 12 12  0  23  0 12 12  50 12
 12 12  0 24  0  30  0 26  0  52 13
 12 12  0 28 12   0 24  0 16  52 13
 12 12  0 28 12  12  0 12 16  52 13
 12 12  0 31  0  29 14  0 12  58 14
 12 12 11  1 22   1 11 23  0  51 12
 12 12 12  0 12  30  0 26  0  52 13
 12 12 12 12  0  24  0 32  0  52 13
 12 12 12 12 12   0 12 32  0  52 13
 12 12 12 16 12   0 12 12 16  52 13
 12 14 12 12  2  24  0 12 14  54 13
 12 16 16 16 12   0 16 16 16  60 15
 13  7 13 16 16   7 13  0 13  58 13
 13 10 10 13  0  23  0 35 13  39 13
 13 11 11 13  0  24  0 32  0  52 13
 13 11 13  0 24   0 24  0 32  39 13
 13 11 13  0 24  11  2 11 32  39 13
 13 11 13 11 13   0 13 11 32  39 13
 13 11 13 13 11  13  0 13 13  56 13
 13 12 12  1 12  12 12 30 13  39 13
 13 12 12 12  1  24  0 25  0  57 13
 13 13  0 13 13  32 13  0 29  42 14
 13 13  0 13 13  32 14 13  0  57 14
 13 13  0 26  0  32  0 13 29  42 14
 13 13  0 26  0  32 14  0 13  57 14
 13 13  0 26  0  38 13  0 32  45 15
 13 13  0 26  0  38 15 13  0  62 15
 13 13 10 10 13  13  0 26  0  58 13
 13 13 11 11 13  13  0 13 13  56 13
 13 13 12  1 24  12  1 13 12  55 13
 13 13 12 12 13   1 12 13 12  55 13
 13 13 13  0 13  32  0 13 29  42 14
 13 13 13  0 13  32 14  0 13  57 14
 13 13 13  0 13  38 13  0 32  45 15
 13 13 13  0 13  38 15 13  0  62 15
 13 20  0 33  0  33 20  0 13  72 17
 13 27  0 40  0  40 27 13  0  92 21
 14  0 27  0 27  14  0 27  0  59 14
 14 11 14 11 14   0 25  0 37  42 14
 14 13  1 26  0  27  0 14 31  42 14
 14 13 13  1 13  26  0 32  0  56 14
 14 13 14  0 14  27  0 27  0  59 14
 14 13 14  0 27  14  0 14 13  59 14
 14 14 11 11 11  14  3 11 37  42 14
 14 14 13 13  2  13 13 26  0  60 14
 14 14 13 13  2  25  1 13 14  59 14
 14 16 14  0 28  16  0 14 16  62 15
 14 17 17 14  0  17 17 28  0  68 16
 14 17 17 14  0  17 31  0 14  68 16
 14 17 17 14  0  31  3 14 14  68 16
 14 23 23 14  0  37 23 14  0  92 20
 14 32 32 32 32  32 14  0 32 128 29
 15  0 29 14 15   0 15 29  0  63 15
 15  0 35 15 20  15  0 15 20  69 17
 15  0 40 20 20   0 15 40  0  78 19
 15  0 50 25 25  15  0 50  0  96 23
 15 13 13 13  2  13 13 38 15  45 15
 15 13 15  0 28  15  0 28  0  66 15
 15 14 14 14  1  14 14 34  0  60 15
 15 14 14 14  1  27 14  1 14  66 15
 15 14 14 14 14   1 27  1 14  66 15
 15 14 14 14 14  14  1 14 14  66 15
 15 14 15  0 29   0 15 29  0  63 15
 15 15  0 15 35  15  0 30  0  67 16
 15 15  0 15 35  15 15  0 15  67 16
 15 15 13 13 15  13  2 15 13  66 15
 15 15 15  0 35  15  0 15 15  67 16
 15 15 15  0 40  15 15  0 15  74 17
 15 15 20  0 35  15  0 15 20  69 17
 15 15 25 15 25  15  0 15 25  78 19
 15 20  0 35 20  15  0 20 15  76 18
 15 20 20 20 20   0 15 20 20  78 19
 15 25  0 40 25  15  0 40  0  92 21
 15 25 15 25 25  15  0 25 15  92 21
 15 25 25 25 25  15  0 25 25  96 23
 16 13 13 13  3  26  0 44 16  48 16
 16 15 15 16  0  16 15 15 36  48 16
 16 15 16  0 31   0 31  0 16  67 16
 16 15 16  0 31  15  1 15 16  67 16
 16 15 16 15 16   0 16 15 16  67 16
 16 16  0 16 16  38 16 16  0  70 17
 16 16  0 32  0  38  0 32  0  70 17
 16 16  0 32  0  38 16  0 16  70 17
 16 16 13 13 16  13  3 29  0  73 16
 16 16 15 15  2  28  2 15 15  68 16
 16 16 15 15 15   2 15 15 15  68 16
 16 16 16  0 16  38  0 32  0  70 17
 16 16 16  0 16  38 16  0 16  70 17
 16 16 16 16  0  16 53 19 19  57 19
 17  0 17 41 17   0 41 17  0  78 19
 17  8 20 20 20   8 17  0 20  74 17
 17 14 14 14 14   3 14 46 17  51 17
 17 15 15 15 15   2 15 42  0  68 17
 17 15 15 17  0  17 30  0 42  51 17
 17 15 17 15 17   0 32  0 17  74 17
 17 17  0 34  0  17 41  0 36  54 18
 17 17  0 34  0  17 41 18  0  72 18
 17 17  0 41  0  17 41 17  0  78 19
 17 17  0 41 17   0 41  0 17  78 19
 17 17  0 48 17   0 48 17  0  88 21
 17 17 15 15  4  26  4 30  0  76 17
 17 17 15 15 15   4 15 30  0  76 17
 17 17 15 15 15  17  2 15 17  74 17
 17 17 17  0 17  17 41  0 36  54 18
 17 17 17  0 17  17 41 18  0  72 18
 17 17 17 17  0  17 48  0 38  57 19
 17 17 17 17  0  17 48 19  0  76 19
 18 17 17  1 17  34  0 18 40  54 18
 18 20  0 36 18   0 38  0 18  80 19
 19 16 16 19  0  32 19  0 50  57 19
 19 18  1 36  0  19 36 19  0  80 19
 19 18  1 36  0  37  0 37  0  80 19
 19 18  1 36  0  37 18  1 18  80 19
 19 18  1 36 18  19  0 19 18  80 19
 19 19  0 38  0  19 45 19  0  81 20
 19 19 17 17 17  17  4 17 17  84 19
 19 19 19  0 19  19 45 19  0  81 20
 19 19 19 19  0  19 45  0 19  81 20
 19 19 19 19  0  19 52 19  0  86 21
 20  0 50 25 25  20  0 25 25  98 24
 20 18 19 19  1  37  0 38  0  88 20
 20 19 19 19  1  19 19 19 45  60 20
 20 19 19 20  0  20 19 39  0  84 20
 20 19 19 20  0  39  0 20 19  84 20
 20 20  0 20 93  31 32 32 31  93 31
 20 20  0 20 93  33 30 30 33  93 31
 20 20  0 20 95  29 32 32 29  95 31
 20 20  0 20 95  31 30 30 31  95 31
 20 20  0 40  0  40 20 20  0  92 21
 20 20  0 40 20  20  0 40  0  92 21
 20 20 17 17 17  17  6 34  0  92 20
 20 20 20 20  0  20 40 20  0  92 21
 20 20 20 20  0  40  0 40  0  92 21
 20 20 20 20  0  40 20  0 20  92 21
 20 20 20 20 20   0 20 40  0  92 21
 20 20 20 20 20   0 40  0 20  92 21
 20 20 20 20 20  20  0 20 20  92 21
 20 27  0 47  0  20 54 20  0 100 24
 20 27 20 27  0  20 54  0 20 100 24
 21 19 19 19  2  19 38  0 52  63 21
 21 19 19 21  0  21 38 21  0  92 21
 21 19 19 21  0  40  0 40  0  92 21
 21 19 19 21  0  40 19  2 19  92 21
 21 20  1 40  0  40 21  0 21  88 21
 21 20 20 21  0  21 40  0 21  88 21
 22 19 19 22  0  41 19 22  0 100 22
 22 21 21 22  0  42  1 21 22  92 22
 23 21 21 23  0  42 23  0 23 100 23
 23 23  0 46  0  23 23 54 24  72 24
 23 23  0 46  0  46  0 62 25  75 25
 23 23 23  0 23  23 23 54 24  72 24
 23 23 23  0 23  46  0 62 25  75 25
 23 23 23 23  0  23 23 62 25  75 25
 23 23 23 23  0  46  0 70 26  78 26
 23 23 23 23 23   0 23 70 26  78 26
 24 23 23  1 23  46  0 47  0 101 24
 24 24  0 48  0  48  0 56  0 100 25
 24 24 24  0 24  48  0 56  0 100 25
 24 24 24 24  0  24 24 56  0 100 25
 25  0 55 30 30  25  0 25 30 116 28
 25 24 24 24  1  48  0 25 24 105 25
 25 25  0 55 30   0 50  0 25 114 27
 25 25  0 55 30  25  0 25 25 114 27
 25 25  0 60 35  25  0 50  0 128 29
 25 25  0 60 35  25 25  0 25 128 29
 25 25 25 35 35  25  0 25 25 128 29
 25 25 25 40 40  25 25  0 25 142 31
 25 25 35 35 35  25  0 25 35 132 31
 26 25 25 25  1  25 50  0 26 109 26
 27  0 52 26 26  27  0 27 25 114 27
 27 26 26 26  1  26 26 52  0 114 27
 28  0 54 27 27   1 27 54  0 118 28
 28 27  1 53 27  27  1 27 27 118 28
 28 27 27  1 53  27  1 27 27 118 28
 28 27 27 27  1  27 53  1 27 118 28
 28 27 27 27  1  53  1 27 27 118 28
 28 27 27 27 27   1 27 27 27 118 28
 29  0 54 27 27  29  0 54  0 128 29
 29  0 56 28 28  28  1 28 28 122 29
 29 25 29 27 27  29  0 29 25 128 29
 29 27 27 27  2  27 52 29  0 128 29
 29 27 27 27  2  52  2 54  0 128 29
 29 27 27 27 27   2 27 54  0 128 29
 31 25 31 28 28  31  0 56  0 142 31
 31 28 28 28 28  28  3 56  0 142 31
 31 31  0 62  0  62  0 31 71  96 32
 31 31 31  0 31  62  0 31 71  96 32
 31 31 31  0 62  31  0 31 80  99 33
 31 31 31 31  0  31 31 31 71  96 32
 31 31 31 31  0  31 62  0 80  99 33
 31 31 31 31  0  62  0 31 80  99 33
 31 31 31 31 31   0 31 31 80  99 33
 31 31 31 31 31  31  0 31 89 102 34
 32 16 16 32  0  99 33 36 33  99 33
 32 16 16 32  0  99 36 30 36  99 33
 32 16 16 32  0 102 30 36 30 102 33
 32 16 16 32  0 102 33 30 33 102 33
 32 29 29 29 29  29 29  3 29 146 32
 38 36 37 37  1  73  0 38 36 160 38
 40  0 80 40 40   0 40 80  0 172 41
 40  0 80 40 40  40  0 40 40 172 41
 40 40  0 80  0  40 80 40  0 172 41
 40 40  0 80  0  80  0 80  0 172 41
 40 40  0 80  0  80 40  0 40 172 41
 40 40  0 80 40   0 80  0 40 172 41
 40 40  0 80 40  40  0 40 40 172 41
 40 40 40  0 40  80  0 80  0 172 41
 40 40 40  0 80  40  0 40 40 172 41
 40 40 40 40  0  40 40 80  0 172 41
 40 40 40 40  0  40 80  0 40 172 41
 40 40 40 40  0  80  0 40 40 172 41
 40 40 40 40 40   0 40 40 40 172 41
 40 40 40 40 40  40  0 80  0 196 43
 40 40 40 40 40  40 40  0 40 196 43
 41 37 39 39 37  41  0 41 37 180 41
 43 37 40 40 37  43  0 80  0 196 43

0 extreme rays of recession cone:

42 support hyperplanes of polyhedron (homogenized):
 -9  2  2  2  2  2  2  2  2  2 -13
 -8 -8  3  3  3  3  3  3  3  3 -14
 -7 -7 -7  4  4  4  4  4  4  4 -15
 -6 -6 -6 -6  5  5  5  5  5  5 -16
 -5 -5 -5 -5 -5  6  6  6  6  6 -17
 -4 -4 -4 -4 -4 -4  7  7  7  7 -18
 -3 -3 -3 -3 -3 -3 -3  8  8  8 -19
 -2 -2 -2 -2 -2 -2 -2 -2  9  9 -20
 -1 -1 -1 -1 -1 -1 -1 -1 -1 10 -21
 -1 -1 -1 -1  1  1  1  1  1  0   0
 -1 -1 -1  0  0  1  1  1  1  0   0
 -1 -1 -1  0  1  1  1  1  0  0   0
 -1 -1 -1  1  1  1  1  0  0  0   0
 -1 -1  0  0  0  0  1  1  1  0   0
 -1 -1  0  0  0  1  1  1  0  0   0
 -1 -1  0  0  1  1  1  0  0  0   0
 -1 -1  0  1  1  1  0  0  0  0   0
 -1 -1  1  1  1  0  0  0  0  0   0
 -1  0  0  0  0  0  0  1  1  0   0
 -1  0  0  0  0  0  1  1  0  0   0
 -1  0  0  0  0  1  1  0  0  0   0
 -1  0  0  0  1  1  0  0  0  0   0
 -1  0  0  1  1  0  0  0  0  0   0
 -1  0  1  1  0  0  0  0  0  0   0
 -1  1  1  0  0  0  0  0  0  0   0
  0  0  0 -1 -1 -1  0  1  1  1   0
  0  0  0 -1 -1  0  0  0  1  1   0
  0  0  0 -1  0  0  0  0  0  1   0
  0  0  0  0 -1 -1 -1  1  1  1   0
  0  0  0  0 -1 -1  0  0  1  1   0
  0  0  0  0 -1  0  0  0  0  1   0
  0  0  0  0  0 -1 -1  0  1  1   0
  0  0  0  0  0 -1  0  0  0  1   0
  0  0  0  0  0  0  0  0  1  0   0
  0  0  0  0  0  0  0  1  0  0   0
  0  0  0  0  0  0  1  0  0  0   0
  0  0  0  0  0  1  0  0  0  0   0
  0  0  0  0  1  0  0  0  0  0   0
  0  0  0  1  0  0  0  0  0  0   0
  0  0  1  0  0  0  0  0  0  0   0
  0  1  0  0  0  0  0  0  0  0   0
  1  0  0  0  0  0  0  0  0  0   0

2 equations:
 1 0 -1 -2 -3 -4 -5 -6 -7 -8  56
 0 1  2  3  4  5  6  7  8  9 -68

9 basis elements of generated  lattice:
 1 0 0 0 0 0 0 0 -9   8 0
 0 1 0 0 0 0 0 0 -8   7 0
 0 0 1 0 0 0 0 0 -7   6 0
 0 0 0 1 0 0 0 0 -6   5 0
 0 0 0 0 1 0 0 0 -5   4 0
 0 0 0 0 0 1 0 0 -4   3 0
 0 0 0 0 0 0 1 0 -3   2 0
 0 0 0 0 0 0 0 1 -2   1 0
 0 0 0 0 0 0 0 0 40 -28 1

