19 lattice points in polytope (module generators)
0 Hilbert basis elements of recession monoid
2 vertices of polyhedron
0 extreme rays of recession cone
2 support hyperplanes of polyhedron (homogenized)

embedding dimension = 4
affine dimension of the polyhedron = 1
rank of recession monoid = 0 (polyhedron is polytope)

dehomogenization:
0 0 0 1 


module rank = 19

***********************************************************************

19 lattice points in polytope (module generators):
 9  0 37 1
 9  1 36 1
 9  2 35 1
 9  3 34 1
 9  4 33 1
 9  5 32 1
 9  6 31 1
 9  7 30 1
 9  8 29 1
 9  9 28 1
 9 10 27 1
 9 11 26 1
 9 12 25 1
 9 13 24 1
 9 14 23 1
 9 15 22 1
 9 16 21 1
 9 17 20 1
 9 18 19 1

0 Hilbert basis elements of recession monoid:

2 vertices of polyhedron:
  9  0 37 1
 18 37 37 2

0 extreme rays of recession cone:

2 support hyperplanes of polyhedron (homogenized):
  0   1 0 0
 37 -18 0 0

2 equations:
 1 0 0  -9
 0 1 1 -37

2 basis elements of generated  lattice:
 9 0 37 1
 0 1 -1 0

