81 lattice points in polytope (module generators)
0 Hilbert basis elements of recession monoid
146 vertices of polyhedron
0 extreme rays of recession cone
26 support hyperplanes of polyhedron (homogenized)

embedding dimension = 8
affine dimension of the polyhedron = 5
rank of recession monoid = 0 (polyhedron is polytope)

dehomogenization:
0 0 0 0 0 0 0 1 


module rank = 81

***********************************************************************

81 lattice points in polytope (module generators):
 1 2 3 3 2 2 4 1
 1 2 4 1 3 2 4 1
 1 2 4 2 1 3 4 1
 1 2 4 2 2 1 5 1
 1 3 1 4 2 2 4 1
 1 3 2 2 3 2 4 1
 1 3 2 3 1 3 4 1
 1 3 2 3 2 1 5 1
 1 3 3 0 4 2 4 1
 1 3 3 1 2 3 4 1
 1 3 3 1 3 1 5 1
 1 3 3 2 0 4 4 1
 1 3 3 2 1 2 5 1
 1 3 3 2 2 0 6 1
 1 4 0 3 3 2 4 1
 1 4 0 4 1 3 4 1
 1 4 0 4 2 1 5 1
 1 4 1 1 4 2 4 1
 1 4 1 2 2 3 4 1
 1 4 1 2 3 1 5 1
 1 4 1 3 1 2 5 1
 1 4 1 3 2 0 6 1
 1 4 2 0 3 3 4 1
 1 4 2 0 4 1 5 1
 1 4 2 1 2 2 5 1
 2 1 2 4 2 2 4 1
 2 1 3 2 3 2 4 1
 2 1 3 3 1 3 4 1
 2 1 3 3 2 1 5 1
 2 1 4 0 4 2 4 1
 2 1 4 1 2 3 4 1
 2 1 4 1 3 1 5 1
 2 1 4 2 0 4 4 1
 2 1 4 2 1 2 5 1
 2 1 4 2 2 0 6 1
 2 2 1 3 3 2 4 1
 2 2 1 4 1 3 4 1
 2 2 1 4 2 1 5 1
 2 2 2 1 4 2 4 1
 2 2 2 2 2 3 4 1
 2 2 2 2 3 1 5 1
 2 2 2 3 0 4 4 1
 2 2 2 3 1 2 5 1
 2 2 2 3 2 0 6 1
 2 2 3 0 3 3 4 1
 2 2 3 0 4 1 5 1
 2 2 3 1 1 4 4 1
 2 2 3 1 2 2 5 1
 2 2 3 1 3 0 6 1
 2 2 3 2 0 3 5 1
 2 2 3 2 1 1 6 1
 2 3 0 2 4 2 4 1
 2 3 0 3 2 3 4 1
 2 3 0 3 3 1 5 1
 2 3 0 4 1 2 5 1
 2 3 0 4 2 0 6 1
 2 3 1 1 3 3 4 1
 2 3 1 1 4 1 5 1
 2 3 1 2 2 2 5 1
 2 3 1 2 3 0 6 1
 2 3 1 3 1 1 6 1
 2 3 2 0 3 2 5 1
 3 0 3 1 4 2 4 1
 3 0 3 2 2 3 4 1
 3 0 3 2 3 1 5 1
 3 0 3 3 0 4 4 1
 3 0 3 3 1 2 5 1
 3 0 4 0 3 3 4 1
 3 0 4 0 4 1 5 1
 3 0 4 1 2 2 5 1
 3 0 4 1 3 0 6 1
 3 1 2 1 3 3 4 1
 3 1 2 1 4 1 5 1
 3 1 2 2 1 4 4 1
 3 1 2 2 2 2 5 1
 3 1 2 2 3 0 6 1
 3 1 2 3 0 3 5 1
 3 1 3 0 3 2 5 1
 3 1 3 0 4 0 6 1
 3 1 3 1 2 1 6 1
 3 2 1 2 2 1 6 1

0 Hilbert basis elements of recession monoid:

146 vertices of polyhedron:
  1   2  3   3  2  2   4  1
  1   2  4   1  3  2   4  1
  1   2  4   2  1  3   4  1
  1   2  4   2  2  1   5  1
  1   3  1   4  2  2   4  1
  1   3  3   0  4  2   4  1
  1   3  3   2  0  4   4  1
  1   3  3   2  2  0   6  1
  1   4  0   3  3  2   4  1
  1   4  0   4  1  3   4  1
  1   4  0   4  2  1   5  1
  1   4  1   1  4  2   4  1
  1   4  1   3  2  0   6  1
  1   4  2   0  3  3   4  1
  1   4  2   0  4  1   5  1
  1  14  6   5  4  6  15  3
  1  24 10   8  7 11  24  5
  1  24 10   8  8  9  25  5
  1  28 14  17 17 14  28  7
  1  28 20  11 11 20  28  7
  1  34  8  17 17  8  34  7
  1  34 14  11 11 14  34  7
  2   1  2   4  2  2   4  1
  2   1  4   0  4  2   4  1
  2   1  4   2  0  4   4  1
  2   1  4   2  2  0   6  1
  2   3  0   2  4  2   4  1
  2   3  0   4  2  0   6  1
  2   3  1   3  1  1   6  1
  2   3  2   0  3  2   5  1
  2   7  4   5  0  8   8  2
  2   7  5   4  0  7   9  2
  2   8  3   5  2  3  11  2
  2  12  6   1 12  6  12  3
  2  12  7   0 11  7  12  3
  2  13  6   0 11  6  13  3
  3   0  3   1  4  2   4  1
  3   0  3   3  0  4   4  1
  3   0  3   3  1  2   5  1
  3   0  4   0  3  3   4  1
  3   0  4   0  4  1   5  1
  3   0  4   1  3  0   6  1
  3   1  2   2  3  0   6  1
  3   1  2   3  0  3   5  1
  3   1  3   0  3  2   5  1
  3   1  3   0  4  0   6  1
  3   1  3   1  2  1   6  1
  3   2  1   2  2  1   6  1
  3   5 12   7  5  7  12  3
  3   5 13   5  7  5  13  3
  3   5 13   6  5  6  13  3
  3   7  3   0  8  5   8  2
  3   7  3   0  9  3   9  2
  3   8 16   8  9  8  16  4
  3  12  5   0 12  7  12  3
  3  12 20   9  9 12  20  5
  3  17  7   0 17  7  17  4
  3  20  2  19 11 10  20  5
  3  22  0  19 11  8  22  5
  3  32 10  16 16  3  39  7
  4   5  5   1  3  8   8  2
  4   5  5   4  0  5  11  2
  4  13 23  13 13 12  24  6
  4  15  9   8  2  9  21  4
  4  23 15  11  1 24  24  6
  5   0  9   4  1  6   9  2
  5   0  9   4  3  2  11  2
  5   1  4   8  4  3   9  2
  5   3  2   8  4  1  11  2
  5   4  1   4  8  4   8  2
  5   4  1   8  0  8   8  2
  5   4  4   5  0  5  11  2
  5   5  0   5  5  6   8  2
  5   5  0   5  7  2  10  2
  5   5  0   7  5  0  12  2
  5   5  0   8  2  3  11  2
  5   5  2   3  7  0  12  2
  5  10  5   0 10  9  12  3
  5  28 15   0 28 15  28  7
  5  36 22  16  3 35  36  9
  6   0  6   5  5  1  11  2
  6   0  7   5  1  5  10  2
  6   0  8   3  3  3  11  2
  6   1  6   0  8  5   8  2
  6   1  6   0  9  3   9  2
  6   3  3   3  3  8   8  2
  6   3  3   3  7  0  12  2
  7   7  7   0  7 10  13  3
  7   8 13   8  7  0  25  4
  7  13  3  13  7  0  25  4
  7  13  7   0 17  3  21  4
  7  26  0  30 13 13  30  7
  7  36  0  36 19 19  36  9
  8   0 12   1 12  6  12  3
  8   0 13   0 12  5  13  3
  9   0 11   0 12  7  12  3
  9   0 11   0 13  5  13  3
  9   0 16   8 11  8  16  4
  9   0 16  11  5 11  16  4
  9   0 19   5 11  5  19  4
  9   0 19   8  5  8  19  4
  9   2  7   2 12  7  12  3
  9   2  7   2 13  5  13  3
  9   4  8   1  8  4  17  3
  9   8 11   8  1  8  23  4
  9  21 47  21 21 21  47 11
  9  27 52  27 27 27  52 13
  9  52  2  52 27 27  52 13
 10   1  9  15  9  8  16  4
 10   1  9  16  7  9  16  4
 11   0 17   8  3  8  21  4
 11   1 10  14  8  3  21  4
 11   9  2   9 13  0  24  4
 11  12 12   0 11 19  20  5
 12   3 12   0 12 13  16  4
 12   3 13   3 12  0  25  4
 12   6  6  11  1 11  21  4
 12   7  5   7 12  0  25  4
 13   0 13  17 12 10  20  5
 13   0 13  19  8 12  20  5
 13   0 20  12  1 19  20  5
 13   0 22   8 12  1  29  5
 14   0 20   0 20 11  20  5
 16  73 51  38  0 81  81 20
 17   0 17  20 11  6  31  6
 19   0 29   0 29 13  29  7
 20   0 20  22 15  5  37  7
 21 118  0 118 59 59 118 29
 23  13 10  26  0 23  41  8
 23  17  6  17 23  0  50  8
 23  20 20   3 20 20  47  9
 26  26  0  44  8 39  44 11
 26  26  0  47  5 36  47 11
 26  43 43  26  0 67  67 16
 27  16 16  11 16 16  51  9
 30  29 29  29  1 29  74 13
 30  30 30   0 30 49  52 13
 33  19 19  19 14 19  64 11
 33  33  0  60 26  7  79 14
 34   7 27  58 27 27  58 14
 35  35  0  64 37 37  64 16
 35  35  0  74 27 27  74 16
 43  43  0  43 67 38  72 18
 44   7 37  72 37 37  72 18
 46  23 23  46  0 67  67 16
 86  43 43  86  0 86 149 29

0 extreme rays of recession cone:

26 support hyperplanes of polyhedron (homogenized):
 -25  15  12   9   6   3 0 0
 -13 -18  20  15  10   5 0 0
  -1  -8 -15  21  14   7 0 0
  -1  -1   0   1   1   1 0 0
  -1  -1   1   1   1   0 0 0
  -1   0   0   0   1   1 0 0
  -1   0   0   1   1   0 0 0
  -1   0   1   1   0   0 0 0
  -1   1   1   0   0   0 0 0
   0   0   0   0   0   1 0 0
   0   0   0   0   1   0 0 0
   0   0   0   1   0   0 0 0
   0   0   1   0   0   0 0 0
   0   1   0   0   0   0 0 0
  11   2  -7 -16  18   9 0 0
  23  12   1 -10 -21  11 0 0
  35  22   9  -4 -17 -30 0 0
  59  -1 -18 -35  34  17 0 0
  59  -1 -18   8  -9  17 0 0
  59  -1  25   8  -9 -26 0 0
  59  42 -18 -35  -9  17 0 0
  59  42 -18   8  -9 -26 0 0
  59  42  25 -35 -52  17 0 0
  59  42  25 -35  -9 -26 0 0
  59  42  25   8 -52 -26 0 0
  59  42  25   8  -9 -69 0 0

2 equations:
 1 0 -1 -2 -3 -4 -5  42
 0 1  2  3  4  5  6 -59

6 basis elements of generated  lattice:
 1 0 0 0 0 -6   5 0
 0 1 0 0 0 -5   4 0
 0 0 1 0 0 -4   3 0
 0 0 0 1 0 -3   2 0
 0 0 0 0 1 -2   1 0
 0 0 0 0 0 43 -26 1

