18 lattice points in polytope (module generators)
0 Hilbert basis elements of recession monoid
23 vertices of polyhedron
0 extreme rays of recession cone
14 support hyperplanes of polyhedron (homogenized)

embedding dimension = 6
affine dimension of the polyhedron = 3
rank of recession monoid = 0 (polyhedron is polytope)

dehomogenization:
0 0 0 0 0 1 


module rank = 18

***********************************************************************

18 lattice points in polytope (module generators):
 0 4 2 3 4 1
 0 5 1 2 5 1
 1 2 3 3 4 1
 1 2 4 1 5 1
 1 3 1 4 4 1
 1 3 2 2 5 1
 1 3 3 0 6 1
 1 4 0 3 5 1
 1 4 1 1 6 1
 2 0 4 3 4 1
 2 0 5 1 5 1
 2 1 2 4 4 1
 2 1 3 2 5 1
 2 1 4 0 6 1
 2 2 1 3 5 1
 2 2 2 1 6 1
 2 3 0 2 6 1
 3 0 3 1 6 1

0 Hilbert basis elements of recession monoid:

23 vertices of polyhedron:
  0  4  2  3  4  1
  0  5  1  2  5  1
  0  7  6  5  8  2
  0 10  3  2 11  2
  1  3  3  0  6  1
  1  8  1  8  8  2
  1  9  0  7  9  2
  2  0  4  3  4  1
  2  0  5  1  5  1
  2  3  0  2  6  1
  2  3  9  3  9  2
  2  9 16  9 16  4
  2 18  7  0 25  4
  3  0  3  1  6  1
  4 11  4  0 20  3
  5  0  5  8  8  2
  5  0  9  0 12  2
  5 33  0 33 33  8
  6  0  7  0 13  2
  6  1  5  1 13  2
  9  1  9  0 20  3
 19 19  0 19 47  8
 25 25  0 53 53 12

0 extreme rays of recession cone:

14 support hyperplanes of polyhedron (homogenized):
 -7  9   6   3 0 0
 -1  0   1   1 0 0
 -1  1   1   0 0 0
  0  0   0   1 0 0
  0  0   1   0 0 0
  0  1   0   0 0 0
  1 -4  10   5 0 0
  1  0   0   0 0 0
  9  2  -5   7 0 0
 17  8  -1 -10 0 0
 33  1 -12  13 0 0
 33  1   7  -6 0 0
 33 20 -12  -6 0 0
 33 20   7 -25 0 0

2 equations:
 1 0 -1 -2 -3  20
 0 1  2  3  4 -33

4 basis elements of generated  lattice:
 1 0 0 -4  3 0
 0 1 0 -3  2 0
 0 0 1 -2  1 0
 0 0 0 19 -6 1

