238 lattice points in polytope (module generators)
0 Hilbert basis elements of recession monoid
804 vertices of polyhedron
0 extreme rays of recession cone
42 support hyperplanes of polyhedron (homogenized)

embedding dimension = 10
affine dimension of the polyhedron = 7
rank of recession monoid = 0 (polyhedron is polytope)

dehomogenization:
0 0 0 0 0 0 0 0 0 1 


module rank = 238

***********************************************************************

238 lattice points in polytope (module generators):
 1 2 3 3 2 2 2 2 4 1
 1 2 4 1 3 2 2 2 4 1
 1 2 4 2 1 3 2 2 4 1
 1 2 4 2 2 1 3 2 4 1
 1 2 4 2 2 2 1 3 4 1
 1 2 4 2 2 2 2 1 5 1
 1 3 1 4 2 2 2 2 4 1
 1 3 2 2 3 2 2 2 4 1
 1 3 2 3 1 3 2 2 4 1
 1 3 2 3 2 1 3 2 4 1
 1 3 2 3 2 2 1 3 4 1
 1 3 2 3 2 2 2 1 5 1
 1 3 3 0 4 2 2 2 4 1
 1 3 3 1 2 3 2 2 4 1
 1 3 3 1 3 1 3 2 4 1
 1 3 3 1 3 2 1 3 4 1
 1 3 3 1 3 2 2 1 5 1
 1 3 3 2 0 4 2 2 4 1
 1 3 3 2 1 2 3 2 4 1
 1 3 3 2 1 3 1 3 4 1
 1 3 3 2 1 3 2 1 5 1
 1 3 3 2 2 0 4 2 4 1
 1 3 3 2 2 1 2 3 4 1
 1 3 3 2 2 1 3 1 5 1
 1 3 3 2 2 2 1 2 5 1
 1 4 0 3 3 2 2 2 4 1
 1 4 0 4 1 3 2 2 4 1
 1 4 0 4 2 1 3 2 4 1
 1 4 0 4 2 2 1 3 4 1
 1 4 0 4 2 2 2 1 5 1
 1 4 1 1 4 2 2 2 4 1
 1 4 1 2 2 3 2 2 4 1
 1 4 1 2 3 1 3 2 4 1
 1 4 1 2 3 2 1 3 4 1
 1 4 1 2 3 2 2 1 5 1
 1 4 1 3 1 2 3 2 4 1
 1 4 1 3 1 3 1 3 4 1
 1 4 1 3 1 3 2 1 5 1
 1 4 1 3 2 0 4 2 4 1
 1 4 1 3 2 1 2 3 4 1
 1 4 1 3 2 1 3 1 5 1
 1 4 1 3 2 2 1 2 5 1
 1 4 2 0 3 3 2 2 4 1
 1 4 2 0 4 1 3 2 4 1
 1 4 2 0 4 2 1 3 4 1
 1 4 2 0 4 2 2 1 5 1
 1 4 2 1 2 2 3 2 4 1
 1 4 2 1 2 3 1 3 4 1
 1 4 2 1 2 3 2 1 5 1
 1 4 2 1 3 1 2 3 4 1
 1 4 2 1 3 1 3 1 5 1
 1 4 2 1 3 2 1 2 5 1
 1 4 2 2 1 2 2 3 4 1
 1 4 2 2 1 2 3 1 5 1
 1 4 2 2 1 3 1 2 5 1
 1 4 2 2 2 1 2 2 5 1
 2 1 2 4 2 2 2 2 4 1
 2 1 3 2 3 2 2 2 4 1
 2 1 3 3 1 3 2 2 4 1
 2 1 3 3 2 1 3 2 4 1
 2 1 3 3 2 2 1 3 4 1
 2 1 3 3 2 2 2 1 5 1
 2 1 4 0 4 2 2 2 4 1
 2 1 4 1 2 3 2 2 4 1
 2 1 4 1 3 1 3 2 4 1
 2 1 4 1 3 2 1 3 4 1
 2 1 4 1 3 2 2 1 5 1
 2 1 4 2 0 4 2 2 4 1
 2 1 4 2 1 2 3 2 4 1
 2 1 4 2 1 3 1 3 4 1
 2 1 4 2 1 3 2 1 5 1
 2 1 4 2 2 0 4 2 4 1
 2 1 4 2 2 1 2 3 4 1
 2 1 4 2 2 1 3 1 5 1
 2 1 4 2 2 2 1 2 5 1
 2 2 1 3 3 2 2 2 4 1
 2 2 1 4 1 3 2 2 4 1
 2 2 1 4 2 1 3 2 4 1
 2 2 1 4 2 2 1 3 4 1
 2 2 1 4 2 2 2 1 5 1
 2 2 2 1 4 2 2 2 4 1
 2 2 2 2 2 3 2 2 4 1
 2 2 2 2 3 1 3 2 4 1
 2 2 2 2 3 2 1 3 4 1
 2 2 2 2 3 2 2 1 5 1
 2 2 2 3 0 4 2 2 4 1
 2 2 2 3 1 2 3 2 4 1
 2 2 2 3 1 3 1 3 4 1
 2 2 2 3 1 3 2 1 5 1
 2 2 2 3 2 0 4 2 4 1
 2 2 2 3 2 1 2 3 4 1
 2 2 2 3 2 1 3 1 5 1
 2 2 2 3 2 2 0 4 4 1
 2 2 2 3 2 2 1 2 5 1
 2 2 2 3 2 2 2 0 6 1
 2 2 3 0 3 3 2 2 4 1
 2 2 3 0 4 1 3 2 4 1
 2 2 3 0 4 2 1 3 4 1
 2 2 3 0 4 2 2 1 5 1
 2 2 3 1 1 4 2 2 4 1
 2 2 3 1 2 2 3 2 4 1
 2 2 3 1 2 3 1 3 4 1
 2 2 3 1 2 3 2 1 5 1
 2 2 3 1 3 0 4 2 4 1
 2 2 3 1 3 1 2 3 4 1
 2 2 3 1 3 1 3 1 5 1
 2 2 3 1 3 2 1 2 5 1
 2 2 3 1 3 2 2 0 6 1
 2 2 3 2 0 3 3 2 4 1
 2 2 3 2 0 4 1 3 4 1
 2 2 3 2 0 4 2 1 5 1
 2 2 3 2 1 1 4 2 4 1
 2 2 3 2 1 2 2 3 4 1
 2 2 3 2 1 2 3 1 5 1
 2 2 3 2 1 3 1 2 5 1
 2 2 3 2 2 0 3 3 4 1
 2 2 3 2 2 0 4 1 5 1
 2 2 3 2 2 1 2 2 5 1
 2 3 0 2 4 2 2 2 4 1
 2 3 0 3 2 3 2 2 4 1
 2 3 0 3 3 1 3 2 4 1
 2 3 0 3 3 2 1 3 4 1
 2 3 0 3 3 2 2 1 5 1
 2 3 0 4 1 2 3 2 4 1
 2 3 0 4 1 3 1 3 4 1
 2 3 0 4 1 3 2 1 5 1
 2 3 0 4 2 0 4 2 4 1
 2 3 0 4 2 1 2 3 4 1
 2 3 0 4 2 1 3 1 5 1
 2 3 0 4 2 2 1 2 5 1
 2 3 1 1 3 3 2 2 4 1
 2 3 1 1 4 1 3 2 4 1
 2 3 1 1 4 2 1 3 4 1
 2 3 1 1 4 2 2 1 5 1
 2 3 1 2 2 2 3 2 4 1
 2 3 1 2 2 3 1 3 4 1
 2 3 1 2 2 3 2 1 5 1
 2 3 1 2 3 0 4 2 4 1
 2 3 1 2 3 1 2 3 4 1
 2 3 1 2 3 1 3 1 5 1
 2 3 1 2 3 2 0 4 4 1
 2 3 1 2 3 2 1 2 5 1
 2 3 1 3 1 1 4 2 4 1
 2 3 1 3 1 2 2 3 4 1
 2 3 1 3 1 2 3 1 5 1
 2 3 1 3 1 3 1 2 5 1
 2 3 1 3 1 3 2 0 6 1
 2 3 1 3 2 0 3 3 4 1
 2 3 1 3 2 0 4 1 5 1
 2 3 1 3 2 1 2 2 5 1
 2 3 2 0 3 2 3 2 4 1
 2 3 2 0 3 3 1 3 4 1
 2 3 2 0 3 3 2 1 5 1
 2 3 2 0 4 1 2 3 4 1
 2 3 2 0 4 1 3 1 5 1
 2 3 2 0 4 2 1 2 5 1
 2 3 2 1 2 2 2 3 4 1
 2 3 2 1 2 2 3 1 5 1
 2 3 2 1 2 3 1 2 5 1
 2 3 2 1 2 3 2 0 6 1
 2 3 2 1 3 1 2 2 5 1
 2 3 2 2 1 2 2 2 5 1
 3 0 3 1 4 2 2 2 4 1
 3 0 3 2 2 3 2 2 4 1
 3 0 3 2 3 1 3 2 4 1
 3 0 3 2 3 2 1 3 4 1
 3 0 3 2 3 2 2 1 5 1
 3 0 3 3 0 4 2 2 4 1
 3 0 3 3 1 2 3 2 4 1
 3 0 3 3 1 3 1 3 4 1
 3 0 3 3 1 3 2 1 5 1
 3 0 3 3 2 1 2 3 4 1
 3 0 3 3 2 1 3 1 5 1
 3 0 3 3 2 2 1 2 5 1
 3 0 4 0 3 3 2 2 4 1
 3 0 4 0 4 1 3 2 4 1
 3 0 4 0 4 2 1 3 4 1
 3 0 4 0 4 2 2 1 5 1
 3 0 4 1 2 2 3 2 4 1
 3 0 4 1 2 3 1 3 4 1
 3 0 4 1 2 3 2 1 5 1
 3 0 4 1 3 0 4 2 4 1
 3 0 4 1 3 1 2 3 4 1
 3 0 4 1 3 1 3 1 5 1
 3 0 4 1 3 2 1 2 5 1
 3 0 4 2 1 2 2 3 4 1
 3 0 4 2 1 2 3 1 5 1
 3 0 4 2 1 3 1 2 5 1
 3 0 4 2 2 1 2 2 5 1
 3 1 2 1 3 3 2 2 4 1
 3 1 2 1 4 1 3 2 4 1
 3 1 2 1 4 2 1 3 4 1
 3 1 2 1 4 2 2 1 5 1
 3 1 2 2 1 4 2 2 4 1
 3 1 2 2 2 2 3 2 4 1
 3 1 2 2 2 3 1 3 4 1
 3 1 2 2 2 3 2 1 5 1
 3 1 2 2 3 0 4 2 4 1
 3 1 2 2 3 1 2 3 4 1
 3 1 2 2 3 1 3 1 5 1
 3 1 2 2 3 2 1 2 5 1
 3 1 2 3 0 3 3 2 4 1
 3 1 2 3 0 4 1 3 4 1
 3 1 2 3 0 4 2 1 5 1
 3 1 2 3 1 2 2 3 4 1
 3 1 2 3 1 2 3 1 5 1
 3 1 2 3 1 3 0 4 4 1
 3 1 2 3 1 3 1 2 5 1
 3 1 2 3 2 1 2 2 5 1
 3 1 2 3 2 1 3 0 6 1
 3 1 3 0 3 2 3 2 4 1
 3 1 3 0 3 3 1 3 4 1
 3 1 3 0 3 3 2 1 5 1
 3 1 3 0 4 0 4 2 4 1
 3 1 3 0 4 1 2 3 4 1
 3 1 3 0 4 1 3 1 5 1
 3 1 3 0 4 2 1 2 5 1
 3 1 3 1 2 1 4 2 4 1
 3 1 3 1 2 2 2 3 4 1
 3 1 3 1 2 2 3 1 5 1
 3 1 3 1 2 3 1 2 5 1
 3 1 3 1 3 0 3 3 4 1
 3 1 3 1 3 0 4 1 5 1
 3 1 3 1 3 1 2 2 5 1
 3 1 3 1 3 1 3 0 6 1
 3 1 3 2 1 2 2 2 5 1
 3 2 1 2 2 1 4 2 4 1
 3 2 1 2 2 2 2 3 4 1
 3 2 1 2 2 2 3 1 5 1
 3 2 1 2 2 3 0 4 4 1
 3 2 1 2 2 3 1 2 5 1
 3 2 1 2 3 0 3 3 4 1
 3 2 1 2 3 0 4 1 5 1
 3 2 1 2 3 1 2 2 5 1
 3 2 1 3 1 2 2 2 5 1
 3 2 1 3 1 2 3 0 6 1
 3 2 2 1 2 2 2 2 5 1
 3 2 2 1 2 2 3 0 6 1

0 Hilbert basis elements of recession monoid:

804 vertices of polyhedron:
   1   2   3   3  2   2   2   2   4  1
   1   2   4   1  3   2   2   2   4  1
   1   2   4   2  1   3   2   2   4  1
   1   2   4   2  2   1   3   2   4  1
   1   2   4   2  2   2   1   3   4  1
   1   2   4   2  2   2   2   1   5  1
   1   3   1   4  2   2   2   2   4  1
   1   3   3   0  4   2   2   2   4  1
   1   3   3   2  0   4   2   2   4  1
   1   3   3   2  2   0   4   2   4  1
   1   3   3   2  2   2   1   2   5  1
   1   4   0   3  3   2   2   2   4  1
   1   4   0   4  1   3   2   2   4  1
   1   4   0   4  2   1   3   2   4  1
   1   4   0   4  2   2   1   3   4  1
   1   4   0   4  2   2   2   1   5  1
   1   4   1   1  4   2   2   2   4  1
   1   4   1   3  1   3   1   3   4  1
   1   4   1   3  2   0   4   2   4  1
   1   4   1   3  2   2   1   2   5  1
   1   4   2   0  3   3   2   2   4  1
   1   4   2   0  4   1   3   2   4  1
   1   4   2   0  4   2   1   3   4  1
   1   4   2   0  4   2   2   1   5  1
   1   4   2   1  2   2   3   2   4  1
   1   4   2   1  2   3   1   3   4  1
   1   4   2   1  3   1   2   3   4  1
   1   4   2   1  3   1   3   1   5  1
   1   4   2   1  3   2   1   2   5  1
   1   4   2   2  1   2   2   3   4  1
   1   4   2   2  1   2   3   1   5  1
   1   4   2   2  1   3   1   2   5  1
   1   4   2   2  2   1   2   2   5  1
   1   9   3   4  3   6   4   3   9  2
   1   9   3   5  2   5   5   3   9  2
   1   9   4   3  3   6   3   4   9  2
   1   9   4   4  2   5   4   4   9  2
   1  12   6   6  7   7   6   6  12  3
   1  12   6   8  5   5   8   6  12  3
   1  12   8   4  7   7   4   8  12  3
   1  12   8   6  5   5   6   8  12  3
   1  14   4   6  7   7   6   4  14  3
   1  14   4   8  5   5   8   4  14  3
   1  14   6   4  7   7   4   6  14  3
   1  14   6   6  5   5   6   6  14  3
   2   1   2   4  2   2   2   2   4  1
   2   1   4   0  4   2   2   2   4  1
   2   1   4   2  0   4   2   2   4  1
   2   1   4   2  2   0   4   2   4  1
   2   1   4   2  2   2   1   2   5  1
   2   2   2   3  2   2   0   4   4  1
   2   2   2   3  2   2   2   0   6  1
   2   2   3   1  3   2   2   0   6  1
   2   2   3   2  0   4   1   3   4  1
   2   2   3   2  0   4   2   1   5  1
   2   2   3   2  1   1   4   2   4  1
   2   2   3   2  2   0   3   3   4  1
   2   2   3   2  2   0   4   1   5  1
   2   3   0   2  4   2   2   2   4  1
   2   3   0   4  1   3   1   3   4  1
   2   3   0   4  2   0   4   2   4  1
   2   3   0   4  2   2   1   2   5  1
   2   3   1   1  3   3   2   2   4  1
   2   3   1   1  4   2   2   1   5  1
   2   3   1   2  3   2   0   4   4  1
   2   3   1   3  1   1   4   2   4  1
   2   3   1   3  1   3   2   0   6  1
   2   3   1   3  2   0   3   3   4  1
   2   3   1   3  2   0   4   1   5  1
   2   3   2   0  3   2   3   2   4  1
   2   3   2   0  3   3   1   3   4  1
   2   3   2   0  3   3   2   1   5  1
   2   3   2   0  4   1   2   3   4  1
   2   3   2   0  4   1   3   1   5  1
   2   3   2   0  4   2   1   2   5  1
   2   3   2   1  2   3   2   0   6  1
   2   3   2   2  1   2   2   2   5  1
   2   7   4   5  0   8   4   4   8  2
   2   7   5   3  1   8   4   4   8  2
   2   7   5   4  0   7   5   4   8  2
   2   7   5   4  0   8   3   5   8  2
   2   7   5   4  0   8   4   3   9  2
   2   7   5   4  4   1   5   6   8  2
   2   7   5   4  4   1   7   2  10  2
   2   8   3   5  2   3   7   4   8  2
   2   8   3   5  2   6   4   1  11  2
   2   8   3   5  4   1   5   6   8  2
   2   8   3   5  4   1   7   2  10  2
   2   8   4   3  3   6   4   1  11  2
   2  12   6   6  2  11   6   6  12  3
   2  12   6   7  1  10   7   6  12  3
   2  12   7   5  2  11   5   7  12  3
   2  12   7   6  1  10   6   7  12  3
   2  13   6   5  4   9   3   8  13  3
   2  13   6   6  3   6   8   6  13  3
   2  13   6   6  3   8   4   8  13  3
   2  13   6   6  3   8   6   4  15  3
   2  18   6   8  9   9   8   3  21  4
   2  18   6  10  7   7  10   3  21  4
   2  18   7   9  7   7   9   4  21  4
   2  18   8   6  9   9   6   5  21  4
   2  18   8   7  8   8   7   5  21  4
   3   0   3   1  4   2   2   2   4  1
   3   0   3   2  3   2   1   3   4  1
   3   0   3   2  3   2   2   1   5  1
   3   0   3   3  0   4   2   2   4  1
   3   0   3   3  1   2   3   2   4  1
   3   0   3   3  1   3   2   1   5  1
   3   0   3   3  2   1   2   3   4  1
   3   0   3   3  2   1   3   1   5  1
   3   0   3   3  2   2   1   2   5  1
   3   0   4   0  3   3   2   2   4  1
   3   0   4   0  4   1   3   2   4  1
   3   0   4   0  4   2   1   3   4  1
   3   0   4   0  4   2   2   1   5  1
   3   0   4   1  2   3   1   3   4  1
   3   0   4   1  2   3   2   1   5  1
   3   0   4   1  3   0   4   2   4  1
   3   0   4   1  3   2   1   2   5  1
   3   0   4   2  1   2   2   3   4  1
   3   0   4   2  1   2   3   1   5  1
   3   0   4   2  1   3   1   2   5  1
   3   0   4   2  2   1   2   2   5  1
   3   1   2   1  3   3   2   2   4  1
   3   1   2   1  4   1   3   2   4  1
   3   1   2   1  4   2   1   3   4  1
   3   1   2   1  4   2   2   1   5  1
   3   1   2   2  3   0   4   2   4  1
   3   1   2   3  0   3   3   2   4  1
   3   1   2   3  0   4   2   1   5  1
   3   1   2   3  1   3   0   4   4  1
   3   1   2   3  2   1   3   0   6  1
   3   1   3   0  3   2   3   2   4  1
   3   1   3   0  3   3   1   3   4  1
   3   1   3   0  3   3   2   1   5  1
   3   1   3   0  4   0   4   2   4  1
   3   1   3   0  4   1   2   3   4  1
   3   1   3   0  4   2   1   2   5  1
   3   1   3   1  2   1   4   2   4  1
   3   1   3   1  3   0   3   3   4  1
   3   1   3   1  3   0   4   1   5  1
   3   1   3   1  3   1   3   0   6  1
   3   1   3   2  1   2   2   2   5  1
   3   2   1   2  2   1   4   2   4  1
   3   2   1   2  2   3   0   4   4  1
   3   2   1   2  2   3   1   2   5  1
   3   2   1   2  3   0   3   3   4  1
   3   2   1   2  3   0   4   1   5  1
   3   2   1   2  3   1   2   2   5  1
   3   2   1   3  1   2   2   2   5  1
   3   2   1   3  1   2   3   0   6  1
   3   2   2   1  2   2   2   2   5  1
   3   2   2   1  2   2   3   0   6  1
   3   5   5   5  4   4   0   8   8  2
   3   6   5   4  0   8   2   6   8  2
   3   6   5   4  0   8   4   2  10  2
   3   7   3   3  6   4   0   8   8  2
   3  10   6   8  6   6   6   1  17  3
   3  10   8   4  8   6   6   1  17  3
   3  11   7   5  7   6   3   5  16  3
   3  11   7   6  1  11   3   9  12  3
   3  11   7   6  1  11   6   3  15  3
   3  12   4   8  4   8   6   1  17  3
   3  12   5   7  5   7   3   5  16  3
   3  12   6   4  6   8   6   1  17  3
   3  12   6   5  6   4   9   2  16  3
   3  17   7   9  4   7  13   7  17  4
   3  17   7   9  4  11   9   3  21  4
   3  17   8   7  5  12   7   4  21  4
   3  17   8   7  8   9   4   7  21  4
   3  20  11  11  9   9   5  17  20  5
   3  21   9  12  9   9  12   3  27  5
   3  21  11   8 11  11   8   5  27  5
   3  22   8  12  8  10  12   3  27  5
   3  22   9   9 11  11   3  15  22  5
   3  22  10   8 10  12   8   5  27  5
   3  22  10  10  9   6  10  13  22  5
   3  22  10  10  9   6  13   7  25  5
   3  22  10  10  9   9   7  10  25  5
   3  28  18  10 16  16   7  21  28  7
   3  28  18  14 12  12  11  21  28  7
   3  32  14  10 16  16   7  17  32  7
   3  32  14  14 12   9  17  14  32  7
   3  32  14  14 12  12  11  17  32  7
   3  32  14  14 12  12  14  11  35  7
   4   3   6   5  4   4   0   8   8  2
   4   4   5   5  4   3   1   8   8  2
   4   4   5   5  4   4   0   7   9  2
   4   5   5   1  3   8   4   4   8  2
   4   5   5   3  1   8   2   6   8  2
   4   5   5   4  0   5   7   4   8  2
   4   5   5   4  0   7   3   6   8  2
   4   5   5   4  0   7   5   2  10  2
   4   5   5   4  0   8   2   5   9  2
   4   5   5   4  0   8   3   3  10  2
   4   6   3   1  8   1   7   4   8  2
   4   6   3   2  7   4   0   8   8  2
   4   6   3   3  6   3   1   8   8  2
   4   6   3   3  6   4   0   7   9  2
   4   6   4   0  7   5   4   1  11  2
   4   7  16   8  9   7   9   8  16  4
   4   7  16   9  7   9   7   9  16  4
   4   7  16   9  8   7   8   9  16  4
   4   7  17   7  8   9   8   7  17  4
   4   7  17   7  9   7   9   7  17  4
   4   7  17   8  7   9   7   8  17  4
   4   7  17   8  8   7   8   8  17  4
   4  10  20  10 10  11  10  10  20  5
   4  15   8   9  8   8   3   8  21  4
   4  15   9   7  9   3  13   3  21  4
   4  15   9   8  2   9  13   8  16  4
   4  16   7   0 16   8   9   8  16  4
   4  16   7   0 16   9   7   9  16  4
   4  16   7   0 17   7   9   7  17  4
   4  16   7   0 17   8   7   8  17  4
   4  20  11   9  4  17   5  15  20  5
   4  20  11  10  3  16   6  15  20  5
   4  21   9  10  6  15  10   3  27  5
   4  21   9  11  9   5  16   4  26  5
   4  26  12  10 13  13   6  11  31  6
   4  26  12  11 12  12   7  11  31  6
   5   0   9   4  3   5   2   5   9  2
   5   0   9   4  3   5   3   3  10  2
   5   0   9   4  4   3   3   5   9  2
   5   0   9   4  4   3   4   3  10  2
   5   1   4   7  5   4   4   4   8  2
   5   1   4   8  3   5   4   4   8  2
   5   1   4   8  4   3   5   4   8  2
   5   1   4   8  4   4   3   5   8  2
   5   1   4   8  4   4   4   3   9  2
   5   1   8   4  1   7   2   6   8  2
   5   1   8   4  1   7   4   2  10  2
   5   1   8   4  4   1   5   6   8  2
   5   1   8   4  4   1   7   2  10  2
   5   3   2   8  4   1   7   4   8  2
   5   3   2   8  4   4   1   7   8  2
   5   3   2   8  4   4   4   1  11  2
   5   4   1   4  8   4   4   4   8  2
   5   4   1   7  5   4   4   1  11  2
   5   4   1   8  0   8   4   4   8  2
   5   4   1   8  4   3   2   7   8  2
   5   4   1   8  4   4   1   6   9  2
   5   4   1   8  4   4   3   2  11  2
   5   4   4   1  8   4   4   1  11  2
   5   4   4   5  0   5   7   4   8  2
   5   4   4   5  0   8   4   1  11  2
   5   4   5   0  8   4   3   2  11  2
   5   4   5   4  1   4   5   6   8  2
   5   4   5   4  1   4   7   2  10  2
   5   5   0   5  5   6   4   4   8  2
   5   5   0   5  7   2   6   4   8  2
   5   5   0   5  7   4   2   6   8  2
   5   5   0   5  7   4   4   2  10  2
   5   5   0   6  6   4   1   7   8  2
   5   5   0   7  4   5   4   1  11  2
   5   5   0   7  5   0   8   4   8  2
   5   5   0   7  5   3   2   7   8  2
   5   5   0   7  5   4   1   6   9  2
   5   5   0   8  2   3   7   4   8  2
   5   5   0   8  2   5   3   6   8  2
   5   5   0   8  2   6   2   5   9  2
   5   5   0   8  2   6   4   1  11  2
   5   5   0   8  3   5   3   2  11  2
   5   5   0   8  4   1   5   6   8  2
   5   5   0   8  4   1   7   2  10  2
   5   5   0   8  4   3   3   4  10  2
   5   5   2   3  7   0   8   4   8  2
   5   5   3   2  6   5   0   8   8  2
   5   5   3   3  4   6   0   8   8  2
   5   5   3   5  2   3   7   1  11  2
   5   5   4   1  5   4   4   6   8  2
   5   5   4   1  6   5   2   3  11  2
   5   5   4   1  7   2   4   4  10  2
   5  16  12  12 10  10   1  19  20  5
   5  16  26  16 13  13  16  14  28  7
   5  16  28  12 15  15  12  16  28  7
   5  16  28  14 13  13  14  16  28  7
   5  19  10  11 10   3  17   4  26  5
   5  20   8   8 14  10   1  19  20  5
   5  20   9   9  7  15   3  17  20  5
   5  20   9   9 12  10   3  12  25  5
   5  22  14  12  1  24  12  12  24  6
   5  22  14  13  0  23  13  12  24  6
   5  22  15  11  1  24  11  13  24  6
   5  22  15  12  0  23  12  13  24  6
   5  24  12   0 24  12  13  12  24  6
   5  24  13  12  4  13  18  13  24  6
   5  27  15  14 15  15  14   3  39  7
   5  28   2  26 15  15  14  14  28  7
   5  28   2  28 13  13  16  14  28  7
   5  28  14   2 27  15  14  14  28  7
   5  28  16   0 27  15  12  16  28  7
   5  28  16  14 13   6  16  21  28  7
   5  30   0  26 15  15  14  12  30  7
   5  30   0  28 13  13  16  12  30  7
   5  30  12   2 27  15  14  12  30  7
   5  30  12  14 12  18  14   3  39  7
   5  30  13  15 13   7  21   7  36  7
   5  30  13  15 13  13   9  13  36  7
   5  30  14   0 27  15  12  14  30  7
   5  30  14  13 14   8  19   8  36  7
   5  36  22  18 16   7  27  22  36  9
   5  40  14  22 16   7  31  14  40  9
   6   0   6   5  5   1   7   4   8  2
   6   0   6   6  3   5   1   7   8  2
   6   0   6   6  4   3   5   1  11  2
   6   0   7   5  1   5   6   4   8  2
   6   0   7   5  1   7   4   2  10  2
   6   0   7   5  4   2   6   1  11  2
   6   0   8   3  3   3   7   4   8  2
   6   0   8   3  5   1   5   6   8  2
   6   1   6   5  2   6   0   8   8  2
   6   2   5   1  5   7   4   4   8  2
   6   2   5   5  1   7   0   8   8  2
   6   2   5   5  2   5   1   8   8  2
   6   2   5   5  2   6   0   7   9  2
   6   2   6   0  8   3   5   1  11  2
   6   3   3   3  3   8   4   4   8  2
   6   3   3   3  7   0   8   4   8  2
   6   3   3   3  7   3   5   1  11  2
   6   3   3   3  7   4   2   4  10  2
   6   3   3   5  1   8   4   2  10  2
   6   3   3   6  0   6   5   5   8  2
   6   3   3   6  0   6   6   3   9  2
   6   3   3   6  0   8   1   7   8  2
   6   3   3   6  0   8   3   3  10  2
   6   3   3   6  4   2   4   3  11  2
   6   3   5   1  5   6   2   4  10  2
   6   3   5   1  7   1   7   1  11  2
   6   3   5   1  7   3   3   3  11  2
   6   3   5   3  3   3   7   1  11  2
   6   3   5   3  5   1   5   3  11  2
   6   4   2   4  4   5   5   1  11  2
   6   4   2   4  5   5   1   5  10  2
   6   4   2   5  3   6   1   5  10  2
   6   4   2   5  4   2   4   7   8  2
   6   4   2   5  5   1   5   4  10  2
   6   4   2   6  2   5   3   3  11  2
   6   4   2   6  3   3   4   3  11  2
   6   4   3   3  4   5   1   8   8  2
   6   4   3   3  4   6   0   7   9  2
   6   4   3   3  6   1   5   4  10  2
   6   4   3   4  3   3   4   7   8  2
   6   4   3   5  2   4   4   3  11  2
   6   4   4   2  4   5   3   3  11  2
   6   4   4   2  5   3   4   3  11  2
   6   4   4   3  3   4   4   3  11  2
   6   9   5   1 12   6   1  11  12  3
   6  17  31  16 17  17  16  16  32  8
   6  17  32  15 17  17  15  17  32  8
   6  17  32  17 15  15  17  17  32  8
   6  22  13  13 12  12   4  13  31  6
   6  24  11  11 14   5  11  20  24  6
   6  28  14  15  5  14  23  14  28  7
   6  32   1  32 16  16  17  16  32  8
   6  32  17   0 32  17  15  17  32  8
   6  33   0  33 15  15  18  15  33  8
   6  33  17  14 17  17   8  14  42  8
   6  34  14  18 15   7  26   7  41  8
   6  34  15   0 32  17  15  15  34  8
   7   2  10   8  6   6   6   1  17  3
   7   2  12   4  8   6   6   1  17  3
   7   6   2  12  6   6   1  11  12  3
   7   6   2  12  6   6   6   1  17  3
   7   6   7   7  6   1   6  11  12  3
   7   6   8   0 12   6   6   1  17  3
   7   6   8   6  6   1   8   6  15  3
   7   7   6   1 12   6   1  11  12  3
   7   7   7   0  7  10   7   6  12  3
   7   7   7   0  7  11   5   7  12  3
   7   7   7   0  7  11   6   5  13  3
   7   7   7   0 11   7   6   1  17  3
   7   7   7   4  3  11   6   1  17  3
   7   7   7   6  1   7   7   9  12  3
   7   7   7   6  1   7  10   3  15  3
   7   8   0  10  8   6   1  11  12  3
   7   8   0  12  4   8   6   1  17  3
   7   8   4   8  3   4   8   9  12  3
   7   8   4   8  3   9   3   4  17  3
   7   8   4   8  6   1   8   6  15  3
   7   8   6   1  8   9   6   1  17  3
   7   8   6   4  5   9   3   4  17  3
   7  13   7   0 13  11   9   8  16  4
   7  13   7   0 13  12   7   9  16  4
   7  13   7   0 17   7   9   4  20  4
   7  13   7   0 17   8   7   5  20  4
   7  19  37  16 19  19  16  19  37  9
   7  32  16  16  7  26   6  26  32  8
   7  36  18   1 36  18  19  18  36  9
   7  38  17  17 11  27   7  27  38  9
   7  38  17  17 19  19   7  19  46  9
   7  44  22  26 20   5  41  22  44 11
   8   0   8  10  6   7   6   6  12  3
   8   0   8  10  7   5   7   6  12  3
   8   0   8  11  5   7   5   7  12  3
   8   0   8  11  6   5   6   7  12  3
   8   0  12   6  2  11   6   6  12  3
   8   0  12   6  7   1  11   6  12  3
   8   0  12   7  1  11   5   7  12  3
   8   0  12   7  5   7   1  11  12  3
   8   0  12   7  5   7   5   3  16  3
   8   0  13   5  7   1  11   5  13  3
   8   0  13   6  5   7   3   6  15  3
   8   0  13   6  6   5   4   6  15  3
   8   1  12   5  7   6   3   5  16  3
   8   1  12   6  2   6  10   6  12  3
   8   5   8   0 12   5   7   1  17  3
   8   6   2  11  6   2   6  10  12  3
   8   6   2  11  6   6   2   6  16  3
   8   6   6   7  6   2   6   6  16  3
   8   7   1   7  9   7   6   2  16  3
   8   7   6   2  7   9   3   5  16  3
   8  10  10   7  1  16   8   3  21  4
   8  17   8   0 20  10  12  10  20  5
   8  17   8   0 20  12   8  12  20  5
   8  17   8   0 22   8  12   8  22  5
   8  17   8   0 22  10   8  10  22  5
   8  17  38  17 17  20  17  17  38  9
   8  20  40  20 21  20  21  20  40 10
   8  30  17  17 16   5  17  26  32  8
   9   0  10   8  6   4   8   1  17  3
   9   0  11   7  6   5   4   5  16  3
   9   0  12   4  8   4   8   1  17  3
   9   0  12   5  4   8   7   2  16  3
   9   0  12   5  7   2  10   2  16  3
   9   0  12   5  7   5   4   5  16  3
   9   4   5   9  4   5   4  11  12  3
   9   4   5   9  4   8   1   8  15  3
   9   4   5   9  6   4   5   4  17  3
   9   4   6   8  6   3   6   4  17  3
   9   4   7   7  2   7   4  11  12  3
   9   4   7   7  2  10   1   8  15  3
   9   4   7   7  4   7   2   7  16  3
   9   4   8   1  8   4  11   6  12  3
   9   4   8   1 11   1   8   9  12  3
   9   4   8   4  5   4   8   9  12  3
   9   5   5   4  5  11   6   3  15  3
   9   5   5   8  1   8   5  10  12  3
   9   5   5   8  1   9   8   1  17  3
   9   5   5   8  1  11   2   7  15  3
   9   5   5   8  5   5   4   5  17  3
   9   5   7   2  7   5   7   9  12  3
   9   6   3   6  7   6   8   1  17  3
   9   6   3   7  6   8   1   8  15  3
   9   6   3   8  4   5   6  10  12  3
   9   6   3   9  4   6   5   4  17  3
   9   6   4   6  8   1   8   6  15  3
   9   6   4   8  3   7   5   4  17  3
   9   6   4   8  4   5   6   4  17  3
   9   6   5   4  6   9   1   8  15  3
   9   6   5   4  7   4   5  11  12  3
   9   6   5   5  5   5   5  11  12  3
   9   6   5   6  6   3   6   6  16  3
   9   6   6   3  7   6   5   4  17  3
   9   6   6   4  5   7   5   4  17  3
   9   6   6   4  6   5   6   4  17  3
   9   8  11   5 11   8   4   5  23  4
   9   8  11   8  1   8  15   8  16  4
   9   9   0  16  8   9   9   8  16  4
   9   9   0  16 10   7   7  10  16  4
   9   9   0  18  6   9   9   6  18  4
   9   9   0  18  8   7   7   8  18  4
   9   9   9   9  0  16   2  14  16  4
   9  10  16  10  9   0  20  11  20  5
   9  10  16  10  9   0  21   9  21  5
   9  11   5  11  5  11   4   5  23  4
   9  11   8   1 12  11   8   1  23  4
   9  11   8   5  8  11   4   5  23  4
   9  16   4  16  9   0  20  11  20  5
   9  16   4  16  9   0  21   9  21  5
   9  16   9   0 20   5  16  10  20  5
   9  16   9   0 21   4  16   9  21  5
   9  22  46  22 21  21  22  22  46 11
   9  34   0  36 20  17  17  20  36  9
   9  34   0  38 18  17  17  18  38  9
   9  34  19  19  5  31   7  29  36  9
   9  39   0  42 18  21  21  18  42 10
   9  44   0  44 22  23  23  22  44 11
   9  44   0  44 23  22  22  23  44 11
   9  44  23  23 21   9  23  35  44 11
   9  45  21   0 45  21  24  21  45 11
   9  45  21  24 21   9  36   9  57 11
   9  46  20   0 45  21  24  20  46 11
   9  52  26  26 28  28   5  47  52 13
  10   9   8   9  8   2   9   8  21  4
  10   9   9   1  9  14   4  12  16  4
  10  10   0  15  5  12   3  13  16  4
  10  10   0  15  9   8   3   9  20  4
  10  10   0  16  7   9   4   7  21  4
  10  10   7   3 14   3   7  14  16  4
  10  10   7   7 10   3   7  10  20  4
  10  39  28  21  0  45  21  22  45 11
  10  52   1  52 26  27  27  26  52 13
  11   0  15  10  8   7   8   3  22  4
  11   0  16   1 15   9   8   8  16  4
  11   0  16   1 16   7   9   8  16  4
  11   0  17   0 15   9   8   7  17  4
  11   0  17   0 16   7   9   7  17  4
  11   0  17   8  3  13   4  11  17  4
  11   0  17   8  3  13   7   5  20  4
  11   0  17   8  8   3   9  11  17  4
  11   0  17   8  8   3  12   5  20  4
  11   1  10  14  8   3  13   8  16  4
  11   1  10  14  8   8   3  13  16  4
  11   1  10  14  8   8   8   3  21  4
  11   1  15   9  8   8   3   8  21  4
  11   4  18  12 10  10   1  19  20  5
  11   8   9   8  3   8   9   8  20  4
  11   9   2   9 13   0  16   8  16  4
  11   9   2  14  4   7   9  12  16  4
  11   9   2  14  4  12   4   7  21  4
  11   9   2  14  8   3   9   8  20  4
  11   9   6   5  9  12   0  16  16  4
  11   9   7   9  4   7   9   7  21  4
  11  12  12   0 11  19  10  10  20  5
  11  12  12  10  1  19   5  10  25  5
  11  19  11   0 24  13   4  20  24  6
  11  19  11   0 25  12   4  19  25  6
  11  52  27  27  9  41  13  41  52 13
  11  54  25  25 25  29  11  25  68 13
  12   0  15   0 16   8   9   8  16  4
  12   0  15   0 16   9   7   9  16  4
  12   0  15   0 17   7   9   7  17  4
  12   0  15   0 17   8   7   8  17  4
  12   0  15   9  3  12   9   3  21  4
  12   0  15   9  3  13   2  14  16  4
  12   0  20  10 10  13  10  10  20  5
  12   0  20  10 13   7  13  10  20  5
  12   0  20  13  7  13   7  13  20  5
  12   0  20  13 10   7  10  13  20  5
  12   0  23   7 10  13  10   7  23  5
  12   0  23   7 13   7  13   7  23  5
  12   0  23  10  7  13   7  10  23  5
  12   0  23  10 10   7  10  10  23  5
  12   3   9   3 16   8   9   8  16  4
  12   3   9   3 16   9   7   9  16  4
  12   3   9   3 17   7   9   7  17  4
  12   3   9   3 17   8   7   8  17  4
  12   3  12   0 17   8   4  11  17  4
  12   3  12   0 17   8   7   5  20  4
  12   5   8  11  8   5   7   5  23  4
  12   5  11   1 15   5  11   1  23  4
  12   5  11   5 11   1  15   1  23  4
  12   5  11   5 11   5   7   5  23  4
  12   6   6  11  1  11  13   8  16  4
  12   6   6  12  0  15   9   3  21  4
  12   6   9   9  3  12   3   9  21  4
  12   6   9   9  6   6   6   9  21  4
  12   7   5   7  7  14   8   4  20  4
  12   7   5   7 13   7   5   7  21  4
  12   7   5  12  2  10   7  13  16  4
  12   7   5  12  2  14   3   9  20  4
  12   7   7   5  9  12   0  16  16  4
  12   7   7   7  5  14   0  16  16  4
  12   7   9   3 13   3   9   7  21  4
  12   7   9   7  5   7   9   7  21  4
  12   8   4   8 11   8   4   8  21  4
  12   8   5  11  5   8   7   5  23  4
  12   8   7   5  8   7   7  14  16  4
  12   8   7   8  7   5   8   7  22  4
  12   8   8   5  8   8   7   5  23  4
  12  10  10  13 10  10   2  10  28  5
  12  11  11   1 11  19  10  10  20  5
  12  12   0  21  9   3  18   9  21  5
  12  12   0  21 10   2  17  10  21  5
  12  13   7  13  7   5  18   2  28  5
  12  27  56  31 27  27  27  31  56 14
  12  27  59  28 27  27  27  28  59 14
  12  58  25   0 58  26  31  26  58 14
  12  58  25   0 58  29  25  29  58 14
  12  64   2  63 33  33  33  32  64 16
  12  66   0  63 33  33  33  30  66 16
  13   0  20  12 10   3  15  12  20  5
  13   0  20  12 10   8   5  17  20  5
  13   0  21  11 10   8   5  16  21  5
  13   0  22   8  5  17  10   8  22  5
  13   0  22   8 10  12  10   3  27  5
  13   0  22   8 12   8  12   3  27  5
  13   0  22  10  3  17   8  10  22  5
  13   0  22  10 10   3  15  10  22  5
  13  10  11  11 10   3  10  11  26  5
  13  10  12   1 19  10   5   8  27  5
  13  11  11   2 11  17  10   3  27  5
  13  12   1  12 17  10   3  17  20  5
  13  12   1  17 12  10   3  12  25  5
  13  12   1  19  8  12   5   8  27  5
  13  12   8  12  8   5  12   8  27  5
  13  35  67  35 35  35  35  34  68 17
  13  49  27  27 27  26   9  27  68 13
  13  54  38  29  0  60  29  32  60 15
  14   0  20  11 10   4  10  16  20  5
  14   0  21   9  5  16  10   4  26  5
  14   0  21   9 10  11   5   9  26  5
  14   1  19  11  3  17  10   4  26  5
  14  11   3  11 11  15  10   4  26  5
  14  11   3  11 16  10   4  11  25  5
  15   0  18  12  6  14   1  19  20  5
  15   0  19  11  8   7   8  17  20  5
  15   0  19  11  8  12   3  12  25  5
  15   2  13  23 12  13  12  12  24  6
  15   2  13  23 13  11  13  12  24  6
  15   2  13  24 11  13  11  13  24  6
  15   2  13  24 12  11  12  13  24  6
  15   3  15   0 20  10  12  10  20  5
  15   3  15   0 20  12   8  12  20  5
  15   3  15   0 22   8  12   8  22  5
  15   3  15   0 22  10   8  10  22  5
  15   4  15   0 15  15  11  10  20  5
  15   4  15   0 15  16   9  11  20  5
  15   4  15   0 20  11   4  16  20  5
  15   4  15   0 21   9  11   4  26  5
  15   4  16   4 15   0  20  11  20  5
  15   4  16   4 15   0  21   9  21  5
  15   9   6   9 15   0  20  11  20  5
  15   9   6   9 15   0  21   9  21  5
  15   9   6  15  9   6   9   9  27  5
  15   9   9   6  9  17   1  19  20  5
  15   9   9  12  3  15   6   9  27  5
  15  10   5  13 10  10   5  10  27  5
  15  10   5  14 10   5  10  10  26  5
  15  10   7  10 10   5  10  18  20  5
  15  10   8   7 11  14   1  14  25  5
  15  10   8   8  9  15   1  14  25  5
  15  10   8  10  7   8  17   1  29  5
  15  10   9   9 10   6   9  10  27  5
  15  11   4  24 11  13   2  22  24  6
  15  11   4  24 12  11  13   2  34  6
  15  13  13  13 12   3  13  13  31  6
  15  14   1  24 12  12   5  12  31  6
  15  15   0  20 15  13   2  22  24  6
  15  15   0  24  8  15  13   2  34  6
  15  17  14  17 14   1  27   4  38  7
  15  20  11   4 27  14   1  27  28  7
  15  20  11  11 20  14   1  20  35  7
  15  90  41  41 41  41  23  41 108 21
  16   2  23  13 12  12   4  13  31  6
  16   9  16   0 25  12   4  19  25  6
  16  13  13  12  4  13  13  12  30  6
  17   0  17  20 12   5  18  13  24  6
  17   0  17  20 12  11   6  19  24  6
  17   0  24   0 24  12  13  12  24  6
  17   0  24   0 24  13  11  13  24  6
  17   0  24   0 25  11  13  11  25  6
  17   0  25  11 13   4  20   5  31  6
  17   0  25  12  5  12  18  12  25  6
  17   2  28  16 14  12   5  25  28  7
  17   7  17   0 24  13   4  20  24  6
  17  18  12   5 25  14   3  18  35  7
  17  23  23  17  0  36  10  27  36  9
  17  23  23  17  0  37   9  26  37  9
  17  63  46  34  0  72  37  37  72 18
  17  63  46  34  0  74  35  35  74 18
  18  11  11  11  7  20   2  16  30  6
  18  12  11  11 11   8  11  11  33  6
  18  12  11  12  7  11  12  11  32  6
  18  15  15  15  3  15  24   6  36  7
  18  16  19  19 16  16   2  19  43  8
  18  17   8  17 17   1  17  24  28  7
  18  22  13  13 22   5  13  30  32  8
  18  78   0  84 39  39  39  39  84 20
  18  93   0  93 45  48  48  45  93 23
  19   0  28  14 16  12  16   3  39  7
  19   0  30  10 18  12  16   3  39  7
  19  14   5  14 25  14  14   5  37  7
  19  14  14  16  3  25   5  14  37  7
  19  16   3  23 16   3  16  23  28  7
  19  16  10  16 16   3  16  16  35  7
  19  16  12   7 21  16   3  16  37  7
  19  19   0  32  6  27  17  16  32  8
  19  19   0  32 18  15   5  28  32  8
  19  19   0  34  4  27  17  14  34  8
  19  19   0  34 14  17  17   4  44  8
  20   0  20  22 14  15  14   6  36  7
  20   0  20  22 15   5  23  14  28  7
  20   0  20  23 13  15   5  23  28  7
  20   0  20  23 13  15  13   7  36  7
  20   0  28  15  5  15  21  15  28  7
  20   0  28  15  5  23   5  23  28  7
  20   0  28  15  5  23  13   7  36  7
  20   0  28  15 13   7  13  23  28  7
  20   0  28  15 13  15   5  15  36  7
  20   0  29  12 16  13   8  12  37  7
  20   0  29  13  7  13  23  13  29  7
  20  14   6  23 14   6  14  14  36  7
  20  15   5  22 15   5  15  15  35  7
  20  19   1  32  6  26   7  25  32  8
  20  47 101  47 47  47  47  47 101 24
  20  53 104  53 53  53  53  53 104 26
  20  78  55  43  0  90  43  43  90 22
  20 104   2 104 53  53  53  53 104 26
  21   0  27  15 12  15   6  15  36  7
  21   6  21   0 27  16   5  23  28  7
  21   8  17  17  8  13   8  27  28  7
  21   8  17  17  8  20   1  20  35  7
  21  12   9  21 12  12   9  12  39  7
  21  12  12  18  3  18  21   3  39  7
  21  12  12  18 12   9  12  12  39  7
  21  12  15  15  6  15  12  15  36  7
  21  13  19  19 13  19   2  19  43  8
  21  14  11  11 14  20   1  20  35  7
  21  14  11  14 11  10  24   1  41  7
  21  19  13  13 19  19   2  19  43  8
  21  90  47  47 47  47  17  47 120 23
  22   1  32  17 16   6  16  26  32  8
  22   2  31  16 17  16   6  16  42  8
  22  18  15   7 26   7  15  18  40  8
  22  18  22   0 37  18  17   5  50  9
  23   0  23  25 17  15  17   6  42  8
  23   0  23  26 16  15  16   7  42  8
  23   0  31  18 16  15   8  15  42  8
  23   0  32  16  7  16  26  16  32  8
  23  13  10  26  0  23  25  16  32  8
  23  13  10  26  0  32  16   7  41  8
  23  16   7  16 26  16   7  16  41  8
  23  17   6  17 24  17   6  17  41  8
  23  20  20   3 20  20  29  18  36  9
  23  20  20  14  9  31   9  14  49  9
  24  15  13  11 15  26   0  32  32  8
  24  15  15  15  9  15  27   3  45  8
  24  15  15  15 15  15   9  15  45  8
  24  15  15  18  6  18  15  15  42  8
  24  16  13  13 16  11  13  30  32  8
  24  16  15   9 22   9  15  16  42  8
  24  20  23  20 23  20   4  20  56 10
  24  25  25  25 22   2  25  39  44 11
  25   0  36   1 36  18  19  18  36  9
  25   0  37   0 37  16  20  17  37  9
  25  16  20  20  5  31   5  20  47  9
  25  19  19   6 19  19  19  27  36  9
  25  19  25   0 41  19  21   4  56 10
  25  20   5  27 20  20   5  20  47  9
  26 108  73  61  0 120  61  61 120 30
  27   5  22  45 22  21  22  22  45 11
  27  16  16  11 16  16  33  18  36  9
  27  18  16  11 23  18   9  18  49  9
  27  18  17  17 11  17  17  17  48  9
  27  28  20  20 15  33   7  20  61 11
  28   0  41  21 20   8  20  31  41 10
  28   0  41  21 20  18  10  21  51 10
  28  21  21   7 21  32  10  18  52 10
  29  21   8  21 29   0  40  22  40 10
  29  21   8  21 29   0  42  18  42 10
  29  23  23  23 23   6  23  23  58 11
  29  26   3  48 26  23   6  43  48 12
  29  29   0  45 29  23   6  43  48 12
  29  29   0  48 24   5  45  24  48 12
  29  29   0  48 26   3  43  26  48 12
  30  19  19  11 19  32   6  24  50 10
  30  29  29  29  1  29  48  26  52 13
  33  19  19  19 14  19  42  22  44 11
  33  21  21  21 12  30  12  21  60 11
  33  21  21  21 21  12  21  21  60 11
  33  22  19  19 22  22  11  22  61 11
  33  22  20  20 15  27  13  20  61 11
  33  28  28  28  5  47   9  28  67 13
  33  37  25  25 25  37   8  25  79 14
  34  53  53  34  0  80  43  43  80 20
  34  53  53  34  0  86  37  37  86 20
  35  26  28   7 47  26   9  26  69 13
  36 186   0 186 93  93  93  93 186 46
  37   6  31  60 31  28  31  31  60 15
  37  37  37   0 37  59  33  32  64 16
  37  37  37   0 37  60  31  33  64 16
  38  40  51  51 40  38   0  81  81 20
  38  51  51  38  0  82  39  19 102 20
  38  62  29  29 62  38   0  81  81 20
  39   0  57   0 57  27  30  27  57 14
  39   9  30  66 30  33  33  30  66 16
  39  25  25  14 25  25  25  43  52 13
  39  32   7  66 32  31   8  55  66 16
  39  32  32  32  7  32  32  49  60 15
  39  33   6  66 30  33  33   6  90 16
  39  37  37  37 37  34   5  37  94 17
  39  39   0  66 24  39  33   6  90 16
  42  28  25  25 25  28  17  25  79 14
  44   9  35  72 38  35  35  38  72 18
  44   9  35  74 36  35  35  36  74 18
  45  28  28  28 17  28  28  53  60 15
  45  33  33  33 12  33  33  33  81 16
  45  41  41  41 41   4  41  69  76 19
  46   0  65  30 35  30  16  30  84 16
  47  47   0  86 40  37  17  60  86 20
  47  47   0  86 40  37  37  20 106 20
  49   9  40  80 40  41  41  40  80 20
  49  39  10  82 40  39  39  10 112 20
  49  49   0  82 40  39  19  40 102 20
  51  31  31  31 31  20  31  63  68 17
  53  53   0  53 79  46  46  44  88 22
  53  53   0  53 83  42  42  48  88 22
  58  29  29  58  0  80  43  43  80 20
  58  29  29  58  0  86  37  37  86 20
  58  42  29  29 42  58   0  81  81 20
  59  10  49  95 49  49  49  48  96 24
  60  18  51  51 18  60   0  81  81 20
  60  39  30  30 39  60   0  81  81 20
  60  39  39  39 21  39  39  39 105 20
  63  55  55  55 55  55   8  55 145 26
  69  69   0 114 24  87  27  84 114 28
  79  79   0 128 30  99  29 100 128 32
  89  68  68  68 21 115  21  68 175 33
  93  18  75 156 75  75  75  75 156 38
 103  18  85 168 85  85  85  85 168 42
 154  77  77 154  0 214 101  53 262 52
 190  95  95 190  0 190 197 131 256 64

0 extreme rays of recession cone:

42 support hyperplanes of polyhedron (homogenized):
 -7 -7  3  3  3  3  3  3 3 -13
 -4  1  1  1  1  1  1  1 1  -6
 -3 -3 -3 -3 -3 -3  7  7 7 -17
 -3 -3 -3  2  2  2  2  2 2  -7
 -2 -2 -2 -2 -2  3  3  3 3  -8
 -1 -1 -1 -1 -1 -1 -1 -1 9 -19
 -1 -1 -1 -1 -1 -1 -1  4 4  -9
 -1 -1 -1 -1  1  1  1  1 1  -3
 -1 -1 -1  0  1  1  1  1 0   0
 -1 -1 -1  1  1  1  1  0 0   0
 -1 -1  0  0  0  1  1  1 0   0
 -1 -1  0  0  1  1  1  0 0   0
 -1 -1  0  1  1  1  0  0 0   0
 -1 -1  1  1  1  0  0  0 0   0
 -1  0  0  0  0  0  1  1 0   0
 -1  0  0  0  0  1  1  0 0   0
 -1  0  0  0  1  1  0  0 0   0
 -1  0  0  1  1  0  0  0 0   0
 -1  0  1  1  0  0  0  0 0   0
 -1  1  1  0  0  0  0  0 0   0
  0 -1 -1 -1 -1  1  1  1 1   0
  0 -1 -1 -1  0  0  1  1 1   0
  0 -1 -1  0  0  0  0  1 1   0
  0 -1  0  0  0  0  0  0 1   0
  0  0 -1 -1 -1  0  1  1 1   0
  0  0 -1 -1  0  0  0  1 1   0
  0  0 -1  0  0  0  0  0 1   0
  0  0  0 -1 -1 -1  1  1 1   0
  0  0  0 -1 -1  0  0  1 1   0
  0  0  0 -1  0  0  0  0 1   0
  0  0  0  0 -1 -1  0  1 1   0
  0  0  0  0 -1  0  0  0 1   0
  0  0  0  0  0 -1 -1  1 1   0
  0  0  0  0  0 -1  0  0 1   0
  0  0  0  0  0  0 -1  0 1   0
  0  0  0  0  0  0  0 -1 1   0
  0  0  0  0  0  0  1  0 0   0
  0  0  0  0  0  1  0  0 0   0
  0  0  0  0  1  0  0  0 0   0
  0  0  0  1  0  0  0  0 0   0
  0  0  1  0  0  0  0  0 0   0
  0  1  0  0  0  0  0  0 0   0

2 equations:
 1 0 -1 -2 -3 -4 -5 -6 -7  72
 0 1  2  3  4  5  6  7  8 -93

8 basis elements of generated  lattice:
 1 0 0 0 0 0 0 -8   7 0
 0 1 0 0 0 0 0 -7   6 0
 0 0 1 0 0 0 0 -6   5 0
 0 0 0 1 0 0 0 -5   4 0
 0 0 0 0 1 0 0 -4   3 0
 0 0 0 0 0 1 0 -3   2 0
 0 0 0 0 0 0 1 -2   1 0
 0 0 0 0 0 0 0 75 -54 1

