30 lattice points in polytope (module generators)
0 Hilbert basis elements of recession monoid
47 vertices of polyhedron
0 extreme rays of recession cone
20 support hyperplanes of polyhedron (homogenized)

embedding dimension = 10
affine dimension of the polyhedron = 7
rank of recession monoid = 0 (polyhedron is polytope)

dehomogenization:
0 0 0 0 0 0 0 0 0 1 


module rank = 30

***********************************************************************

30 lattice points in polytope (module generators):
 3 5 3 3 3 3 3 3 5 1
 4 3 4 3 3 3 3 3 5 1
 4 4 2 4 3 3 3 3 5 1
 4 4 3 2 4 3 3 3 5 1
 4 4 3 3 2 4 3 3 5 1
 4 4 3 3 3 2 4 3 5 1
 4 4 3 3 3 3 2 4 5 1
 4 4 3 3 3 3 3 2 6 1
 5 1 5 3 3 3 3 3 5 1
 5 2 3 4 3 3 3 3 5 1
 5 2 4 2 4 3 3 3 5 1
 5 2 4 3 2 4 3 3 5 1
 5 2 4 3 3 2 4 3 5 1
 5 2 4 3 3 3 2 4 5 1
 5 2 4 3 3 3 3 2 6 1
 5 3 2 3 4 3 3 3 5 1
 5 3 2 4 2 4 3 3 5 1
 5 3 2 4 3 2 4 3 5 1
 5 3 2 4 3 3 2 4 5 1
 5 3 2 4 3 3 3 2 6 1
 5 3 3 2 3 4 3 3 5 1
 5 3 3 2 4 2 4 3 5 1
 5 3 3 2 4 3 2 4 5 1
 5 3 3 2 4 3 3 2 6 1
 5 3 3 3 2 3 4 3 5 1
 5 3 3 3 2 4 2 4 5 1
 5 3 3 3 2 4 3 2 6 1
 5 3 3 3 3 2 3 4 5 1
 5 3 3 3 3 2 4 2 6 1
 5 3 3 3 3 3 2 3 6 1

0 Hilbert basis elements of recession monoid:

47 vertices of polyhedron:
  3  5  3  3  3  3  3  3  5 1
  4  4  3  3  2  4  3  3  5 1
  4  4  3  3  3  2  4  3  5 1
  4  4  3  3  3  3  2  4  5 1
  4  4  3  3  3  3  3  2  6 1
  5  1  5  3  3  3  3  3  5 1
  5  2  3  4  3  3  3  3  5 1
  5  2  4  3  2  4  3  3  5 1
  5  2  4  3  3  2  4  3  5 1
  5  2  4  3  3  3  2  4  5 1
  5  2  4  3  3  3  3  2  6 1
  5  3  2  3  4  3  3  3  5 1
  5  3  2  4  2  4  3  3  5 1
  5  3  2  4  3  2  4  3  5 1
  5  3  2  4  3  3  2  4  5 1
  5  3  2  4  3  3  3  2  6 1
  5  3  3  2  3  4  3  3  5 1
  5  3  3  2  4  2  4  3  5 1
  5  3  3  2  4  3  2  4  5 1
  5  3  3  2  4  3  3  2  6 1
  5  3  3  3  2  3  4  3  5 1
  5  3  3  3  2  4  2  4  5 1
  5  3  3  3  2  4  3  2  6 1
  5  3  3  3  3  2  3  4  5 1
  5  3  3  3  3  2  4  2  6 1
  5  3  3  3  3  3  2  3  6 1
  9  7  6  3  9  6  6  6 10 2
 10  5  7  3  9  6  6  6 10 2
 14  9 10  9  9  5 13  9 15 3
 14 10  4 14  9  9  9  9 15 3
 14 10  8 10  9  5 13  9 15 3
 15  8 10  8 10  5 13  9 15 3
 15  9  8  9 10  5 13  9 15 3
 19 12 12 13 12 12 12  7 25 4
 19 12 13 11 13 12 12  7 25 4
 19 13 11 13 11 13 12  7 25 4
 19 13 12 11 12 13 12  7 25 4
 20 11 12 13 12 11 13  7 25 4
 20 11 13 11 13 11 13  7 25 4
 20 12 11 13 11 12 13  7 25 4
 20 12 12 11 12 12 13  7 25 4
 23 16 16 15  8 22 15 15 25 5
 25 14 14 17  8 22 15 15 25 5
 33 21 22 22 21 21 12 30 35 7
 33 23 20 20 23 21 12 30 35 7
 35 19 22 22 19 23 12 30 35 7
 35 21 20 20 21 23 12 30 35 7

0 extreme rays of recession cone:

20 support hyperplanes of polyhedron (homogenized):
 -82  35  30  25  20  15  10   5 0 0
 -34 -45 -56  55  44  33  22  11 0 0
 -29 -33  24  20  16  12   8   4 0 0
  -5 -12 -19 -26  28  21  14   7 0 0
  -1  -1  -1   0   1   1   1   1 0 0
  -1  -1  -1   1   1   1   1   0 0 0
  -1  -1   0   0   0   1   1   1 0 0
  -1  -1   0   0   1   1   1   0 0 0
  -1  -1   0   1   1   1   0   0 0 0
  -1  -1   1   1   1   0   0   0 0 0
  -1   0   0   0   0   0   1   1 0 0
  -1   0   0   0   0   1   1   0 0 0
  -1   0   0   0   1   1   0   0 0 0
  -1   0   0   1   1   0   0   0 0 0
  -1   0   1   1   0   0   0   0 0 0
  -1   1   1   0   0   0   0   0 0 0
  14  -3 -20 -37 -54  51  34  17 0 0
  19   9  -1 -11 -21 -31  20  10 0 0
  43  30  17   4  -9 -22 -35 -48 0 0
  62  39  16  -7 -30 -53 -76  23 0 0

2 equations:
 1 0 -1 -2 -3 -4 -5 -6 -7   95
 0 1  2  3  4  5  6  7  8 -126

8 basis elements of generated  lattice:
 1 0 0 0 0 0 0  -8   7 0
 0 1 0 0 0 0 0  -7   6 0
 0 0 1 0 0 0 0  -6   5 0
 0 0 0 1 0 0 0  -5   4 0
 0 0 0 0 1 0 0  -4   3 0
 0 0 0 0 0 1 0  -3   2 0
 0 0 0 0 0 0 1  -2   1 0
 0 0 0 0 0 0 0 122 -91 1

