24 lattice points in polytope (module generators)
0 Hilbert basis elements of recession monoid
43 vertices of polyhedron
0 extreme rays of recession cone
17 support hyperplanes of polyhedron (homogenized)

embedding dimension = 7
affine dimension of the polyhedron = 4
rank of recession monoid = 0 (polyhedron is polytope)

dehomogenization:
0 0 0 0 0 0 1 


module rank = 24

***********************************************************************

24 lattice points in polytope (module generators):
 4 6 4 5 4 6 1
 5 4 5 5 4 6 1
 5 5 3 6 4 6 1
 5 5 4 4 5 6 1
 5 5 4 5 3 7 1
 5 6 2 5 5 6 1
 5 6 3 3 6 6 1
 5 6 3 4 4 7 1
 6 3 4 6 4 6 1
 6 3 5 4 5 6 1
 6 3 5 5 3 7 1
 6 4 3 5 5 6 1
 6 4 3 6 3 7 1
 6 4 4 3 6 6 1
 6 4 4 4 4 7 1
 6 4 4 5 2 8 1
 6 5 1 6 5 6 1
 6 5 2 4 6 6 1
 6 5 2 5 4 7 1
 6 5 3 3 5 7 1
 7 2 5 4 4 7 1
 7 2 5 5 2 8 1
 7 3 4 3 5 7 1
 7 3 4 4 3 8 1

0 Hilbert basis elements of recession monoid:

43 vertices of polyhedron:
   4  6  4  5  4   6  1
   5  5  3  6  4   6  1
   5  6  2  5  5   6  1
   5  6  3  3  6   6  1
   6  3  4  6  4   6  1
   6  5  1  6  5   6  1
   6  5  2  4  6   6  1
   7  2  5  5  2   8  1
   7  3  4  3  5   7  1
   8 12  9  8  9  12  2
   8 13  8  8  8  13  2
   9  9 11  9  8  12  2
   9 11  9  9  6  14  2
   9 13  7  7  8  14  2
  12  5 12  7 10  12  2
  12  7 10  5 12  12  2
  12  8  9  9  3  17  2
  13  3 13  8  8  13  2
  13  5  8 12  7  13  2
  13  5 11  9  4  16  2
  13  9  4  9  9  14  2
  14  2 13  8  7  14  2
  14  6  9  5  9  15  2
  14  7  7  7  7  16  2
  17 27 14 14 17  27  4
  19  9 10 19 11  19  3
  19 14  5 14 16  19  3
  19 14  5 16 12  21  3
  19 24 15 10 24  24  4
  21  4 17 14 10  21  3
  21 13 24 17 17  24  4
  23 21 14  9 21  28  4
  24 17 17 17  7  34  4
  28 11 19  9 21  28  4
  30 11 30 22 22  30  5
  31 19 12 33 17  33  5
  39 49 28 18 49  49  8
  41 19 22 32  9  51  6
  42  8 37 25 17  45  6
  54 56 35 19 63  63 10
  63 38 44 19 63  63 10
  82 41 41 61 21 102 12
 106 63 63 43 63 126 16

0 extreme rays of recession cone:

17 support hyperplanes of polyhedron (homogenized):
 -15 -26  33  22   11 0 0
  -5   4   3   2    1 0 0
  -1  -1   1   1    1 0 0
  -1   0   0   1    1 0 0
  -1   0   1   1    0 0 0
  -1   1   1   0    0 0 0
   5 -24 -53  58   29 0 0
   5 -24  17 -12   29 0 0
   5  46  17 -12  -41 0 0
  25   6 -13 -32   19 0 0
  45  22  -1 -24  -47 0 0
  75 -24 -53 -12   29 0 0
  75 -24  17 -12  -41 0 0
  75  46 -53 -82   29 0 0
  75  46 -53 -12  -41 0 0
  75  46  17 -82  -41 0 0
  75  46  17 -12 -111 0 0

2 equations:
 1 0 -1 -2 -3 -4  46
 0 1  2  3  4  5 -75

5 basis elements of generated  lattice:
 1 0 0 0 -5   4 0
 0 1 0 0 -4   3 0
 0 0 1 0 -3   2 0
 0 0 0 1 -2   1 0
 0 0 0 0 70 -41 1

