3 lattice points in polytope (module generators)
0 Hilbert basis elements of recession monoid
4 vertices of polyhedron
0 extreme rays of recession cone
4 support hyperplanes of polyhedron (homogenized)

embedding dimension = 5
affine dimension of the polyhedron = 2
rank of recession monoid = 0 (polyhedron is polytope)

dehomogenization:
0 0 0 0 1 


module rank = 3

***********************************************************************

3 lattice points in polytope (module generators):
  8 7 8  8 1
  9 6 7  9 1
 10 5 6 10 1

0 Hilbert basis elements of recession monoid:

4 vertices of polyhedron:
  8  7  8  8 1
 15 16 15 16 2
 31 14 17 31 3
 61 32 29 64 6

0 extreme rays of recession cone:

4 support hyperplanes of polyhedron (homogenized):
 -1   1   1 0 0
  1 -30  31 0 0
  1   0  -1 0 0
  1  16 -15 0 0

2 equations:
 1 0 -1 -2  16
 0 1  2  3 -47

3 basis elements of generated  lattice:
 1 0 -3   2 0
 0 1 -2   1 0
 0 0 46 -15 1

