103 lattice points in polytope (module generators)
0 Hilbert basis elements of recession monoid
341 vertices of polyhedron
0 extreme rays of recession cone
38 support hyperplanes of polyhedron (homogenized)

embedding dimension = 11
affine dimension of the polyhedron = 8
rank of recession monoid = 0 (polyhedron is polytope)

dehomogenization:
0 0 0 0 0 0 0 0 0 0 1 


module rank = 103

***********************************************************************

103 lattice points in polytope (module generators):
 1 3 3 2 2 2 2 2 2 4 1
 1 4 1 3 2 2 2 2 2 4 1
 1 4 2 1 3 2 2 2 2 4 1
 1 4 2 2 1 3 2 2 2 4 1
 1 4 2 2 2 1 3 2 2 4 1
 1 4 2 2 2 2 1 3 2 4 1
 1 4 2 2 2 2 2 1 3 4 1
 1 4 2 2 2 2 2 2 1 5 1
 2 1 4 2 2 2 2 2 2 4 1
 2 2 2 3 2 2 2 2 2 4 1
 2 2 3 1 3 2 2 2 2 4 1
 2 2 3 2 1 3 2 2 2 4 1
 2 2 3 2 2 1 3 2 2 4 1
 2 2 3 2 2 2 1 3 2 4 1
 2 2 3 2 2 2 2 1 3 4 1
 2 2 3 2 2 2 2 2 1 5 1
 2 3 0 4 2 2 2 2 2 4 1
 2 3 1 2 3 2 2 2 2 4 1
 2 3 1 3 1 3 2 2 2 4 1
 2 3 1 3 2 1 3 2 2 4 1
 2 3 1 3 2 2 1 3 2 4 1
 2 3 1 3 2 2 2 1 3 4 1
 2 3 1 3 2 2 2 2 1 5 1
 2 3 2 0 4 2 2 2 2 4 1
 2 3 2 1 2 3 2 2 2 4 1
 2 3 2 1 3 1 3 2 2 4 1
 2 3 2 1 3 2 1 3 2 4 1
 2 3 2 1 3 2 2 1 3 4 1
 2 3 2 1 3 2 2 2 1 5 1
 2 3 2 2 1 2 3 2 2 4 1
 2 3 2 2 1 3 1 3 2 4 1
 2 3 2 2 1 3 2 1 3 4 1
 2 3 2 2 1 3 2 2 1 5 1
 2 3 2 2 2 1 2 3 2 4 1
 2 3 2 2 2 1 3 1 3 4 1
 2 3 2 2 2 1 3 2 1 5 1
 2 3 2 2 2 2 1 2 3 4 1
 2 3 2 2 2 2 1 3 1 5 1
 2 3 2 2 2 2 2 1 2 5 1
 3 0 3 3 2 2 2 2 2 4 1
 3 0 4 1 3 2 2 2 2 4 1
 3 0 4 2 1 3 2 2 2 4 1
 3 0 4 2 2 1 3 2 2 4 1
 3 0 4 2 2 2 1 3 2 4 1
 3 0 4 2 2 2 2 1 3 4 1
 3 0 4 2 2 2 2 2 1 5 1
 3 1 2 2 3 2 2 2 2 4 1
 3 1 2 3 1 3 2 2 2 4 1
 3 1 2 3 2 1 3 2 2 4 1
 3 1 2 3 2 2 1 3 2 4 1
 3 1 2 3 2 2 2 1 3 4 1
 3 1 2 3 2 2 2 2 1 5 1
 3 1 3 0 4 2 2 2 2 4 1
 3 1 3 1 2 3 2 2 2 4 1
 3 1 3 1 3 1 3 2 2 4 1
 3 1 3 1 3 2 1 3 2 4 1
 3 1 3 1 3 2 2 1 3 4 1
 3 1 3 1 3 2 2 2 1 5 1
 3 1 3 2 1 2 3 2 2 4 1
 3 1 3 2 1 3 1 3 2 4 1
 3 1 3 2 1 3 2 1 3 4 1
 3 1 3 2 1 3 2 2 1 5 1
 3 1 3 2 2 1 2 3 2 4 1
 3 1 3 2 2 1 3 1 3 4 1
 3 1 3 2 2 1 3 2 1 5 1
 3 1 3 2 2 2 1 2 3 4 1
 3 1 3 2 2 2 1 3 1 5 1
 3 1 3 2 2 2 2 1 2 5 1
 3 2 1 2 2 3 2 2 2 4 1
 3 2 1 2 3 1 3 2 2 4 1
 3 2 1 2 3 2 1 3 2 4 1
 3 2 1 2 3 2 2 1 3 4 1
 3 2 1 2 3 2 2 2 1 5 1
 3 2 1 3 1 2 3 2 2 4 1
 3 2 1 3 1 3 1 3 2 4 1
 3 2 1 3 1 3 2 1 3 4 1
 3 2 1 3 1 3 2 2 1 5 1
 3 2 1 3 2 1 2 3 2 4 1
 3 2 1 3 2 1 3 1 3 4 1
 3 2 1 3 2 1 3 2 1 5 1
 3 2 1 3 2 2 1 2 3 4 1
 3 2 1 3 2 2 1 3 1 5 1
 3 2 1 3 2 2 2 1 2 5 1
 3 2 2 1 2 2 3 2 2 4 1
 3 2 2 1 2 3 1 3 2 4 1
 3 2 2 1 2 3 2 1 3 4 1
 3 2 2 1 2 3 2 2 1 5 1
 3 2 2 1 3 1 2 3 2 4 1
 3 2 2 1 3 1 3 1 3 4 1
 3 2 2 1 3 1 3 2 1 5 1
 3 2 2 1 3 2 1 2 3 4 1
 3 2 2 1 3 2 1 3 1 5 1
 3 2 2 1 3 2 2 1 2 5 1
 3 2 2 2 1 2 2 3 2 4 1
 3 2 2 2 1 2 3 1 3 4 1
 3 2 2 2 1 2 3 2 1 5 1
 3 2 2 2 1 3 1 2 3 4 1
 3 2 2 2 1 3 1 3 1 5 1
 3 2 2 2 1 3 2 1 2 5 1
 3 2 2 2 2 1 2 2 3 4 1
 3 2 2 2 2 1 2 3 1 5 1
 3 2 2 2 2 1 3 1 2 5 1
 3 2 2 2 2 2 1 2 2 5 1

0 Hilbert basis elements of recession monoid:

341 vertices of polyhedron:
  1  3  3  2  2  2  2  2  2   4  1
  1  4  1  3  2  2  2  2  2   4  1
  1  4  2  1  3  2  2  2  2   4  1
  1  4  2  2  1  3  2  2  2   4  1
  1  4  2  2  2  1  3  2  2   4  1
  1  4  2  2  2  2  1  3  2   4  1
  1  4  2  2  2  2  2  1  3   4  1
  1  4  2  2  2  2  2  2  1   5  1
  2  1  4  2  2  2  2  2  2   4  1
  2  3  0  4  2  2  2  2  2   4  1
  2  3  2  0  4  2  2  2  2   4  1
  2  3  2  2  1  2  3  2  2   4  1
  2  3  2  2  1  3  1  3  2   4  1
  2  3  2  2  1  3  2  1  3   4  1
  2  3  2  2  1  3  2  2  1   5  1
  2  3  2  2  2  1  2  3  2   4  1
  2  3  2  2  2  1  3  1  3   4  1
  2  3  2  2  2  1  3  2  1   5  1
  2  3  2  2  2  2  1  2  3   4  1
  2  3  2  2  2  2  1  3  1   5  1
  2  3  2  2  2  2  2  1  2   5  1
  3  0  3  3  2  2  2  2  2   4  1
  3  0  4  1  3  2  2  2  2   4  1
  3  0  4  2  1  3  2  2  2   4  1
  3  0  4  2  2  1  3  2  2   4  1
  3  0  4  2  2  2  1  3  2   4  1
  3  0  4  2  2  2  2  1  3   4  1
  3  0  4  2  2  2  2  2  1   5  1
  3  1  2  3  2  1  3  2  2   4  1
  3  1  2  3  2  2  1  3  2   4  1
  3  1  2  3  2  2  2  1  3   4  1
  3  1  2  3  2  2  2  2  1   5  1
  3  1  3  0  4  2  2  2  2   4  1
  3  1  3  2  1  2  3  2  2   4  1
  3  1  3  2  1  3  1  3  2   4  1
  3  1  3  2  1  3  2  1  3   4  1
  3  1  3  2  1  3  2  2  1   5  1
  3  1  3  2  2  1  2  3  2   4  1
  3  1  3  2  2  1  3  1  3   4  1
  3  1  3  2  2  1  3  2  1   5  1
  3  1  3  2  2  2  1  2  3   4  1
  3  1  3  2  2  2  1  3  1   5  1
  3  1  3  2  2  2  2  1  2   5  1
  3  2  1  2  2  3  2  2  2   4  1
  3  2  1  2  3  1  3  2  2   4  1
  3  2  1  2  3  2  1  3  2   4  1
  3  2  1  2  3  2  2  1  3   4  1
  3  2  1  2  3  2  2  2  1   5  1
  3  2  1  3  1  2  3  2  2   4  1
  3  2  1  3  1  3  1  3  2   4  1
  3  2  1  3  1  3  2  1  3   4  1
  3  2  1  3  1  3  2  2  1   5  1
  3  2  1  3  2  1  2  3  2   4  1
  3  2  1  3  2  1  3  1  3   4  1
  3  2  1  3  2  1  3  2  1   5  1
  3  2  1  3  2  2  1  2  3   4  1
  3  2  1  3  2  2  1  3  1   5  1
  3  2  1  3  2  2  2  1  2   5  1
  3  2  2  1  2  2  3  2  2   4  1
  3  2  2  1  2  3  1  3  2   4  1
  3  2  2  1  2  3  2  1  3   4  1
  3  2  2  1  2  3  2  2  1   5  1
  3  2  2  1  3  1  2  3  2   4  1
  3  2  2  1  3  1  3  1  3   4  1
  3  2  2  1  3  1  3  2  1   5  1
  3  2  2  1  3  2  1  2  3   4  1
  3  2  2  1  3  2  1  3  1   5  1
  3  2  2  1  3  2  2  1  2   5  1
  3  2  2  2  1  2  2  3  2   4  1
  3  2  2  2  1  2  3  1  3   4  1
  3  2  2  2  1  2  3  2  1   5  1
  3  2  2  2  1  3  1  2  3   4  1
  3  2  2  2  1  3  1  3  1   5  1
  3  2  2  2  1  3  2  1  2   5  1
  3  2  2  2  2  1  2  2  3   4  1
  3  2  2  2  2  1  2  3  1   5  1
  3  2  2  2  2  1  3  1  2   5  1
  3  2  2  2  2  2  1  2  2   5  1
  4 20 10 10 10 11 10 10 10  20  5
  4 20 10 10 11  9 11 10 10  20  5
  4 20 10 11  9 11  9 11 10  20  5
  4 20 10 11 10  9 10 11 10  20  5
  4 20 11  9 10 11 10  9 11  20  5
  4 20 11  9 11  9 11  9 11  20  5
  4 20 11 10  9 11  9 10 11  20  5
  4 20 11 10 10  9 10 10 11  20  5
  4 21  9 10 10 11 10 10  9  21  5
  4 21  9 10 11  9 11 10  9  21  5
  4 21  9 11  9 11  9 11  9  21  5
  4 21  9 11 10  9 10 11  9  21  5
  4 21 10  9 10 11 10  9 10  21  5
  4 21 10  9 11  9 11  9 10  21  5
  4 21 10 10  9 11  9 10 10  21  5
  4 21 10 10 10  9 10 10 10  21  5
  5  4  1  8  4  4  4  4  4   8  2
  5  4  4  5  4  4  4  1  7   8  2
  5  4  5  3  5  4  4  1  7   8  2
  5  5  0  7  5  4  4  4  4   8  2
  5  5  0  8  3  5  4  4  4   8  2
  5  5  0  8  4  3  5  4  4   8  2
  5  5  0  8  4  4  3  5  4   8  2
  5  5  0  8  4  4  4  3  5   8  2
  5  5  0  8  4  4  4  4  3   9  2
  5  5  3  5  3  5  4  1  7   8  2
  5  5  4  1  5  6  4  4  4   8  2
  5  5  4  1  7  2  6  4  4   8  2
  5  5  4  1  7  4  2  6  4   8  2
  5  5  4  1  7  4  4  2  6   8  2
  5  5  4  1  7  4  4  4  2  10  2
  5  5  4  3  4  5  4  1  7   8  2
  6  3  3  3  7  4  4  4  4   8  2
  6  3  4  5  4  3  5  1  7   8  2
  6  3  5  1  5  6  4  4  4   8  2
  6  3  5  1  7  4  2  6  4   8  2
  6  3  5  1  7  4  4  2  6   8  2
  6  3  5  1  7  4  4  4  2  10  2
  6  3  5  3  5  3  5  1  7   8  2
  6  4  2  5  5  1  7  4  4   8  2
  6  4  3  3  6  1  7  4  4   8  2
  6  4  3  5  3  4  5  1  7   8  2
  6  4  4  3  4  4  5  1  7   8  2
  7  6  8  6  6  1 11  6  6  12  3
  7  8  4  8  6  1 11  6  6  12  3
  8  6  7  6  6  2  7  9  6  12  3
  8  6  7  6  6  2 10  3  9  12  3
  8  6  7  6  6  2 10  6  3  15  3
  8  7  1 11  3  9  6  6  6  12  3
  8  7  1 11  6  6  3  9  6  12  3
  8  7  1 11  6  6  6  3  9  12  3
  8  7  1 11  6  6  6  6  3  15  3
  8  7  5  7  3  5 10  6  6  12  3
  8  7  5  7  3  9  6  2 10  12  3
  8  7  5  7  6  2  7  9  6  12  3
  8  7  5  7  6  2 10  3  9  12  3
  8  7  5  7  6  2 10  6  3  15  3
  8  7  6  5  4  9  6  2 10  12  3
  9  4  8  4  8  1 11  6  6  12  3
  9  5  4  9  1 11  6  6  6  12  3
  9  5  4  9  5  7  2 10  6  12  3
  9  5  4  9  6  5  7  2 10  12  3
  9  5  6  7  6  3  9  2 10  12  3
  9  5  7  2 10  2 10  6  6  12  3
  9  5  7  5  4  5 10  6  6  12  3
  9  5  7  5  7  2  7  9  6  12  3
  9  5  7  5  7  2 10  6  3  15  3
  9  6  3  8  6  7  2 10  6  12  3
  9  6  3  9  5  6  7  2 10  12  3
  9  6  4  6  8  1 11  6  6  12  3
  9  6  5  6  4  5 10  6  6  12  3
  9  6  5  6  7  2  7  9  6  12  3
  9  6  5  6  7  2 10  3  9  12  3
  9  6  5  6  7  2 10  6  3  15  3
  9  6  5  7  3  8  7  2 10  12  3
  9  6  5  7  5  4  9  2 10  12  3
  9  6  6  3  8  6  7  2 10  12  3
  9  6  6  5  4  8  7  2 10  12  3
  9  6  6  5  6  4  9  2 10  12  3
 11  8  8  9  8  8  8  3  9  20  4
 11  8  9  7  9  8  4  7 13  16  4
 11  8  9  7  9  8  8  3  9  20  4
 11  8  9  8  3  8 13  8  8  16  4
 11  9  2  9 13  8  8  8  8  16  4
 11  9  2 14  8  3 13  8  8  16  4
 11  9  7  9  7  9  4  7 13  16  4
 11  9  7  9  7  9  8  3  9  20  4
 11  9  8  3 12  9  8  3 13  16  4
 11  9  8  7  8  9  4  7 13  16  4
 11  9  8  7  8  9  8  3  9  20  4
 11 12 12 10  1 19 10 10 10  20  5
 12  7  8  9  8  7  5  7 13  16  4
 12  7  8  9  8  7  9  3  9  20  4
 12  7  9  3 13  7  9  3 13  16  4
 12  7  9  7  9  3 13  3 13  16  4
 12  7  9  7  9  7  5  7 13  16  4
 12  7  9  7  9  7  9  3  9  20  4
 12  8  7  5 12  7  8  9  3  21  4
 12  8  7  9  7  8  5  7 13  16  4
 12  8  7  9  7  8  9  3  9  20  4
 12  8  8  4 11  8  8  9  3  21  4
 12  8  8  7  8  8  5  7 13  16  4
 12  8  8  7  8  8  9  3  9  20  4
 13 11 11 10  3 17  5 15 10  20  5
 13 11 11 10  3 17 10  5 15  20  5
 13 11 11 10  3 17 10 10  5  25  5
 14 10  4 17 10 10  4 16 10  20  5
 14 10  4 17 10 10 10  4 16  20  5
 14 10 10 11 10 10  4 10 16  20  5
 14 10 11  3 17 10 10  4 16  20  5
 14 11  3 16 11 10  4 16 10  20  5
 14 11  3 17  9 11 10  4 16  20  5
 14 11  9  5 16  9 11 10  4  26  5
 14 11  9 11  9  5 16  4 16  20  5
 14 11 10  4 15 10 11 10  4  26  5
 15  8  8 14  1 19 10 10 10  20  5
 15  9  9 12  3 12 15 10 10  20  5
 15  9  9 12  3 17 10  5 15  20  5
 15  9  9 12  3 17 10 10  5  25  5
 15  9 10  5 16 10  9 11  4  26  5
 15  9 11  4 15 11  9 11  4  26  5
 15 10  9  6 13 12  3 17 10  20  5
 15 10  9  9  7 15  3 17 10  20  5
 15 10  9 10 10  5 10 16 10  20  5
 15 10  9 10 11  4 15 11  4  26  5
 16 13 13 12  4 13 19 12 12  24  6
 17 12 12  5 20 12 12 12  5  31  6
 17 12 12 13  4 20 12  5 19  24  6
 17 12 13  4 19 13 12 12  5  31  6
 17 12 13 11 12 13 12  5 12  31  6
 17 13 12 11 12 12 13  5 12  31  6
 17 14 16 16 14 14  3 25 14  28  7
 17 18 12 12 18 14  3 25 14  28  7
 18 10 13 13  5 19  4 20 12  24  6
 18 11 11  7 11 20 12 12 12  24  6
 18 11 11 14  4 20  5 19 12  24  6
 18 12 12 11 12 12 12  6 12  31  6
 19 14 15 15 14 14  5 23  7  35  7
 19 15 14 15 14  5 23  6 22  28  7
 19 16 13  6 23 14  5 23 14  28  7
 19 16 13 13 16 14  5 16 21  28  7
 19 16 13 13 16 14  5 23  7  35  7
 19 16 14 13  8 19 16 14  5  37  7
 19 16 14 13 13  9 21 14  5  37  7
 20 15 12 15 15  5 15 22 14  28  7
 21 10 16 16 10 18  3 25 14  28  7
 21 12  9 20 15 14 12 16  5  37  7
 21 12 14 15 15 14  7 21  5  37  7
 21 12 15 15 12  9 12 23 14  28  7
 21 12 15 15 12 16  5 16 21  28  7
 21 12 15 15 12 16  5 23  7  35  7
 21 12 16 13  8 21 12 16  5  37  7
 21 12 16 13 13 16  7 21  5  37  7
 21 14  7 20 15 12 14 16  5  37  7
 21 14 12 12 14 18  3 25 14  28  7
 21 14 12 15 15 12  9 21  5  37  7
 21 14 13 13 14 16  5 16 21  28  7
 21 14 13 13 14 16  5 23  7  35  7
 21 14 13 14 13  8 22  5 23  28  7
 21 14 14 13  8 19 14 16  5  37  7
 21 14 14 13 13  9 19 16  5  37  7
 21 14 14 13 13 14  9 21  5  37  7
 22 16 17 17 16 16  6 17 25  32  8
 22 17 16 16 17 16  6 26  7  41  8
 22 17 17  5 17 26 16 16 16  32  8
 22 18 15 15 18  7 15 26 16  32  8
 23 15 17 17 15 17  6 17 25  32  8
 23 17 15 15 17 17  6 17 25  32  8
 23 18 18 20 20 18 18 18  5  49  9
 23 18 22 16 16 22 18 18  5  49  9
 23 22 14 20 20 14 22 18  5  49  9
 23 22 18 16 16 18 22 18  5  49  9
 24 16 14 17 17  7 23 18  6  42  8
 24 16 15 15 16  9 15 26 16  32  8
 24 16 15 16 16  8 23 18  6  42  8
 24 16 15 16 16 15  9 25  6  42  8
 25 18 19 19 18  7 18 29 18  36  9
 25 18 20 17  8 29 18 18  7  47  9
 25 19 19 16  9 29 18  7 29  36  9
 25 19 19 16 19 19 18  7 19  46  9
 25 19 19 17  8 28 19 18  7  47  9
 25 20 16 19 19  7 29 18  7  47  9
 25 20 16 19 19 16 20  9 16  47  9
 25 20 17 17 20 17  8 29  8  46  9
 26 19 16 19 19  7 28 19  7  47  9
 26 19 16 19 19 16 10 28  7  47  9
 26 19 18 16 18 19 19  7 19  46  9
 27 14 18 20 20 18 14 22  5  49  9
 27 14 22 16 16 22 14 22  5  49  9
 27 16 18 19 19 18 16 11 16  47  9
 27 16 19 19 16 19  8 19 28  36  9
 27 16 20 17 17 20 16 11 16  47  9
 27 17 17 20  7 27 20  7 29  36  9
 27 17 17 20 17 17 10 17 29  36  9
 27 17 19 17 17 10 26 20  7  47  9
 27 18 14 20 20 14 18 22  5  49  9
 27 18 16 19 19 16 18 11 16  47  9
 27 18 18 16 16 18 18 22  5  49  9
 27 27  0 44 22 22 23 22 22  44 11
 27 27  0 44 22 23 21 23 22  44 11
 27 27  0 44 23 21 23 21 23  44 11
 27 27  0 44 23 22 21 22 23  44 11
 27 27  0 45 21 22 23 22 21  45 11
 27 27  0 45 21 23 21 23 21  45 11
 27 27  0 45 22 21 23 21 22  45 11
 27 27  0 45 22 22 21 22 22  45 11
 28 20 21 20 21 20  8 20 32  40 10
 28 20 22 19 19 22 20  9 19  52 10
 28 22 20 19 19 20 22  9 19  52 10
 29 19 22 19 19 22 19 10 19  52 10
 30 19 19 21 21 19 19 11 19  52 10
 30 19 21 19 19 21 19 11 19  52 10
 30 20 20 19 19 20 20 11 19  52 10
 30 23 23 23 22  8 23 35 22  44 11
 31  0 44 22 22 23 23 22 22  44 11
 31  0 44 22 24 21 21 24 22  44 11
 31  0 44 24 20 23 23 20 24  44 11
 31  0 44 24 22 21 21 22 24  44 11
 31  0 46 20 22 23 23 22 20  46 11
 31  0 46 20 24 21 21 24 20  46 11
 31  0 46 22 20 23 23 20 22  46 11
 31  0 46 22 22 21 21 22 22  46 11
 31 22  9 36 23 22 22 22  9  57 11
 31 22 22 23 23 22 22  9 22  57 11
 31 22 23 22 22 23 22  9 22  57 11
 31 23 21 23 23  8 36 22  9  57 11
 31 24  7 36 23 20 24 22  9  57 11
 31 24 19 24 23  8 36 22  9  57 11
 33 21 21 21 12 21 36 22 22  44 11
 33 22 21 21 22 22 11 22 35  44 11
 33 25 25 25  8 40 10 38 24  48 12
 35 28 28 25 10 43 26 26 11  67 13
 36 23 23 23 13 38  8 40 24  48 12
 36 24 23 24 23 24 24 12 24  62 12
 36 27 26 27 27 26 10 42 11  67 13
 36 27 27 27  9 27 42 26 26  52 13
 37 25 29 25 25 12 42 26 11  67 13
 37 26 26 27 10 43 26 26 11  67 13
 39 26 25 25 26 25 14 41 10  68 13
 39 28 29 29 29 28 28 11 29  72 14
 39 31 27 27 27 31 12 27 45  56 14
 40 27 29 29 29 27 29 11 29  72 14
 40 29 29 25 29 29 29 11 29  72 14
 42 28 27 27 27 28 15 27 45  56 14
 44 33 33 33 33 32 12 52 14  82 16
 45 28 28 33 12 49 28 32 13  77 15
 47 35 35 35 35 34 13 35 54  68 17
 48 29 33 33 33 29 33 15 33  82 16
 48 32 31 31 31 31 18 50 12  84 16
 51 33 33 33 33 18 33 55 34  68 17
 52 38 33 38 33 38 38 14 38  92 18
 53 39 39 39 39 14 39 61 38  76 19
 59 46 41 41 41 41 46 18 41 109 21
 63 42 41 41 41 41 42 22 41 109 21
 67 49 49 49 49 49 48 19 49 124 24
 70 51 51 51 51 51 19 81 21 129 25
 72 47 47 47 47 47 25 47 77  96 24
 73 53 53 53 53 53 20 53 83 104 26
 75 44 54 49 49 54 21 79 19 131 25
 75 46 51 51 46 56 19 81 21 129 25
 75 49 49 49 49 49 26 79 19 131 25
 96 63 63 63 63 63 63 33 63 166 32
 96 69 69 69 69 69 69 27 69 176 34

0 extreme rays of recession cone:

38 support hyperplanes of polyhedron (homogenized):
 -51 -56  35  30  25   20  15  10   5 0 0
 -33 -40 -47  42  35   28  21  14   7 0 0
 -23   8   7   6   5    4   3   2   1 0 0
  -5  -8 -11 -14  15   12   9   6   3 0 0
  -1  -1  -1  -1   1    1   1   1   1 0 0
  -1  -1  -1   0   0    1   1   1   1 0 0
  -1  -1  -1   0   1    1   1   1   0 0 0
  -1  -1  -1   1   1    1   1   0   0 0 0
  -1  -1   0   0   0    0   1   1   1 0 0
  -1  -1   0   0   0    1   1   1   0 0 0
  -1  -1   0   0   1    1   1   0   0 0 0
  -1  -1   0   1   1    1   0   0   0 0 0
  -1  -1   1   1   1    0   0   0   0 0 0
  -1   0   0   0   0    0   0   1   1 0 0
  -1   0   0   0   0    0   1   1   0 0 0
  -1   0   0   0   0    1   1   0   0 0 0
  -1   0   0   0   1    1   0   0   0 0 0
  -1   0   0   1   1    0   0   0   0 0 0
  -1   0   1   1   0    0   0   0   0 0 0
  -1   1   1   0   0    0   0   0   0 0 0
   0   0   1   0   0    0   0   0   0 0 0
   0   1   0   0   0    0   0   0   0 0 0
   3  -8 -19 -30 -41   44  33  22  11 0 0
  13   8   3  -2  -7  -12 -17  10   5 0 0
  21   8  -5 -18 -31  -44  39  26  13 0 0
  57  40  23   6 -11  -28 -45 -62  17 0 0
  75  56  37  18  -1  -20 -39 -58 -77 0 0
 111  -8 -31 -54 -77   -4  69  46  23 0 0
 111  -8 -31 -54  19   -4 -27  46  23 0 0
 111  -8 -31  42  19   -4 -27 -50  23 0 0
 111  -8  65  42  19   -4 -27 -50 -73 0 0
 111  88 -31 -54 -77 -100  69  46  23 0 0
 111  88 -31 -54 -77   -4 -27  46  23 0 0
 111  88 -31 -54  19   -4 -27 -50  23 0 0
 111  88 -31  42  19   -4 -27 -50 -73 0 0
 111  88  65 -54 -77 -100 -27  46  23 0 0
 111  88  65 -54 -77   -4 -27 -50  23 0 0
 111  88  65 -54  19   -4 -27 -50 -73 0 0

2 equations:
 1 0 -1 -2 -3 -4 -5 -6 -7 -8   88
 0 1  2  3  4  5  6  7  8  9 -111

9 basis elements of generated  lattice:
 1 0 0 0 0 0 0 0 -9   8 0
 0 1 0 0 0 0 0 0 -8   7 0
 0 0 1 0 0 0 0 0 -7   6 0
 0 0 0 1 0 0 0 0 -6   5 0
 0 0 0 0 1 0 0 0 -5   4 0
 0 0 0 0 0 1 0 0 -4   3 0
 0 0 0 0 0 0 1 0 -3   2 0
 0 0 0 0 0 0 0 1 -2   1 0
 0 0 0 0 0 0 0 0 96 -73 1

