115 lattice points in polytope (module generators)
0 Hilbert basis elements of recession monoid
848 vertices of polyhedron
0 extreme rays of recession cone
37 support hyperplanes of polyhedron (homogenized)

embedding dimension = 10
affine dimension of the polyhedron = 7
rank of recession monoid = 0 (polyhedron is polytope)

dehomogenization:
0 0 0 0 0 0 0 0 0 1 


module rank = 115

***********************************************************************

115 lattice points in polytope (module generators):
 0 0 1 2 2 1 1 1 3 1
 0 0 1 3 0 2 1 1 3 1
 0 0 1 3 1 0 2 1 3 1
 0 0 1 3 1 1 0 2 3 1
 0 0 1 3 1 1 1 0 4 1
 0 0 2 0 3 1 1 1 3 1
 0 0 2 1 1 2 1 1 3 1
 0 0 2 1 2 0 2 1 3 1
 0 0 2 1 2 1 0 2 3 1
 0 0 2 1 2 1 1 0 4 1
 0 0 2 2 0 1 2 1 3 1
 0 0 2 2 0 2 0 2 3 1
 0 0 2 2 0 2 1 0 4 1
 0 0 2 2 1 0 1 2 3 1
 0 0 2 2 1 0 2 0 4 1
 0 0 2 2 1 1 0 1 4 1
 0 0 3 0 0 3 1 1 3 1
 0 0 3 0 1 1 2 1 3 1
 0 0 3 0 1 2 0 2 3 1
 0 0 3 0 1 2 1 0 4 1
 0 0 3 0 2 0 1 2 3 1
 0 0 3 0 2 0 2 0 4 1
 0 0 3 0 2 1 0 1 4 1
 0 0 3 1 0 0 3 1 3 1
 0 0 3 1 0 1 1 2 3 1
 0 0 3 1 0 1 2 0 4 1
 0 0 3 1 0 2 0 1 4 1
 0 0 3 1 1 0 1 1 4 1
 0 1 0 1 3 1 1 1 3 1
 0 1 0 2 1 2 1 1 3 1
 0 1 0 2 2 0 2 1 3 1
 0 1 0 2 2 1 0 2 3 1
 0 1 0 2 2 1 1 0 4 1
 0 1 0 3 0 1 2 1 3 1
 0 1 0 3 0 2 0 2 3 1
 0 1 0 3 0 2 1 0 4 1
 0 1 0 3 1 0 1 2 3 1
 0 1 0 3 1 0 2 0 4 1
 0 1 0 3 1 1 0 1 4 1
 0 1 1 0 2 2 1 1 3 1
 0 1 1 0 3 0 2 1 3 1
 0 1 1 0 3 1 0 2 3 1
 0 1 1 0 3 1 1 0 4 1
 0 1 1 1 0 3 1 1 3 1
 0 1 1 1 1 1 2 1 3 1
 0 1 1 1 1 2 0 2 3 1
 0 1 1 1 1 2 1 0 4 1
 0 1 1 1 2 0 1 2 3 1
 0 1 1 1 2 0 2 0 4 1
 0 1 1 1 2 1 0 1 4 1
 0 1 1 2 0 0 3 1 3 1
 0 1 1 2 0 1 1 2 3 1
 0 1 1 2 0 1 2 0 4 1
 0 1 1 2 0 2 0 1 4 1
 0 1 1 2 1 0 0 3 3 1
 0 1 1 2 1 0 1 1 4 1
 0 1 1 2 1 1 0 0 5 1
 0 1 2 0 0 2 2 1 3 1
 0 1 2 0 0 3 0 2 3 1
 0 1 2 0 0 3 1 0 4 1
 0 1 2 0 1 0 3 1 3 1
 0 1 2 0 1 1 1 2 3 1
 0 1 2 0 1 1 2 0 4 1
 0 1 2 0 1 2 0 1 4 1
 0 1 2 0 2 0 1 1 4 1
 0 1 2 0 2 1 0 0 5 1
 0 1 2 1 0 0 2 2 3 1
 0 1 2 1 0 0 3 0 4 1
 0 1 2 1 0 1 1 1 4 1
 0 2 0 0 2 1 2 1 3 1
 0 2 0 0 2 2 0 2 3 1
 0 2 0 0 2 2 1 0 4 1
 0 2 0 0 3 0 1 2 3 1
 0 2 0 0 3 0 2 0 4 1
 0 2 0 0 3 1 0 1 4 1
 0 2 0 1 1 0 3 1 3 1
 0 2 0 1 1 1 1 2 3 1
 0 2 0 1 1 1 2 0 4 1
 0 2 0 1 1 2 0 1 4 1
 0 2 0 1 2 0 0 3 3 1
 0 2 0 1 2 0 1 1 4 1
 0 2 0 2 0 0 2 2 3 1
 0 2 0 2 0 0 3 0 4 1
 0 2 0 2 0 1 1 1 4 1
 0 2 0 2 0 2 0 0 5 1
 0 2 1 0 1 1 1 1 4 1
 0 2 1 0 1 2 0 0 5 1
 1 0 1 0 1 3 1 1 3 1
 1 0 1 0 2 1 2 1 3 1
 1 0 1 0 2 2 0 2 3 1
 1 0 1 0 2 2 1 0 4 1
 1 0 1 0 3 0 1 2 3 1
 1 0 1 0 3 0 2 0 4 1
 1 0 1 0 3 1 0 1 4 1
 1 0 1 1 0 2 2 1 3 1
 1 0 1 1 0 3 0 2 3 1
 1 0 1 1 0 3 1 0 4 1
 1 0 1 1 1 0 3 1 3 1
 1 0 1 1 1 1 1 2 3 1
 1 0 1 1 1 1 2 0 4 1
 1 0 1 1 1 2 0 1 4 1
 1 0 1 1 2 0 1 1 4 1
 1 0 1 2 0 1 0 3 3 1
 1 0 1 2 0 1 1 1 4 1
 1 0 1 2 1 0 1 0 5 1
 1 0 2 0 1 0 2 2 3 1
 1 0 2 0 1 0 3 0 4 1
 1 0 2 0 1 1 1 1 4 1
 1 0 2 0 2 0 1 0 5 1
 1 1 0 1 1 0 2 2 3 1
 1 1 0 1 1 0 3 0 4 1
 1 1 0 1 1 1 0 3 3 1
 1 1 0 1 1 1 1 1 4 1
 1 1 0 2 0 1 1 0 5 1
 1 1 1 0 1 1 1 0 5 1

0 Hilbert basis elements of recession monoid:

848 vertices of polyhedron:
  0  0  1  2   2   1  1  1   3  1
  0  0  1  3   0   2  1  1   3  1
  0  0  1  3   1   0  2  1   3  1
  0  0  1  3   1   1  0  2   3  1
  0  0  1  3   1   1  1  0   4  1
  0  0  2  0   3   1  1  1   3  1
  0  0  2  2   0   2  0  2   3  1
  0  0  2  2   0   2  1  0   4  1
  0  0  2  2   1   0  2  0   4  1
  0  0  3  0   0   3  1  1   3  1
  0  0  3  0   1   2  0  2   3  1
  0  0  3  0   1   2  1  0   4  1
  0  0  3  0   2   0  1  2   3  1
  0  0  3  0   2   0  2  0   4  1
  0  0  3  0   2   1  0  1   4  1
  0  0  3  1   0   0  3  1   3  1
  0  0  3  1   0   1  1  2   3  1
  0  0  3  1   0   1  2  0   4  1
  0  0  3  1   0   2  0  1   4  1
  0  0  3  1   1   0  1  1   4  1
  0  0  5  0   5   0  4  2   6  2
  0  0  5  0   5   2  0  4   6  2
  0  0  5  0   5   2  2  0   8  2
  0  0  5  3   2   2  0  1   9  2
  0  0  5 21   7   8  8  7  21  7
  0  0  5 21   9   6  6  9  21  7
  0  0  5 23   5   8  8  5  23  7
  0  0  5 23   7   6  6  7  23  7
  0  0  6  0   3   0  5  2   6  2
  0  0  6  0   4   2  1  0   9  2
  0  0  6  1   0   5  0  4   6  2
  0  0  6  1   0   5  2  0   8  2
  0  0  6  1   3   2  0  1   9  2
  0  0  6  2   1   0  3  4   6  2
  0  0  6  2   1   0  5  0   8  2
  0  0  7  5   3   3  1  0  14  3
  0  0  8  4   0   6  2  0  13  3
  0  0  8  4   3   0  1  8   9  3
  0  0  8  4   3   0  5  0  13  3
  0  0  9  1   5   3  1  0  14  3
  0  0  9  2   4   0  5  0  13  3
  0  0 12  3   0   9  3  0  17  4
  0  0 13  7   5   1  0 14  15  5
  0  0 14  6   0   8  0 12  15  5
  0  0 17  0  13   4  0 14  18  6
  0  0 17  7   6   4  0  7  25  6
  0  1  0  1   3   1  1  1   3  1
  0  1  0  2   2   0  2  1   3  1
  0  1  0  2   2   1  0  2   3  1
  0  1  0  2   2   1  1  0   4  1
  0  1  0  3   0   1  2  1   3  1
  0  1  0  3   0   2  0  2   3  1
  0  1  0  3   0   2  1  0   4  1
  0  1  0  3   1   0  1  2   3  1
  0  1  0  3   1   0  2  0   4  1
  0  1  0  3   1   1  0  1   4  1
  0  1  1  0   3   0  2  1   3  1
  0  1  1  0   3   1  0  2   3  1
  0  1  1  0   3   1  1  0   4  1
  0  1  1  2   1   0  0  3   3  1
  0  1  1  2   1   1  0  0   5  1
  0  1  2  0   0   3  0  2   3  1
  0  1  2  0   0   3  1  0   4  1
  0  1  2  0   1   0  3  1   3  1
  0  1  2  0   2   1  0  0   5  1
  0  1  2  1   0   0  2  2   3  1
  0  1  2  1   0   0  3  0   4  1
  0  1  4  3   2   0  0  6   6  2
  0  2  0  0   2   1  2  1   3  1
  0  2  0  0   2   2  0  2   3  1
  0  2  0  0   2   2  1  0   4  1
  0  2  0  0   3   0  1  2   3  1
  0  2  0  0   3   0  2  0   4  1
  0  2  0  0   3   1  0  1   4  1
  0  2  0  1   1   0  3  1   3  1
  0  2  0  1   2   0  0  3   3  1
  0  2  0  2   0   0  2  2   3  1
  0  2  0  2   0   0  3  0   4  1
  0  2  0  2   0   2  0  0   5  1
  0  2  0  5   0   5  2  2   6  2
  0  2  0  6   1   0  5  2   6  2
  0  2  0  6   2   1  0  5   6  2
  0  2  0  6   2   2  1  0   9  2
  0  2  1  0   1   1  1  1   4  1
  0  2  1  0   1   2  0  0   5  1
  0  2  3  3   1   1  0  6   6  2
  0  2  3  3   2   0  0  5   7  2
  0  2  4  1   0   1  6  2   6  2
  0  3  0  1   6   0  4  2   6  2
  0  3  0  1   6   2  0  4   6  2
  0  3  0  1   6   2  2  0   8  2
  0  3  0  3   0   6  2  2   6  2
  0  3  0  5   0   0  6  2   6  2
  0  3  0  5   0   3  0  5   6  2
  0  3  0  5   2   0  3  0   9  2
  0  3  0 12   5   0  7  5  12  4
  0  3  0 13   4   0  7  4  13  4
  0  3  2  1   0   6  0  4   6  2
  0  3  2  1   0   6  2  0   8  2
  0  3  2  3   2   0  1  2   9  2
  0  3  3  0   0   3  5  2   6  2
  0  3  3  0   0   5  1  4   6  2
  0  3  3  0   0   5  3  0   8  2
  0  3  3  0   0   6  0  3   7  2
  0  3  3  0   4   0  2  1   9  2
  0  3  3  2   0   1  3  2   8  2
  0  4  0  0   5   0  5  2   6  2
  0  4  0  0   6   1  0  5   6  2
  0  4  0  3   3   0  1  3   8  2
  0  4  0  4   1   0  4  0   9  2
  0  4  0  8   3   0  1  8   9  3
  0  4  0  8   3   3  0  1  14  3
  0  4  0 15   5   0 11  5  15  5
  0  4  0 16   4   0 11  4  16  5
  0  4  1  0   4   0  5  0   8  2
  0  4  1  0   5   0  0  6   6  2
  0  4  1  1   3   1  0  6   6  2
  0  4  1  1   4   0  0  5   7  2
  0  4  1  3   0   1  4  0   9  2
  0  4  1  3   1   0  3  1   9  2
  0  4  2  0   2   2  3  0   9  2
  0  4  2  0   3   1  2  1   9  2
  0  4  2  1   1   2  2  1   9  2
  0  4  4  4   3   0  1  4  13  3
  0  4  5  0   4   0  5  6   9  3
  0  4  5  0   4   0  8  0  12  3
  0  4  5  0   6   0  4  0  14  3
  0  4  5  1   5   0  3  1  14  3
  0  4  5  3   1   0  5  3  12  3
  0  4  6  6   3   0  1 12  12  4
  0  4 11  4   0   0 15  6  15  5
  0  4 11  4   0   0 16  4  16  5
  0  5  0  5   0   8  0  6   9  3
  0  5  0  5   0   8  3  0  12  3
  0  5  0 11   4   1  0 11  12  4
  0  5  0 11   4   4  1  0  19  4
  0  5  0 23   0  13  8  5  23  7
  0  5  0 23   5   8  8  0  28  7
  0  5  0 27   9  11 11  9  27  9
  0  5  0 27  13   7  7 13  27  9
  0  5  0 31   5  11 11  5  31  9
  0  5  0 31   9   7  7  9  31  9
  0  5  1  0   4   8  3  3   9  3
  0  5  4  1   0   4  4  6   9  3
  0  5  4  1   0   4  7  0  12  3
  0  5  4  1   0   8  1  0  14  3
  0  5  4  1   4   0  5  0  14  3
  0  5  4  7   4   0  5  0  19  4
  0  5  7  1   7   0  5  0  19  4
  0  6  0  0   8   4  2  0  13  3
  0  6  0  4   2   4  0  8   9  3
  0  6  0  4   5   1  0  5  12  3
  0  6  0  6   2   0  4  2  13  3
  0  6  0 24  10   7  0 17  24  8
  0  6  0 26   8   7  0 15  26  8
  0  6  1  0   5   1  8  3   9  3
  0  6  2  0   4   2  7  0  12  3
  0  6  2  0   4   4  0  8   9  3
  0  6  2  0   6   0  2  8   9  3
  0  6  2  0   6   0  6  0  13  3
  0  6  2  0   7   1  0  5  12  3
  0  6  2  2   2   2  2  8   9  3
  0  6  2  4   0   2  4  2  13  3
  0  6  3  0   3  12  4  4  12  4
  0  6  3  0   4   2  4  0  14  3
  0  6  3  1   2   3  4  0  14  3
  0  6  3  1   3   2  3  1  14  3
  0  6  5  0   1  12  0  8  12  4
  0  6  5  0   1  12  4  0  16  4
  0  6  5  5   0   1  5 10  12  4
  0  6  5  5   0   6  0  5  17  4
  0  6  6  0   0  12  3  0  17  4
  0  7  0  0  12   5  0  8  12  4
  0  7  0  0  13   0  8  3  13  4
  0  7  0  0  13   3  5  0  16  4
  0  7  0  0  13   4  0  7  13  4
  0  7  0  1   6  10  4  4  12  4
  0  7  0  9   4   0  3  4  17  4
  0  7  0 27   0  19 10  9  27  9
  0  7  0 29   9   8  8  0  38  9
  0  7  2  5   0   2 12  4  12  4
  0  7  5  0   2   5  5  8  12  4
  0  7  5  0   2   5  9  0  16  4
  0  7  5  8   5   2  0  5  23  5
  0  8  0  0  15   5  7  5  15  5
  0  8  0  0  15   7  3  7  15  5
  0  8  0  0  17   3  7  3  17  5
  0  8  0  0  17   5  3  5  17  5
  0  8  0 12   5   3  0  5  22  5
  0  8  1  0   8   0 11  4  12  4
  0  8  2  2   7   0  1 12  12  4
  0  8  3  0   9   0  2  6  16  4
  0  8  3  3   5   0  3  5  17  4
  0  8  4  1   4   3  5  0  19  4
  0  8 10 10   0   8  0 20  21  7
  0  9  0  0  15   0 11  5  15  5
  0  9  0  0  16   5  4  0  21  5
  0  9  6  0   9   0  6  3  22  5
  0  9  6  3   0   6  9  0  22  5
  0 10  2  8   2   0 10  0  23  5
  0 10  3  3   9   0  1  9  20  5
  0 10  4  0   6   4  4 12  15  5
  0 10  4  4   2   8  0  4  23  5
  0 10  7  7   3   0  7  7  25  6
  0 10 11 11   8   2  0 11  35  8
  0 11  0  0  11  13  7  6  18  6
  0 11  0  0  11  14  5  7  18  6
  0 11  0 11   0   2 18  6  18  6
  0 11  0 11   0  11  0 15  18  6
  0 12  5  5   5   2  5  5  27  6
  0 12  9  0  12   0 12  0  32  7
  0 12  9  3   0  18  0  3  32  7
  0 12  9  3   9   0  9  3  32  7
  0 13 13  0   0  28  0 17  28  9
  0 14  4  4   6   8  0 20  21  7
  0 14  4  4  10   0  4 20  21  7
  0 14  4  4  13   1  0 13  28  7
  0 14  6  0  14   0  6  8  29  7
  0 15  9  6   0   9  9  6  34  8
  0 16 10 10   0   6 10 10  37  9
  0 16 14 14   2   0 14 28  33 11
  0 16 16  0   0  33  0 23  33 11
  0 18  8  8   2   8  8  8  39  9
  0 18 31 31  18   0  0 61  61 20
  0 19  0 19   0   0 30 12  30 10
  0 19  0 19   0   0 32  8  32 10
  0 20 15 15  15   0  5 15  58 13
  0 22 11 11   0  11 11 30  36 12
  0 22 22  0   0  44  0 32  45 15
  0 25 20 20  20   5  0 20  77 17
  0 26 10 10  10  16  0 10  61 13
  0 26 26  0   0  56 17  0  73 18
  0 27 27  0   0  60 23 23  60 20
  0 27 27  0   0  66 17 17  66 20
  0 30 15 15   0  30  0 15  71 16
  0 30 15 15  15   0 15 15  71 16
  0 40  9  9  40   0  0 61  61 20
  0 44 22 22   0  44  0 68  75 25
  0 60 30 30   0  30 30 30 131 31
  1  0  1  0   1   3  1  1   3  1
  1  0  1  0   2   2  0  2   3  1
  1  0  1  0   2   2  1  0   4  1
  1  0  1  0   3   0  1  2   3  1
  1  0  1  0   3   0  2  0   4  1
  1  0  1  0   3   1  0  1   4  1
  1  0  1  1   0   2  2  1   3  1
  1  0  1  1   0   3  0  2   3  1
  1  0  1  1   0   3  1  0   4  1
  1  0  1  1   1   0  3  1   3  1
  1  0  1  2   0   1  0  3   3  1
  1  0  1  2   1   0  1  0   5  1
  1  0  1  2   6   2  2  2   6  2
  1  0  1  4   4   0  4  2   6  2
  1  0  1  4   4   2  0  4   6  2
  1  0  1  4   4   2  2  0   8  2
  1  0  1  5   0   5  2  2   6  2
  1  0  1  6   0   2  4  2   6  2
  1  0  1  6   0   4  0  4   6  2
  1  0  1  6   0   4  2  0   8  2
  1  0  1  6   1   0  5  2   6  2
  1  0  1  6   2   0  2  4   6  2
  1  0  1  6   2   0  4  0   8  2
  1  0  1  6   2   1  0  5   6  2
  1  0  1  6   2   2  0  2   8  2
  1  0  1  6   2   2  1  0   9  2
  1  0  2  0   1   0  2  2   3  1
  1  0  2  0   1   0  3  0   4  1
  1  0  2  0   2   0  1  0   5  1
  1  0  3  0   6   0  4  2   6  2
  1  0  3  0   6   2  0  4   6  2
  1  0  3  0   6   2  2  0   8  2
  1  0  4  3   0   4  0  1   9  2
  1  0  4  3   1   1  0  6   6  2
  1  0  5  0   2   0  6  2   6  2
  1  0  5  1   0   1  6  2   6  2
  1  0  5  1   0   5  1  0   9  2
  1  0  5  2   1   0  3  2   8  2
  1  0  8  0   1   8  0  6   9  3
  1  0  8  0   1   8  3  0  12  3
  1  0  8  0   6   3  0  1  14  3
  1  0  8  3   0   1  5  6   9  3
  1  0  8  3   0   1  8  0  12  3
  1  0  8  7   4   4  0  1  19  4
  1  0 10  9   5   5  1  0  24  5
  1  0 11  0   8   4  1  0  19  4
  1  0 11  1   0  11  0  8  12  4
  1  0 11  1   0  11  4  0  16  4
  1  0 11  1   7   4  0  1  19  4
  1  0 11  4   1   0  7  8  12  4
  1  0 11  4   1   0 11  0  16  4
  1  0 14  1   9   5  1  0  24  5
  1  0 17 10   7   0  1 20  21  7
  1  0 22 13   9   1  0 26  27  9
  1  1  0  1   1   0  2  2   3  1
  1  1  0  1   1   0  3  0   4  1
  1  1  0  1   1   1  0  3   3  1
  1  1  0  2   0   1  1  0   5  1
  1  1  0  2   5   3  2  2   6  2
  1  1  0  2   6   1  3  2   6  2
  1  1  0  2   6   2  1  3   6  2
  1  1  0  2   6   2  2  1   7  2
  1  1  0  3   5   0  4  2   6  2
  1  1  0  3   5   2  0  4   6  2
  1  1  0  3   5   2  2  0   8  2
  1  1  0  5   3   0  4  0   8  2
  1  1  0  5   3   2  1  0   9  2
  1  1  0  6   0   1  5  2   6  2
  1  1  0  6   0   4  0  3   7  2
  1  1  0  6   1   0  4  3   6  2
  1  1  0  6   1   3  1  0   9  2
  1  1  0  6   2   0  1  5   6  2
  1  1  0  6   2   2  0  1   9  2
  1  1  0  9   4   0  5  4   9  3
  1  1  0 10   3   0  5  3  10  3
  1  1  0 12   4   5  5  4  12  4
  1  1  0 12   6   3  3  6  12  4
  1  1  0 14   2   5  5  2  14  4
  1  1  0 14   4   3  3  4  14  4
  1  1  1  0   1   1  1  0   5  1
  1  1  3  3   0   2  0  6   6  2
  1  1  3  3   1   0  1  6   6  2
  1  1  4  0   1   1  6  2   6  2
  1  2  0  5   2   1  0  2   9  2
  1  2  0  9   1   0  8  3   9  3
  1  2  0  9   3   1  0  8   9  3
  1  2  0  9   3   3  1  0  14  3
  1  2  1  0   2   6  2  2   6  2
  1  2  1  0   6   1  0  5   6  2
  1  2  1  0   6   2  1  0   9  2
  1  2  2  0   1   6  0  4   6  2
  1  2  2  0   1   6  2  0   8  2
  1  2  6  1   0   2  9  3   9  3
  1  3  0  1   3   0  6  2   6  2
  1  3  0  1   3   4  1  0   9  2
  1  3  0  1   4   3  0  1   9  2
  1  3  0  1   5   1  0  3   8  2
  1  3  0  4   1   0  3  1   9  2
  1  3  1  0   3   1  5  0   8  2
  1  3  1  0   3   4  0  1   9  2
  1  3  1  0   4   1  0  6   6  2
  1  3  1  0   5   0  1  3   8  2
  1  3  1  1   2   2  0  6   6  2
  1  3  1  1   3   0  1  6   6  2
  1  3  1  3   0   1  3  1   9  2
  1  3  3  5   3   1  0  3  14  3
  1  3  5  3   0   1  5  3  12  3
  1  4  0  1   4   8  3  3   9  3
  1  4  0 11   4   0  1 11  12  4
  1  4  0 11   4   4  0  1  19  4
  1  4  4  0   1   4  4  6   9  3
  1  4  4  0   1   4  7  0  12  3
  1  4  4  0   1   8  1  0  14  3
  1  4  4  1   0   8  0  1  14  3
  1  4  7  4   1   0  7  4  16  4
  1  5  0  1   8   0  1  8   9  3
  1  5  0  4   5   0  1  5  12  3
  1  5  0 14   5   1  0 14  15  5
  1  5  0 14   5   5  1  0  24  5
  1  5  1  0   6   5  1  0  14  3
  1  5  1  5   1   0  6  0  14  3
  1  5  2  0   7   0  1  5  12  3
  1  5  7  7   5   1  0  7  22  5
  1  7  0  1  11   1  0 11  12  4
  1  7  0  5   7   1  0  7  16  4
  1  7  1  0   7   1 11  4  12  4
  1  7  1  0  11   0  1 11  12  4
  1  9  1  0  10   0 14  5  15  5
  1  9  1  0  14   1  0 14  15  5
  1  9  9  9   1   0  9 18  21  7
  1 13  4  4  13   0  1 13  28  7
  1 17  5  5  17   1  0 17  36  9
  2  0  2  0   5   0  5  2   6  2
  2  0  2  3   0   5  0  2   8  2
  2  0  2  3   2   0  2  5   6  2
  2  0  2  4   0   2  3  0   9  2
  2  0  2  4   1   2  0  2   9  2
  2  0  2  8   0   6  2  0  13  3
  2  0  2  8   2   0  7  0  12  3
  2  0  2 15   5   0 11  5  15  5
  2  0  2 16   4   0 11  4  16  5
  2  0  3  0   3   0  6  2   6  2
  2  0  3  1   1   1  6  2   6  2
  2  0  3  2   0   2  5  0   8  2
  2  0  3  2   1   2  0  6   6  2
  2  0  3  3   0   2  0  5   7  2
  2  0  3  3   0   3  0  2   9  2
  2  0  4  0   2   3  1  1   9  2
  2  0  4  1   1   1  4  0   9  2
  2  0  4  1   2   0  3  1   9  2
  2  0  7  0   2   1  9  3   9  3
  2  0  7  2   0   2  5  6   9  3
  2  0  7  2   0   2  8  0  12  3
  2  0  7  3   0   2  4  3  12  3
  2  0  9  0   9   0  2 10  12  4
  2  0  9  5   4   0  2  5  17  4
  2  0 10  8   0  10  2  0  23  5
  2  1  1  1   1   4  4  2   6  2
  2  1  1  1   1   6  0  4   6  2
  2  1  1  1   1   6  2  0   8  2
  2  1  1  1   3   0  6  2   6  2
  2  1  1  1   5   0  3  0   9  2
  2  1  1  1   5   1  1  1   9  2
  2  1  1  2   0   3  5  2   6  2
  2  1  1  2   0   5  3  0   8  2
  2  1  1  2   0   6  0  3   7  2
  2  1  1  2   0   6  1  1   8  2
  2  1  1  4   0   3  0  2   9  2
  2  1  2  0   2   1  6  2   6  2
  2  1  2  0   2   5  0  2   8  2
  2  1  2  0   5   0  2  1   9  2
  2  1  2  2   0   3  0  6   6  2
  2  1  2  2   1   1  1  6   6  2
  2  1  3  1   1   1  3  1   9  2
  2  2  0  2   3   0  4  0   9  2
  2  2  0  2   3   2  0  2   9  2
  2  2  0  2   5   7  3  3   9  3
  2  2  0  2   8   4  3  0  12  3
  2  2  0  2   9   0  5  4   9  3
  2  2  0  3   1   3  0  2   9  2
  2  2  0  8   0   2  7  0  12  3
  2  2  0  8   0   4  0  8   9  3
  2  2  0  8   0   6  0  2  13  3
  2  2  0  8   2   0  2  8   9  3
  2  2  0  8   3   0  4  0  14  3
  2  2  0  8   3   2  0  2  14  3
  2  2  0  9   0  11  4  4  12  4
  2  2  0 11   0   9  0  8  12  4
  2  2  0 11   0   9  4  0  16  4
  2  2  0 12   0   7  0  9  12  4
  2  2  0 12   0   8  3  0  17  4
  2  2  0 18   8   5  0 13  18  6
  2  2  0 20   6   5  0 11  20  6
  2  2  1  1   2   1  1  6   6  2
  2  2  1  1   2   2  0  5   7  2
  2  2  1  2   2   0  2  2   9  2
  2  2  4  4   2   0  2  4  13  3
  2  2  5  2   0   2  7  0  13  3
  2  3  0  2   8   3  0  2  13  3
  2  3  2  0   5   0  9  3   9  3
  2  4  0  2   4   6  0  2  13  3
  2  4  0  2   7   0  2  4  12  3
  2  4  2  0   4   2  2  8   9  3
  2  4  2  0   6   2  0  4  13  3
  2  4  2  2   4   0  2  4  13  3
  2  5  0  7   0   2 12  4  12  4
  2  5  5  2   0   5  7  0  18  4
  2  5  5  8   5   0  2  5  23  5
  2  6  6  6   2   0  6  6  21  5
  2  8  0  2  10   8  2  0  23  5
  2  8  0 10   2   0 10  0  23  5
  2  8  2  0   8  10  2  0  23  5
  2  8  2  0  10   0 13  0  20  5
  2  8  2  0  10   8  0  2  23  5
  2  8  2  0  13   2  0  8  20  5
  2  8  2  8   0   2 10  0  23  5
  2  8  2  8   2   0  8  2  23  5
  2  8 11 11   8   0  2 11  35  8
  2 11 11  2   0  11 11 16  24  8
  2 11 11  2   0  11 19  0  32  8
  2 14  5  0  19   2  0 14  32  8
  2 14 14 14   0   2 14 28  33 11
  3  0  3  0   8   3  0  7   9  3
  3  0  3  0   9   2  3  0  13  3
  3  0  3  2  12   0  8  4  12  4
  3  0  3  2  12   4  0  8  12  4
  3  0  3  2  12   4  4  0  16  4
  3  0  3  4   0   3  8  3   9  3
  3  0  3  4   3   0  8  0  12  3
  3  0  3  5   0   3  7  0  12  3
  3  0  3  6   0   4  3  0  14  3
  3  0  3  6   0   5  0  3  13  3
  3  0  3  6   0  12  4  4  12  4
  3  0  3 10   3   0  3 10  12  4
  3  0  3 10   4   3  0  3  18  4
  3  0  3 14   0   3 12  5  15  5
  3  0  3 14   5   0  3 12  15  5
  3  0  3 14   5   5  0  3  22  5
  3  0  3 24  10   0 14 10  24  8
  3  0  3 24  10   7  0 17  24  8
  3  0  3 26   8   0 14  8  26  8
  3  0  3 26   8   7  0 15  26  8
  3  0  4  0   3   8  0  6   9  3
  3  0  4  0   3   8  3  0  12  3
  3  0  4  3   0   8  0  3  12  3
  3  0  4  5   0   3  4  0  14  3
  3  0  5  0   3   1  9  3   9  3
  3  0  5  0   3   7  0  3  12  3
  3  0  5  0  12   3  0  9  12  4
  3  0  5  2   3   0  3  8   9  3
  3  0  5  3   0   3  2  8   9  3
  3  0  5  3   0   5  3  0  14  3
  3  0  5  4   0   4  0  4  13  3
  3  0  5  4   1   2  1  4  13  3
  3  0  6  0   3   4  3  0  14  3
  3  0  6  1   2   4  2  1  14  3
  3  0  6  2   1   2  4  2  13  3
  3  0  7  6   0   4  0 12  12  4
  3  0  7  6   1   2  1 12  12  4
  3  0  8  5   3   0  3  5  17  4
  3  0  9  0   3   9  0  3  17  4
  3  0  9  3   0   3  9  0  17  4
  3  0 12  0   3  12  3  0  22  5
  3  0 12  3   0  12  0  3  22  5
  3  1  3  0   5   0  9  3   9  3
  3  1  3  0   8   1  3  0  14  3
  3  1  3  5   1   3  0  3  14  3
  3  1  4  4   0   3  1  4  13  3
  3  1  5  1   3   0  6  0  14  3
  3  1  6  6   0   3  1 12  12  4
  3  2  1  2   7   0  3  2  13  3
  3  2  1  2  12   3  0  9  12  4
  3  2  1  3   1   2  9  3   9  3
  3  2  2  1   2   2  9  3   9  3
  3  2  2  1   2   8  0  3  12  3
  3  2  2  3   0   3  8  0  12  3
  3  2  3  0   3   2  8  0  12  3
  3  2  3  0   5   0  3  8   9  3
  3  3  0  3   3   4  3  0  14  3
  3  3  0  3   3   5  0  3  13  3
  3  3  0  3   3  12  4  4  12  4
  3  3  0  3   4   0  3  8   9  3
  3  3  0  3  11   0  8  0  16  4
  3  3  0  4   2   1  3  8   9  3
  3  3  0  4  15   0 10  5  15  5
  3  3  0  4  15   5  0 10  15  5
  3  3  0  4  15   5  5  0  20  5
  3  3  0  5  18   7  5  7  18  6
  3  3  0  5  19   5  7  5  19  6
  3  3  0  5  19   6  5  6  19  6
  3  3  0  6   0   9  7  4  12  4
  3  3  0  6   0  12  1  7  12  4
  3  3  0  6   0  12  4  1  15  4
  3  3  0  7   3   0 12  4  12  4
  3  3  0  9   0  15  5  5  15  5
  3  3  0 10   0   3  3 10  12  4
  3  3  0 10   4   0  3  3  18  4
  3  3  0 14   3   3  0 14  15  5
  3  3  0 14   5   3  3  0  24  5
  3  3  0 18   5   3  0 16  18  6
  3  3  1  3   3   0  6  0  14  3
  3  3  2  1   4   3  0  3  14  3
  3  3  2  2   2   4  0  3  14  3
  3  3  2  3   1   2  3  2  14  3
  3  3  3  0   3   9  7  4  12  4
  3  3  3  0   3  12  1  7  12  4
  3  3  3  0   3  12  4  1  15  4
  3  3  6  3   0   3  6  3  17  4
  3  5  0 12   5   0  3  5  22  5
  3  5  2  1   5   4  0 12  12  4
  3  5  3  0   8   0  3  5  17  4
  3  6  6  3   0   6  6  3  22  5
  3  7  7  7   0   3  7  7  25  6
  3  9  9  0   3  18  0  3  32  7
  3 15 15  3   0  30  3  0  52 11
  4  0  4  0  15   5  7  5  15  5
  4  0  4  0  15   7  3  7  15  5
  4  0  4  0  17   3  7  3  17  5
  4  0  4  0  17   5  3  5  17  5
  4  0  4 12   0   4 11  0  20  5
  4  0  4 12   0  10  0  4  21  5
  4  0  5  4   0   4 11  4  12  4
  4  0  5  7   0   5  4  0  19  4
  4  0  6  5   0   5  0 12  12  4
  4  0  6  5   1   3  1 12  12  4
  4  0  7  0   7   0  4 10  12  4
  4  0  7  4   0   4  7  0  18  4
  4  0  7  5   0   4  2  5  17  4
  4  0  8  1   3   5  4  0  19  4
  4  0 11  0   4   0 15  6  15  5
  4  0 11  0   4   0 16  4  16  5
  4  0 14 10   4   0  4 20  21  7
  4  0 23  0  23   4  0 26  30 10
  4  0 23 13  10   4  0 13  43 10
  4  1  4  0   4  11  0  8  12  4
  4  1  4  0   4  11  4  0  16  4
  4  1  4  0  16   5  4  0  21  5
  4  1  5  5   0   4  1 12  12  4
  4  2  2  4   0  11  0  9  12  4
  4  3  1  3   3   2 12  4  12  4
  4  3  1  3   3  10  0  4  16  4
  4  3  3  1   5   4  0 12  12  4
  4  3  3  3   1   6  0 12  12  4
  4  3  3  4   0   4  3 11  12  4
  4  3  4  0   4   3  4 10  12  4
  4  4  0  4   5   4  4  0  19  4
  4  4  0  4   7   0  4  4  17  4
  4  4  0  4  18   5  0 13  18  6
  4  4  0  4  21   7  9  7  21  7
  4  4  0  4  21   9  5  9  21  7
  4  4  0  4  23   5  9  5  23  7
  4  4  0  4  23   7  5  7  23  7
  4  4  0  5   4   0  4 11  12  4
  4  4  0  8   0  14  4  0  21  5
  4  4  0 20   0  14  4  0  31  7
  4  4  0 20   4   0 17  0  28  7
  4  4  0 27  10   4  0 23  27  9
  4  4  0 28   4   0 23  8  28  9
  4  4  0 28   8   0 19  0  36  9
  4  4  0 28   9   0 17  0  37  9
  4  4  0 28   9   4  0 22  28  9
  4  4  0 33  11   0 25 11  33 11
  4  4  0 36   8   0 25  8  36 11
  4  4  1  3   5   0  4 11  12  4
  4  4  1  4   3   1  4 11  12  4
  4  4  3  1   6   1  3  4  18  4
  4  4  3  3   3   2  3  3  19  4
  4  4  4  0   4  14  4  0  21  5
  4  4 13  4   0   4 13 14  21  7
  4  4 13  4   0   4 20  0  28  7
  4  4 19  4   0   4 27 10  27  9
  4  4 19  4   0   4 28  8  28  9
  4  6  4  0   6   8  0  4  23  5
  4  7  0  4  20   7  4  0  31  7
  4  7  4  0  20   7  0  4  31  7
  4 10  4  0  10   8  0 20  21  7
  4 10  4  0  14   0  4 20  21  7
  4 10  4  0  14   0 14  0  31  7
  5  0  5  2  18   5  0 13  18  6
  5  0  5 46   0  26 16 10  46 14
  5  0  5 46  10  16 16  0  56 14
  5  0  5 54  18  22 22 18  54 18
  5  0  5 54  26  14 14 26  54 18
  5  0  5 62  10  22 22 10  62 18
  5  0  5 62  18  14 14 18  62 18
  5  0  6  0  19   6  5  0  25  6
  5  0  7  8   2   5  0  5  23  5
  5  0  9  0   5   0 15  6  15  5
  5  0  9  0   5   0 16  4  16  5
  5  0  9  0   9   5  0  5  22  5
  5  0 10  2   5   0 10  0  23  5
  5  0 10  9   0   5  1 18  18  6
  5  0 13 14   8   5  0  5  38  8
  5  0 15  0  15   5  0  5  32  7
  5  1  4  1  19   6  5  0  25  6
  5  1  7  7   1   5  0  7  22  5
  5  2  3  2  13   2  5  0  23  5
  5  2  3 10   2   5  0  5  23  5
  5  2  5  0  13   0  7  0  23  5
  5  2  5  0  13   2  3  2  23  5
  5  2  5  8   0   7  0  5  23  5
  5  2  8  2   3   2 10  0  23  5
  5  2  8  2   5   0  8  2  23  5
  5  3  2  6   0  14  0  5  20  5
  5  3  2 10   3   2  3  3  24  5
  5  3  3  4   1   4 15  5  15  5
  5  3  5  3   5   0  5 14  15  5
  5  3  7  0   8   0  7  1  24  5
  5  4  1  4   5   0 15  6  15  5
  5  4  1  4   5   0 16  4  16  5
  5  4  1  8   0   5  4 13  15  5
  5  4  1  8   0  18  0 12  18  6
  5  4  1  8   0  18  6  0  24  6
  5  4  4  4   1   4  4 14  15  5
  5  4  5  0   5   9  0  5  22  5
  5  5  0  5   5  16  0 12  18  6
  5  5  0  5   5  16  6  0  24  6
  5  5  0  5  15   0 10  0  26  6
  5  5  0  5  15   5  0  5  26  6
  5  5  0  7   5   0 10  0  23  5
  5  5  0  7   5   5  0  5  23  5
  5  5  0  8   5   0  5  5  22  5
  5  5  0 10   0   5 17  6  18  6
  5  5  0 11  33  11 12 11  33 11
  5  5  0 14   0  10  0  5  27  6
  5  5  0 14   5   0  5  5  27  6
  5  5  0 38   0  23 13  0  48 12
  5  5  0 54   0  29 19 10  54 16
  5  5  0 54  10  19 19  0  64 16
  5  5  1  5   5   0  5 14  15  5
  5  5  2  3   7   0 10  0  23  5
  5  5  3  2   8   0  5  5  22  5
  5  5  5  0   5   5 17  6  18  6
  5  5  5 13   5   5  0  5  34  7
  5  5  9 17   9   5  0  5  44  9
  5  5 15  5  15   5  0  5  44  9
  5  6  6  5   0   6 21  7  21  7
  5  9  5  5   5   9  0  5  34  7
  5 20 20 20  20   0  5 20  77 17
  5 25 25 25  25   5  0 25  96 21
  6  0  6  1  22   7  6  0  29  7
  6  0  9  8   0   6  1 18  18  6
  6  0 11  5   6   0  6  5  27  6
  6  0 15  6   0   6  9  6  29  7
  6  3  3  6   0  17  6  0  25  6
  6  5  1  5   5   1 18  7  18  6
  6  5  1  5   5   1 19  5  19  6
  6  5  5  5   5   5  1  5  29  6
  6  5  5  6   0   6 21  7  21  7
  6  5  5  6   0  10  1  5  28  6
  6  5  6  0  11   0  6  5  27  6
  6  6  0  6   6  18  6  0  29  7
  6  6  0 12   0  18  0  6  29  7
  6  6  0 39   6   0 34 13  39 13
  6  6  6  0   6  18  0  6  29  7
  7  0  7  0  24  10  0 16  24  8
  7  0  7  0  26   0 16  6  26  8
  7  0  7  0  26   6 10  0  32  8
  7  0  7  0  26   8  0 14  26  8
  7  0  7 54   0  38 20 18  54 18
  7  0  7 58  18  16 16  0  76 18
  7  0 11  7   0  11  0 20  21  7
  7  0 12  0   7  12  0 18  21  7
  7  4  3  8   0   7 20  7  21  7
  7  4  3 14   4   4  3  4  34  7
  7  4  4  7   0  20  0  7  28  7
  7  4  4 13   4   3  4  4  34  7
  7  4  7  0  11   0 20  0  28  7
  7  4  7  7   0   7  4 20  21  7
  7  4 10  0  11   0 11  0  34  7
  7  4 10  1  10   0 10  1  34  7
  7  5  2 10   0   7 18  0  28  7
  7  5  7  5   7   0 12  0  34  7
  7  6  1 12   0  13  0  7  31  7
  7  6  6  6   1   6 12  0  33  7
  7  7  0  7  11   0 24  8  24  8
  7  7  0  7  24   0  7 20  27  9
  7  7  0  7  24   9  0  7  38  9
  7  7  0  7  29   7  0 23  30 10
  7  7  0  7  29  10  7  0  43 10
  7  7  0  7  33  12  0 22  33 11
  7  7  0  7  34   0 22 10  34 11
  7  7  0  7  34  10 12  0  44 11
  7  7  0  7  34  11  0 21  34 11
  7  7  0 11   3   4 24  8  24  8
  7  7  0 18  48  15 15 18  48 16
  7  7  0 60   0  43 23 20  60 20
  7  7  0 66  20  17 17  0  86 20
  7  7  4  7   3   4 11  0  34  7
  7  7  5  2   7  10  0  7  32  7
  7  7  5  5   5   7  2  5  34  7
  8  0  8  0  29   9  7  1  37  9
  8  0 13  0  13   8  0 22  24  8
  8  0 13 11   2   8  0 11  35  8
  8  0 15  8   0   8  7  8  34  8
  8  2 11 11   0  10  0 11  35  8
  8  2 11 11   2   6  2 11  35  8
  8  5  8  0   8  13  0 22  24  8
  8  7  5  3   7  10  0 24  24  8
  8  7  7  8   0   8  7  7  36  8
  8  8  0 16   0   8 23  0  36  9
  8  8  0 19  53  19 19 18  54 18
  8  8  0 56   0  35  0 35  56 18
  8  8  5  8   5   3  8  5  38  8
  8  8  8  0   8   8 23  0  36  9
  8 14  8  8   6  16  0  8  53 11
  9  0  9  0  30   0 22 10  30 10
  9  0  9  0  32   9  0 19  32 10
  9  0 16  9   0  16  0  9  40  9
  9  0 17  0   9  17  0  9  38  9
  9  4  9  0  13   0 27 10  27  9
  9  4  9  0  13   0 28  8  28  9
  9  5  5  9   0   9 26  9  27  9
  9  5  5 17   5   5  4  5  44  9
  9  5  9  0  14   9  0 26  27  9
  9  5 13  1  13   0 14  0  44  9
  9  7  7  2   7   7 24  0  36  9
  9  7  9  9   0   9  7  9  40  9
  9  8  8  1   8  16  0  9  40  9
  9  9  0  9  42   0 29 14  42 14
  9  9  0  9  43  14 13  0  57 14
  9  9  0 62  20  19  9  0  92 20
  9  9  5  9   5   4 14  0  44  9
  9  9  7  7   4   7  7  7  42  9
 10  0 17 10   7  10  0 10  46 10
 10  0 35 10  25  10  0 10  76 16
 10  7 10 10   0  17  0 10  46 10
 10  9  9  9   1   9  9  9  45 10
 10 10  0 10  25   0 10 10  46 11
 10 10  0 10  35  10 10  0  58 13
 10 10  0 20   0  38  0 26  39 13
 10 10  0 20   0  38 13  0  52 13
 10 10  0 32  10   0 20  0  61 13
 10 10  0 32  10  10  0 10  61 13
 10 10  0 66   0  45  0 45  66 22
 10 10  7  7  10   3  7 10  46 10
 10 10 10  0  10  38  0 26  39 13
 10 10 10  0  10  38 13  0  52 13
 10 10 10  0  20  10  0 10  51 11
 10 10 10  0  35  10  0 10  58 13
 10 10 10 10   0  10 20  0  51 11
 10 10 10 10   0  20  0 10  51 11
 10 10 10 10  10   0 10 10  51 11
 10 10 10 22  10   0 10 10  61 13
 10 10 25  0  35  10  0 10  76 16
 10 16 10  0  20  16  0 10  61 13
 11  7 11 11   7  11  0 11  52 11
 11  8  3 16   0  19  0 31  33 11
 11  8  8  8   3   8 31  0  44 11
 11  8 11  0  19  11  0 11  50 11
 11 11  0 11  11   4 36 12  36 12
 11 11  0 22   0  11 11 30  36 12
 11 11  7  7  11  11  0 11  52 11
 11 11  8  8   6  13  3  8  53 11
 11 11 11  0  11  11 11 30  36 12
 11 11 11 11   0  22  0 38  39 13
 11 11 11 11  11   0 11 38  39 13
 12 12  0 12  12  30  0 12  53 13
 13  0 13  0  42  13  0 31  42 14
 13  9  9 13   0  22  0 38  39 13
 13 10 13  0  23   0 23  0  61 13
 13 10 13  0  23  10  3 10  61 13
 13 10 13 10  13   0 13 10  61 13
 13 11 11  2  11  11 11 34  39 13
 13 13  0 27  87  27 27 27  87 28
 14  9  9  9   5   9 42 15  42 14
 14  9  9  9   5   9 43 13  43 14
 14 11 11  3  11  22  0 40  42 14
 15 15  0 30   0  30  0 15  71 16
 15 15 15  0  15  30  0 15  71 16
 15 15 15 15   0  15 15 15  71 16
 15 15 15 15  15  15  0 15  82 17
 16 13 13 16   0  29  0 16  73 16
 16 16 16 16   0  16 53  0  76 19
 17  0 17  0  61  18 17  0  79 19
 17  9  9 17   0  56 17  0  73 18
 17 13 13 13  13   4 13 50  51 17
 17 14 14 17   0  17 28  0  80 17
 17 17  0 39 114  39 39 39 114 38
 18  0 31 31   0  18  0 61  61 20
 18  9  9 18   0  60 23 23  60 20
 18  9  9 18   0  66 17 17  66 20
 18 22  9  9  22  18  0 61  61 20
 19 10  9 20   0  62 19  0  81 20
 19 15 15 19   0  30 19  0  92 19
 19 19  0 19  19   0 60 24  60 20
 19 19  0 19  19   0 64 16  64 20
 19 19 19 19   0  19 72 25  72 24
 19 19 19 19   0  19 73 23  73 24
 20  0 29 29   0  20  0 61  61 20
 20 17 17 17   3  34  0 20  92 20
 20 19 10 10  19  20  0 61  61 20
 22 19 19 19   3  35  3 19 103 22
 22 19 19 19  19   3 19 19 103 22
 22 22  0 44   0  44  0 68  75 25
 22 22 22  0  22  44  0 68  75 25
 22 22 22 22   0  22 22 68  75 25
 26 13 13 26   0  84  0 51  84 27
 27  0 27 27   0  87 32 32  87 29
 27  0 27 27   0  93 26 26  93 29
 27 27  0 54   0 114 41 41 114 38
 27 27  0 54   0 120 35 35 120 38
 27 27 27  0  27 114 41 41 114 38
 27 27 27  0  27 120 35 35 120 38
 32 16 16 32   0  99  0 69  99 33
 50 25 25 50   0 162 49  1 210 52
 54 27 27 27  27 174 64 64 174 58
 54 27 27 27  27 186 52 52 186 58
 54 27 27 54   0 173 54  0 227 56

0 extreme rays of recession cone:

37 support hyperplanes of polyhedron (homogenized):
 -7 -7  3  3  3  3  3  3 3 -13
 -4  1  1  1  1  1  1  1 1  -6
 -3 -3 -3 -3 -3 -3  7  7 7 -17
 -3 -3 -3  2  2  2  2  2 2  -7
 -2 -2 -2 -2 -2  3  3  3 3  -8
 -1 -1 -1 -1 -1 -1 -1 -1 9 -19
 -1 -1 -1 -1 -1 -1 -1  4 4  -9
 -1 -1 -1 -1  1  1  1  1 1  -3
 -1 -1 -1  0  1  1  1  1 0   0
 -1 -1 -1  1  1  1  1  0 0   0
 -1 -1  0  0  0  1  1  1 0   0
 -1 -1  0  0  1  1  1  0 0   0
 -1 -1  0  1  1  1  0  0 0   0
 -1 -1  1  1  1  0  0  0 0   0
 -1  0  0  0  0  0  1  1 0   0
 -1  0  0  0  0  1  1  0 0   0
 -1  0  0  0  1  1  0  0 0   0
 -1  0  0  1  1  0  0  0 0   0
 -1  0  1  1  0  0  0  0 0   0
 -1  1  1  0  0  0  0  0 0   0
  0  0  0 -1 -1 -1  1  1 1   0
  0  0  0 -1 -1  0  0  1 1   0
  0  0  0 -1  0  0  0  0 1   0
  0  0  0  0 -1 -1  0  1 1   0
  0  0  0  0 -1  0  0  0 1   0
  0  0  0  0  0 -1 -1  1 1   0
  0  0  0  0  0 -1  0  0 1   0
  0  0  0  0  0  0 -1  0 1   0
  0  0  0  0  0  0  0 -1 1   0
  0  0  0  0  0  0  0  1 0   0
  0  0  0  0  0  0  1  0 0   0
  0  0  0  0  0  1  0  0 0   0
  0  0  0  0  1  0  0  0 0   0
  0  0  0  1  0  0  0  0 0   0
  0  0  1  0  0  0  0  0 0   0
  0  1  0  0  0  0  0  0 0   0
  1  0  0  0  0  0  0  0 0   0

2 equations:
 1 0 -1 -2 -3 -4 -5 -6 -7  47
 0 1  2  3  4  5  6  7  8 -58

8 basis elements of generated  lattice:
 1 0 0 0 0 0 0 -8   7 0
 0 1 0 0 0 0 0 -7   6 0
 0 0 1 0 0 0 0 -6   5 0
 0 0 0 1 0 0 0 -5   4 0
 0 0 0 0 1 0 0 -4   3 0
 0 0 0 0 0 1 0 -3   2 0
 0 0 0 0 0 0 1 -2   1 0
 0 0 0 0 0 0 0 30 -19 1

