4 lattice points in polytope (module generators)
0 Hilbert basis elements of recession monoid
2 vertices of polyhedron
0 extreme rays of recession cone
2 support hyperplanes of polyhedron (homogenized)

embedding dimension = 4
affine dimension of the polyhedron = 1
rank of recession monoid = 0 (polyhedron is polytope)

dehomogenization:
0 0 0 1 


module rank = 4

***********************************************************************

4 lattice points in polytope (module generators):
 6 7  8 1
 7 5  9 1
 8 3 10 1
 9 1 11 1

0 Hilbert basis elements of recession monoid:

2 vertices of polyhedron:
  9  1 11 1
 17 23 23 3

0 extreme rays of recession cone:

2 support hyperplanes of polyhedron (homogenized):
 -1   9 0 0
 23 -17 0 0

2 equations:
 1 0 -1   2
 0 1  2 -23

2 basis elements of generated  lattice:
 1 -2 1 0
 0 19 2 1

