9 lattice points in polytope (module generators)
0 Hilbert basis elements of recession monoid
6 vertices of polyhedron
0 extreme rays of recession cone
6 support hyperplanes of polyhedron (homogenized)

embedding dimension = 5
affine dimension of the polyhedron = 2
rank of recession monoid = 0 (polyhedron is polytope)

dehomogenization:
0 0 0 0 1 


module rank = 9

***********************************************************************

9 lattice points in polytope (module generators):
 2 5 4 5 1
 2 6 2 6 1
 3 3 5 5 1
 3 4 3 6 1
 3 5 1 7 1
 4 2 4 6 1
 4 3 2 7 1
 4 4 0 8 1
 5 0 5 6 1

0 Hilbert basis elements of recession monoid:

6 vertices of polyhedron:
  2 5  4  5 1
  2 6  2  6 1
  3 3  5  5 1
  4 4  0  8 1
  5 0  5  6 1
 24 0 28 28 5

0 extreme rays of recession cone:

6 support hyperplanes of polyhedron (homogenized):
 -1  1  1 0 0
  0  1  0 0 0
  1 -1  2 0 0
  7 -2 -1 0 0
  7  3 -6 0 0
 13  2 -9 0 0

2 equations:
 1 0 -1 -2  12
 0 1  2  3 -28

3 basis elements of generated  lattice:
 1 0 -3  2 0
 0 1 -2  1 0
 0 0 20 -4 1

