17 lattice points in polytope (module generators)
0 Hilbert basis elements of recession monoid
22 vertices of polyhedron
0 extreme rays of recession cone
12 support hyperplanes of polyhedron (homogenized)

embedding dimension = 8
affine dimension of the polyhedron = 5
rank of recession monoid = 0 (polyhedron is polytope)

dehomogenization:
0 0 0 0 0 0 0 1 


module rank = 17

***********************************************************************

17 lattice points in polytope (module generators):
 1 4 2 2 2 2 4 1
 2 2 3 2 2 2 4 1
 2 3 1 3 2 2 4 1
 2 3 2 1 3 2 4 1
 2 3 2 2 1 3 4 1
 2 3 2 2 2 1 5 1
 3 0 4 2 2 2 4 1
 3 1 2 3 2 2 4 1
 3 1 3 1 3 2 4 1
 3 1 3 2 1 3 4 1
 3 1 3 2 2 1 5 1
 3 2 1 2 3 2 4 1
 3 2 1 3 1 3 4 1
 3 2 1 3 2 1 5 1
 3 2 2 1 2 3 4 1
 3 2 2 1 3 1 5 1
 3 2 2 2 1 2 5 1

0 Hilbert basis elements of recession monoid:

22 vertices of polyhedron:
  1  4  2  2 2  2  4 1
  2  3  2  2 1  3  4 1
  2  3  2  2 2  1  5 1
  3  0  4  2 2  2  4 1
  3  1  2  3 2  2  4 1
  3  1  3  2 1  3  4 1
  3  1  3  2 2  1  5 1
  3  2  1  2 3  2  4 1
  3  2  1  3 1  3  4 1
  3  2  1  3 2  1  5 1
  3  2  2  1 2  3  4 1
  3  2  2  1 3  1  5 1
  3  2  2  2 1  2  5 1
  5  5  4  1 7  4  8 2
  6  3  5  1 7  4  8 2
  8  6  7  6 6  2 16 3
  8  7  1 11 6  6 12 3
  8  7  5  7 6  2 16 3
  9  5  7  5 7  2 16 3
  9  6  5  6 7  2 16 3
 13 11 11 10 3 17 20 5
 15  9  9 12 3 17 20 5

0 extreme rays of recession cone:

12 support hyperplanes of polyhedron (homogenized):
 -28  15  12   9   6   3 0 0
 -16 -21  20  15  10   5 0 0
  -4 -11 -18  21  14   7 0 0
  -1  -1   0   1   1   1 0 0
  -1  -1   1   1   1   0 0 0
  -1   0   0   0   1   1 0 0
  -1   0   0   1   1   0 0 0
  -1   0   1   1   0   0 0 0
  -1   1   1   0   0   0 0 0
   8  -1 -10 -19  18   9 0 0
  20   9  -2 -13 -24  11 0 0
  32  19   6  -7 -20 -33 0 0

2 equations:
 1 0 -1 -2 -3 -4 -5  39
 0 1  2  3  4  5  6 -56

6 basis elements of generated  lattice:
 1 0 0 0 0 -6   5 0
 0 1 0 0 0 -5   4 0
 0 0 1 0 0 -4   3 0
 0 0 0 1 0 -3   2 0
 0 0 0 0 1 -2   1 0
 0 0 0 0 0 46 -29 1

