5 lattice points in polytope (module generators)
0 Hilbert basis elements of recession monoid
15 vertices of polyhedron
0 extreme rays of recession cone
10 support hyperplanes of polyhedron (homogenized)

embedding dimension = 6
affine dimension of the polyhedron = 3
rank of recession monoid = 0 (polyhedron is polytope)

dehomogenization:
0 0 0 0 0 1 


module rank = 5

***********************************************************************

5 lattice points in polytope (module generators):
 0 0 3 1 3 1
 0 1 1 2 3 1
 0 1 2 0 4 1
 0 2 0 1 4 1
 1 0 1 1 4 1

0 Hilbert basis elements of recession monoid:

15 vertices of polyhedron:
 0 0 3  1  3 1
 0 1 2  0  4 1
 0 2 0  1  4 1
 0 3 0  5  6 2
 0 4 1  0  9 2
 1 0 1  1  4 1
 1 0 5  0  8 2
 1 3 0  1  9 2
 1 5 1  0 14 3
 2 0 3  0  9 2
 2 1 1  1  9 2
 3 0 3 10 12 4
 3 1 3  0 14 3
 3 3 0 14 15 5
 7 7 0  7 35 8

0 extreme rays of recession cone:

10 support hyperplanes of polyhedron (homogenized):
 -3  3  2  1 0 0
 -1  0  1  1 0 0
 -1  1  1  0 0 0
  0  0  0  1 0 0
  0  0  1  0 0 0
  0  1  0  0 0 0
  1 -1  4  2 0 0
  1  0  0  0 0 0
  5  2 -1  3 0 0
  9  5  1 -3 0 0

2 equations:
 1 0 -1 -2 -3  14
 0 1  2  3  4 -21

4 basis elements of generated  lattice:
 1 0 0  3 3 1
 0 1 0 -3 2 0
 0 0 1 -2 1 0
 0 0 0  7 0 1

