31 lattice points in polytope (module generators)
0 Hilbert basis elements of recession monoid
19 vertices of polyhedron
0 extreme rays of recession cone
12 support hyperplanes of polyhedron (homogenized)

embedding dimension = 6
affine dimension of the polyhedron = 3
rank of recession monoid = 0 (polyhedron is polytope)

dehomogenization:
0 0 0 0 0 1 


module rank = 31

***********************************************************************

31 lattice points in polytope (module generators):
 4 5 5 5 6 1
 4 6 3 6 6 1
 4 6 4 4 7 1
 4 7 2 5 7 1
 4 7 3 3 8 1
 5 3 6 5 6 1
 5 3 7 3 7 1
 5 4 4 6 6 1
 5 4 5 4 7 1
 5 4 6 2 8 1
 5 5 3 5 7 1
 5 5 4 3 8 1
 5 5 5 1 9 1
 5 6 1 6 7 1
 5 6 2 4 8 1
 5 6 3 2 9 1
 6 2 5 6 6 1
 6 2 6 4 7 1
 6 2 7 2 8 1
 6 3 4 5 7 1
 6 3 5 3 8 1
 6 3 6 1 9 1
 6 4 2 6 7 1
 6 4 3 4 8 1
 6 4 4 2 9 1
 6 5 1 5 8 1
 7 0 7 4 7 1
 7 0 8 2 8 1
 7 1 6 3 8 1
 7 1 7 1 9 1
 7 2 5 2 9 1

0 Hilbert basis elements of recession monoid:

19 vertices of polyhedron:
  4  6  3  6  6 1
  5  3  7  3  7 1
  5  5  5  1  9 1
  5  6  3  2  9 1
  6  2  5  6  6 1
  6  5  1  5  8 1
  7  0  7  4  7 1
  7  0  8  2  8 1
  7  2  5  2  9 1
  7 15  6  7 15 2
  8  9 12  9 12 2
  9 13  2 13 13 2
 11  9 10  1 19 2
 12  3 12 11 12 2
 14  3 13  1 19 2
 17 30 24 24 30 5
 17 37 17 17 37 5
 25  9 16 25 25 4
 45 43  2 55 55 8

0 extreme rays of recession cone:

12 support hyperplanes of polyhedron (homogenized):
 -18  21  14   7 0 0
  -2 -13  22  11 0 0
  -1   0   1   1 0 0
  -1   1   1   0 0 0
   8 -17   4  25 0 0
   8  29   4 -21 0 0
  14  -1 -16  15 0 0
  30  11  -8 -27 0 0
  54 -17 -42  25 0 0
  54 -17   4 -21 0 0
  54  29 -42 -21 0 0
  54  29   4 -67 0 0

2 equations:
 1 0 -1 -2 -3  29
 0 1  2  3  4 -54

4 basis elements of generated  lattice:
 1 0 0 -4   3 0
 0 1 0 -3   2 0
 0 0 1 -2   1 0
 0 0 0 46 -21 1

