92 lattice points in polytope (module generators)
0 Hilbert basis elements of recession monoid
827 vertices of polyhedron
0 extreme rays of recession cone
35 support hyperplanes of polyhedron (homogenized)

embedding dimension = 10
affine dimension of the polyhedron = 7
rank of recession monoid = 0 (polyhedron is polytope)

dehomogenization:
0 0 0 0 0 0 0 0 0 1 


module rank = 92

***********************************************************************

92 lattice points in polytope (module generators):
 0 0 1 3 1 1 1 1 3 1
 0 0 2 1 2 1 1 1 3 1
 0 0 2 2 0 2 1 1 3 1
 0 0 2 2 1 0 2 1 3 1
 0 0 2 2 1 1 0 2 3 1
 0 0 2 2 1 1 1 0 4 1
 0 0 3 0 1 2 1 1 3 1
 0 0 3 0 2 0 2 1 3 1
 0 0 3 0 2 1 0 2 3 1
 0 0 3 0 2 1 1 0 4 1
 0 0 3 1 0 1 2 1 3 1
 0 0 3 1 0 2 0 2 3 1
 0 0 3 1 0 2 1 0 4 1
 0 0 3 1 1 0 1 2 3 1
 0 0 3 1 1 0 2 0 4 1
 0 0 3 1 1 1 0 1 4 1
 0 1 0 2 2 1 1 1 3 1
 0 1 0 3 0 2 1 1 3 1
 0 1 0 3 1 0 2 1 3 1
 0 1 0 3 1 1 0 2 3 1
 0 1 0 3 1 1 1 0 4 1
 0 1 1 0 3 1 1 1 3 1
 0 1 1 1 1 2 1 1 3 1
 0 1 1 1 2 0 2 1 3 1
 0 1 1 1 2 1 0 2 3 1
 0 1 1 1 2 1 1 0 4 1
 0 1 1 2 0 1 2 1 3 1
 0 1 1 2 0 2 0 2 3 1
 0 1 1 2 0 2 1 0 4 1
 0 1 1 2 1 0 1 2 3 1
 0 1 1 2 1 0 2 0 4 1
 0 1 1 2 1 1 0 1 4 1
 0 1 2 0 0 3 1 1 3 1
 0 1 2 0 1 1 2 1 3 1
 0 1 2 0 1 2 0 2 3 1
 0 1 2 0 1 2 1 0 4 1
 0 1 2 0 2 0 1 2 3 1
 0 1 2 0 2 0 2 0 4 1
 0 1 2 0 2 1 0 1 4 1
 0 1 2 1 0 0 3 1 3 1
 0 1 2 1 0 1 1 2 3 1
 0 1 2 1 0 1 2 0 4 1
 0 1 2 1 0 2 0 1 4 1
 0 1 2 1 1 0 1 1 4 1
 0 2 0 0 2 2 1 1 3 1
 0 2 0 0 3 0 2 1 3 1
 0 2 0 0 3 1 0 2 3 1
 0 2 0 0 3 1 1 0 4 1
 0 2 0 1 1 1 2 1 3 1
 0 2 0 1 1 2 0 2 3 1
 0 2 0 1 1 2 1 0 4 1
 0 2 0 1 2 0 1 2 3 1
 0 2 0 1 2 0 2 0 4 1
 0 2 0 1 2 1 0 1 4 1
 0 2 0 2 0 0 3 1 3 1
 0 2 0 2 0 1 1 2 3 1
 0 2 0 2 0 1 2 0 4 1
 0 2 0 2 0 2 0 1 4 1
 0 2 0 2 1 0 1 1 4 1
 0 2 1 0 1 1 1 2 3 1
 0 2 1 0 1 1 2 0 4 1
 0 2 1 0 1 2 0 1 4 1
 0 2 1 0 2 0 1 1 4 1
 0 2 1 1 0 1 1 1 4 1
 1 0 1 0 2 2 1 1 3 1
 1 0 1 0 3 0 2 1 3 1
 1 0 1 0 3 1 0 2 3 1
 1 0 1 0 3 1 1 0 4 1
 1 0 1 1 0 3 1 1 3 1
 1 0 1 1 1 1 2 1 3 1
 1 0 1 1 1 2 0 2 3 1
 1 0 1 1 1 2 1 0 4 1
 1 0 1 1 2 0 1 2 3 1
 1 0 1 1 2 0 2 0 4 1
 1 0 1 1 2 1 0 1 4 1
 1 0 1 2 0 1 1 2 3 1
 1 0 1 2 0 1 2 0 4 1
 1 0 1 2 0 2 0 1 4 1
 1 0 1 2 1 0 1 1 4 1
 1 0 2 0 1 0 3 1 3 1
 1 0 2 0 1 1 1 2 3 1
 1 0 2 0 1 1 2 0 4 1
 1 0 2 0 1 2 0 1 4 1
 1 0 2 0 2 0 1 1 4 1
 1 0 2 1 0 1 1 1 4 1
 1 1 0 1 1 0 3 1 3 1
 1 1 0 1 1 1 1 2 3 1
 1 1 0 1 1 1 2 0 4 1
 1 1 0 1 1 2 0 1 4 1
 1 1 0 1 2 0 1 1 4 1
 1 1 0 2 0 1 1 1 4 1
 1 1 1 0 1 1 1 1 4 1

0 Hilbert basis elements of recession monoid:

827 vertices of polyhedron:
  0  0  1  3  1   1  1  1   3  1
  0  0  2  2  0   2  1  1   3  1
  0  0  2  2  1   0  2  1   3  1
  0  0  2  2  1   1  0  2   3  1
  0  0  2  2  1   1  1  0   4  1
  0  0  3  0  1   2  1  1   3  1
  0  0  3  0  2   0  2  1   3  1
  0  0  3  0  2   1  0  2   3  1
  0  0  3  0  2   1  1  0   4  1
  0  0  3  1  0   1  2  1   3  1
  0  0  3  1  0   2  0  2   3  1
  0  0  3  1  0   2  1  0   4  1
  0  0  3  1  1   0  1  2   3  1
  0  0  3  1  1   0  2  0   4  1
  0  0  3  1  1   1  0  1   4  1
  0  0  5  0  5   2  2  2   6  2
  0  0  6  1  0   5  2  2   6  2
  0  0  6  2  1   0  5  2   6  2
  0  0  8  4  3   3  2  0  13  3
  0  0  9  2  4   3  2  0  13  3
  0  0 14  6  5   3  0 12  15  5
  0  1  0  2  2   1  1  1   3  1
  0  1  0  3  0   2  1  1   3  1
  0  1  0  3  1   0  2  1   3  1
  0  1  0  3  1   1  0  2   3  1
  0  1  0  3  1   1  1  0   4  1
  0  1  1  0  3   1  1  1   3  1
  0  1  2  0  0   3  1  1   3  1
  0  1  2  0  2   0  1  2   3  1
  0  1  2  0  2   0  2  0   4  1
  0  1  2  1  0   0  3  1   3  1
  0  1  2  1  0   2  0  1   4  1
  0  1  2  1  1   0  1  1   4  1
  0  2  0  0  2   2  1  1   3  1
  0  2  0  0  3   0  2  1   3  1
  0  2  0  0  3   1  0  2   3  1
  0  2  0  0  3   1  1  0   4  1
  0  2  0  1  1   2  0  2   3  1
  0  2  0  1  1   2  1  0   4  1
  0  2  0  1  2   0  2  0   4  1
  0  2  0  1  2   1  0  1   4  1
  0  2  0  2  0   0  3  1   3  1
  0  2  0  2  0   1  1  2   3  1
  0  2  0  2  0   1  2  0   4  1
  0  2  0  2  0   2  0  1   4  1
  0  2  0  2  1   0  1  1   4  1
  0  2  1  0  1   1  1  2   3  1
  0  2  1  0  1   1  2  0   4  1
  0  2  1  0  1   2  0  1   4  1
  0  2  1  0  2   0  1  1   4  1
  0  2  1  1  0   1  1  1   4  1
  0  3  0  1  6   2  2  2   6  2
  0  3  0  5  0   4  0  4   6  2
  0  3  0  5  0   4  2  0   8  2
  0  3  0  5  2   0  4  0   8  2
  0  3  0  5  2   1  0  5   6  2
  0  3  0  5  2   2  1  0   9  2
  0  3  2  1  0   6  2  2   6  2
  0  3  2  3  2   0  3  0   9  2
  0  3  3  0  0   5  3  2   6  2
  0  3  3  0  0   6  1  3   6  2
  0  3  3  0  0   6  2  1   7  2
  0  3  3  0  4   2  0  1   9  2
  0  3  3  1  3   0  3  0   9  2
  0  3  3  2  0   1  3  4   6  2
  0  3  3  2  0   1  5  0   8  2
  0  4  0  3  3   0  1  5   6  2
  0  4  0  4  0   4  1  0   9  2
  0  4  0  4  1   0  3  4   6  2
  0  4  0  4  1   0  5  0   8  2
  0  4  0  4  1   3  0  1   9  2
  0  4  1  0  3   4  0  4   6  2
  0  4  1  0  3   4  2  0   8  2
  0  4  1  0  4   0  5  2   6  2
  0  4  1  0  5   0  4  0   8  2
  0  4  1  0  5   2  0  2   8  2
  0  4  1  3  0   1  3  4   6  2
  0  4  1  3  0   1  5  0   8  2
  0  4  1  3  0   4  0  1   9  2
  0  4  2  0  2   4  1  0   9  2
  0  4  2  0  3   3  0  1   9  2
  0  4  2  1  1   4  0  1   9  2
  0  4  2  1  2   1  3  0   9  2
  0  4  3  5  3   3  0  1  14  3
  0  4  5  0  4   0  8  3   9  3
  0  4  5  0  6   3  1  0  14  3
  0  4  5  1  5   3  0  1  14  3
  0  4  5  3  1   0  5  6   9  3
  0  4  5  3  1   0  8  0  12  3
  0  5  0  5  0   8  3  3   9  3
  0  5  0  7  3   0  2  7   9  3
  0  5  0  7  3   3  0  2  13  3
  0  5  4  0  1   8  0  6   9  3
  0  5  4  0  1   8  3  0  12  3
  0  5  4  0  5   0  4  6   9  3
  0  5  4  0  5   0  7  0  12  3
  0  5  4  0  6   0  5  0  13  3
  0  5  4  1  0   4  7  3   9  3
  0  5  4  2  4   0  3  2  13  3
  0  5  4  3  2   0  4  3  12  3
  0  5  4  7  4   4  1  0  19  4
  0  5  7  1  7   4  1  0  19  4
  0  6  0  4  5   1  0  8   9  3
  0  6  0  5  1   5  0  7   9  3
  0  6  0  5  4   2  0  4  12  3
  0  6  0  6  1   5  1  0  14  3
  0  6  1  5  0   6  1  0  14  3
  0  6  1  5  1   0  5  6   9  3
  0  6  1  5  1   0  8  0  12  3
  0  6  1  5  1   5  0  1  14  3
  0  6  2  0  4   2  7  3   9  3
  0  6  2  0  7   1  0  8   9  3
  0  6  3  0  4   5  1  0  14  3
  0  6  3  0  5   1  5  0  13  3
  0  6  3  1  2   6  1  0  14  3
  0  6  3  1  3   5  0  1  14  3
  0  6  3  2  1   3  5  0  13  3
  0  6  3  2  3   1  3  2  13  3
  0  6  5  0  1  12  4  4  12  4
  0  6  5  5  4   2  0  5  17  4
  0  6  7  7  5   0  1 14  15  5
  0  7  0  9  0   7  0  9  12  4
  0  7  0  9  4   0  7  0  17  4
  0  7  0 27  9  10 10  9  27  9
  0  7  0 27 11   8  8 11  27  9
  0  7  0 29  7  10 10  7  29  9
  0  7  0 29  9   8  8  9  29  9
  0  7  4  5  4   0  3  4  17  4
  0  7  5  0  2   5  9  4  12  4
  0  8  0  8  3   0  8  0  17  4
  0  8  1  7  1   7  1  0  19  4
  0  8  3  0  8   0  9  0  16  4
  0  8  3  0  9   0  2 10  12  4
  0  8  3  5  0   3  8  0  17  4
  0  8  3  5  3   0  5  3  17  4
  0  8  4  1  4   7  1  0  19  4
  0  8  5  7  5   3  0  5  22  5
  0  8  7  1  0  14  0 10  15  5
  0  8  7  1  0  14  5  0  20  5
  0  8 10 10  7   1  0 20  21  7
  0  9  0  0 15   5  6  5  15  5
  0  9  0  0 15   6  4  6  15  5
  0  9  0  0 16   4  6  4  16  5
  0  9  0  0 16   5  4  5  16  5
  0  9  0 11  5   4  0  5  21  5
  0 10  3  3  9   0  1 14  15  5
  0 10  3  7  3   0 10  0  22  5
  0 10  4  4  7   0  3  7  20  5
  0 10  7  7  6   0  4  7  25  6
  0 10  9  9  0  10  0 18  21  7
  0 11  0 11  0  14  0 12  18  6
  0 11  0 11  0  14  6  0  24  6
  0 11  7  4  0   7  7 12  18  6
  0 11  7  4  0   7 13  0  24  6
  0 12  5  0  7  10  0 14  18  6
  0 12  5  0 12   0  5 14  18  6
  0 12  5  0 12   0 12  0  25  6
  0 12  5  0 13   4  0  8  24  6
  0 12  5  5  2   5  5 14  18  6
  0 13  8  0 13   0 13  0  30  7
  0 13  8  5  0  16  0  5  30  7
  0 13  8  5  8   0  8  5  30  7
  0 14  4  4 13   1  0 20  21  7
  0 14  5  5  4  10  0 18  21  7
  0 14  5  5  9   0  5 18  21  7
  0 14  5  5 11   3  0 11  28  7
  0 14  9  9  0   5  9 18  24  8
  0 14  9  9  0  14  0  9  33  8
  0 16  7  7  9   0  7  9  33  8
  0 16 11  5  0  22  5  0  40  9
  0 16 11  5 11   0 16  0  40  9
  0 18 13 13  5   0 13 26  33 11
  0 19 11  8  0  11 19  0  42 10
  0 20  9  9  2  18  0  9  43 10
  0 22 13 13  9   0 13 13  49 12
  0 23  0 23  0  23  0 27  36 12
  0 23 14 14 14   0  9 14  55 13
  0 24 11 11 11   2 11 11  51 12
  0 26 11 11 11  15  0 11  58 13
  0 28 19 19 19   9  0 19  74 17
  0 29 29  0  0  60 21 21  60 20
  0 29 29  0  0  62 19 19  62 20
  0 46 23 23  0  23 23 54  72 24
  0 46 23 23  0  46  0 62  75 25
  0 62 31 31  0  62  0 31 135 32
  0 62 31 31 31   0 31 31 135 32
  1  0  1  0  2   2  1  1   3  1
  1  0  1  0  3   0  2  1   3  1
  1  0  1  0  3   1  0  2   3  1
  1  0  1  0  3   1  1  0   4  1
  1  0  1  1  0   3  1  1   3  1
  1  0  1  1  2   0  1  2   3  1
  1  0  1  1  2   0  2  0   4  1
  1  0  1  1  2   1  0  1   4  1
  1  0  1  2  0   1  1  2   3  1
  1  0  1  2  0   1  2  0   4  1
  1  0  1  2  0   2  0  1   4  1
  1  0  1  2  1   0  1  1   4  1
  1  0  1  4  4   2  2  2   6  2
  1  0  1  6  0   4  2  2   6  2
  1  0  1  6  2   0  4  2   6  2
  1  0  1  6  2   2  0  4   6  2
  1  0  1  6  2   2  2  0   8  2
  1  0  2  0  1   0  3  1   3  1
  1  0  2  0  1   1  1  2   3  1
  1  0  2  0  1   1  2  0   4  1
  1  0  2  0  1   2  0  1   4  1
  1  0  2  0  2   0  1  1   4  1
  1  0  2  1  0   1  1  1   4  1
  1  0  3  0  6   2  2  2   6  2
  1  0  4  3  2   2  0  1   9  2
  1  0  5  0  4   0  2  4   6  2
  1  0  5  0  4   0  4  0   8  2
  1  0  5  0  4   2  1  0   9  2
  1  0  5  1  0   5  0  4   6  2
  1  0  5  1  0   5  2  0   8  2
  1  0  5  1  3   2  0  1   9  2
  1  0  5  2  0   4  0  2   8  2
  1  0  5  2  1   0  3  4   6  2
  1  0  5  2  1   0  5  0   8  2
  1  0  5  2  2   0  2  2   8  2
  1  0  7  4  3   1  0  8   9  3
  1  0  8  0  1   8  3  3   9  3
  1  0  8  3  0   1  8  3   9  3
  1  0 11  1  0  11  4  4  12  4
  1  0 11  4  1   0 11  4  12  4
  1  1  0  1  1   0  3  1   3  1
  1  1  0  1  1   1  2  0   4  1
  1  1  0  1  1   2  0  1   4  1
  1  1  0  1  2   0  1  1   4  1
  1  1  0  2  0   1  1  1   4  1
  1  1  0  3  5   2  2  2   6  2
  1  1  0  5  3   0  4  2   6  2
  1  1  0  5  3   2  0  4   6  2
  1  1  0  5  3   2  2  0   8  2
  1  1  0  6  0   3  3  2   6  2
  1  1  0  6  0   4  1  3   6  2
  1  1  0  6  0   4  2  1   7  2
  1  1  0  6  1   3  0  4   6  2
  1  1  0  6  1   3  2  0   8  2
  1  1  0  6  2   0  3  3   6  2
  1  1  0  6  2   0  4  1   7  2
  1  1  0  6  2   1  3  0   8  2
  1  1  0  6  2   2  0  3   7  2
  1  1  1  0  1   1  1  1   4  1
  1  2  0  5  2   0  1  5   6  2
  1  2  0  5  2   2  0  1   9  2
  1  2  2  0  1   6  2  2   6  2
  1  2  2  3  2   1  0  2   9  2
  1  2  3  2  1   0  3  2   8  2
  1  3  0  1  3   4  0  4   6  2
  1  3  0  1  3   4  2  0   8  2
  1  3  0  1  5   0  4  0   8  2
  1  3  0  1  5   1  0  5   6  2
  1  3  0  1  5   2  0  2   8  2
  1  3  0  3  3   1  0  3   8  2
  1  3  0  4  0   1  3  4   6  2
  1  3  0  4  0   1  5  0   8  2
  1  3  0  4  0   4  0  1   9  2
  1  3  1  0  3   1  5  2   6  2
  1  3  1  0  4   3  1  0   9  2
  1  3  1  0  5   0  1  5   6  2
  1  3  1  3  1   0  4  0   9  2
  1  3  2  0  2   4  0  1   9  2
  1  3  5  0  6   3  0  1  14  3
  1  3  5  3  0   1  5  6   9  3
  1  3  5  3  0   1  8  0  12  3
  1  4  4  0  1   4  7  3   9  3
  1  4  4  7  4   4  0  1  19  4
  1  4  7  0  8   4  1  0  19  4
  1  4  7  1  7   4  0  1  19  4
  1  4  7  4  1   0  7  8  12  4
  1  4  7  4  1   0 11  0  16  4
  1  5  0  4  5   0  1  8   9  3
  1  5  0  6  0   6  1  0  14  3
  1  5  0  6  1   0  5  6   9  3
  1  5  0  6  1   0  8  0  12  3
  1  5  0  6  1   5  0  1  14  3
  1  5  1  0  5   6  0  6   9  3
  1  5  1  0  5   6  3  0  12  3
  1  5  1  0  8   0  6  0  12  3
  1  5  1  0  8   3  0  3  12  3
  1  5  1  5  0   1  5  6   9  3
  1  5  1  5  0   1  8  0  12  3
  1  5  1  5  0   6  0  1  14  3
  1  5  2  0  7   0  1  8   9  3
  1  5  2  2  5   1  0  5  12  3
  1  5  3  0  3   6  1  0  14  3
  1  5  3  0  4   5  0  1  14  3
  1  5  3  1  2   6  0  1  14  3
  1  5  5  9  5   5  1  0  24  5
  1  5  9  1  9   5  1  0  24  5
  1  7  0  5  7   1  0 11  12  4
  1  7  0  8  1   7  1  0  19  4
  1  7  1  7  0   8  1  0  19  4
  1  7  1  7  1   0  7  8  12  4
  1  7  1  7  1   0 11  0  16  4
  1  7  1  7  1   7  0  1  19  4
  1  7  4  0  5   7  1  0  19  4
  1  7  4  1  3   8  1  0  19  4
  1  7  4  1  4   7  0  1  19  4
  1  7  7  0  1  14  0 10  15  5
  1  7  7  0  1  14  5  0  20  5
  1  7 10 10  7   0  1 20  21  7
  1  9  1  9  1   9  1  0  24  5
  1  9  5  1  5   9  1  0  24  5
  1  9 13 13  9   1  0 26  27  9
  1 10 10  1  0  20  0 14  21  7
  1 10 10  1  0  20  7  0  28  7
  1 13  4  4 13   0  1 20  21  7
  1 17  5  5 17   1  0 26  27  9
  2  0  2  3  0   5  0  4   6  2
  2  0  2  3  0   5  2  0   8  2
  2  0  2  4  0   3  0  5   6  2
  2  0  2  4  1   1  1  5   6  2
  2  0  2  4  2   0  3  0   9  2
  2  0  2  4  2   1  1  1   9  2
  2  0  2  8  2   0  7  3   9  3
  2  0  2  8  3   2  0  7   9  3
  2  0  2  8  3   3  2  0  13  3
  2  0  3  0  5   0  2  4   6  2
  2  0  3  0  5   0  4  0   8  2
  2  0  3  0  5   2  0  2   8  2
  2  0  3  2  0   2  5  2   6  2
  2  0  3  3  0   3  2  0   9  2
  2  0  3  3  2   0  2  1   9  2
  2  0  4  0  3   0  3  4   6  2
  2  0  4  0  3   0  5  0   8  2
  2  0  4  0  4   0  3  0   9  2
  2  0  4  0  4   1  1  1   9  2
  2  0  4  1  1   1  3  4   6  2
  2  0  4  1  1   1  5  0   8  2
  2  0  4  1  1   3  2  0   9  2
  2  0  4  1  3   0  2  1   9  2
  2  0  7  0  2   7  0  6   9  3
  2  0  7  0  2   7  3  0  12  3
  2  0  7  0  6   3  0  2  13  3
  2  0  7  2  0   2  8  3   9  3
  2  0  7  2  0   7  2  0  13  3
  2  0  7  3  0   2  4  6   9  3
  2  0  7  3  0   2  7  0  12  3
  2  0 10  8  5   5  2  0  23  5
  2  0 13  2  8   5  2  0  23  5
  2  1  1  1  1   6  2  2   6  2
  2  1  1  1  5   0  2  4   6  2
  2  1  1  1  5   0  4  0   8  2
  2  1  1  1  5   2  0  2   8  2
  2  1  1  2  0   5  3  2   6  2
  2  1  1  2  0   6  1  3   6  2
  2  1  1  2  0   6  2  1   7  2
  2  1  1  4  0   2  1  5   6  2
  2  1  1  4  2   0  2  1   9  2
  2  1  2  0  2   5  0  4   6  2
  2  1  2  0  2   5  2  0   8  2
  2  1  2  0  5   1  2  0   9  2
  2  1  2  3  1   2  0  2   9  2
  2  1  3  0  2   1  3  4   6  2
  2  1  3  0  2   1  5  0   8  2
  2  1  3  0  4   0  2  1   9  2
  2  1  3  1  2   0  4  0   9  2
  2  2  0  2  2   3  0  5   6  2
  2  2  0  2  3   0  5  0   8  2
  2  2  0  2  3   2  2  0   9  2
  2  2  0  2  8   4  3  3   9  3
  2  2  0  2  9   2  4  3   9  3
  2  2  0  2  9   3  2  4   9  3
  2  2  0  2  9   3  3  2  10  3
  2  2  0  3  1   1  5  0   8  2
  2  2  0  3  2   0  2  5   6  2
  2  2  0  4  0   2  3  0   9  2
  2  2  0  4  0   3  1  1   9  2
  2  2  0  4  1   1  2  1   9  2
  2  2  0  8  0   2  7  3   9  3
  2  2  0  8  3   0  2  7   9  3
  2  2  0  8  3   3  0  2  13  3
  2  2  0 11  0   9  4  4  12  4
  2  2  0 12  3   0  9  4  12  4
  2  2  0 12  4   3  0  9  12  4
  2  2  0 12  4   4  3  0  17  4
  2  2  1  1  2   1  5  0   8  2
  2  2  1  1  3   0  2  5   6  2
  2  2  1  2  1   1  2  5   6  2
  2  2  1  2  2   0  4  0   9  2
  2  2  1  3  0   2  2  1   9  2
  2  2  2  0  2   2  3  0   9  2
  2  2  2  0  2   3  1  1   9  2
  2  2  2  0  3   1  2  1   9  2
  2  2  2  1  1   2  2  1   9  2
  2  2  3  5  3   2  0  2  14  3
  2  3  0  7  3   2  0  3  13  3
  2  3  4  3  0   2  4  3  12  3
  2  4  0  2  7   0  2  7   9  3
  2  4  0  5  4   0  2  4  12  3
  2  4  5  5  4   0  2  5  17  4
  2  5  0 13  5   2  0 13  15  5
  2  5  0 13  5   5  2  0  23  5
  2  5  5  2  0   5  5  8  12  4
  2  5  5  2  0   5  9  0  16  4
  2  6  3  0  9   2  0  6  16  4
  2  8  2  0 10   0 13  5  15  5
  2  8  2  0 13   2  0 13  15  5
  2 11 11  2  0  11 19  8  24  8
  2 14  5  0 19   2  0 22  24  8
  3  0  3  2 12   4  4  4  12  4
  3  0  3  4  3   0  8  3   9  3
  3  0  3  5  0   3  7  3   9  3
  3  0  3  5  3   0  7  0  12  3
  3  0  3  6  0   5  3  0  13  3
  3  0  3  6  1   3  0  8   9  3
  3  0  3  6  3   1  3  0  14  3
  3  0  3 10  0   8  0  8  12  4
  3  0  3 10  0   8  4  0  16  4
  3  0  3 10  4   0  8  0  16  4
  3  0  4  0  3   8  3  3   9  3
  3  0  4  3  0   8  0  6   9  3
  3  0  4  3  0   8  3  0  12  3
  3  0  4  5  3   0  4  0  14  3
  3  0  4  5  3   1  2  1  14  3
  3  0  5  0  3   7  0  6   9  3
  3  0  5  0  3   7  3  0  12  3
  3  0  5  3  0   7  0  3  12  3
  3  0  5  4  0   3  1  8   9  3
  3  0  5  4  0   3  5  0  13  3
  3  0  6  0  3   5  3  0  13  3
  3  0  6  0  6   1  3  0  14  3
  3  0  6  1  3   0  5  6   9  3
  3  0  6  1  3   0  8  0  12  3
  3  0  6  1  5   0  4  0  14  3
  3  0  6  1  5   1  2  1  14  3
  3  0  6  2  1   5  1  2  13  3
  3  0  7  6  4   3  0  3  18  4
  3  0  8  5  0   8  0  3  17  4
  3  0  9  4  3   0  5  4  16  4
  3  0 10  7  0  10  3  0  22  5
  3  0 11  0 11   3  0 12  15  5
  3  0 11  6  5   3  0  6  21  5
  3  0 16  9  7   0  3 18  21  7
  3  1  2  6  0   4  0  8   9  3
  3  1  2  6  1   2  1  8   9  3
  3  1  2  6  3   0  4  0  14  3
  3  1  2  6  3   1  2  1  14  3
  3  1  3  0  8   0  3  6   9  3
  3  1  3  0  8   0  6  0  12  3
  3  1  3  0  8   3  0  3  12  3
  3  1  3  5  3   0  3  1  14  3
  3  1  5  0  4   0  5  6   9  3
  3  1  5  0  4   0  8  0  12  3
  3  1  5  0  6   0  4  0  14  3
  3  1  5  0  6   1  2  1  14  3
  3  1  5  1  2   1  5  6   9  3
  3  1  5  1  2   1  8  0  12  3
  3  1  5  1  5   0  3  1  14  3
  3  2  2  1  2   8  0  6   9  3
  3  2  2  1  2   8  3  0  12  3
  3  2  2  3  0   3  8  3   9  3
  3  2  2  5  2   2  1  2  14  3
  3  2  3  0  3   2  8  3   9  3
  3  2  3  0  5   3  0  8   9  3
  3  2  4  1  4   0  5  0  14  3
  3  3  0  3  3   5  3  0  13  3
  3  3  0  3  4   3  0  8   9  3
  3  3  0  3  5   0  3  7   9  3
  3  3  0  3 11   0  8  4  12  4
  3  3  0  3 11   4  0  8  12  4
  3  3  0  3 11   4  4  0  16  4
  3  3  0  4  2   4  0  8   9  3
  3  3  0  4  3   0  8  0  12  3
  3  3  0  4 15   5  5  5  15  5
  3  3  0  5  1   2  3  7   9  3
  3  3  0  6  0   4  3  0  14  3
  3  3  0  6  1   2  4  0  14  3
  3  3  0  6  1   3  2  1  14  3
  3  3  0 14  0  10  0 10  15  5
  3  3  0 14  0  10  5  0  20  5
  3  3  0 14  5   0 10  0  20  5
  3  3  1  2  4   0  8  0  12  3
  3  3  1  3  2   1  8  0  12  3
  3  3  1  5  0   3  4  0  14  3
  3  3  1  5  0   4  2  1  14  3
  3  3  1  5  1   2  3  1  14  3
  3  3  2  1  4   1  2  8   9  3
  3  3  2  2  2   2  2  8   9  3
  3  3  2  3  2   1  5  0  14  3
  3  3  2  3  3   0  3  3  13  3
  3  3  3  0  3   4  3  0  14  3
  3  3  3  0  4   2  4  0  14  3
  3  3  3  0  4   3  2  1  14  3
  3  3  3  1  2   3  4  0  14  3
  3  3  3  1  2   4  2  1  14  3
  3  3  3  1  3   2  3  1  14  3
  3  5  0  3  5   8  3  0  17  4
  3  5  0  3  8   5  0  3  17  4
  3  5  0  3  9   3  0  5  16  4
  3  5  0  8  3   0  5  3  17  4
  3  5  3  0  5   3  9  0  16  4
  3  5  3  0  5   8  0  3  17  4
  3  5  3  0  9   0  3  5  16  4
  3  5  3  5  0   3  5  3  17  4
  3  5  5  7  5   0  3  5  22  5
  3  7  0  3 10   7  3  0  22  5
  3  7  0 10  3   0 10  0  22  5
  3  7  3  0  7  10  3  0  22  5
  3  7  3  0 10   0 12  0  20  5
  3  7  3  0 10   7  0  3  22  5
  3  7  3  0 12   3  0  7  20  5
  3  7  3  7  0   3 10  0  22  5
  3  7  3  7  3   0  7  3  22  5
  3  8  8  8  8   3  0  8  31  7
  3 11  5  5 11   0  3 11  28  7
  4  0  4  7  4   0  4  9  12  4
  4  0  4  8  3   4  0  4  17  4
  4  0  4 12  0   4 11  5  15  5
  4  0  4 12  5   0  4 11  15  5
  4  0  4 12  5   5  0  4  21  5
  4  0  5  7  4   1  4  0  19  4
  4  0  7  0  7   4  0 10  12  4
  4  0  7  4  0   4  9  0  16  4
  4  0  7  5  0   7  0  4  17  4
  4  0  7  5  2   4  0  5  17  4
  4  0  8  1  7   1  4  0  19  4
  4  0  8  3  1   3  8  0  17  4
  4  0  8  3  4   0  5  3  17  4
  4  0 11  0  4  11  4  0  21  5
  4  0 11  4  0  11  0  4  21  5
  4  1  3  8  1   4  0 11  12  4
  4  1  3  8  4   1  4  0  19  4
  4  1  4  0  4  11  4  4  12  4
  4  1  4  7  4   0  5  0  19  4
  4  1  4  7  4   1  3  1  19  4
  4  1  7  0  8   1  4  0  19  4
  4  1  7  1  4   0  7  8  12  4
  4  1  7  1  4   0 11  0  16  4
  4  1  7  1  7   0  5  0  19  4
  4  1  7  1  7   1  3  1  19  4
  4  2  5  5  0   6  0  5  17  4
  4  2  5  5  2   2  2  5  17  4
  4  3  1  3  3  10  0  8  12  4
  4  3  1  3  3  10  4  0  16  4
  4  3  1  3  9   0  7  0  17  4
  4  3  1  3  9   3  1  3  17  4
  4  3  1  8  0   7  0  4  17  4
  4  3  4  0  4   7  0 10  12  4
  4  3  4  0  4   9  0  4  16  4
  4  3  4  0  9   0  4  3  17  4
  4  3  5  3  1   3  5  3  17  4
  4  4  0  4  7   0  8  0  17  4
  4  4  0  4  7   4  0  4  17  4
  4  4  0  4 13   4  0 11  15  5
  4  4  0  4 13   5  4  0  21  5
  4  4  0  5  4   4  0 11  12  4
  4  4  0  7  1   7  0  4  17  4
  4  4  0  8  1   4  4  0  19  4
  4  4  0 20  4   0 17  7  21  7
  4  4  0 20  7   4  0 17  21  7
  4  4  0 20  7   7  4  0  31  7
  4  4  0 27 10   0 17 10  27  9
  4  4  0 28  9   0 17  9  28  9
  4  4  1  4  4   0 11  0  16  4
  4  4  1  7  0   5  4  0  19  4
  4  4  1  7  1   3  5  0  19  4
  4  4  1  7  1   4  3  1  19  4
  4  4  3  1  4   3  3 10  12  4
  4  4  3  4  3   1  4  3  18  4
  4  4  4  0  5   4  4  0  19  4
  4  4  4  1  3   5  4  0  19  4
  4  4  4  1  4   3  5  0  19  4
  4  4  4  1  4   4  3  1  19  4
  4  4  9  4  9   4  0  4  28  6
  4  4 13  4  0   4 20  7  21  7
  4  5  0 11  5   0  4  5  21  5
  4  7  7  0  4   7  7 12  18  6
  4  7  7  0  4   7 13  0  24  6
  4  7  7  4  0   7 11  0  26  6
  4  8  5  0 13   0  4  8  24  6
  4 10 13 13 10   4  0 13  43 10
  5  0  5 14  0  12  5  0  25  6
  5  0  5 14  5   0 13  0  24  6
  5  0  8  7  0   6  0 14  15  5
  5  0  8  7  1   4  1 14  15  5
  5  0  8  7  3   5  0  5  22  5
  5  0  9  5  4   5  0  5  22  5
  5  0 10  3  5   0 10  0  22  5
  5  0 13  5  0   5  8 12  18  6
  5  0 13  5  0   5 14  0  24  6
  5  0 14  9  5   0  5 18  21  7
  5  1  5  9  5   1  5  0  24  5
  5  1  7  7  0   5  1 14  15  5
  5  1  9  1  9   1  5  0  24  5
  5  3  2  3 12   3  5  0  22  5
  5  3  2  6  0  14  0 10  15  5
  5  3  2  6  0  14  5  0  20  5
  5  3  2 10  3   5  0  5  22  5
  5  3  5  0 12   0  8  0  22  5
  5  3  5  0 12   3  2  3  22  5
  5  3  5  7  0   8  0  5  22  5
  5  3  7  3  2   3 10  0  22  5
  5  3  7  3  5   0  7  3  22  5
  5  4  1  8  0  12  0  5  20  5
  5  4  1  8  0  18  6  6  18  6
  5  4  1 10  4   1  4  4  22  5
  5  4  5  5  0   9  0  5  22  5
  5  4  6  0  9   0  6  3  22  5
  5  5  0  5  5  16  6  6  18  6
  5  5  0  8  5   0 10  0  22  5
  5  5  0  8  5   5  0  5  22  5
  5  5  0  9  5   0  5  5  21  5
  5  5  0 14  0   5 13  0  24  6
  5  5  0 14  0  12  0  5  25  6
  5  5  0 18  0  14  5  0  30  7
  5  5  0 18  5   0 16  0  28  7
  5  5  0 33 11   0 23 11  33 11
  5  5  0 34 10   0 23 10  34 11
  5  5  1  9  1   5  5  0  24  5
  5  5  2  5  5   0  5 13  15  5
  5  5  3  2  5   6  0 14  15  5
  5  5  3  2  8   0 10  0  22  5
  5  5  4  1  9   0  5  5  21  5
  5  5  4  4  5   1  4  5  22  5
  5  5  5  1  5   5  5  0  24  5
  5  5 11  5  0   5 11 14  21  7
  5  5 11  5  0   5 18  0  28  7
  5  5 11 11  5   0  5 22  24  8
  5  6  0  5 14   6  0  5  25  6
  5  7  0  5 18   7  5  0  30  7
  5  7  5  0  7   5  5 14  18  6
  5  7  5  0 18   7  0  5  30  7
  5  8  5  0 22   8  5  0  35  8
  5  8  8  0  5  16  0  5  30  7
  5  9  5  0  9  10  0 18  21  7
  5  9  5  0 14   0  5 18  21  7
  5  9  5  0 14   0 14  0  30  7
  5 11  5  0 16   5  0 22  24  8
  5 11  5  5 11   0  5 22  24  8
  5 11 11  0  5  22  5  0  40  9
  5 11 11  5  0  22  0  5  40  9
  5 13 13 13  0   5 13 26  33 11
  5 14 14  5  0  28  5  0  50 11
  5 17 17 17  5   0 17 34  42 14
  6  0 11  6  0   6  5 14  18  6
  6  0 11  7  0  10  0  7  25  6
  6  0 11  7  4   2  4  7  25  6
  6  0 17  0 17   0  6 18  24  8
  6  0 17  6 11   6  0  6  36  8
  6  0 17  9  8   0  6  9  33  8
  6  4  7  7  0   6  4  7  25  6
  6  5  5  1  5  14  0  6  24  6
  6  5  5  6  0   6  5 15  18  6
  6  5  6  0  6   5 14  0  24  6
  6  6  5  5  5   2  5  5  27  6
  6  6  5  6  1   5  6  5  26  6
  6  6 11  0 17   6  0  6  36  8
  7  0  7 18  7   0  7 18  24  8
  7  0  7 18  8   7  0  7  34  8
  7  0  7 54 18  20 20 18  54 18
  7  0  7 54 22  16 16 22  54 18
  7  0  7 58 14  20 20 14  58 18
  7  0  7 58 18  16 16 18  58 18
  7  0 11 10  1   7  0 20  21  7
  7  0 12  7  0  12  0 18  21  7
  7  0 13  0  7  13  0 16  21  7
  7  0 16  9  7   0  7  9  33  8
  7  0 17  7  0   7 17  0  33  8
  7  1 10 10  0   8  0 20  21  7
  7  1 10 10  1   6  1 20  21  7
  7  4  4  7  0  20  0 14  21  7
  7  4  4  7  0  20  7  0  28  7
  7  4  7  0 11   0 20  7  21  7
  7  5  2 10  0   7 18  7  21  7
  7  5  2 14  5   5  2  5  32  7
  7  5  5  7  0  18  0  7  28  7
  7  5  5 11  5   2  5  5  32  7
  7  5  7  0 12   0 18  0  28  7
  7  5  7  7  0   7  5 18  21  7
  7  5  9  0 12   0 12  0  32  7
  7  5  9  3  9   0  9  3  32  7
  7  6  1 12  0   7 16  0  28  7
  7  6  6  1  6  12  0 18  21  7
  7  7  0  7 19   0 16  0  32  8
  7  7  0 18  0   7  7 18  24  8
  7  7  0 18  8   0  7  7  34  8
  7  7  0 22  0  14  0 22  27  9
  7  7  0 22  7   0  7 22  27  9
  7  7  0 22  9   0 14  0  40  9
  7  7  0 22  9   7  0  7  40  9
  7  7  0 26  7   7  0 26  30 10
  7  7  0 26 10   7  7  0  46 10
  7  7  0 50  0  31 17 14  50 16
  7  7  0 50 14  17 17  0  64 16
  7  7  0 60 20  23 23 20  60 20
  7  7  0 60 26  17 17 26  60 20
  7  7  0 66 14  23 23 14  66 20
  7  7  0 66 20  17 17 20  66 20
  7  7  4  3  8   7  0 20  21  7
  7  7  4  4  6   8  0 20  21  7
  7  7  5  7  2   5 12  0  32  7
  7  7  6  1  7  12  0  7  30  7
  7  7 10  7  0   7 10  7  33  8
  7  7 11 11  7   0  7 11  38  9
  7  7 13  7  0   7 20  0  38  9
  7  9  7  0 16   0  7  9  33  8
  7 11  7  0 18   7  0 11  38  9
  7 11  7  7 11   0  7 11  38  9
  8  0 15  0 15   0  8 18  24  8
  8  0 15  8  0   8 15  0  34  8
  8  5  8  8  0  13  0 22  24  8
  8  7  7  7  7   7  1  7  37  8
  8  7  7  8  0  15  0  8  35  8
  8  7  8  0  8   7  8 18  24  8
  8  8  0  8 21   0  8 19  27  9
  8  8  0  8 21   9  0  8  37  9
  8  8  0 16  0   8 23  9  27  9
  8  8  0 54 20  17  0 37  54 18
  8  8  0 56 18  17  0 35  56 18
  8  8  5  5  8   3  5 22  24  8
  8  8  7  1 14   1  7  8  34  8
  8  8  8  0  8   8 23  9  27  9
  8 11 11  8  0  11 11  8  42 10
  9  0  9  0 30  10 12 10  30 10
  9  0  9  0 30  12  8 12  30 10
  9  0  9  0 32   8 12  8  32 10
  9  0  9  0 32  10  8 10  32 10
  9  0 16  7  9   0  9 22  27  9
  9  0 16  9  0  16  9  0  40  9
  9  0 17  9  0  17  0  9  38  9
  9  1 13 13  1   9  0 26  27  9
  9  7  7  2  7   7 24  9  27  9
  9  7  7  9  0   9 22  0  36  9
  9  7  9  0 16   0  9 22  27  9
  9  8  8  1  8   8 21  0  36  9
  9  8  8  9  0  16  1  8  40  9
  9  8  9  9  0   9  8  9  38  9
  9  9  0  9 42  14 15 14  42 14
  9  9  0  9 42  15 13 15  42 14
  9  9  0  9 43  13 15 13  43 14
  9  9  0  9 43  14 13 14  43 14
  9  9  0 60  0  41 21 20  60 20
  9  9  0 62 20  19 19  0  82 20
  9  9  5  5  9   9  0 26  27  9
  9  9  7  2 14   9  0  9  40  9
  9  9  7  7  4  14  0  9  40  9
  9  9  8  8  2   8  8  8  39  9
  9 11  9  0 11  18  0  9  43 10
  9 13  9  9  4  18  0  9  50 11
  9 13 13 13  0   9 13 13  49 12
  9 17 17 17  9   0 17 17  62 15
  9 19 19 19 19   0  9 19  74 17
 10  0 19  0 19  10  0 10  42 10
 10  4 13 13  4  10  0 13  43 10
 10  7 10  7 10   0 10 26  30 10
 10  9  1 18  0  10  9 23  30 10
 10  9  9  9  1  18  0 10  44 10
 10  9 10  0 10  19  0 10  42 10
 10 10  0 20  0  38 13 13  39 13
 10 10 10  0 10  38 13 13  39 13
 11  8  8  8  3   8 31 11  33 11
 11  8 11 11  8  11  0 11  50 11
 11  9  2 18  0  20  0 28  33 11
 11  9  9  9  2   9 28  0  44 11
 11  9 11  0 20  11  0 11  48 11
 11 10 10 10  1  19  1 10  49 11
 11 10 10 10 10   1 10 10  49 11
 11 11  0 11 11  28  0 24  36 12
 11 11  0 11 11  28 12  0  48 12
 11 11  0 11 27   0 22  0  50 12
 11 11  0 11 27  11  0 11  50 12
 11 11  0 11 32  11 11  0  56 13
 11 11  0 22  0  34  0 26  39 13
 11 11  0 22  0  34 13  0  52 13
 11 11  0 26  0  22  0 11  51 12
 11 11  0 26 11   0 11 11  51 12
 11 11  0 30 11   0 22  0  58 13
 11 11  0 30 11  11  0 11  58 13
 11 11  8  8 11  11  0 11  50 11
 11 11  9  9  4  16  2  9  50 11
 11 11 11  0 11  34  0 26  39 13
 11 11 11  0 11  34 13  0  52 13
 11 11 11  0 32  11  0 11  56 13
 11 11 11 19 11   0 11 11  58 13
 11 11 11 23 11  11  0 11  65 14
 11 15 11  0 22  15  0 11  58 13
 11 17 11 11 11  17  0 11  65 14
 12  0 23 11 12   0 12 11  51 12
 12  0 29  0 29  12  0 12  60 14
 12 11 12  0 23   0 12 11  51 12
 13 10 10 13  0  23  0 35  39 13
 13 11 13  0 24   0 24  0  58 13
 13 11 13  0 24  11  2 11  58 13
 13 11 13 11 13   0 13 11  58 13
 13 12 12  1 12  12 12 30  39 13
 13 13  0 13 13  32 13  0  57 14
 13 13  0 26  0  32  0 13  57 14
 13 13  0 26  0  38 13  0  62 15
 13 13 13  0 13  32  0 13  57 14
 13 13 13  0 13  38 13  0  62 15
 14 11 14 11 14   0 25  0  65 14
 14 13  1 26  0  27  0 14  59 14
 14 14 11 11 11  14  3 11  65 14
 15 13 13 13  2  13 13 38  45 15
 16 13 13 13  3  26  0 44  48 16
 16 15 15 16  0  16 15 15  68 16
 16 16 16 16  0  16 53 19  57 19
 17 14 14 14 14   3 14 46  51 17
 17 15 15 17  0  17 30  0  76 17
 17 17  0 34  0  17 41  0  72 18
 17 17 17  0 17  17 41  0  72 18
 17 17 17 17  0  17 48  0  76 19
 18 17 17  1 17  34  0 18  76 18
 19 16 16 19  0  32 19  0  88 19
 20 19 19 19  1  19 19 19  85 20
 21 19 19 19  2  19 38  0  94 21
 23 23  0 46  0  23 23 54  72 24
 23 23  0 46  0  46  0 62  75 25
 23 23 23  0 23  23 23 54  72 24
 23 23 23  0 23  46  0 62  75 25
 23 23 23 23  0  23 23 62  75 25
 23 23 23 23  0  46  0 70  78 26
 23 23 23 23 23   0 23 70  78 26
 31 31  0 62  0  62  0 31 135 32
 31 31 31  0 31  62  0 31 135 32
 31 31 31  0 62  31  0 31 146 33
 31 31 31 31  0  31 31 31 135 32
 31 31 31 31  0  31 62  0 146 33
 31 31 31 31  0  62  0 31 146 33
 31 31 31 31 31   0 31 31 146 33
 31 31 31 31 31  31  0 31 157 34
 58 29 29 58  0 180 63 63 180 60
 58 29 29 58  0 186 57 57 186 60

0 extreme rays of recession cone:

35 support hyperplanes of polyhedron (homogenized):
 -23   7   6   5   4   3   2   1 0 0
 -15 -17  12  10   8   6   4   2 0 0
  -7 -10 -13  15  12   9   6   3 0 0
  -1  -1  -1   0   1   1   1   1 0 0
  -1  -1  -1   1   1   1   1   0 0 0
  -1  -1   0   0   0   1   1   1 0 0
  -1  -1   0   0   1   1   1   0 0 0
  -1  -1   0   1   1   1   0   0 0 0
  -1  -1   1   1   1   0   0   0 0 0
  -1   0   0   0   0   0   1   1 0 0
  -1   0   0   0   0   1   1   0 0 0
  -1   0   0   0   1   1   0   0 0 0
  -1   0   0   1   1   0   0   0 0 0
  -1   0   1   1   0   0   0   0 0 0
  -1   1   1   0   0   0   0   0 0 0
   0   0   0   0   0   0   0   1 0 0
   0   0   0   0   0   0   1   0 0 0
   0   0   0   0   0   1   0   0 0 0
   0   0   0   0   1   0   0   0 0 0
   0   0   0   1   0   0   0   0 0 0
   0   0   1   0   0   0   0   0 0 0
   0   1   0   0   0   0   0   0 0 0
   1  -3  -7 -11  16  12   8   4 0 0
   1   0   0   0   0   0   0   0 0 0
   9   4  -1  -6 -11  15  10   5 0 0
  17  11   5  -1  -7 -13  12   6 0 0
  25  18  11   4  -3 -10 -17   7 0 0
  33  25  17   9   1  -7 -15 -23 0 0
  57  46  35  -7 -18 -29  22  11 0 0
  57  46  35  -7 -18   2  -9  11 0 0
  57  46  35  -7  13   2  -9 -20 0 0
  57  46  35  24 -18 -29  -9  11 0 0
  57  46  35  24 -18   2  -9 -20 0 0
  57  46  35  24  13 -29 -40  11 0 0
  57  46  35  24  13 -29  -9 -20 0 0

2 equations:
 1 0 -1 -2 -3 -4 -5 -6 -7  46
 0 1  2  3  4  5  6  7  8 -57

8 basis elements of generated  lattice:
 1 0 0 0 0 0 0 -8   7 0
 0 1 0 0 0 0 0 -7   6 0
 0 0 1 0 0 0 0 -6   5 0
 0 0 0 1 0 0 0 -5   4 0
 0 0 0 0 1 0 0 -4   3 0
 0 0 0 0 0 1 0 -3   2 0
 0 0 0 0 0 0 1 -2   1 0
 0 0 0 0 0 0 0 31 -20 1

