7 lattice points in polytope (module generators)
0 Hilbert basis elements of recession monoid
7 vertices of polyhedron
0 extreme rays of recession cone
7 support hyperplanes of polyhedron (homogenized)

embedding dimension = 5
affine dimension of the polyhedron = 2
rank of recession monoid = 0 (polyhedron is polytope)

dehomogenization:
0 0 0 0 1 


module rank = 7

***********************************************************************

7 lattice points in polytope (module generators):
 0 4 3 4 1
 0 5 1 5 1
 1 2 4 4 1
 1 3 2 5 1
 1 4 0 6 1
 2 1 3 5 1
 2 2 1 6 1

0 Hilbert basis elements of recession monoid:

7 vertices of polyhedron:
  0  4  3  4 1
  0  5  1  5 1
  1  2  4  4 1
  1  4  0  6 1
 11  0 11 22 4
 11  0 22 22 5
 11 11  0 33 5

0 extreme rays of recession cone:

7 support hyperplanes of polyhedron (homogenized):
 -1  1  1 0 0
  0  0  1 0 0
  0  1  0 0 0
  1  0  0 0 0
  2  1 -1 0 0
  4 -1  5 0 0
 10  3 -4 0 0

2 equations:
 1 0 -1 -2  11
 0 1  2  3 -22

3 basis elements of generated  lattice:
 1 0 -3 2 0
 0 1 -2 1 0
 0 0 11 0 1

