1 lattice points in polytope (module generators)
0 Hilbert basis elements of recession monoid
5 vertices of polyhedron
0 extreme rays of recession cone
6 support hyperplanes of polyhedron (homogenized)

embedding dimension = 6
affine dimension of the polyhedron = 3
rank of recession monoid = 0 (polyhedron is polytope)

dehomogenization:
0 0 0 0 0 1 


module rank = 1

***********************************************************************

1 lattice points in polytope (module generators):
 0 0 0 1 6 1

0 Hilbert basis elements of recession monoid:

5 vertices of polyhedron:
 0 0 0 1  6 1
 0 0 1 0 13 2
 0 1 0 0 20 3
 1 0 1 0 40 6
 1 1 0 1 53 8

0 extreme rays of recession cone:

6 support hyperplanes of polyhedron (homogenized):
 -1 0 1 1 0 0
 -1 1 1 0 0 0
  0 0 0 1 0 0
  0 0 1 0 0 0
  0 1 0 0 0 0
  1 0 0 0 0 0

2 equations:
 1 0 -1 -2 -3  20
 0 1  2  3  4 -27

4 basis elements of generated  lattice:
 1 0 0 0 27 4
 0 1 0 0 20 3
 0 0 1 0 13 2
 0 0 0 1  6 1

