16 lattice points in polytope (module generators)
0 Hilbert basis elements of recession monoid
16 vertices of polyhedron
0 extreme rays of recession cone
13 support hyperplanes of polyhedron (homogenized)

embedding dimension = 6
affine dimension of the polyhedron = 3
rank of recession monoid = 0 (polyhedron is polytope)

dehomogenization:
0 0 0 0 0 1 


module rank = 16

***********************************************************************

16 lattice points in polytope (module generators):
 1 2 4 2 4 1
 1 3 2 3 4 1
 1 3 3 1 5 1
 1 4 0 4 4 1
 1 4 1 2 5 1
 1 4 2 0 6 1
 2 1 3 3 4 1
 2 1 4 1 5 1
 2 2 1 4 4 1
 2 2 2 2 5 1
 2 2 3 0 6 1
 2 3 0 3 5 1
 2 3 1 1 6 1
 3 0 3 2 5 1
 3 0 4 0 6 1
 3 1 2 1 6 1

0 Hilbert basis elements of recession monoid:

16 vertices of polyhedron:
  1  2  4  2  4 1
  1  4  0  4  4 1
  1  4  2  0  6 1
  1 20 12 12 20 5
  1 24  8  8 24 5
  3  0  3  2  5 1
  3  0  4  0  6 1
  3  1  2  1  6 1
  5  2  3  8  8 2
  5  5  0  5 11 2
  5 10  5  0 19 3
  7  0 12  8 12 3
  7  0 14  4 14 3
  9  2  9  0 19 3
  9  9  0 17 17 4
 11  0 11 14 16 4

0 extreme rays of recession cone:

13 support hyperplanes of polyhedron (homogenized):
 -8  9   6   3 0 0
 -1  0   1   1 0 0
 -1  1   1   0 0 0
  0 -1   2   1 0 0
  0  0   0   1 0 0
  0  0   1   0 0 0
  0  1   0   0 0 0
  8  1  -6   7 0 0
 16  7  -2 -11 0 0
 32 -1 -14  13 0 0
 32 -1   6  -7 0 0
 32 19 -14  -7 0 0
 32 19   6 -27 0 0

2 equations:
 1 0 -1 -2 -3  19
 0 1  2  3  4 -32

4 basis elements of generated  lattice:
 1 0 0 -4  3 0
 0 1 0 -3  2 0
 0 0 1 -2  1 0
 0 0 0 20 -7 1

