10 lattice points in polytope (module generators)
0 Hilbert basis elements of recession monoid
10 vertices of polyhedron
0 extreme rays of recession cone
10 support hyperplanes of polyhedron (homogenized)

embedding dimension = 12
affine dimension of the polyhedron = 9
rank of recession monoid = 0 (polyhedron is polytope)

dehomogenization:
0 0 0 0 0 0 0 0 0 0 0 1 


module rank = 10

***********************************************************************

10 lattice points in polytope (module generators):
 0 2 1 1 1 1 1 1 1 1 3 1
 1 0 2 1 1 1 1 1 1 1 3 1
 1 1 0 2 1 1 1 1 1 1 3 1
 1 1 1 0 2 1 1 1 1 1 3 1
 1 1 1 1 0 2 1 1 1 1 3 1
 1 1 1 1 1 0 2 1 1 1 3 1
 1 1 1 1 1 1 0 2 1 1 3 1
 1 1 1 1 1 1 1 0 2 1 3 1
 1 1 1 1 1 1 1 1 0 2 3 1
 1 1 1 1 1 1 1 1 1 0 4 1

0 Hilbert basis elements of recession monoid:

10 vertices of polyhedron:
 0 2 1 1 1 1 1 1 1 1 3 1
 1 0 2 1 1 1 1 1 1 1 3 1
 1 1 0 2 1 1 1 1 1 1 3 1
 1 1 1 0 2 1 1 1 1 1 3 1
 1 1 1 1 0 2 1 1 1 1 3 1
 1 1 1 1 1 0 2 1 1 1 3 1
 1 1 1 1 1 1 0 2 1 1 3 1
 1 1 1 1 1 1 1 0 2 1 3 1
 1 1 1 1 1 1 1 1 0 2 3 1
 1 1 1 1 1 1 1 1 1 0 4 1

0 extreme rays of recession cone:

10 support hyperplanes of polyhedron (homogenized):
 -44   9   8   7   6   5   4   3   2   1 0 0
 -17 -18   8   7   6   5   4   3   2   1 0 0
  -8  -9 -10   7   6   5   4   3   2   1 0 0
  -7  -9 -11 -13  12  10   8   6   4   2 0 0
  -4  -9 -14 -19 -24  25  20  15  10   5 0 0
   1   0  -1  -2  -3  -4   4   3   2   1 0 0
   4   3   2   1   0  -1  -2  -3  -4   1 0 0
  13   9   5   1  -3  -7 -11 -15   8   4 0 0
  16   9   2  -5 -12 -19 -26  21  14   7 0 0
  23  18  13   8   3  -2  -7 -12 -17 -22 0 0

2 equations:
 1 0 -1 -2 -3 -4 -5 -6 -7 -8 -9  63
 0 1  2  3  4  5  6  7  8  9 10 -76

10 basis elements of generated  lattice:
 1 0 0 0 0 0 0 0 0 -10   9 0
 0 1 0 0 0 0 0 0 0  -9   8 0
 0 0 1 0 0 0 0 0 0  -8   7 0
 0 0 0 1 0 0 0 0 0  -7   6 0
 0 0 0 0 1 0 0 0 0  -6   5 0
 0 0 0 0 0 1 0 0 0  -5   4 0
 0 0 0 0 0 0 1 0 0  -4   3 0
 0 0 0 0 0 0 0 1 0  -3   2 0
 0 0 0 0 0 0 0 0 1  -2   1 0
 0 0 0 0 0 0 0 0 0  54 -41 1

