73 lattice points in polytope (module generators)
0 Hilbert basis elements of recession monoid
198 vertices of polyhedron
0 extreme rays of recession cone
30 support hyperplanes of polyhedron (homogenized)

embedding dimension = 10
affine dimension of the polyhedron = 7
rank of recession monoid = 0 (polyhedron is polytope)

dehomogenization:
0 0 0 0 0 0 0 0 0 1 


module rank = 73

***********************************************************************

73 lattice points in polytope (module generators):
 3 4 4 3 3 3 3 3 5 1
 3 5 2 4 3 3 3 3 5 1
 3 5 3 2 4 3 3 3 5 1
 3 5 3 3 2 4 3 3 5 1
 3 5 3 3 3 2 4 3 5 1
 3 5 3 3 3 3 2 4 5 1
 3 5 3 3 3 3 3 2 6 1
 4 2 5 3 3 3 3 3 5 1
 4 3 3 4 3 3 3 3 5 1
 4 3 4 2 4 3 3 3 5 1
 4 3 4 3 2 4 3 3 5 1
 4 3 4 3 3 2 4 3 5 1
 4 3 4 3 3 3 2 4 5 1
 4 3 4 3 3 3 3 2 6 1
 4 4 1 5 3 3 3 3 5 1
 4 4 2 3 4 3 3 3 5 1
 4 4 2 4 2 4 3 3 5 1
 4 4 2 4 3 2 4 3 5 1
 4 4 2 4 3 3 2 4 5 1
 4 4 2 4 3 3 3 2 6 1
 4 4 3 1 5 3 3 3 5 1
 4 4 3 2 3 4 3 3 5 1
 4 4 3 2 4 2 4 3 5 1
 4 4 3 2 4 3 2 4 5 1
 4 4 3 2 4 3 3 2 6 1
 4 4 3 3 2 3 4 3 5 1
 4 4 3 3 2 4 2 4 5 1
 4 4 3 3 2 4 3 2 6 1
 4 4 3 3 3 2 3 4 5 1
 4 4 3 3 3 2 4 2 6 1
 4 4 3 3 3 3 2 3 6 1
 5 1 4 4 3 3 3 3 5 1
 5 1 5 2 4 3 3 3 5 1
 5 1 5 3 2 4 3 3 5 1
 5 1 5 3 3 2 4 3 5 1
 5 1 5 3 3 3 2 4 5 1
 5 1 5 3 3 3 3 2 6 1
 5 2 3 3 4 3 3 3 5 1
 5 2 3 4 2 4 3 3 5 1
 5 2 3 4 3 2 4 3 5 1
 5 2 3 4 3 3 2 4 5 1
 5 2 3 4 3 3 3 2 6 1
 5 2 4 1 5 3 3 3 5 1
 5 2 4 2 3 4 3 3 5 1
 5 2 4 2 4 2 4 3 5 1
 5 2 4 2 4 3 2 4 5 1
 5 2 4 2 4 3 3 2 6 1
 5 2 4 3 2 3 4 3 5 1
 5 2 4 3 2 4 2 4 5 1
 5 2 4 3 2 4 3 2 6 1
 5 2 4 3 3 2 3 4 5 1
 5 2 4 3 3 2 4 2 6 1
 5 2 4 3 3 3 2 3 6 1
 5 3 2 3 3 4 3 3 5 1
 5 3 2 3 4 2 4 3 5 1
 5 3 2 3 4 3 2 4 5 1
 5 3 2 3 4 3 3 2 6 1
 5 3 2 4 2 3 4 3 5 1
 5 3 2 4 2 4 2 4 5 1
 5 3 2 4 2 4 3 2 6 1
 5 3 2 4 3 2 3 4 5 1
 5 3 2 4 3 2 4 2 6 1
 5 3 2 4 3 3 2 3 6 1
 5 3 3 2 3 3 4 3 5 1
 5 3 3 2 3 4 2 4 5 1
 5 3 3 2 3 4 3 2 6 1
 5 3 3 2 4 2 3 4 5 1
 5 3 3 2 4 2 4 2 6 1
 5 3 3 2 4 3 2 3 6 1
 5 3 3 3 2 3 3 4 5 1
 5 3 3 3 2 3 4 2 6 1
 5 3 3 3 2 4 2 3 6 1
 5 3 3 3 3 2 3 3 6 1

0 Hilbert basis elements of recession monoid:

198 vertices of polyhedron:
   3  4  4  3  3  3  3  3   5  1
   3  5  2  4  3  3  3  3   5  1
   3  5  3  2  4  3  3  3   5  1
   3  5  3  3  2  4  3  3   5  1
   3  5  3  3  3  2  4  3   5  1
   3  5  3  3  3  3  2  4   5  1
   3  5  3  3  3  3  3  2   6  1
   4  2  5  3  3  3  3  3   5  1
   4  4  1  5  3  3  3  3   5  1
   4  4  3  1  5  3  3  3   5  1
   4  4  3  3  2  3  4  3   5  1
   4  4  3  3  2  4  2  4   5  1
   4  4  3  3  2  4  3  2   6  1
   4  4  3  3  3  2  3  4   5  1
   4  4  3  3  3  2  4  2   6  1
   4  4  3  3  3  3  2  3   6  1
   5  1  4  4  3  3  3  3   5  1
   5  1  5  2  4  3  3  3   5  1
   5  1  5  3  2  4  3  3   5  1
   5  1  5  3  3  2  4  3   5  1
   5  1  5  3  3  3  2  4   5  1
   5  1  5  3  3  3  3  2   6  1
   5  2  3  4  3  2  4  3   5  1
   5  2  3  4  3  3  2  4   5  1
   5  2  3  4  3  3  3  2   6  1
   5  2  4  1  5  3  3  3   5  1
   5  2  4  3  2  3  4  3   5  1
   5  2  4  3  2  4  2  4   5  1
   5  2  4  3  2  4  3  2   6  1
   5  2  4  3  3  2  3  4   5  1
   5  2  4  3  3  2  4  2   6  1
   5  2  4  3  3  3  2  3   6  1
   5  3  2  3  3  4  3  3   5  1
   5  3  2  3  4  2  4  3   5  1
   5  3  2  3  4  3  2  4   5  1
   5  3  2  3  4  3  3  2   6  1
   5  3  2  4  2  3  4  3   5  1
   5  3  2  4  2  4  2  4   5  1
   5  3  2  4  2  4  3  2   6  1
   5  3  2  4  3  2  3  4   5  1
   5  3  2  4  3  2  4  2   6  1
   5  3  2  4  3  3  2  3   6  1
   5  3  3  2  3  3  4  3   5  1
   5  3  3  2  3  4  2  4   5  1
   5  3  3  2  3  4  3  2   6  1
   5  3  3  2  4  2  3  4   5  1
   5  3  3  2  4  2  4  2   6  1
   5  3  3  2  4  3  2  3   6  1
   5  3  3  3  2  3  3  4   5  1
   5  3  3  3  2  3  4  2   6  1
   5  3  3  3  2  4  2  3   6  1
   5  3  3  3  3  2  3  3   6  1
   9  6  3 10  6  6  6  6  10  2
   9  6  6  7  6  6  6  3  13  2
   9  6  7  5  7  6  6  3  13  2
   9  7  2  9  7  6  6  6  10  2
   9  7  2 10  5  7  6  6  10  2
   9  7  2 10  6  5  7  6  10  2
   9  7  2 10  6  6  5  7  10  2
   9  7  2 10  6  6  6  5  11  2
   9  7  5  7  5  7  6  3  13  2
   9  7  6  3  7  8  6  6  10  2
   9  7  6  3  9  4  8  6  10  2
   9  7  6  3  9  6  4  8  10  2
   9  7  6  3  9  6  6  4  12  2
   9  7  6  5  6  7  6  3  13  2
  10  5  5  5  9  6  6  6  10  2
  10  5  6  7  6  5  7  3  13  2
  10  5  7  3  7  8  6  6  10  2
  10  5  7  3  9  6  4  8  10  2
  10  5  7  3  9  6  6  4  12  2
  10  5  7  5  7  5  7  3  13  2
  10  6  4  7  7  3  9  6  10  2
  10  6  5  5  8  3  9  6  10  2
  10  6  5  7  5  6  7  3  13  2
  10  6  6  5  6  6  7  3  13  2
  13  9 11  9  9  4 14  9  15  3
  13 11  7 11  9  4 14  9  15  3
  14  9 10  9  9  5 10 12  15  3
  14  9 10  9  9  5 13  6  18  3
  14 10  4 14  6 12  9  9  15  3
  14 10  4 14  9  9  6 12  15  3
  14 10  4 14  9  9  9  6  18  3
  14 10  8 10  6  8 13  9  15  3
  14 10  8 10  6 12  9  5  19  3
  14 10  8 10  9  5 10 12  15  3
  14 10  8 10  9  5 13  6  18  3
  14 10  9  8  7 12  9  5  19  3
  15  7 11  7 11  4 14  9  15  3
  15  8  7 12  4 14  9  9  15  3
  15  8  7 12  8 10  5 13  15  3
  15  8  7 12  9  8 10  5  19  3
  15  8  9 10  9  6 12  5  19  3
  15  8 10  5 13  5 13  9  15  3
  15  8 10  8  7  8 13  9  15  3
  15  8 10  8 10  5 10 12  15  3
  15  9  6 11  9 10  5 13  15  3
  15  9  6 12  8  9 10  5  19  3
  15  9  7  9 11  4 14  9  15  3
  15  9  8  9  7  8 13  9  15  3
  15  9  8  9 10  5 10 12  15  3
  15  9  8  9 10  5 13  6  18  3
  15  9  8 10  6 11 10  5  19  3
  15  9  8 10  8  7 12  5  19  3
  15  9  9  6 11  9 10  5  19  3
  15  9  9  8  7 11 10  5  19  3
  15  9  9  8  9  7 12  5  19  3
  19 12 13 11 13 12  8 11  25  4
  19 12 13 12  7 12 17 12  20  4
  19 13  6 13 17 12 12 12  20  4
  19 13  6 18 12  7 17 12  20  4
  19 13 11 13 11 13  8 11  25  4
  19 13 12  7 16 13 12  7  25  4
  19 13 12 11 12 13  8 11  25  4
  20  3 20 12 12 13 12 12  20  4
  20  3 20 12 13 11 13 12  20  4
  20  3 20 13 11 13 11 13  20  4
  20  3 20 13 12 11 12 13  20  4
  20  3 21 11 12 13 12 11  21  4
  20  3 21 11 13 11 13 11  21  4
  20  3 21 12 11 13 11 12  21  4
  20  3 21 12 12 11 12 12  21  4
  20 11 12 13 12 11  9 11  25  4
  20 11 13  7 17 11 13  7  25  4
  20 11 13 11 13  7 17  7  25  4
  20 11 13 11 13 11  9 11  25  4
  20 12 11 13 11 12  9 11  25  4
  20 12 12 11 12 12  9 11  25  4
  21 17 17 15  6 24 15 15  25  5
  23 16 16 15  8 22 10 20  25  5
  23 16 16 15  8 22 15 10  30  5
  24 15  9 22 15 15  9 21  25  5
  24 15  9 22 15 15 15  9  31  5
  24 15 15 16 15 15  9 15  31  5
  24 15 16  8 22 15 15  9  31  5
  24 16  8 21 16 15  9 21  25  5
  24 16  8 22 14 16 15  9  31  5
  24 16 14 16 14 10 21  9  31  5
  25 13 13 19  6 24 15 15  25  5
  25 14 14 17  8 17 20 15  25  5
  25 14 14 17  8 22 15 10  30  5
  25 15 14 11 18 17  8 22  25  5
  25 15 14 14 12 20  8 22  25  5
  25 15 14 15 15 10 15 21  25  5
  25 45 27 27 28 28 27 27  45  9
  25 45 27 29 26 26 29 27  45  9
  25 45 29 25 28 28 25 29  45  9
  25 45 29 27 26 26 27 29  45  9
  25 47 25 27 28 28 27 25  47  9
  25 47 25 29 26 26 29 25  47  9
  25 47 27 25 28 28 25 27  47  9
  25 47 27 27 26 26 27 27  47  9
  28 19 19 18 10 19 25 18  30  6
  29 18 18 19 10 26 18 11  37  6
  30 16 19 19 11 25 10 26  30  6
  30 17 17 13 17 26 18 18  30  6
  30 17 17 20 10 26 11 25  30  6
  31 21 23 23 21 21 10 32  35  7
  31 25 19 19 25 21 10 32  35  7
  33 22 21 22 21 12 30 13  43  7
  33 23 20 13 30 21 12 30  35  7
  33 23 20 20 23 21 12 23  42  7
  34 22 19 22 22 12 22 29  35  7
  35 17 23 23 17 25 10 32  35  7
  35 19 22 22 19 16 19 30  35  7
  35 19 22 22 19 23 12 23  42  7
  35 21 19 19 21 25 10 32  35  7
  35 21 20 20 21 23 12 23  42  7
  35 21 20 21 20 15 29 12  44  7
  38 24 25 25 24 24 14 25  49  8
  38 25 25 13 25 34 24 24  40  8
  38 26 23 23 26 15 23 34  40  8
  39 23 25 25 23 25 14 25  49  8
  39 25 23 23 25 25 14 25  49  8
  40 24 23 23 24 17 23 34  40  8
  43 27 28 28 27 16 27 38  45  9
  43 28 28 25 18 38 27 16  56  9
  45 25 28 28 25 28 17 28  55  9
  45 26 26 29 16 36 29 16  56  9
  45 26 26 29 26 26 19 26  56  9
  48 30 31 30 31 30 18 30  62 10
  52 34 34 34 33 19 34 46  55 11
  55 32 32 32 23 32 47 33  55 11
  55 33 32 32 33 33 22 33  68 11
  57 37 37 37 20 52 22 50  60 12
  60 35 35 35 25 50 20 52  60 12
  62 40 40 40 22 40 55 39  65 13
  67 45 41 41 41 45 26 41  87 14
  70 42 41 41 41 42 29 41  87 14
  71 57 14 80 48 49 49 48  80 16
  71 57 14 80 50 47 47 50  80 16
  71 57 14 82 46 49 49 46  82 16
  71 57 14 82 48 47 47 48  82 16
  81 52 52 52 52 51 30 52 105 17
  85 50 50 50 50 35 50 72  85 17
  91 58 58 58 58 33 58 80  95 19
 120 71 71 71 71 71 49 71 149 24
 125 79 79 79 79 79 46 79 161 26

0 extreme rays of recession cone:

30 support hyperplanes of polyhedron (homogenized):
 -81  35  30  25   20   15  10   5 0 0
 -57 -65  48  40   32   24  16   8 0 0
  -9 -23 -37 -51   56   42  28  14 0 0
  -3  -4  -5   5    4    3   2   1 0 0
  -1  -1  -1   0    1    1   1   1 0 0
  -1  -1  -1   1    1    1   1   0 0 0
  -1  -1   0   0    0    1   1   1 0 0
  -1  -1   0   0    1    1   1   0 0 0
  -1  -1   0   1    1    1   0   0 0 0
  -1  -1   1   1    1    0   0   0 0 0
  -1   0   0   0    0    0   1   1 0 0
  -1   0   0   0    0    1   1   0 0 0
  -1   0   0   0    1    1   0   0 0 0
  -1   0   0   1    1    0   0   0 0 0
  -1   0   1   1    0    0   0   0 0 0
  -1   1   1   0    0    0   0   0 0 0
  15  -2 -19 -36  -53   51  34  17 0 0
  39  19  -1 -21  -41  -61  40  20 0 0
  63  40  17  -6  -29  -52 -75  23 0 0
  87  61  35   9  -17  -43 -69 -95 0 0
 127 -25 -56 -87 -118   93  62  31 0 0
 127 -25 -56 -87    3  -28  62  31 0 0
 127 -25 -56  34    3  -28 -59  31 0 0
 127 -25  65  34    3  -28 -59 -90 0 0
 127  96 -56 -87 -118  -28  62  31 0 0
 127  96 -56 -87    3  -28 -59  31 0 0
 127  96 -56  34    3  -28 -59 -90 0 0
 127  96  65 -87 -118 -149  62  31 0 0
 127  96  65 -87 -118  -28 -59  31 0 0
 127  96  65 -87    3  -28 -59 -90 0 0

2 equations:
 1 0 -1 -2 -3 -4 -5 -6 -7   96
 0 1  2  3  4  5  6  7  8 -127

8 basis elements of generated  lattice:
 1 0 0 0 0 0 0  -8   7 0
 0 1 0 0 0 0 0  -7   6 0
 0 0 1 0 0 0 0  -6   5 0
 0 0 0 1 0 0 0  -5   4 0
 0 0 0 0 1 0 0  -4   3 0
 0 0 0 0 0 1 0  -3   2 0
 0 0 0 0 0 0 1  -2   1 0
 0 0 0 0 0 0 0 121 -90 1

