12 lattice points in polytope (module generators)
0 Hilbert basis elements of recession monoid
6 vertices of polyhedron
0 extreme rays of recession cone
6 support hyperplanes of polyhedron (homogenized)

embedding dimension = 5
affine dimension of the polyhedron = 2
rank of recession monoid = 0 (polyhedron is polytope)

dehomogenization:
0 0 0 0 1 


module rank = 12

***********************************************************************

12 lattice points in polytope (module generators):
 1 5 5 5 1
 1 6 3 6 1
 1 7 1 7 1
 2 4 4 6 1
 2 5 2 7 1
 2 6 0 8 1
 3 2 5 6 1
 3 3 3 7 1
 3 4 1 8 1
 4 0 6 6 1
 4 1 4 7 1
 4 2 2 8 1

0 Hilbert basis elements of recession monoid:

6 vertices of polyhedron:
  1  5 5  5 1
  1  7 1  7 1
  2  6 0  8 1
  4  0 6  6 1
  9  0 9 14 2
 18 18 0 44 5

0 extreme rays of recession cone:

6 support hyperplanes of polyhedron (homogenized):
 -1  1   1 0 0
  0  0   1 0 0
  0  1   0 0 0
  3 -1   4 0 0
 15 -2  -1 0 0
 15  7 -10 0 0

2 equations:
 1 0 -1 -2  14
 0 1  2  3 -30

3 basis elements of generated  lattice:
 1 0 -3  2 0
 0 1 -2  1 0
 0 0 18 -2 1

