24 lattice points in polytope (module generators)
0 Hilbert basis elements of recession monoid
15 vertices of polyhedron
0 extreme rays of recession cone
11 support hyperplanes of polyhedron (homogenized)

embedding dimension = 6
affine dimension of the polyhedron = 3
rank of recession monoid = 0 (polyhedron is polytope)

dehomogenization:
0 0 0 0 0 1 


module rank = 24

***********************************************************************

24 lattice points in polytope (module generators):
 0 2 3 4 4 1
 0 2 4 2 5 1
 0 3 2 3 5 1
 0 3 3 1 6 1
 0 4 0 4 5 1
 0 4 1 2 6 1
 0 4 2 0 7 1
 0 5 0 1 7 1
 1 0 4 4 4 1
 1 0 5 2 5 1
 1 0 6 0 6 1
 1 1 3 3 5 1
 1 1 4 1 6 1
 1 2 1 4 5 1
 1 2 2 2 6 1
 1 2 3 0 7 1
 1 3 0 3 6 1
 1 3 1 1 7 1
 2 0 2 4 5 1
 2 0 3 2 6 1
 2 0 4 0 7 1
 2 1 1 3 6 1
 2 1 2 1 7 1
 2 2 0 2 7 1

0 Hilbert basis elements of recession monoid:

15 vertices of polyhedron:
  0  2  3  4  4  1
  0  3  8  7  8  2
  0  3 10  3 10  2
  0  5  0  1  7  1
  0  6  7  0 13  2
  0 10  1  0 15  2
  0 19  0 23 23  5
  1  0  4  4  4  1
  1  0  6  0  6  1
  1  9  0  1 15  2
  1 14  1  0 23  3
  2  2  0  2  7  1
  8  0  8  0 23  3
 19  0 19 46 46 10
 19 19  0 59 59 12

0 extreme rays of recession cone:

11 support hyperplanes of polyhedron (homogenized):
 -1  0  1   1 0 0
 -1  1  1   0 0 0
  0  0  0   1 0 0
  0  0  1   0 0 0
  0  1  0   0 0 0
  1  0  0   0 0 0
  4 -1 10   5 0 0
 20 11  2  -7 0 0
 36  7 -6  13 0 0
 36 23 -6  -3 0 0
 36 23 10 -19 0 0

2 equations:
 1 0 -1 -2 -3  23
 0 1  2  3  4 -36

4 basis elements of generated  lattice:
 1 0 0 -4  3 0
 0 1 0 -3  2 0
 0 0 1 -2  1 0
 0 0 0 16 -3 1

