45 lattice points in polytope (module generators)
0 Hilbert basis elements of recession monoid
91 vertices of polyhedron
0 extreme rays of recession cone
40 support hyperplanes of polyhedron (homogenized)

embedding dimension = 12
affine dimension of the polyhedron = 9
rank of recession monoid = 0 (polyhedron is polytope)

dehomogenization:
0 0 0 0 0 0 0 0 0 0 0 1 


module rank = 45

***********************************************************************

45 lattice points in polytope (module generators):
 0 1 2 1 1 1 1 1 1 1 3 1
 0 2 0 2 1 1 1 1 1 1 3 1
 0 2 1 0 2 1 1 1 1 1 3 1
 0 2 1 1 0 2 1 1 1 1 3 1
 0 2 1 1 1 0 2 1 1 1 3 1
 0 2 1 1 1 1 0 2 1 1 3 1
 0 2 1 1 1 1 1 0 2 1 3 1
 0 2 1 1 1 1 1 1 0 2 3 1
 0 2 1 1 1 1 1 1 1 0 4 1
 1 0 1 2 1 1 1 1 1 1 3 1
 1 0 2 0 2 1 1 1 1 1 3 1
 1 0 2 1 0 2 1 1 1 1 3 1
 1 0 2 1 1 0 2 1 1 1 3 1
 1 0 2 1 1 1 0 2 1 1 3 1
 1 0 2 1 1 1 1 0 2 1 3 1
 1 0 2 1 1 1 1 1 0 2 3 1
 1 0 2 1 1 1 1 1 1 0 4 1
 1 1 0 1 2 1 1 1 1 1 3 1
 1 1 0 2 0 2 1 1 1 1 3 1
 1 1 0 2 1 0 2 1 1 1 3 1
 1 1 0 2 1 1 0 2 1 1 3 1
 1 1 0 2 1 1 1 0 2 1 3 1
 1 1 0 2 1 1 1 1 0 2 3 1
 1 1 0 2 1 1 1 1 1 0 4 1
 1 1 1 0 1 2 1 1 1 1 3 1
 1 1 1 0 2 0 2 1 1 1 3 1
 1 1 1 0 2 1 0 2 1 1 3 1
 1 1 1 0 2 1 1 0 2 1 3 1
 1 1 1 0 2 1 1 1 0 2 3 1
 1 1 1 0 2 1 1 1 1 0 4 1
 1 1 1 1 0 1 2 1 1 1 3 1
 1 1 1 1 0 2 0 2 1 1 3 1
 1 1 1 1 0 2 1 0 2 1 3 1
 1 1 1 1 0 2 1 1 0 2 3 1
 1 1 1 1 0 2 1 1 1 0 4 1
 1 1 1 1 1 0 1 2 1 1 3 1
 1 1 1 1 1 0 2 0 2 1 3 1
 1 1 1 1 1 0 2 1 0 2 3 1
 1 1 1 1 1 0 2 1 1 0 4 1
 1 1 1 1 1 1 0 1 2 1 3 1
 1 1 1 1 1 1 0 2 0 2 3 1
 1 1 1 1 1 1 0 2 1 0 4 1
 1 1 1 1 1 1 1 0 1 2 3 1
 1 1 1 1 1 1 1 0 2 0 4 1
 1 1 1 1 1 1 1 1 0 1 4 1

0 Hilbert basis elements of recession monoid:

91 vertices of polyhedron:
  0  1  2  1  1  1  1  1  1  1  3  1
  0  2  0  2  1  1  1  1  1  1  3  1
  0  2  1  0  2  1  1  1  1  1  3  1
  0  2  1  1  0  2  1  1  1  1  3  1
  0  2  1  1  1  0  2  1  1  1  3  1
  0  2  1  1  1  1  0  2  1  1  3  1
  0  2  1  1  1  1  1  0  2  1  3  1
  0  2  1  1  1  1  1  1  0  2  3  1
  0  2  1  1  1  1  1  1  1  0  4  1
  1  0  1  2  1  1  1  1  1  1  3  1
  1  0  2  0  2  1  1  1  1  1  3  1
  1  0  2  1  0  2  1  1  1  1  3  1
  1  0  2  1  1  0  2  1  1  1  3  1
  1  0  2  1  1  1  0  2  1  1  3  1
  1  0  2  1  1  1  1  0  2  1  3  1
  1  0  2  1  1  1  1  1  0  2  3  1
  1  0  2  1  1  1  1  1  1  0  4  1
  1  0  5  2  2  2  2  2  2  2  6  2
  1  1  0  1  2  1  1  1  1  1  3  1
  1  1  0  2  0  2  1  1  1  1  3  1
  1  1  0  2  1  0  2  1  1  1  3  1
  1  1  0  2  1  1  0  2  1  1  3  1
  1  1  0  2  1  1  1  0  2  1  3  1
  1  1  0  2  1  1  1  1  0  2  3  1
  1  1  0  2  1  1  1  1  1  0  4  1
  1  1  1  0  1  2  1  1  1  1  3  1
  1  1  1  0  2  0  2  1  1  1  3  1
  1  1  1  0  2  1  0  2  1  1  3  1
  1  1  1  0  2  1  1  0  2  1  3  1
  1  1  1  0  2  1  1  1  0  2  3  1
  1  1  1  0  2  1  1  1  1  0  4  1
  1  1  1  1  0  1  2  1  1  1  3  1
  1  1  1  1  0  2  0  2  1  1  3  1
  1  1  1  1  0  2  1  0  2  1  3  1
  1  1  1  1  0  2  1  1  0  2  3  1
  1  1  1  1  0  2  1  1  1  0  4  1
  1  1  1  1  1  0  1  2  1  1  3  1
  1  1  1  1  1  0  2  0  2  1  3  1
  1  1  1  1  1  0  2  1  0  2  3  1
  1  1  1  1  1  0  2  1  1  0  4  1
  1  1  1  1  1  1  0  1  2  1  3  1
  1  1  1  1  1  1  0  2  0  2  3  1
  1  1  1  1  1  1  0  2  1  0  4  1
  1  1  1  1  1  1  1  0  1  2  3  1
  1  1  1  1  1  1  1  0  2  0  4  1
  1  1  1  1  1  1  1  1  0  1  4  1
  2  4  2  0  7  3  3  3  3  3  9  3
  3  2  3  0  7  3  3  3  3  3  9  3
  3  4  5  4  3  0  9  4  4  4 12  4
  3  5  3  5  3  0  9  4  4  4 12  4
  4  3  5  3  4  0  9  4  4  4 12  4
  4  4  0 12  5  5  5  5  5  5 15  5
  4  4  3  4  4  0  9  4  4  4 12  4
  4  5  5  6  5  5  4  0 11  5 15  5
  4  5  6  4  6  5  4  0 11  5 15  5
  4  6  4  6  4  6  4  0 11  5 15  5
  4  6  5  4  5  6  4  0 11  5 15  5
  5  4  5  6  5  4  5  0 11  5 15  5
  5  4  6  4  6  4  5  0 11  5 15  5
  5  5  4  6  4  5  5  0 11  5 15  5
  5  5  5  4  5  5  5  0 11  5 15  5
  5  6  6  6  7  6  6  6  5  0 25  6
  5  6  6  7  5  7  6  6  5  0 25  6
  5  6  7  5  7  5  7  6  5  0 25  6
  5  6  7  6  5  6  7  6  5  0 25  6
  5  7  5  6  7  6  5  7  5  0 25  6
  5  7  5  7  5  7  5  7  5  0 25  6
  5  7  6  5  7  5  6  7  5  0 25  6
  5  7  6  6  5  6  6  7  5  0 25  6
  5  8  8  5  0 16  7  7  7  7 21  7
  6  5  6  6  7  6  6  5  6  0 25  6
  6  5  6  7  5  7  6  5  6  0 25  6
  6  5  7  5  7  5  7  5  6  0 25  6
  6  5  7  6  5  6  7  5  6  0 25  6
  6  6  5  6  7  6  5  6  6  0 25  6
  6  6  5  7  5  7  5  6  6  0 25  6
  6  6  6  5  7  5  6  6  6  0 25  6
  6  6  6  6  5  6  6  6  6  0 25  6
  7  6  6  7  0 16  7  7  7  7 21  7
  7  9 10 10  9  7  0 20  9  9 27  9
  7 11  8  8 11  7  0 20  9  9 27  9
  9  7 10 10  7  9  0 20  9  9 27  9
  9  9  8  8  9  9  0 20  9  9 27  9
  9 11 11 12 12 11 11  9  0 24 33 11
  9 11 13 10 10 13 11  9  0 24 33 11
  9 13  9 12 12  9 13  9  0 24 33 11
  9 13 11 10 10 11 13  9  0 24 33 11
 11  9 11 12 12 11  9 11  0 24 33 11
 11  9 13 10 10 13  9 11  0 24 33 11
 11 11  9 12 12  9 11 11  0 24 33 11
 11 11 11 10 10 11 11 11  0 24 33 11

0 extreme rays of recession cone:

40 support hyperplanes of polyhedron (homogenized):
 -43   9   8   7   6   5   4   3   2   1 0 0
 -33 -35  16  14  12  10   8   6   4   2 0 0
 -23 -26 -29  21  18  15  12   9   6   3 0 0
 -13 -17 -21 -25  24  20  16  12   8   4 0 0
  -3  -8 -13 -18 -23  25  20  15  10   5 0 0
  -1  -1  -1  -1   0   1   1   1   1   1 0 0
  -1  -1  -1  -1   1   1   1   1   1   0 0 0
  -1  -1  -1   0   0   0   1   1   1   1 0 0
  -1  -1  -1   0   0   1   1   1   1   0 0 0
  -1  -1  -1   0   1   1   1   1   0   0 0 0
  -1  -1  -1   1   1   1   1   0   0   0 0 0
  -1  -1   0   0   0   0   0   1   1   1 0 0
  -1  -1   0   0   0   0   1   1   1   0 0 0
  -1  -1   0   0   0   1   1   1   0   0 0 0
  -1  -1   0   0   1   1   1   0   0   0 0 0
  -1  -1   0   1   1   1   0   0   0   0 0 0
  -1  -1   1   1   1   0   0   0   0   0 0 0
  -1   0   0   0   0   0   0   0   1   1 0 0
  -1   0   0   0   0   0   0   1   1   0 0 0
  -1   0   0   0   0   0   1   1   0   0 0 0
  -1   0   0   0   0   1   1   0   0   0 0 0
  -1   0   0   0   1   1   0   0   0   0 0 0
  -1   0   0   1   1   0   0   0   0   0 0 0
  -1   0   1   1   0   0   0   0   0   0 0 0
  -1   1   1   0   0   0   0   0   0   0 0 0
   0   0   0   0   0   0   0   0   0   1 0 0
   0   0   0   0   0   0   0   0   1   0 0 0
   0   0   0   0   0   0   0   1   0   0 0 0
   0   0   0   0   0   0   1   0   0   0 0 0
   0   0   0   0   0   1   0   0   0   0 0 0
   0   0   0   0   1   0   0   0   0   0 0 0
   0   0   0   1   0   0   0   0   0   0 0 0
   0   0   1   0   0   0   0   0   0   0 0 0
   0   1   0   0   0   0   0   0   0   0 0 0
   1   0   0   0   0   0   0   0   0   0 0 0
   7   1  -5 -11 -17 -23  24  18  12   6 0 0
  17  10   3  -4 -11 -18 -25  21  14   7 0 0
  27  19  11   3  -5 -13 -21 -29  16   8 0 0
  37  28  19  10   1  -8 -17 -26 -35   9 0 0
  47  37  27  17   7  -3 -13 -23 -33 -43 0 0

2 equations:
 1 0 -1 -2 -3 -4 -5 -6 -7 -8 -9  64
 0 1  2  3  4  5  6  7  8  9 10 -77

10 basis elements of generated  lattice:
 1 0 0 0 0 0 0 0 0 -10   9 0
 0 1 0 0 0 0 0 0 0  -9   8 0
 0 0 1 0 0 0 0 0 0  -8   7 0
 0 0 0 1 0 0 0 0 0  -7   6 0
 0 0 0 0 1 0 0 0 0  -6   5 0
 0 0 0 0 0 1 0 0 0  -5   4 0
 0 0 0 0 0 0 1 0 0  -4   3 0
 0 0 0 0 0 0 0 1 0  -3   2 0
 0 0 0 0 0 0 0 0 1  -2   1 0
 0 0 0 0 0 0 0 0 0  53 -40 1

