6 lattice points in polytope (module generators)
0 Hilbert basis elements of recession monoid
8 vertices of polyhedron
0 extreme rays of recession cone
8 support hyperplanes of polyhedron (homogenized)

embedding dimension = 6
affine dimension of the polyhedron = 3
rank of recession monoid = 0 (polyhedron is polytope)

dehomogenization:
0 0 0 0 0 1 


module rank = 6

***********************************************************************

6 lattice points in polytope (module generators):
 0 0 2 2 3 1
 0 0 3 0 4 1
 0 1 0 3 3 1
 0 1 1 1 4 1
 0 2 0 0 5 1
 1 0 1 0 5 1

0 Hilbert basis elements of recession monoid:

8 vertices of polyhedron:
 0 0 2  2  3  1
 0 0 3  0  4  1
 0 1 0  3  3  1
 0 2 0  0  5  1
 1 0 1  0  5  1
 1 0 1  6  6  2
 3 3 0  3 19  4
 5 5 0 37 37 12

0 extreme rays of recession cone:

8 support hyperplanes of polyhedron (homogenized):
 -1  0 1  1 0 0
 -1  1 1  0 0 0
  0  0 0  1 0 0
  0  0 1  0 0 0
  0  1 0  0 0 0
  1  0 0  0 0 0
  5  3 1 -1 0 0
 22 15 8 -5 0 0

2 equations:
 1 0 -1 -2 -3  15
 0 1  2  3  4 -22

4 basis elements of generated  lattice:
 1 0 0  2 4 1
 0 1 0  3 3 1
 0 0 1 -2 1 0
 0 0 0  6 1 1

