4 lattice points in polytope (module generators)
0 Hilbert basis elements of recession monoid
2 vertices of polyhedron
0 extreme rays of recession cone
2 support hyperplanes of polyhedron (homogenized)

embedding dimension = 4
affine dimension of the polyhedron = 1
rank of recession monoid = 0 (polyhedron is polytope)

dehomogenization:
0 0 0 1 


module rank = 4

***********************************************************************

4 lattice points in polytope (module generators):
 2 7  8 1
 3 5  9 1
 4 3 10 1
 5 1 11 1

0 Hilbert basis elements of recession monoid:

2 vertices of polyhedron:
  5 23 23 3
 11  0 23 2

0 extreme rays of recession cone:

2 support hyperplanes of polyhedron (homogenized):
  0  1 0 0
 23 -5 0 0

2 equations:
 1 0 -1   6
 0 1  2 -23

2 basis elements of generated  lattice:
 1 -2 1 0
 0 11 6 1

