49 Hilbert basis elements
47 extreme rays
24 support hyperplanes

embedding dimension = 7
rank = 7 (maximal)
external index = 1

size of partial triangulation   = 6
resulting sum of |det|s = 11

No implicit grading found

rank of class group = 17
class group is free

***********************************************************************

49 Hilbert basis elements:
 0 0 0 0 0 0 1
 0 0 0 0 0 1 1
 0 0 0 0 1 0 1
 0 0 0 0 1 1 1
 0 0 0 1 0 0 1
 0 0 0 1 0 1 1
 0 0 0 1 1 1 1
 0 0 1 0 0 0 1
 0 0 1 0 0 1 1
 0 0 1 0 1 0 1
 0 0 1 0 1 1 1
 0 0 1 1 0 1 1
 0 0 1 1 1 1 1
 0 1 0 0 1 0 1
 0 1 0 0 1 1 1
 0 1 0 1 0 0 2
 0 1 0 1 0 1 1
 0 1 0 1 1 1 1
 0 1 1 0 0 1 1
 0 1 1 0 1 1 1
 0 1 1 1 1 0 2
 0 1 1 1 1 1 1
 0 2 0 1 1 0 2
 0 2 0 2 1 1 2
 0 2 1 1 1 1 2
 1 0 1 0 1 0 1
 1 0 1 0 1 1 1
 1 0 1 1 0 1 1
 1 0 1 1 1 1 1
 1 1 0 1 1 0 2
 1 1 0 1 1 1 1
 1 1 0 2 0 1 2
 1 1 0 2 0 2 2
 1 1 1 0 1 1 1
 1 1 1 1 0 1 2
 1 1 1 1 0 2 2
 1 1 1 1 1 0 2
 1 1 1 1 1 1 1
 1 2 0 2 1 0 3
 1 2 0 2 1 1 2
 1 2 1 1 1 1 2
 2 1 1 1 1 1 2
 2 1 1 1 1 2 2
 2 1 1 2 0 2 2
 2 1 1 2 1 1 2
 2 2 0 3 1 1 3
 2 2 1 2 1 1 3
 2 2 1 2 1 2 2
 3 2 1 3 1 2 3

47 extreme rays:
 0 0 0 0 0 0 1
 0 0 0 0 0 1 1
 0 0 0 0 1 0 1
 0 0 0 0 1 1 1
 0 0 0 1 0 0 1
 0 0 0 1 0 1 1
 0 0 0 1 1 1 1
 0 0 1 0 0 0 1
 0 0 1 0 0 1 1
 0 0 1 0 1 0 1
 0 0 1 0 1 1 1
 0 0 1 1 0 1 1
 0 0 1 1 1 1 1
 0 1 0 0 1 0 1
 0 1 0 0 1 1 1
 0 1 0 1 0 0 2
 0 1 0 1 0 1 1
 0 1 0 1 1 1 1
 0 1 1 0 0 1 1
 0 1 1 0 1 1 1
 0 1 1 1 1 0 2
 0 1 1 1 1 1 1
 0 2 0 1 1 0 2
 0 2 0 2 1 1 2
 1 0 1 0 1 0 1
 1 0 1 0 1 1 1
 1 0 1 1 0 1 1
 1 0 1 1 1 1 1
 1 1 0 1 1 0 2
 1 1 0 1 1 1 1
 1 1 0 2 0 1 2
 1 1 0 2 0 2 2
 1 1 1 0 1 1 1
 1 1 1 1 0 1 2
 1 1 1 1 1 0 2
 1 1 1 1 1 1 1
 1 2 0 2 1 0 3
 1 2 0 2 1 1 2
 1 2 1 1 1 1 2
 2 1 1 1 1 1 2
 2 1 1 1 1 2 2
 2 1 1 2 0 2 2
 2 1 1 2 1 1 2
 2 2 0 3 1 1 3
 2 2 1 2 1 1 3
 2 2 1 2 1 2 2
 3 2 1 3 1 2 3

24 support hyperplanes:
 -1 -1 -1  0  1  1 1
 -1 -1  0  0  0  1 1
 -1 -1  0  1  1  1 0
 -1 -1  1  1  1  0 0
 -1  0  0  0  0  0 1
 -1  0  0  0  1  1 0
 -1  0  0  1  1  0 0
 -1  0  1  1  0  0 0
 -1  1  1  0  0  0 0
  0 -1 -1 -1  1  1 1
  0 -1 -1  0  0  1 1
  0 -1  0  0  0  0 1
  0  0 -1 -1  0  1 1
  0  0 -1  0  0  0 1
  0  0  0 -1 -1  1 1
  0  0  0 -1  0  0 1
  0  0  0  0 -1  0 1
  0  0  0  0  0 -1 1
  0  0  0  0  0  1 0
  0  0  0  0  1  0 0
  0  0  0  1  0  0 0
  0  0  1  0  0  0 0
  0  1  0  0  0  0 0
  1  0  0  0  0  0 0

