16 lattice points in polytope (module generators)
0 Hilbert basis elements of recession monoid
19 vertices of polyhedron
0 extreme rays of recession cone
12 support hyperplanes of polyhedron (homogenized)

embedding dimension = 6
affine dimension of the polyhedron = 3
rank of recession monoid = 0 (polyhedron is polytope)

dehomogenization:
0 0 0 0 0 1 


module rank = 16

***********************************************************************

16 lattice points in polytope (module generators):
 6 7 5 6  7 1
 7 5 6 6  7 1
 7 5 7 4  8 1
 7 6 4 7  7 1
 7 6 5 5  8 1
 7 7 3 6  8 1
 8 3 8 4  8 1
 8 4 6 5  8 1
 8 4 7 3  9 1
 8 5 4 6  8 1
 8 5 5 4  9 1
 8 6 2 7  8 1
 8 6 3 5  9 1
 9 2 8 3  9 1
 9 3 6 4  9 1
 9 3 7 2 10 1

0 Hilbert basis elements of recession monoid:

19 vertices of polyhedron:
  6  7  5  6  7 1
  7  5  7  4  8 1
  7  6  4  7  7 1
  8  3  8  4  8 1
  8  6  2  7  8 1
  8  6  3  5  9 1
  9  2  8  3  9 1
  9  3  6  4  9 1
  9  3  7  2 10 1
 12 13 12 11 14 2
 13 14  7 14 14 2
 13 15  6 13 15 2
 14  9 14 11 14 2
 14  9 15  9 15 2
 15 13  4 15 15 2
 18  7 11  7 19 2
 26 21 28 21 28 4
 27 29 10 29 29 4
 33 23 10 23 35 4

0 extreme rays of recession cone:

12 support hyperplanes of polyhedron (homogenized):
 -25  27  18   9 0 0
  -5 -19  28  14 0 0
  -1   0   1   1 0 0
  -1   1   1   0 0 0
   2 -29   1  31 0 0
   2  32   1 -30 0 0
  15  -4 -23  19 0 0
  35  11 -13 -37 0 0
  63 -29 -60  31 0 0
  63 -29   1 -30 0 0
  63  32 -60 -30 0 0
  63  32   1 -91 0 0

2 equations:
 1 0 -1 -2 -3  32
 0 1  2  3  4 -63

4 basis elements of generated  lattice:
 1 0 0 -4   3 0
 0 1 0 -3   2 0
 0 0 1 -2   1 0
 0 0 0 61 -30 1

