3 lattice points in polytope (module generators)
0 Hilbert basis elements of recession monoid
2 vertices of polyhedron
0 extreme rays of recession cone
2 support hyperplanes of polyhedron (homogenized)

embedding dimension = 4
affine dimension of the polyhedron = 1
rank of recession monoid = 0 (polyhedron is polytope)

dehomogenization:
0 0 0 1 


module rank = 3

***********************************************************************

3 lattice points in polytope (module generators):
 5 6 6 1
 6 4 7 1
 7 2 8 1

0 Hilbert basis elements of recession monoid:

2 vertices of polyhedron:
 5 6 6 1
 7 2 8 1

0 extreme rays of recession cone:

2 support hyperplanes of polyhedron (homogenized):
 -2  7 0 0
  6 -5 0 0

2 equations:
 1 0 -1   1
 0 1  2 -18

2 basis elements of generated  lattice:
 1 -2 1 0
 0 16 1 1

