18 lattice points in polytope (module generators)
0 Hilbert basis elements of recession monoid
13 vertices of polyhedron
0 extreme rays of recession cone
10 support hyperplanes of polyhedron (homogenized)

embedding dimension = 6
affine dimension of the polyhedron = 3
rank of recession monoid = 0 (polyhedron is polytope)

dehomogenization:
0 0 0 0 0 1 


module rank = 18

***********************************************************************

18 lattice points in polytope (module generators):
 3 3 5 3 5 1
 3 4 3 4 5 1
 3 4 4 2 6 1
 3 5 1 5 5 1
 3 5 2 3 6 1
 3 5 3 1 7 1
 4 2 4 4 5 1
 4 2 5 2 6 1
 4 3 2 5 5 1
 4 3 3 3 6 1
 4 3 4 1 7 1
 4 4 1 4 6 1
 4 4 2 2 7 1
 5 0 5 4 5 1
 5 0 6 2 6 1
 5 1 4 3 6 1
 5 1 5 1 7 1
 5 2 3 2 7 1

0 Hilbert basis elements of recession monoid:

13 vertices of polyhedron:
  3  3  5  3  5 1
  3  5  1  5  5 1
  3  5  3  1  7 1
  5  0  5  4  5 1
  5  0  6  2  6 1
  5  2  3  2  7 1
  7  9  6  1 15 2
  9  4  5 10 10 2
  9  7  2  7 13 2
 10  3  9  1 15 2
 11 25 17 17 25 5
 11 29 13 13 29 5
 33 31  2 43 43 8

0 extreme rays of recession cone:

10 support hyperplanes of polyhedron (homogenized):
 -14  15  10   5 0 0
  -1  -5   8   4 0 0
  -1   0   1   1 0 0
  -1   1   1   0 0 0
  10  -1 -12  11 0 0
  11   4  -3 -10 0 0
  42 -11 -30  19 0 0
  42 -11   4 -15 0 0
  42  23 -30 -15 0 0
  42  23   4 -49 0 0

2 equations:
 1 0 -1 -2 -3  23
 0 1  2  3  4 -42

4 basis elements of generated  lattice:
 1 0 0 -4   3 0
 0 1 0 -3   2 0
 0 0 1 -2   1 0
 0 0 0 34 -15 1

