15 lattice points in polytope (module generators)
0 Hilbert basis elements of recession monoid
25 vertices of polyhedron
0 extreme rays of recession cone
18 support hyperplanes of polyhedron (homogenized)

embedding dimension = 8
affine dimension of the polyhedron = 5
rank of recession monoid = 0 (polyhedron is polytope)

dehomogenization:
0 0 0 0 0 0 0 1 


module rank = 15

***********************************************************************

15 lattice points in polytope (module generators):
 0 1 2 1 1 1 3 1
 0 2 0 2 1 1 3 1
 0 2 1 0 2 1 3 1
 0 2 1 1 0 2 3 1
 0 2 1 1 1 0 4 1
 1 0 1 2 1 1 3 1
 1 0 2 0 2 1 3 1
 1 0 2 1 0 2 3 1
 1 0 2 1 1 0 4 1
 1 1 0 1 2 1 3 1
 1 1 0 2 0 2 3 1
 1 1 0 2 1 0 4 1
 1 1 1 0 1 2 3 1
 1 1 1 0 2 0 4 1
 1 1 1 1 0 1 4 1

0 Hilbert basis elements of recession monoid:

25 vertices of polyhedron:
 0 1 2  1 1  1  3 1
 0 2 0  2 1  1  3 1
 0 2 1  0 2  1  3 1
 0 2 1  1 0  2  3 1
 0 2 1  1 1  0  4 1
 1 0 1  2 1  1  3 1
 1 0 2  0 2  1  3 1
 1 0 2  1 0  2  3 1
 1 0 2  1 1  0  4 1
 1 0 5  2 2  2  6 2
 1 1 0  1 2  1  3 1
 1 1 0  2 0  2  3 1
 1 1 0  2 1  0  4 1
 1 1 1  0 1  2  3 1
 1 1 1  0 2  0  4 1
 1 1 1  1 0  1  4 1
 2 4 2  0 7  3  9 3
 3 2 3  0 7  3  9 3
 3 4 5  4 3  0 17 4
 3 5 3  5 3  0 17 4
 4 3 5  3 4  0 17 4
 4 4 0 12 5  5 15 5
 4 4 3  4 4  0 17 4
 5 8 8  5 0 16 21 7
 7 6 6  7 0 16 21 7

0 extreme rays of recession cone:

18 support hyperplanes of polyhedron (homogenized):
 -13  5  4  3  2   1 0 0
  -7 -9  8  6  4   2 0 0
  -1 -4 -7  9  6   3 0 0
  -1 -1  0  1  1   1 0 0
  -1 -1  1  1  1   0 0 0
  -1  0  0  0  1   1 0 0
  -1  0  0  1  1   0 0 0
  -1  0  1  1  0   0 0 0
  -1  1  1  0  0   0 0 0
   0  0  0  0  0   1 0 0
   0  0  0  0  1   0 0 0
   0  0  0  1  0   0 0 0
   0  0  1  0  0   0 0 0
   0  1  0  0  0   0 0 0
   1  0  0  0  0   0 0 0
   5  1 -3 -7  8   4 0 0
  11  6  1 -4 -9   5 0 0
  17 11  5 -1 -7 -13 0 0

2 equations:
 1 0 -1 -2 -3 -4 -5  26
 0 1  2  3  4  5  6 -35

6 basis elements of generated  lattice:
 1 0 0 0 0 -6   5 0
 0 1 0 0 0 -5   4 0
 0 0 1 0 0 -4   3 0
 0 0 0 1 0 -3   2 0
 0 0 0 0 1 -2   1 0
 0 0 0 0 0 19 -10 1

