4 lattice points in polytope (module generators)
0 Hilbert basis elements of recession monoid
16 vertices of polyhedron
0 extreme rays of recession cone
9 support hyperplanes of polyhedron (homogenized)

embedding dimension = 7
affine dimension of the polyhedron = 4
rank of recession monoid = 0 (polyhedron is polytope)

dehomogenization:
0 0 0 0 0 0 1 


module rank = 4

***********************************************************************

4 lattice points in polytope (module generators):
 6 4 4 5 4 6 1
 6 5 3 4 5 6 1
 7 3 4 5 3 7 1
 7 4 3 4 4 7 1

0 Hilbert basis elements of recession monoid:

16 vertices of polyhedron:
  6  4  4  5  4  6 1
  6  5  3  4  5  6 1
  7  3  4  5  3  7 1
  7  4  3  4  4  7 1
 11  9  9  9  8 12 2
 11 11  7  7 10 12 2
 12  7 10  9  8 12 2
 12 10  7  6 11 12 2
 13  9  7  6 10 13 2
 13  9  7  7  8 14 2
 14  5 10  9  6 14 2
 14  6  9  9  5 15 2
 27 17 14 13 17 28 4
 28 15 15 13 17 28 4
 28 15 15 15 13 30 4
 56 31 29 27 31 58 8

0 extreme rays of recession cone:

9 support hyperplanes of polyhedron (homogenized):
 -37  28  21  14   7 0 0
 -17 -28  33  22  11 0 0
  -1  -1   1   1   1 0 0
  -1   0   1   1   0 0 0
   1 -28 -57  58  29 0 0
   1 -28  15 -14  29 0 0
   1  44  15 -14 -43 0 0
  23   4 -15 -34  19 0 0
  43  20  -3 -26 -49 0 0

2 equations:
 1 0 -1 -2 -3 -4  44
 0 1  2  3  4  5 -73

5 basis elements of generated  lattice:
 1 0 0 0 -5   4 0
 0 1 0 0 -4   3 0
 0 0 1 0 -3   2 0
 0 0 0 1 -2   1 0
 0 0 0 0 72 -43 1

