3 lattice points in polytope (module generators)
0 Hilbert basis elements of recession monoid
3 vertices of polyhedron
0 extreme rays of recession cone
3 support hyperplanes of polyhedron (homogenized)

embedding dimension = 5
affine dimension of the polyhedron = 2
rank of recession monoid = 0 (polyhedron is polytope)

dehomogenization:
0 0 0 0 1 


module rank = 3

***********************************************************************

3 lattice points in polytope (module generators):
 4 4 3 5 1
 5 2 4 5 1
 5 3 2 6 1

0 Hilbert basis elements of recession monoid:

3 vertices of polyhedron:
 4 4 3 5 1
 5 2 4 5 1
 5 3 2 6 1

0 extreme rays of recession cone:

3 support hyperplanes of polyhedron (homogenized):
 -8 10   5 0 0
  1 -7   8 0 0
 10 -1 -12 0 0

2 equations:
 1 0 -1 -2   9
 0 1  2  3 -25

3 basis elements of generated  lattice:
 1 0 -3  2 0
 0 1 -2  1 0
 0 0 23 -7 1

