5 lattice points in polytope (module generators)
0 Hilbert basis elements of recession monoid
4 vertices of polyhedron
0 extreme rays of recession cone
4 support hyperplanes of polyhedron (homogenized)

embedding dimension = 5
affine dimension of the polyhedron = 2
rank of recession monoid = 0 (polyhedron is polytope)

dehomogenization:
0 0 0 0 1 


module rank = 5

***********************************************************************

5 lattice points in polytope (module generators):
 1 4 2 4 1
 2 2 3 4 1
 2 3 1 5 1
 3 0 4 4 1
 3 1 2 5 1

0 Hilbert basis elements of recession monoid:

4 vertices of polyhedron:
 1 4 2  4 1
 3 0 4  4 1
 3 1 2  5 1
 8 7 1 17 3

0 extreme rays of recession cone:

4 support hyperplanes of polyhedron (homogenized):
 -4  6  3 0 0
 -1  1  1 0 0
  2 -3  5 0 0
  8  1 -6 0 0

2 equations:
 1 0 -1 -2   9
 0 1  2  3 -20

3 basis elements of generated  lattice:
 1 0 -3  2 0
 0 1 -2  1 0
 0 0 13 -2 1

