3 lattice points in polytope (module generators)
0 Hilbert basis elements of recession monoid
2 vertices of polyhedron
0 extreme rays of recession cone
2 support hyperplanes of polyhedron (homogenized)

embedding dimension = 4
affine dimension of the polyhedron = 1
rank of recession monoid = 0 (polyhedron is polytope)

dehomogenization:
0 0 0 1 


module rank = 3

***********************************************************************

3 lattice points in polytope (module generators):
 3 4 6 1
 4 2 7 1
 5 0 8 1

0 Hilbert basis elements of recession monoid:

2 vertices of polyhedron:
 5  0  8 1
 7 16 16 3

0 extreme rays of recession cone:

2 support hyperplanes of polyhedron (homogenized):
  0  1 0 0
 16 -7 0 0

2 equations:
 1 0 -1   3
 0 1  2 -16

2 basis elements of generated  lattice:
 1 -2 1 0
 0 10 3 1

