493 lattice points in polytope (module generators)
0 Hilbert basis elements of recession monoid
6 vertices of polyhedron
0 extreme rays of recession cone
6 support hyperplanes of polyhedron (homogenized)

embedding dimension = 5
affine dimension of the polyhedron = 2
rank of recession monoid = 0 (polyhedron is polytope)

dehomogenization:
0 0 0 0 1 


module rank = 493

***********************************************************************

493 lattice points in polytope (module generators):
 6  0  6 48 1
 6  0  7 47 1
 6  0  8 46 1
 6  0  9 45 1
 6  0 10 44 1
 6  0 11 43 1
 6  0 12 42 1
 6  0 13 41 1
 6  0 14 40 1
 6  0 15 39 1
 6  0 16 38 1
 6  0 17 37 1
 6  0 18 36 1
 6  0 19 35 1
 6  0 20 34 1
 6  0 21 33 1
 6  0 22 32 1
 6  0 23 31 1
 6  0 24 30 1
 6  0 25 29 1
 6  0 26 28 1
 6  0 27 27 1
 6  1  5 48 1
 6  1  6 47 1
 6  1  7 46 1
 6  1  8 45 1
 6  1  9 44 1
 6  1 10 43 1
 6  1 11 42 1
 6  1 12 41 1
 6  1 13 40 1
 6  1 14 39 1
 6  1 15 38 1
 6  1 16 37 1
 6  1 17 36 1
 6  1 18 35 1
 6  1 19 34 1
 6  1 20 33 1
 6  1 21 32 1
 6  1 22 31 1
 6  1 23 30 1
 6  1 24 29 1
 6  1 25 28 1
 6  1 26 27 1
 6  2  4 48 1
 6  2  5 47 1
 6  2  6 46 1
 6  2  7 45 1
 6  2  8 44 1
 6  2  9 43 1
 6  2 10 42 1
 6  2 11 41 1
 6  2 12 40 1
 6  2 13 39 1
 6  2 14 38 1
 6  2 15 37 1
 6  2 16 36 1
 6  2 17 35 1
 6  2 18 34 1
 6  2 19 33 1
 6  2 20 32 1
 6  2 21 31 1
 6  2 22 30 1
 6  2 23 29 1
 6  2 24 28 1
 6  2 25 27 1
 6  2 26 26 1
 6  3  3 48 1
 6  3  4 47 1
 6  3  5 46 1
 6  3  6 45 1
 6  3  7 44 1
 6  3  8 43 1
 6  3  9 42 1
 6  3 10 41 1
 6  3 11 40 1
 6  3 12 39 1
 6  3 13 38 1
 6  3 14 37 1
 6  3 15 36 1
 6  3 16 35 1
 6  3 17 34 1
 6  3 18 33 1
 6  3 19 32 1
 6  3 20 31 1
 6  3 21 30 1
 6  3 22 29 1
 6  3 23 28 1
 6  3 24 27 1
 6  3 25 26 1
 6  4  2 48 1
 6  4  3 47 1
 6  4  4 46 1
 6  4  5 45 1
 6  4  6 44 1
 6  4  7 43 1
 6  4  8 42 1
 6  4  9 41 1
 6  4 10 40 1
 6  4 11 39 1
 6  4 12 38 1
 6  4 13 37 1
 6  4 14 36 1
 6  4 15 35 1
 6  4 16 34 1
 6  4 17 33 1
 6  4 18 32 1
 6  4 19 31 1
 6  4 20 30 1
 6  4 21 29 1
 6  4 22 28 1
 6  4 23 27 1
 6  4 24 26 1
 6  4 25 25 1
 6  5  1 48 1
 6  5  2 47 1
 6  5  3 46 1
 6  5  4 45 1
 6  5  5 44 1
 6  5  6 43 1
 6  5  7 42 1
 6  5  8 41 1
 6  5  9 40 1
 6  5 10 39 1
 6  5 11 38 1
 6  5 12 37 1
 6  5 13 36 1
 6  5 14 35 1
 6  5 15 34 1
 6  5 16 33 1
 6  5 17 32 1
 6  5 18 31 1
 6  5 19 30 1
 6  5 20 29 1
 6  5 21 28 1
 6  5 22 27 1
 6  5 23 26 1
 6  5 24 25 1
 6  6  0 48 1
 6  6  1 47 1
 6  6  2 46 1
 6  6  3 45 1
 6  6  4 44 1
 6  6  5 43 1
 6  6  6 42 1
 6  6  7 41 1
 6  6  8 40 1
 6  6  9 39 1
 6  6 10 38 1
 6  6 11 37 1
 6  6 12 36 1
 6  6 13 35 1
 6  6 14 34 1
 6  6 15 33 1
 6  6 16 32 1
 6  6 17 31 1
 6  6 18 30 1
 6  6 19 29 1
 6  6 20 28 1
 6  6 21 27 1
 6  6 22 26 1
 6  6 23 25 1
 6  6 24 24 1
 6  7  0 47 1
 6  7  1 46 1
 6  7  2 45 1
 6  7  3 44 1
 6  7  4 43 1
 6  7  5 42 1
 6  7  6 41 1
 6  7  7 40 1
 6  7  8 39 1
 6  7  9 38 1
 6  7 10 37 1
 6  7 11 36 1
 6  7 12 35 1
 6  7 13 34 1
 6  7 14 33 1
 6  7 15 32 1
 6  7 16 31 1
 6  7 17 30 1
 6  7 18 29 1
 6  7 19 28 1
 6  7 20 27 1
 6  7 21 26 1
 6  7 22 25 1
 6  7 23 24 1
 6  8  0 46 1
 6  8  1 45 1
 6  8  2 44 1
 6  8  3 43 1
 6  8  4 42 1
 6  8  5 41 1
 6  8  6 40 1
 6  8  7 39 1
 6  8  8 38 1
 6  8  9 37 1
 6  8 10 36 1
 6  8 11 35 1
 6  8 12 34 1
 6  8 13 33 1
 6  8 14 32 1
 6  8 15 31 1
 6  8 16 30 1
 6  8 17 29 1
 6  8 18 28 1
 6  8 19 27 1
 6  8 20 26 1
 6  8 21 25 1
 6  8 22 24 1
 6  8 23 23 1
 6  9  0 45 1
 6  9  1 44 1
 6  9  2 43 1
 6  9  3 42 1
 6  9  4 41 1
 6  9  5 40 1
 6  9  6 39 1
 6  9  7 38 1
 6  9  8 37 1
 6  9  9 36 1
 6  9 10 35 1
 6  9 11 34 1
 6  9 12 33 1
 6  9 13 32 1
 6  9 14 31 1
 6  9 15 30 1
 6  9 16 29 1
 6  9 17 28 1
 6  9 18 27 1
 6  9 19 26 1
 6  9 20 25 1
 6  9 21 24 1
 6  9 22 23 1
 6 10  0 44 1
 6 10  1 43 1
 6 10  2 42 1
 6 10  3 41 1
 6 10  4 40 1
 6 10  5 39 1
 6 10  6 38 1
 6 10  7 37 1
 6 10  8 36 1
 6 10  9 35 1
 6 10 10 34 1
 6 10 11 33 1
 6 10 12 32 1
 6 10 13 31 1
 6 10 14 30 1
 6 10 15 29 1
 6 10 16 28 1
 6 10 17 27 1
 6 10 18 26 1
 6 10 19 25 1
 6 10 20 24 1
 6 10 21 23 1
 6 10 22 22 1
 6 11  0 43 1
 6 11  1 42 1
 6 11  2 41 1
 6 11  3 40 1
 6 11  4 39 1
 6 11  5 38 1
 6 11  6 37 1
 6 11  7 36 1
 6 11  8 35 1
 6 11  9 34 1
 6 11 10 33 1
 6 11 11 32 1
 6 11 12 31 1
 6 11 13 30 1
 6 11 14 29 1
 6 11 15 28 1
 6 11 16 27 1
 6 11 17 26 1
 6 11 18 25 1
 6 11 19 24 1
 6 11 20 23 1
 6 11 21 22 1
 6 12  0 42 1
 6 12  1 41 1
 6 12  2 40 1
 6 12  3 39 1
 6 12  4 38 1
 6 12  5 37 1
 6 12  6 36 1
 6 12  7 35 1
 6 12  8 34 1
 6 12  9 33 1
 6 12 10 32 1
 6 12 11 31 1
 6 12 12 30 1
 6 12 13 29 1
 6 12 14 28 1
 6 12 15 27 1
 6 12 16 26 1
 6 12 17 25 1
 6 12 18 24 1
 6 12 19 23 1
 6 12 20 22 1
 6 12 21 21 1
 6 13  0 41 1
 6 13  1 40 1
 6 13  2 39 1
 6 13  3 38 1
 6 13  4 37 1
 6 13  5 36 1
 6 13  6 35 1
 6 13  7 34 1
 6 13  8 33 1
 6 13  9 32 1
 6 13 10 31 1
 6 13 11 30 1
 6 13 12 29 1
 6 13 13 28 1
 6 13 14 27 1
 6 13 15 26 1
 6 13 16 25 1
 6 13 17 24 1
 6 13 18 23 1
 6 13 19 22 1
 6 13 20 21 1
 6 14  0 40 1
 6 14  1 39 1
 6 14  2 38 1
 6 14  3 37 1
 6 14  4 36 1
 6 14  5 35 1
 6 14  6 34 1
 6 14  7 33 1
 6 14  8 32 1
 6 14  9 31 1
 6 14 10 30 1
 6 14 11 29 1
 6 14 12 28 1
 6 14 13 27 1
 6 14 14 26 1
 6 14 15 25 1
 6 14 16 24 1
 6 14 17 23 1
 6 14 18 22 1
 6 14 19 21 1
 6 14 20 20 1
 6 15  0 39 1
 6 15  1 38 1
 6 15  2 37 1
 6 15  3 36 1
 6 15  4 35 1
 6 15  5 34 1
 6 15  6 33 1
 6 15  7 32 1
 6 15  8 31 1
 6 15  9 30 1
 6 15 10 29 1
 6 15 11 28 1
 6 15 12 27 1
 6 15 13 26 1
 6 15 14 25 1
 6 15 15 24 1
 6 15 16 23 1
 6 15 17 22 1
 6 15 18 21 1
 6 15 19 20 1
 6 16  0 38 1
 6 16  1 37 1
 6 16  2 36 1
 6 16  3 35 1
 6 16  4 34 1
 6 16  5 33 1
 6 16  6 32 1
 6 16  7 31 1
 6 16  8 30 1
 6 16  9 29 1
 6 16 10 28 1
 6 16 11 27 1
 6 16 12 26 1
 6 16 13 25 1
 6 16 14 24 1
 6 16 15 23 1
 6 16 16 22 1
 6 16 17 21 1
 6 16 18 20 1
 6 16 19 19 1
 6 17  0 37 1
 6 17  1 36 1
 6 17  2 35 1
 6 17  3 34 1
 6 17  4 33 1
 6 17  5 32 1
 6 17  6 31 1
 6 17  7 30 1
 6 17  8 29 1
 6 17  9 28 1
 6 17 10 27 1
 6 17 11 26 1
 6 17 12 25 1
 6 17 13 24 1
 6 17 14 23 1
 6 17 15 22 1
 6 17 16 21 1
 6 17 17 20 1
 6 17 18 19 1
 6 18  0 36 1
 6 18  1 35 1
 6 18  2 34 1
 6 18  3 33 1
 6 18  4 32 1
 6 18  5 31 1
 6 18  6 30 1
 6 18  7 29 1
 6 18  8 28 1
 6 18  9 27 1
 6 18 10 26 1
 6 18 11 25 1
 6 18 12 24 1
 6 18 13 23 1
 6 18 14 22 1
 6 18 15 21 1
 6 18 16 20 1
 6 18 17 19 1
 6 18 18 18 1
 6 19  0 35 1
 6 19  1 34 1
 6 19  2 33 1
 6 19  3 32 1
 6 19  4 31 1
 6 19  5 30 1
 6 19  6 29 1
 6 19  7 28 1
 6 19  8 27 1
 6 19  9 26 1
 6 19 10 25 1
 6 19 11 24 1
 6 19 12 23 1
 6 19 13 22 1
 6 19 14 21 1
 6 19 15 20 1
 6 19 16 19 1
 6 20  0 34 1
 6 20  1 33 1
 6 20  2 32 1
 6 20  3 31 1
 6 20  4 30 1
 6 20  5 29 1
 6 20  6 28 1
 6 20  7 27 1
 6 20  8 26 1
 6 20  9 25 1
 6 20 10 24 1
 6 20 11 23 1
 6 20 12 22 1
 6 20 13 21 1
 6 20 14 20 1
 6 21  0 33 1
 6 21  1 32 1
 6 21  2 31 1
 6 21  3 30 1
 6 21  4 29 1
 6 21  5 28 1
 6 21  6 27 1
 6 21  7 26 1
 6 21  8 25 1
 6 21  9 24 1
 6 21 10 23 1
 6 21 11 22 1
 6 21 12 21 1
 6 22  0 32 1
 6 22  1 31 1
 6 22  2 30 1
 6 22  3 29 1
 6 22  4 28 1
 6 22  5 27 1
 6 22  6 26 1
 6 22  7 25 1
 6 22  8 24 1
 6 22  9 23 1
 6 22 10 22 1
 6 23  0 31 1
 6 23  1 30 1
 6 23  2 29 1
 6 23  3 28 1
 6 23  4 27 1
 6 23  5 26 1
 6 23  6 25 1
 6 23  7 24 1
 6 23  8 23 1
 6 24  0 30 1
 6 24  1 29 1
 6 24  2 28 1
 6 24  3 27 1
 6 24  4 26 1
 6 24  5 25 1
 6 24  6 24 1

0 Hilbert basis elements of recession monoid:

6 vertices of polyhedron:
 6  0  6 48 1
 6  0 27 27 1
 6  6  0 48 1
 6 18 18 18 1
 6 24  0 30 1
 6 24  6 24 1

0 extreme rays of recession cone:

6 support hyperplanes of polyhedron (homogenized):
 -1  1  1 0 0
  0  0  1 0 0
  0  1  0 0 0
  4 -1  0 0 0
  9 -2 -1 0 0
  9 -1 -2 0 0

2 equations:
 1 0 0 0  -6
 0 1 1 1 -54

3 basis elements of generated  lattice:
 6 0 0 54 1
 0 1 0 -1 0
 0 0 1 -1 0

