9 lattice points in polytope (module generators)
0 Hilbert basis elements of recession monoid
7 vertices of polyhedron
0 extreme rays of recession cone
7 support hyperplanes of polyhedron (homogenized)

embedding dimension = 5
affine dimension of the polyhedron = 2
rank of recession monoid = 0 (polyhedron is polytope)

dehomogenization:
0 0 0 0 1 


module rank = 9

***********************************************************************

9 lattice points in polytope (module generators):
 2 4 5 5 1
 2 5 3 6 1
 2 6 1 7 1
 3 3 4 6 1
 3 4 2 7 1
 3 5 0 8 1
 4 1 5 6 1
 4 2 3 7 1
 4 3 1 8 1

0 Hilbert basis elements of recession monoid:

7 vertices of polyhedron:
  2  4  5  5 1
  3  5  0  8 1
  3 10  9 10 2
  3 13  3 13 2
 19  0 19 26 4
 19 19  0 42 5
 22  0 29 29 5

0 extreme rays of recession cone:

7 support hyperplanes of polyhedron (homogenized):
 -1  1   1 0 0
  0  0   1 0 0
  0  1   0 0 0
  5 -3   8 0 0
 14  3  -8 0 0
 29 -6  -3 0 0
 29 13 -22 0 0

2 equations:
 1 0 -1 -2  13
 0 1  2  3 -29

3 basis elements of generated  lattice:
 1 0 -3  2 0
 0 1 -2  1 0
 0 0 19 -3 1

