21 lattice points in polytope (module generators)
0 Hilbert basis elements of recession monoid
73 vertices of polyhedron
0 extreme rays of recession cone
18 support hyperplanes of polyhedron (homogenized)

embedding dimension = 8
affine dimension of the polyhedron = 5
rank of recession monoid = 0 (polyhedron is polytope)

dehomogenization:
0 0 0 0 0 0 0 1 


module rank = 21

***********************************************************************

21 lattice points in polytope (module generators):
 0 0 3 1 1 1 3 1
 0 1 1 2 1 1 3 1
 0 1 2 0 2 1 3 1
 0 1 2 1 0 2 3 1
 0 1 2 1 1 0 4 1
 0 2 0 1 2 1 3 1
 0 2 0 2 0 2 3 1
 0 2 0 2 1 0 4 1
 0 2 1 0 1 2 3 1
 0 2 1 0 2 0 4 1
 0 2 1 1 0 1 4 1
 1 0 1 1 2 1 3 1
 1 0 1 2 0 2 3 1
 1 0 1 2 1 0 4 1
 1 0 2 0 1 2 3 1
 1 0 2 0 2 0 4 1
 1 0 2 1 0 1 4 1
 1 1 0 1 1 2 3 1
 1 1 0 1 2 0 4 1
 1 1 0 2 0 1 4 1
 1 1 1 0 1 1 4 1

0 Hilbert basis elements of recession monoid:

73 vertices of polyhedron:
  0  0  3  1  1  1  3  1
  0  1  2  0  2  1  3  1
  0  1  2  1  0  2  3  1
  0  1  2  1  1  0  4  1
  0  2  0  1  2  1  3  1
  0  2  0  2  0  2  3  1
  0  2  0  2  1  0  4  1
  0  2  1  0  1  2  3  1
  0  2  1  0  2  0  4  1
  0  2  1  1  0  1  4  1
  0  3  0  5  2  2  6  2
  0  4  1  0  5  2  6  2
  0  5  4  3  2  0 13  3
  0  6  2  4  2  0 13  3
  0  9  6  3  0 12 15  5
  1  0  1  1  2  1  3  1
  1  0  1  2  0  2  3  1
  1  0  1  2  1  0  4  1
  1  0  2  0  1  2  3  1
  1  0  2  0  2  0  4  1
  1  0  2  1  0  1  4  1
  1  0  5  0  4  2  6  2
  1  0  5  2  0  4  6  2
  1  0  5  2  2  0  8  2
  1  1  0  1  1  2  3  1
  1  1  0  1  2  0  4  1
  1  1  0  2  0  1  4  1
  1  1  1  0  1  1  4  1
  1  2  3  2  1  0  9  2
  1  3  0  1  5  2  6  2
  1  3  1  3  1  0  9  2
  1  5  1  0  8  3  9  3
  2  0  3  0  5  2  6  2
  2  1  1  1  5  2  6  2
  2  1  3  1  2  0  9  2
  2  2  1  2  2  0  9  2
  2  3  4  3  0  2 13  3
  2  4  0  6  2  0 13  3
  2  4  2  0  4  6  9  3
  2  4  2  0  7  0 12  3
  2  4  2  4  0  2 13  3
  3  0  3 10  4  4 12  4
  3  0  5  3  0  7  9  3
  3  0  6  2  3  0 13  3
  3  0  9  3  0  9 12  4
  3  0  9  4  3  0 17  4
  3  1  3  0  8  3  9  3
  3  2  3  0  7  0 12  3
  3  2  4  0  5  0 13  3
  3  2  4  2  1  2 13  3
  3  3  0  5  3  0 13  3
  3  3  0 14  5  5 15  5
  3  3  2  1  5  0 13  3
  3  3  2  3  1  2 13  3
  3  6  6  0  3 12 15  5
  3  9  9  3  0 18 21  7
  4  3  4  0  4  9 12  4
  4  4  0 12  0 10 15  5
  4  4  0 12  5  0 20  5
  4  6  4  0 10  0 21  5
  5  4  1  8  0 12 15  5
  6  5  5  1  5 14 18  6
  6  6  0 16  6  0 29  7
  6  6  9  6  0  6 30  7
  6  9  9  6  0  9 33  8
  7  5  5  7  0 18 21  7
  7  6  7  0 13  0 30  7
  7  7  0  7 19  8 24  8
  9  8  8  9  0  9 38  9
 11 10 10 10  1 10 47 11
 12 12  0 24  0 30 39 13
 12 12 12  0 12 30 39 13
 18 18 18 18  0 18 81 19

0 extreme rays of recession cone:

18 support hyperplanes of polyhedron (homogenized):
 -12  5  4  3  2  1 0 0
  -3 -4  4  3  2  1 0 0
  -1 -1  0  1  1  1 0 0
  -1 -1  1  1  1  0 0 0
  -1  0  0  0  1  1 0 0
  -1  0  0  1  1  0 0 0
  -1  0  1  1  0  0 0 0
  -1  1  1  0  0  0 0 0
   0 -1 -2  3  2  1 0 0
   0  0  0  0  0  1 0 0
   0  0  0  0  1  0 0 0
   0  0  0  1  0  0 0 0
   0  0  1  0  0  0 0 0
   0  1  0  0  0  0 0 0
   1  0  0  0  0  0 0 0
   3  1 -1 -3  4  2 0 0
   3  2  1  0 -1 -2 0 0
  12  7  2 -3 -8  5 0 0

2 equations:
 1 0 -1 -2 -3 -4 -5  27
 0 1  2  3  4  5  6 -36

6 basis elements of generated  lattice:
 1 0 0 0 0 -6  5 0
 0 1 0 0 0 -5  4 0
 0 0 1 0 0 -4  3 0
 0 0 0 1 0 -3  2 0
 0 0 0 0 1 -2  1 0
 0 0 0 0 0 18 -9 1

