6 lattice points in polytope (module generators)
0 Hilbert basis elements of recession monoid
6 vertices of polyhedron
0 extreme rays of recession cone
6 support hyperplanes of polyhedron (homogenized)

embedding dimension = 8
affine dimension of the polyhedron = 5
rank of recession monoid = 0 (polyhedron is polytope)

dehomogenization:
0 0 0 0 0 0 0 1 


module rank = 6

***********************************************************************

6 lattice points in polytope (module generators):
 2 3 2 2 2 2 4 1
 3 1 3 2 2 2 4 1
 3 2 1 3 2 2 4 1
 3 2 2 1 3 2 4 1
 3 2 2 2 1 3 4 1
 3 2 2 2 2 1 5 1

0 Hilbert basis elements of recession monoid:

6 vertices of polyhedron:
 2 3 2 2 2 2 4 1
 3 1 3 2 2 2 4 1
 3 2 1 3 2 2 4 1
 3 2 2 1 3 2 4 1
 3 2 2 2 1 3 4 1
 3 2 2 2 2 1 5 1

0 extreme rays of recession cone:

6 support hyperplanes of polyhedron (homogenized):
 -29  15  12   9   6   3 0 0
 -17 -22  20  15  10   5 0 0
  -5 -12 -19  21  14   7 0 0
   7  -2 -11 -20  18   9 0 0
  19   8  -3 -14 -25  11 0 0
  31  18   5  -8 -21 -34 0 0

2 equations:
 1 0 -1 -2 -3 -4 -5  38
 0 1  2  3  4  5  6 -55

6 basis elements of generated  lattice:
 1 0 0 0 0 -6   5 0
 0 1 0 0 0 -5   4 0
 0 0 1 0 0 -4   3 0
 0 0 0 1 0 -3   2 0
 0 0 0 0 1 -2   1 0
 0 0 0 0 0 47 -30 1

