11 lattice points in polytope (module generators)
0 Hilbert basis elements of recession monoid
35 vertices of polyhedron
0 extreme rays of recession cone
14 support hyperplanes of polyhedron (homogenized)

embedding dimension = 7
affine dimension of the polyhedron = 4
rank of recession monoid = 0 (polyhedron is polytope)

dehomogenization:
0 0 0 0 0 0 1 


module rank = 11

***********************************************************************

11 lattice points in polytope (module generators):
 0 0 3 1 1 3 1
 0 1 1 2 1 3 1
 0 1 2 0 2 3 1
 0 1 2 1 0 4 1
 0 2 0 1 2 3 1
 0 2 0 2 0 4 1
 0 2 1 0 1 4 1
 1 0 1 1 2 3 1
 1 0 1 2 0 4 1
 1 0 2 0 1 4 1
 1 1 0 1 1 4 1

0 Hilbert basis elements of recession monoid:

35 vertices of polyhedron:
  0  0  3  1  1  3  1
  0  1  2  0  2  3  1
  0  1  2  1  0  4  1
  0  2  0  1  2  3  1
  0  2  0  2  0  4  1
  0  2  1  0  1  4  1
  0  3  0  5  2  6  2
  0  4  1  0  5  6  2
  0  9  6  3  0 22  5
  1  0  1  1  2  3  1
  1  0  1  2  0  4  1
  1  0  2  0  1  4  1
  1  0  5  0  4  6  2
  1  0  5  2  0  8  2
  1  1  0  1  1  4  1
  1  3  0  1  5  6  2
  1  5  1  0  8  9  3
  2  0  3  0  5  6  2
  2  1  1  1  5  6  2
  2  4  2  0  4 12  3
  3  0  3 10  4 12  4
  3  0  5  3  0 13  3
  3  0  9  3  0 17  4
  3  1  3  0  8  9  3
  3  3  0 14  5 15  5
  3  6  6  0  3 22  5
  3  9  9  3  0 32  7
  4  3  4  0  4 17  4
  4  4  0 12  0 20  5
  5  4  1  8  0 22  5
  6  5  5  1  5 26  6
  7  5  5  7  0 32  7
  7  7  0  7 19 24  8
 12 12  0 24  0 56 13
 12 12 12  0 12 56 13

0 extreme rays of recession cone:

14 support hyperplanes of polyhedron (homogenized):
 -7  4  3  2  1 0 0
 -1 -2  3  2  1 0 0
 -1 -1  1  1  1 0 0
 -1  0  0  1  1 0 0
 -1  0  1  1  0 0 0
 -1  1  1  0  0 0 0
  0  0  0  0  1 0 0
  0  0  0  1  0 0 0
  0  0  1  0  0 0 0
  0  1  0  0  0 0 0
  1  0 -1  2  1 0 0
  1  0  0  0  0 0 0
  2  1  0 -1  1 0 0
 13  8  3 -2 -7 0 0

2 equations:
 1 0 -1 -2 -3 -4  20
 0 1  2  3  4  5 -28

5 basis elements of generated  lattice:
 1 0 0 0 -5  4 0
 0 1 0 0 -4  3 0
 0 0 1 0 -3  2 0
 0 0 0 1 -2  1 0
 0 0 0 0 12 -4 1

