16 lattice points in polytope (module generators)
0 Hilbert basis elements of recession monoid
17 vertices of polyhedron
0 extreme rays of recession cone
12 support hyperplanes of polyhedron (homogenized)

embedding dimension = 6
affine dimension of the polyhedron = 3
rank of recession monoid = 0 (polyhedron is polytope)

dehomogenization:
0 0 0 0 0 1 


module rank = 16

***********************************************************************

16 lattice points in polytope (module generators):
 5 4 6 4 6 1
 5 5 4 5 6 1
 5 5 5 3 7 1
 5 6 2 6 6 1
 5 6 3 4 7 1
 6 3 5 5 6 1
 6 3 6 3 7 1
 6 4 3 6 6 1
 6 4 4 4 7 1
 6 4 5 2 8 1
 6 5 2 5 7 1
 6 5 3 3 8 1
 7 1 7 3 7 1
 7 2 5 4 7 1
 7 2 6 2 8 1
 7 3 4 3 8 1

0 Hilbert basis elements of recession monoid:

17 vertices of polyhedron:
  5  4  6  4  6 1
  5  5  5  3  7 1
  5  6  2  6  6 1
  6  4  3  6  6 1
  6  5  3  3  8 1
  7  1  7  3  7 1
  7  2  5  4  7 1
  7  3  4  3  8 1
  9 13  6  9 13 2
 12  5 12  9 12 2
 13  7 10  3 17 2
 13  9  4  9 15 2
 14  5 11  3 17 2
 21 30 22 22 30 5
 21 31 21 21 31 5
 25 17  8 25 25 4
 49 39 10 51 51 8

0 extreme rays of recession cone:

12 support hyperplanes of polyhedron (homogenized):
 -20  21  14   7 0 0
  -4 -15  22  11 0 0
  -1   0   1   1 0 0
  -1   1   1   0 0 0
   4 -21   2  25 0 0
   4  -1  -6   5 0 0
   4  27   2 -23 0 0
  28   9 -10 -29 0 0
  52 -21 -46  25 0 0
  52 -21   2 -23 0 0
  52  27 -46 -23 0 0
  52  27   2 -71 0 0

2 equations:
 1 0 -1 -2 -3  27
 0 1  2  3  4 -52

4 basis elements of generated  lattice:
 1 0 0 -4   3 0
 0 1 0 -3   2 0
 0 0 1 -2   1 0
 0 0 0 48 -23 1

