31 lattice points in polytope (module generators)
0 Hilbert basis elements of recession monoid
38 vertices of polyhedron
0 extreme rays of recession cone
15 support hyperplanes of polyhedron (homogenized)

embedding dimension = 7
affine dimension of the polyhedron = 4
rank of recession monoid = 0 (polyhedron is polytope)

dehomogenization:
0 0 0 0 0 0 1 


module rank = 31

***********************************************************************

31 lattice points in polytope (module generators):
 3 3 5 3 3 5 1
 3 4 3 4 3 5 1
 3 4 4 2 4 5 1
 3 4 4 3 2 6 1
 3 5 1 5 3 5 1
 3 5 2 3 4 5 1
 3 5 2 4 2 6 1
 3 5 3 1 5 5 1
 3 5 3 2 3 6 1
 4 2 4 4 3 5 1
 4 2 5 2 4 5 1
 4 2 5 3 2 6 1
 4 3 2 5 3 5 1
 4 3 3 3 4 5 1
 4 3 3 4 2 6 1
 4 3 4 1 5 5 1
 4 3 4 2 3 6 1
 4 3 4 3 1 7 1
 4 4 1 4 4 5 1
 4 4 1 5 2 6 1
 4 4 2 2 5 5 1
 4 4 2 3 3 6 1
 4 4 3 1 4 6 1
 5 1 4 3 4 5 1
 5 1 4 4 2 6 1
 5 1 5 1 5 5 1
 5 1 5 2 3 6 1
 5 2 3 2 5 5 1
 5 2 3 3 3 6 1
 5 2 3 4 1 7 1
 5 2 4 1 4 6 1

0 Hilbert basis elements of recession monoid:

38 vertices of polyhedron:
  3  3  5  3  3   5  1
  3  5  1  5  3   5  1
  3  5  3  1  5   5  1
  4  4  2  2  5   5  1
  4  4  3  1  4   6  1
  5  1  4  4  2   6  1
  5  1  5  1  5   5  1
  5  2  3  2  5   5  1
  5  2  3  4  1   7  1
  5  2  4  1  4   6  1
  5 11  5  7  4  12  2
  5 11  6  5  5  12  2
  7 15  9 11  9  15  3
  7 15 11  7 11  15  3
  7 17  7 11  7  17  3
  7 17  9  7  9  17  3
  9  3 10  6  3  13  2
  9  4  5 10  6  10  2
  9  7  2  7  9  10  2
  9 14 10  9  4  20  3
 10  2  9  7  3  13  2
 10  5  5  7  3  14  2
 13 11  2 16  6  18  3
 14  4 10 14  9  15  3
 15  1 14 11 10  15  3
 15  1 17  8  7  18  3
 15  8  8  7  8  20  3
 18 13 13  5 13  26  4
 18 22 15  3 26  26  5
 19 13  6 13 13  24  4
 19 18 18 15  4  36  5
 20 11  9 11 11  26  4
 21 19  2 25 18  25  5
 21 19  2 28 12  28  5
 25  1 25 17 17  25  5
 25  1 29 13 13  29  5
 25  8 22  3 26  26  5
 74 37 37 62 12 108 15

0 extreme rays of recession cone:

15 support hyperplanes of polyhedron (homogenized):
 -26  20  15  10   5 0 0
 -11 -19  24  16   8 0 0
  -1  -1   1   1   1 0 0
  -1   0   0   1   1 0 0
  -1   0   1   1   0 0 0
  -1   1   1   0   0 0 0
   2   1   0  -1  -2 0 0
   4  -7 -18  22  11 0 0
  19   5  -9 -23  14 0 0
  59 -14 -36  -7  22 0 0
  59 -14  15  -7 -29 0 0
  59  37 -36 -58  22 0 0
  59  37 -36  -7 -29 0 0
  59  37  15 -58 -29 0 0
  59  37  15  -7 -80 0 0

2 equations:
 1 0 -1 -2 -3 -4  37
 0 1  2  3  4  5 -59

5 basis elements of generated  lattice:
 1 0 0 0 -5   4 0
 0 1 0 0 -4   3 0
 0 0 1 0 -3   2 0
 0 0 0 1 -2   1 0
 0 0 0 0 51 -29 1

