36 lattice points in polytope (module generators)
0 Hilbert basis elements of recession monoid
66 vertices of polyhedron
0 extreme rays of recession cone
34 support hyperplanes of polyhedron (homogenized)

embedding dimension = 11
affine dimension of the polyhedron = 8
rank of recession monoid = 0 (polyhedron is polytope)

dehomogenization:
0 0 0 0 0 0 0 0 0 0 1 


module rank = 36

***********************************************************************

36 lattice points in polytope (module generators):
 0 1 2 1 1 1 1 1 1 3 1
 0 2 0 2 1 1 1 1 1 3 1
 0 2 1 0 2 1 1 1 1 3 1
 0 2 1 1 0 2 1 1 1 3 1
 0 2 1 1 1 0 2 1 1 3 1
 0 2 1 1 1 1 0 2 1 3 1
 0 2 1 1 1 1 1 0 2 3 1
 0 2 1 1 1 1 1 1 0 4 1
 1 0 1 2 1 1 1 1 1 3 1
 1 0 2 0 2 1 1 1 1 3 1
 1 0 2 1 0 2 1 1 1 3 1
 1 0 2 1 1 0 2 1 1 3 1
 1 0 2 1 1 1 0 2 1 3 1
 1 0 2 1 1 1 1 0 2 3 1
 1 0 2 1 1 1 1 1 0 4 1
 1 1 0 1 2 1 1 1 1 3 1
 1 1 0 2 0 2 1 1 1 3 1
 1 1 0 2 1 0 2 1 1 3 1
 1 1 0 2 1 1 0 2 1 3 1
 1 1 0 2 1 1 1 0 2 3 1
 1 1 0 2 1 1 1 1 0 4 1
 1 1 1 0 1 2 1 1 1 3 1
 1 1 1 0 2 0 2 1 1 3 1
 1 1 1 0 2 1 0 2 1 3 1
 1 1 1 0 2 1 1 0 2 3 1
 1 1 1 0 2 1 1 1 0 4 1
 1 1 1 1 0 1 2 1 1 3 1
 1 1 1 1 0 2 0 2 1 3 1
 1 1 1 1 0 2 1 0 2 3 1
 1 1 1 1 0 2 1 1 0 4 1
 1 1 1 1 1 0 1 2 1 3 1
 1 1 1 1 1 0 2 0 2 3 1
 1 1 1 1 1 0 2 1 0 4 1
 1 1 1 1 1 1 0 1 2 3 1
 1 1 1 1 1 1 0 2 0 4 1
 1 1 1 1 1 1 1 0 1 4 1

0 Hilbert basis elements of recession monoid:

66 vertices of polyhedron:
  0  1  2  1  1  1  1  1  1  3  1
  0  2  0  2  1  1  1  1  1  3  1
  0  2  1  0  2  1  1  1  1  3  1
  0  2  1  1  0  2  1  1  1  3  1
  0  2  1  1  1  0  2  1  1  3  1
  0  2  1  1  1  1  0  2  1  3  1
  0  2  1  1  1  1  1  0  2  3  1
  0  2  1  1  1  1  1  1  0  4  1
  1  0  1  2  1  1  1  1  1  3  1
  1  0  2  0  2  1  1  1  1  3  1
  1  0  2  1  0  2  1  1  1  3  1
  1  0  2  1  1  0  2  1  1  3  1
  1  0  2  1  1  1  0  2  1  3  1
  1  0  2  1  1  1  1  0  2  3  1
  1  0  2  1  1  1  1  1  0  4  1
  1  0  5  2  2  2  2  2  2  6  2
  1  1  0  1  2  1  1  1  1  3  1
  1  1  0  2  0  2  1  1  1  3  1
  1  1  0  2  1  0  2  1  1  3  1
  1  1  0  2  1  1  0  2  1  3  1
  1  1  0  2  1  1  1  0  2  3  1
  1  1  0  2  1  1  1  1  0  4  1
  1  1  1  0  1  2  1  1  1  3  1
  1  1  1  0  2  0  2  1  1  3  1
  1  1  1  0  2  1  0  2  1  3  1
  1  1  1  0  2  1  1  0  2  3  1
  1  1  1  0  2  1  1  1  0  4  1
  1  1  1  1  0  1  2  1  1  3  1
  1  1  1  1  0  2  0  2  1  3  1
  1  1  1  1  0  2  1  0  2  3  1
  1  1  1  1  0  2  1  1  0  4  1
  1  1  1  1  1  0  1  2  1  3  1
  1  1  1  1  1  0  2  0  2  3  1
  1  1  1  1  1  0  2  1  0  4  1
  1  1  1  1  1  1  0  1  2  3  1
  1  1  1  1  1  1  0  2  0  4  1
  1  1  1  1  1  1  1  0  1  4  1
  2  4  2  0  7  3  3  3  3  9  3
  3  2  3  0  7  3  3  3  3  9  3
  3  4  5  4  3  0  9  4  4 12  4
  3  5  3  5  3  0  9  4  4 12  4
  4  3  5  3  4  0  9  4  4 12  4
  4  4  0 12  5  5  5  5  5 15  5
  4  4  3  4  4  0  9  4  4 12  4
  4  5  5  6  5  5  4  0 11 15  5
  4  5  6  4  6  5  4  0 11 15  5
  4  6  4  6  4  6  4  0 11 15  5
  4  6  5  4  5  6  4  0 11 15  5
  5  4  5  6  5  4  5  0 11 15  5
  5  4  6  4  6  4  5  0 11 15  5
  5  5  4  6  4  5  5  0 11 15  5
  5  5  5  4  5  5  5  0 11 15  5
  5  8  8  5  0 16  7  7  7 21  7
  7  6  6  7  0 16  7  7  7 21  7
  7  9 10 10  9  7  0 20  9 27  9
  7 11  8  8 11  7  0 20  9 27  9
  9  7 10 10  7  9  0 20  9 27  9
  9  9  8  8  9  9  0 20  9 27  9
  9 11 11 12 12 11 11  9  0 46 11
  9 11 13 10 10 13 11  9  0 46 11
  9 13  9 12 12  9 13  9  0 46 11
  9 13 11 10 10 11 13  9  0 46 11
 11  9 11 12 12 11  9 11  0 46 11
 11  9 13 10 10 13  9 11  0 46 11
 11 11  9 12 12  9 11 11  0 46 11
 11 11 11 10 10 11 11 11  0 46 11

0 extreme rays of recession cone:

34 support hyperplanes of polyhedron (homogenized):
 -34   8   7   6   5   4   3   2   1 0 0
 -25 -27  14  12  10   8   6   4   2 0 0
 -16 -19 -22  18  15  12   9   6   3 0 0
  -7 -11 -15 -19  20  16  12   8   4 0 0
  -1  -1  -1  -1   1   1   1   1   1 0 0
  -1  -1  -1   0   0   1   1   1   1 0 0
  -1  -1  -1   0   1   1   1   1   0 0 0
  -1  -1  -1   1   1   1   1   0   0 0 0
  -1  -1   0   0   0   0   1   1   1 0 0
  -1  -1   0   0   0   1   1   1   0 0 0
  -1  -1   0   0   1   1   1   0   0 0 0
  -1  -1   0   1   1   1   0   0   0 0 0
  -1  -1   1   1   1   0   0   0   0 0 0
  -1   0   0   0   0   0   0   1   1 0 0
  -1   0   0   0   0   0   1   1   0 0 0
  -1   0   0   0   0   1   1   0   0 0 0
  -1   0   0   0   1   1   0   0   0 0 0
  -1   0   0   1   1   0   0   0   0 0 0
  -1   0   1   1   0   0   0   0   0 0 0
  -1   1   1   0   0   0   0   0   0 0 0
   0   0   0   0   0   0   0   0   1 0 0
   0   0   0   0   0   0   0   1   0 0 0
   0   0   0   0   0   0   1   0   0 0 0
   0   0   0   0   0   1   0   0   0 0 0
   0   0   0   0   1   0   0   0   0 0 0
   0   0   0   1   0   0   0   0   0 0 0
   0   0   1   0   0   0   0   0   0 0 0
   0   1   0   0   0   0   0   0   0 0 0
   1   0   0   0   0   0   0   0   0 0 0
   2  -3  -8 -13 -18  20  15  10   5 0 0
  11   5  -1  -7 -13 -19  18  12   6 0 0
  20  13   6  -1  -8 -15 -22  14   7 0 0
  29  21  13   5  -3 -11 -19 -27   8 0 0
  38  29  20  11   2  -7 -16 -25 -34 0 0

2 equations:
 1 0 -1 -2 -3 -4 -5 -6 -7 -8  53
 0 1  2  3  4  5  6  7  8  9 -65

9 basis elements of generated  lattice:
 1 0 0 0 0 0 0 0 -9   8 0
 0 1 0 0 0 0 0 0 -8   7 0
 0 0 1 0 0 0 0 0 -7   6 0
 0 0 0 1 0 0 0 0 -6   5 0
 0 0 0 0 1 0 0 0 -5   4 0
 0 0 0 0 0 1 0 0 -4   3 0
 0 0 0 0 0 0 1 0 -3   2 0
 0 0 0 0 0 0 0 1 -2   1 0
 0 0 0 0 0 0 0 0 43 -31 1

