12 lattice points in polytope (module generators)
0 Hilbert basis elements of recession monoid
6 vertices of polyhedron
0 extreme rays of recession cone
6 support hyperplanes of polyhedron (homogenized)

embedding dimension = 5
affine dimension of the polyhedron = 2
rank of recession monoid = 0 (polyhedron is polytope)

dehomogenization:
0 0 0 0 1 


module rank = 12

***********************************************************************

12 lattice points in polytope (module generators):
 1 5 4 6 1
 1 6 2 7 1
 1 7 0 8 1
 2 3 5 6 1
 2 4 3 7 1
 2 5 1 8 1
 3 1 6 6 1
 3 2 4 7 1
 3 3 2 8 1
 3 4 0 9 1
 4 0 5 7 1
 4 1 3 8 1

0 Hilbert basis elements of recession monoid:

6 vertices of polyhedron:
  1  7  0  8 1
  1 15  1 15 2
  3 31 31 31 6
 17  0 17 30 4
 17 17  0 46 5
 18  0 31 31 5

0 extreme rays of recession cone:

6 support hyperplanes of polyhedron (homogenized):
 -1  1   1 0 0
  0  0   1 0 0
  0  1   0 0 0
  7 -1   8 0 0
 31 -2  -1 0 0
 31 15 -18 0 0

2 equations:
 1 0 -1 -2  15
 0 1  2  3 -31

3 basis elements of generated  lattice:
 1 0 -3  2 0
 0 1 -2  1 0
 0 0 17 -1 1

