12 lattice points in polytope (module generators)
0 Hilbert basis elements of recession monoid
12 vertices of polyhedron
0 extreme rays of recession cone
12 support hyperplanes of polyhedron (homogenized)

embedding dimension = 14
affine dimension of the polyhedron = 11
rank of recession monoid = 0 (polyhedron is polytope)

dehomogenization:
0 0 0 0 0 0 0 0 0 0 0 0 0 1 


module rank = 12

***********************************************************************

12 lattice points in polytope (module generators):
 2 3 2 2 2 2 2 2 2 2 2 2 4 1
 3 1 3 2 2 2 2 2 2 2 2 2 4 1
 3 2 1 3 2 2 2 2 2 2 2 2 4 1
 3 2 2 1 3 2 2 2 2 2 2 2 4 1
 3 2 2 2 1 3 2 2 2 2 2 2 4 1
 3 2 2 2 2 1 3 2 2 2 2 2 4 1
 3 2 2 2 2 2 1 3 2 2 2 2 4 1
 3 2 2 2 2 2 2 1 3 2 2 2 4 1
 3 2 2 2 2 2 2 2 1 3 2 2 4 1
 3 2 2 2 2 2 2 2 2 1 3 2 4 1
 3 2 2 2 2 2 2 2 2 2 1 3 4 1
 3 2 2 2 2 2 2 2 2 2 2 1 5 1

0 Hilbert basis elements of recession monoid:

12 vertices of polyhedron:
 2 3 2 2 2 2 2 2 2 2 2 2 4 1
 3 1 3 2 2 2 2 2 2 2 2 2 4 1
 3 2 1 3 2 2 2 2 2 2 2 2 4 1
 3 2 2 1 3 2 2 2 2 2 2 2 4 1
 3 2 2 2 1 3 2 2 2 2 2 2 4 1
 3 2 2 2 2 1 3 2 2 2 2 2 4 1
 3 2 2 2 2 2 1 3 2 2 2 2 4 1
 3 2 2 2 2 2 2 1 3 2 2 2 4 1
 3 2 2 2 2 2 2 2 1 3 2 2 4 1
 3 2 2 2 2 2 2 2 2 1 3 2 4 1
 3 2 2 2 2 2 2 2 2 2 1 3 4 1
 3 2 2 2 2 2 2 2 2 2 2 1 5 1

0 extreme rays of recession cone:

12 support hyperplanes of polyhedron (homogenized):
 -11 -11  3  3  3  3  3  3  3  3  3  3  3 -17
  -9  -9 -9 -9  5  5  5  5  5  5  5  5  5 -19
  -6   1  1  1  1  1  1  1  1  1  1  1  1  -8
  -5  -5 -5 -5 -5 -5 -5 -5  9  9  9  9  9 -23
  -5  -5 -5  2  2  2  2  2  2  2  2  2  2  -9
  -4  -4 -4 -4 -4  3  3  3  3  3  3  3  3 -10
  -3  -3 -3 -3 -3 -3 -3 -3 -3 -3 11 11 11 -25
  -3  -3 -3 -3 -3 -3 -3  4  4  4  4  4  4 -11
  -2  -2 -2 -2 -2 -2 -2 -2 -2  5  5  5  5 -12
  -1  -1 -1 -1 -1 -1 -1 -1 -1 -1 -1 -1 13 -27
  -1  -1 -1 -1 -1 -1 -1 -1 -1 -1 -1  6  6 -13
  -1  -1 -1 -1 -1 -1  1  1  1  1  1  1  1  -3

2 equations:
 1 0 -1 -2 -3 -4 -5 -6 -7 -8 -9 -10 -11  152
 0 1  2  3  4  5  6  7  8  9 10  11  12 -181

12 basis elements of generated  lattice:
 1 0 0 0 0 0 0 0 0 0 0 -12   11 0
 0 1 0 0 0 0 0 0 0 0 0 -11   10 0
 0 0 1 0 0 0 0 0 0 0 0 -10    9 0
 0 0 0 1 0 0 0 0 0 0 0  -9    8 0
 0 0 0 0 1 0 0 0 0 0 0  -8    7 0
 0 0 0 0 0 1 0 0 0 0 0  -7    6 0
 0 0 0 0 0 0 1 0 0 0 0  -6    5 0
 0 0 0 0 0 0 0 1 0 0 0  -5    4 0
 0 0 0 0 0 0 0 0 1 0 0  -4    3 0
 0 0 0 0 0 0 0 0 0 1 0  -3    2 0
 0 0 0 0 0 0 0 0 0 0 1  -2    1 0
 0 0 0 0 0 0 0 0 0 0 0 167 -138 1

