129 lattice points in polytope (module generators)
0 Hilbert basis elements of recession monoid
223 vertices of polyhedron
0 extreme rays of recession cone
27 support hyperplanes of polyhedron (homogenized)

embedding dimension = 8
affine dimension of the polyhedron = 5
rank of recession monoid = 0 (polyhedron is polytope)

dehomogenization:
0 0 0 0 0 0 0 1 


module rank = 129

***********************************************************************

129 lattice points in polytope (module generators):
 0 3 3 2 3 2 4 1
 0 3 4 1 2 3 4 1
 0 4 1 3 3 2 4 1
 0 4 2 1 4 2 4 1
 0 4 2 2 2 3 4 1
 0 4 2 2 3 1 5 1
 0 4 3 0 3 3 4 1
 0 4 3 1 1 4 4 1
 0 4 3 1 2 2 5 1
 0 5 0 3 3 1 5 1
 0 5 1 1 4 1 5 1
 0 5 1 2 2 2 5 1
 0 5 1 2 3 0 6 1
 0 5 2 0 3 2 5 1
 1 1 4 2 3 2 4 1
 1 1 4 3 1 3 4 1
 1 1 5 1 3 1 5 1
 1 1 5 2 1 2 5 1
 1 2 2 3 3 2 4 1
 1 2 2 4 1 3 4 1
 1 2 2 4 2 1 5 1
 1 2 3 1 4 2 4 1
 1 2 3 2 2 3 4 1
 1 2 3 2 3 1 5 1
 1 2 3 3 0 4 4 1
 1 2 3 3 1 2 5 1
 1 2 3 3 2 0 6 1
 1 2 4 0 3 3 4 1
 1 2 4 0 4 1 5 1
 1 2 4 1 1 4 4 1
 1 2 4 1 2 2 5 1
 1 2 4 1 3 0 6 1
 1 2 4 2 0 3 5 1
 1 2 4 2 1 1 6 1
 1 3 1 2 4 2 4 1
 1 3 1 3 2 3 4 1
 1 3 1 3 3 1 5 1
 1 3 1 4 0 4 4 1
 1 3 1 4 1 2 5 1
 1 3 1 4 2 0 6 1
 1 3 2 1 3 3 4 1
 1 3 2 1 4 1 5 1
 1 3 2 2 1 4 4 1
 1 3 2 2 2 2 5 1
 1 3 2 2 3 0 6 1
 1 3 2 3 0 3 5 1
 1 3 2 3 1 1 6 1
 1 3 3 0 2 4 4 1
 1 3 3 0 3 2 5 1
 1 3 3 0 4 0 6 1
 1 3 3 1 1 3 5 1
 1 3 3 1 2 1 6 1
 1 3 3 2 0 2 6 1
 1 4 0 2 3 3 4 1
 1 4 0 2 4 1 5 1
 1 4 0 3 2 2 5 1
 1 4 0 3 3 0 6 1
 1 4 0 4 1 1 6 1
 1 4 1 0 4 3 4 1
 1 4 1 0 5 1 5 1
 1 4 1 1 3 2 5 1
 1 4 1 1 4 0 6 1
 1 4 1 2 2 1 6 1
 2 0 3 3 3 2 4 1
 2 0 3 4 1 3 4 1
 2 0 4 1 4 2 4 1
 2 0 4 2 2 3 4 1
 2 0 4 2 3 1 5 1
 2 0 4 3 0 4 4 1
 2 0 4 3 1 2 5 1
 2 0 5 0 4 1 5 1
 2 0 5 1 2 2 5 1
 2 0 5 1 3 0 6 1
 2 0 5 2 0 3 5 1
 2 0 5 2 1 1 6 1
 2 1 2 2 4 2 4 1
 2 1 2 3 2 3 4 1
 2 1 2 3 3 1 5 1
 2 1 2 4 0 4 4 1
 2 1 2 4 1 2 5 1
 2 1 2 4 2 0 6 1
 2 1 3 1 3 3 4 1
 2 1 3 1 4 1 5 1
 2 1 3 2 1 4 4 1
 2 1 3 2 2 2 5 1
 2 1 3 2 3 0 6 1
 2 1 3 3 0 3 5 1
 2 1 3 3 1 1 6 1
 2 1 4 0 2 4 4 1
 2 1 4 0 3 2 5 1
 2 1 4 0 4 0 6 1
 2 1 4 1 1 3 5 1
 2 1 4 1 2 1 6 1
 2 1 4 2 0 2 6 1
 2 2 0 4 2 3 4 1
 2 2 0 5 1 2 5 1
 2 2 1 2 3 3 4 1
 2 2 1 2 4 1 5 1
 2 2 1 3 1 4 4 1
 2 2 1 3 2 2 5 1
 2 2 1 3 3 0 6 1
 2 2 1 4 0 3 5 1
 2 2 1 4 1 1 6 1
 2 2 2 0 4 3 4 1
 2 2 2 0 5 1 5 1
 2 2 2 1 2 4 4 1
 2 2 2 1 3 2 5 1
 2 2 2 1 4 0 6 1
 2 2 2 2 1 3 5 1
 2 2 2 2 2 1 6 1
 2 2 2 3 0 2 6 1
 2 2 3 0 2 3 5 1
 2 2 3 0 3 1 6 1
 2 2 3 1 1 2 6 1
 2 3 0 2 3 2 5 1
 2 3 0 2 4 0 6 1
 2 3 0 3 2 1 6 1
 2 3 1 1 3 1 6 1
 3 0 3 0 4 3 4 1
 3 0 3 0 5 1 5 1
 3 0 3 1 2 4 4 1
 3 0 3 1 3 2 5 1
 3 0 3 1 4 0 6 1
 3 0 3 2 1 3 5 1
 3 0 3 2 2 1 6 1
 3 0 4 0 3 1 6 1
 3 1 2 1 2 3 5 1
 3 1 2 1 3 1 6 1
 3 1 2 2 1 2 6 1

0 Hilbert basis elements of recession monoid:

223 vertices of polyhedron:
   0   3  4   1  2   3   4  1
   0   4  1   3  3   2   4  1
   0   4  2   1  4   2   4  1
   0   4  3   0  3   3   4  1
   0   4  3   1  1   4   4  1
   0   5  0   3  3   1   5  1
   0   5  1   1  4   1   5  1
   0   5  1   2  3   0   6  1
   0   5  2   0  3   2   5  1
   0   5  7   5  5   4   8  2
   0   5  8   4  4   5   8  2
   0   6  8   3  2   7   8  2
   0   7  3   7  5   4   8  2
   0   7  7   3  1   8   8  2
   0   8  5   4  1   8   8  2
   0   9  3   5  5   0  12  2
   0  10  0   7  4   3  10  2
   0  10  0   7  5   1  11  2
   0  10  1   6  3   4  10  2
   0  10  1   6  5   0  12  2
   0  11 17   6  6  11  17  4
   0  17 11   6  0  17  17  4
   0  17 11   6  6   5  23  4
   0  20  5   9  6   5  23  4
   0  24  4  23 14  13  24  6
   0  28  0  23 14   9  28  6
   0  28  9  14 14   0  37  6
   0  30  5  16 14   0  37  6
   0  37 19  12  6  19  43  8
   1   1  4   3  1   3   4  1
   1   1  5   1  3   1   5  1
   1   1  5   2  1   2   5  1
   1   2  2   4  2   1   5  1
   1   2  3   3  2   0   6  1
   1   3  1   4  0   4   4  1
   1   3  1   4  2   0   6  1
   1   3  3   0  4   0   6  1
   1   3  3   2  0   2   6  1
   1   4  0   2  3   3   4  1
   1   4  0   4  1   1   6  1
   1   4  1   0  4   3   4  1
   1   4  1   0  5   1   5  1
   1   5  8   0  7   5   8  2
   1   8  1   4  8   4   8  2
   1   8  5   0  4   8   8  2
   1   8 12   5  1  12  12  3
   1   8 16   8 11   8  16  4
   1   9  3   0  9   1  11  2
   1  12  0  12  7   7  12  3
   1  14  0  11  7   0  18  3
   1  19  5   0 19   5  19  4
   1  24  0  18  7  11  24  5
   1  28 17   0 28  17  28  7
   1  29 52  29 29  29  52 13
   1  52  6  52 29  29  52 13
   2   0  3   3  3   2   4  1
   2   0  3   4  1   3   4  1
   2   0  4   1  4   2   4  1
   2   0  4   3  0   4   4  1
   2   0  5   0  4   1   5  1
   2   0  5   1  3   0   6  1
   2   0  5   2  0   3   5  1
   2   0  5   2  1   1   6  1
   2   1  2   4  2   0   6  1
   2   1  4   0  2   4   4  1
   2   1  4   2  0   2   6  1
   2   3  0   2  4   0   6  1
   2   3  5   8  3   5   8  2
   2   3  8   5  0   8   8  2
   2   3  9   0  8   3   9  2
   2   3  9   3  5   0  12  2
   2   3  9   4  0   7   9  2
   2   6 12   1 12   6  12  3
   2   7  4   5  0   4  12  2
   2   8  0   3  8   5   8  2
   2   8  0   8  3   0  13  2
   2   8  1   7  2   1  13  2
   2   9  9  15  9   8  16  4
   2  12  0  12  2  11  12  3
   2  13  0   5 13   5  13  3
   2  16  3  14  1  16  16  4
   3   0  3   0  4   3   4  1
   3   0  3   0  5   1   5  1
   3   0  3   1  2   4   4  1
   3   0  3   1  4   0   6  1
   3   0  4   0  3   1   6  1
   3   2  9   4  3   0  13  2
   3   5 13   6  5   0  19  3
   3   6  0   8  1   8   8  2
   3   6  0   9  0   7   9  2
   3   7  0   3  7   6   8  2
   3   7  0   8  2   1  13  2
   3   7  2   1  9   0  12  2
   3   7  3   0  7   3  11  2
   3   7 11   6  4   0  20  3
   3  12  1  11  4   0  20  3
   3  19 13   9  0  13  28  5
   3  20  1  20  2  19  20  5
   4   5  5   0  4   5  11  2
   4  11  0   4 12   8  12  3
   4  11  0   4 14   4  14  3
   4  11  0  12  4   0  20  3
   4  11  1  11  3   1  20  3
   4  13 23  13 13   0  36  6
   4  13 24   0 24  13  24  6
   4  14  1  17  0  15  17  4
   5   0  5   4  8   4   8  2
   5   0  5   7  5   1  11  2
   5   0  5   8  0   8   8  2
   5   0  5   8  3   2  11  2
   5   0  6   6  5   0  12  2
   5   0  8   2  3   8   8  2
   5   0  8   5  0   5  11  2
   5   0  9   0  5   6   9  2
   5   0  9   0  8   0  12  2
   5   1  4   7  5   0  12  2
   5   4  1   4  4   8   8  2
   5   4  1   4  8   0  12  2
   5   5  0   5  5   2  12  2
   5   5  0   5  6   0  13  2
   5   5  0   6  4   1  13  2
   5   6 10   6  0   5  19  3
   5   8 15   8  5   0  27  4
   5   9  5   0 14   0  18  3
   5  11 25   0 25  11  25  6
   5  15  1  15  5   0  27  4
   5  15  5   0 19   1  23  4
   5  18  0  22  1  17  22  5
   5  19 53  19 19  19  53 11
   5  27 31  16 16   0  58  9
   5 122  0 122 61  61 122 29
   6   0  6   5  1   5  11  2
   6   0  7   0  9   0  12  2
   6   0  8   0  7   0  13  2
   6   0  8   1  5   1  13  2
   6   1  5   1  5   8   8  2
   6   1  5   1  9   0  12  2
   6   1  7   0  6   1  13  2
   6   3  3   3  3   4  12  2
   6   5 17   6  0  17  17  4
   6  11 11   0  6  17  17  4
   6  11 11   6  0  11  23  4
   6  11 11  26 11  11  26  6
   6  22  0  26 11   0  37  6
   6  23 41  18  0  41  41 10
   6  30  3  32  1  32  32  8
   6  32  0  17 32  17  32  8
   7   0 16   8 13   8  16  4
   7   0 16  13  3  13  16  4
   7   0 21   3 13   3  21  4
   7   0 21   8  3   8  21  4
   7   7  0   7  7  11  12  3
   7  22  0  34 11  11  34  7
   8   0  8   9  8   0  18  3
   8   0 12   0  8  11  12  3
   8   3  8   0  8  12  12  3
   8   7  1   7  7   1  20  3
   8  19 43  19 19   0  62 10
   8  25 25  48 25  25  48 12
   9   0  9   5  9   0  19  3
   9   0 10   0  9  11  12  3
   9   0 12   1  9   0  20  3
   9   0 19   8  1   8  23  4
   9   1  9   0 14   0  18  3
   9   1 11   0 10   0  20  3
   9   1 11   1  8   1  20  3
   9   9  0  13  5  16  16  4
   9   9  0  18  0  11  21  4
  10  17 10  17  0  10  38  6
  11  16 11   0 16  24  24  6
  11  78  0  78 11  67  78 19
  12   0 20   0 20  13  20  5
  12   1 12   0 12  15  16  4
  12   1 15   1 12   0  27  4
  12   5  7   5 12   0  27  4
  12   6  6   7  5   7  25  4
  12  19  0  32 12   0  44  7
  13  13 13   0 13  25  25  6
  13  13 23  13  0  13  44  7
  14   0 14  17  0  14  26  5
  14   3 11  26 11   3  34  6
  15   0 31   0 31  11  31  7
  15   1 14  22 14   1  35  6
  15   8  7   8  8   7  32  5
  15   8  7   8 28   8  28  6
  15  15  0  17 15   0  40  6
  15  15  0  28  5  28  28  7
  15  15  0  33  0  23  33  7
  16   0 16  31  9  16  31  7
  17   0 39  12 17   0  51  8
  18   0 18  24 17   1  41  7
  18   5 18   0 18   5  38  6
  18  47 47  18  0  71  71 16
  19  17  2  34  0  19  45  8
  21   5 21   0 26   0  46  7
  21  19  2  19 21   0  54  8
  22  94 11 105  0 105 105 26
  23  23  0  44  2  21  57 10
  24   0 25  44 25  25  44 11
  24  24  0  24 37   0  61 10
  24  24  0  24 44  27  44 11
  24  24  0  48  0  43  48 11
  27  14 14  13 14  14  57  9
  29  29  0  68 22   7  83 14
  30   7 23  66 23  23  66 14
  30  30  0  33 56  33  56 14
  31   0 31  56 32  32  56 14
  31   0 31  57 31  31  57 14
  31  31  0  57 31   0  88 14
  31  31  0  64 41  41  64 16
  31  31  0  82 23  23  82 16
  33  17 17  17 16  17  70 11
  38   0 71  38  0  71  71 17
  41   0 41  41  0  41  74 14
  41  41 41   0 41  41 101 18
  41  41 41  41  0  41 118 19
  48  48  0  48 91  48  91 22
  48  48  0  91  5  91  91 22
  65   0 65  65  0  98  98 23
  82  41 41  82  0  82 165 29
  93  88  5 176  0 176 176 42
 130  65 65  65 65 196 196 46
 130  65 65 130  0 213 213 48

0 extreme rays of recession cone:

27 support hyperplanes of polyhedron (homogenized):
 -5 -5  3  3  3  3 3 -11
 -3 -3 -3 -3  5  5 5 -13
 -3  1  1  1  1  1 1  -5
 -1 -1 -1 -1 -1 -1 7 -15
 -1 -1 -1 -1 -1  3 3  -7
 -1 -1 -1  1  1  1 1  -3
 -1 -1  0  1  1  1 0   0
 -1 -1  1  1  1  0 0   0
 -1  0  0  0  1  1 0   0
 -1  0  0  1  1  0 0   0
 -1  0  1  1  0  0 0   0
 -1  1  1  0  0  0 0   0
  0 -1 -1 -1  1  1 1   0
  0 -1 -1  0  0  1 1   0
  0 -1  0  0  0  0 1   0
  0  0 -1 -1  0  1 1   0
  0  0 -1  0  0  0 1   0
  0  0  0 -1 -1  1 1   0
  0  0  0 -1  0  0 1   0
  0  0  0  0 -1  0 1   0
  0  0  0  0  0 -1 1   0
  0  0  0  0  0  1 0   0
  0  0  0  0  1  0 0   0
  0  0  0  1  0  0 0   0
  0  0  1  0  0  0 0   0
  0  1  0  0  0  0 0   0
  1  0  0  0  0  0 0   0

2 equations:
 1 0 -1 -2 -3 -4 -5  44
 0 1  2  3  4  5  6 -61

6 basis elements of generated  lattice:
 1 0 0 0 0 -6   5 0
 0 1 0 0 0 -5   4 0
 0 0 1 0 0 -4   3 0
 0 0 0 1 0 -3   2 0
 0 0 0 0 1 -2   1 0
 0 0 0 0 0 41 -24 1

