21 lattice points in polytope (module generators)
0 Hilbert basis elements of recession monoid
33 vertices of polyhedron
0 extreme rays of recession cone
16 support hyperplanes of polyhedron (homogenized)

embedding dimension = 7
affine dimension of the polyhedron = 4
rank of recession monoid = 0 (polyhedron is polytope)

dehomogenization:
0 0 0 0 0 0 1 


module rank = 21

***********************************************************************

21 lattice points in polytope (module generators):
 1 3 3 2 2 4 1
 1 4 1 3 2 4 1
 1 4 2 1 3 4 1
 1 4 2 2 1 5 1
 2 1 4 2 2 4 1
 2 2 2 3 2 4 1
 2 2 3 1 3 4 1
 2 2 3 2 1 5 1
 2 3 0 4 2 4 1
 2 3 1 2 3 4 1
 2 3 1 3 1 5 1
 2 3 2 0 4 4 1
 2 3 2 1 2 5 1
 3 0 3 3 2 4 1
 3 0 4 1 3 4 1
 3 0 4 2 1 5 1
 3 1 2 2 3 4 1
 3 1 2 3 1 5 1
 3 1 3 0 4 4 1
 3 1 3 1 2 5 1
 3 2 1 2 2 5 1

0 Hilbert basis elements of recession monoid:

33 vertices of polyhedron:
  1  3  3  2  2  4 1
  1  4  1  3  2  4 1
  1  4  2  1  3  4 1
  1  4  2  2  1  5 1
  2  1  4  2  2  4 1
  2  3  0  4  2  4 1
  2  3  2  0  4  4 1
  2 12  6  7  6 12 3
  2 12  7  5  7 12 3
  2 13  5  7  5 13 3
  2 13  6  5  6 13 3
  3  0  3  3  2  4 1
  3  0  4  1  3  4 1
  3  0  4  2  1  5 1
  3  1  3  0  4  4 1
  3  2  1  2  2  5 1
  5  4  1  8  4  8 2
  5  5  0  7  5  8 2
  5  5  0  8  3  9 2
  5  5  4  1  5 10 2
  6  3  3  3  7  8 2
  6  3  5  1  5 10 2
  8  7  1 11  3 15 3
  9  5  4  9  1 17 3
 11  9  2  9 13 16 4
 11 12 12 10  1 29 5
 15  8  8 14  1 29 5
 17 17  0 28 15 28 7
 17 17  0 29 13 29 7
 18 11 11  7 11 32 6
 19  0 28 15 15 28 7
 19  0 30 13 13 30 7
 22 17 17  5 17 42 8

0 extreme rays of recession cone:

16 support hyperplanes of polyhedron (homogenized):
 -17  12   9   6   3 0 0
  -7 -12  15  10   5 0 0
  -1  -1   1   1   1 0 0
  -1   0   0   1   1 0 0
  -1   0   1   1   0 0 0
  -1   1   1   0   0 0 0
   0   0   1   0   0 0 0
   0   1   0   0   0 0 0
   3  -4 -11  14   7 0 0
  13   4  -5 -14   9 0 0
  23  12   1 -10 -21 0 0
  43  -4 -19  -2  15 0 0
  43  -4  13  -2 -17 0 0
  43  28 -19 -34  15 0 0
  43  28 -19  -2 -17 0 0
  43  28  13 -34 -17 0 0

2 equations:
 1 0 -1 -2 -3 -4  28
 0 1  2  3  4  5 -43

5 basis elements of generated  lattice:
 1 0 0 0 -5   4 0
 0 1 0 0 -4   3 0
 0 0 1 0 -3   2 0
 0 0 0 1 -2   1 0
 0 0 0 0 32 -17 1

