13 lattice points in polytope (module generators)
0 Hilbert basis elements of recession monoid
16 vertices of polyhedron
0 extreme rays of recession cone
10 support hyperplanes of polyhedron (homogenized)

embedding dimension = 6
affine dimension of the polyhedron = 3
rank of recession monoid = 0 (polyhedron is polytope)

dehomogenization:
0 0 0 0 0 1 


module rank = 13

***********************************************************************

13 lattice points in polytope (module generators):
 3 4 4 3 5 1
 3 5 2 4 5 1
 3 5 3 2 6 1
 4 2 5 3 5 1
 4 3 3 4 5 1
 4 3 4 2 6 1
 4 4 1 5 5 1
 4 4 2 3 6 1
 4 4 3 1 7 1
 5 1 4 4 5 1
 5 1 5 2 6 1
 5 2 3 3 6 1
 5 2 4 1 7 1

0 Hilbert basis elements of recession monoid:

16 vertices of polyhedron:
  3  4  4  3  5 1
  3  5  2  4  5 1
  3  5  3  2  6 1
  4  2  5  3  5 1
  4  4  1  5  5 1
  4  4  3  1  7 1
  5  1  4  4  5 1
  5  2  4  1  7 1
  9  6  3 10 10 2
 10  1 10  7 10 2
 10  1 11  5 11 2
 10  5  5  5 13 2
 13 25 16 16 25 5
 13 27 14 14 27 5
 19 13  6 13 25 4
 35 29  6 41 41 8

0 extreme rays of recession cone:

10 support hyperplanes of polyhedron (homogenized):
 -3 -11  16   8 0 0
 -3   3   2   1 0 0
 -1   0   1   1 0 0
 -1   1   1   0 0 0
  3   1  -1  -3 0 0
  9  -2 -13  11 0 0
 41 -13 -32  19 0 0
 41 -13   3 -16 0 0
 41  22 -32 -16 0 0
 41  22   3 -51 0 0

2 equations:
 1 0 -1 -2 -3  22
 0 1  2  3  4 -41

4 basis elements of generated  lattice:
 1 0 0 -4   3 0
 0 1 0 -3   2 0
 0 0 1 -2   1 0
 0 0 0 35 -16 1

