4 Hilbert basis elements
4 lattice points in polytope (Hilbert basis elements of degree 1)
4 extreme rays
4 support hyperplanes

embedding dimension = 3
rank = 3 (maximal)
external index = 1

size of triangulation   = 2
resulting sum of |det|s = 2

grading:
0 0 1 

degrees of extreme rays:
1:4  

Hilbert basis elements are of degree 1

multiplicity = 2

Hilbert series:
1 1 
denominator with 3 factors:
1:3  

degree of Hilbert Series as rational function = -2

The numerator of the Hilbert series is symmetric.

Hilbert polynomial:
1 2 1 
with common denominator = 1

rank of class group = 1
class group is free

***********************************************************************

4 lattice points in polytope (Hilbert basis elements of degree 1):
 0 0 1
 0 1 1
 1 0 1
 1 1 1

0 further Hilbert basis elements of higher degree:

4 extreme rays:
 0 0 1
 0 1 1
 1 0 1
 1 1 1

4 support hyperplanes:
 -1  0 1
  0 -1 1
  0  1 0
  1  0 0

